000 (983139.000.000) 2024-04-25 20:11:03 Job submitted from host: <128.83.120.183:9618?addrs=128.83.120.183-9618&alias=darmok.cs.utexas.edu&noUDP&sock=schedd_1353_9fba>
...
001 (983139.000.000) 2024-04-25 20:11:17 Job executing on host: <128.83.139.147:9618?addrs=128.83.139.147-9618&alias=angrist-20.cs.utexas.edu&noUDP&sock=startd_1592_8edc>
...
006 (983139.000.000) 2024-04-25 20:11:25 Image size of job updated: 36300
	12  -  MemoryUsage of job (MB)
	11720  -  ResidentSetSize of job (KB)
...
005 (983139.000.000) 2024-04-25 20:11:38 Job terminated.
	(1) Normal termination (return value 0)
		Usr 0 00:00:21, Sys 0 00:00:00  -  Run Remote Usage
		Usr 0 00:00:00, Sys 0 00:00:00  -  Run Local Usage
		Usr 0 00:00:21, Sys 0 00:00:00  -  Total Remote Usage
		Usr 0 00:00:00, Sys 0 00:00:00  -  Total Local Usage
	0  -  Run Bytes Sent By Job
	0  -  Run Bytes Received By Job
	0  -  Total Bytes Sent By Job
	0  -  Total Bytes Received By Job
	Partitionable Resources :    Usage  Request Allocated 
	   Cpus                 :                 1         1 
	   Disk (KB)            :        1        1  10853596 
	   Memory (MB)          :       12        1      4026 

	Job terminated of its own accord at 2024-04-26T01:11:38Z.
...
000 (984042.000.000) 2024-04-26 05:07:56 Job submitted from host: <128.83.120.183:9618?addrs=128.83.120.183-9618&alias=darmok.cs.utexas.edu&noUDP&sock=schedd_1353_9fba>
...
001 (984042.000.000) 2024-04-26 05:08:14 Job executing on host: <128.83.139.141:9618?addrs=128.83.139.141-9618&alias=angrist-14.cs.utexas.edu&noUDP&sock=startd_1625_317d>
...
006 (984042.000.000) 2024-04-26 05:08:22 Image size of job updated: 36296
	12  -  MemoryUsage of job (MB)
	11732  -  ResidentSetSize of job (KB)
...
006 (984042.000.000) 2024-04-26 05:08:34 Image size of job updated: 36428
	12  -  MemoryUsage of job (MB)
	11732  -  ResidentSetSize of job (KB)
...
005 (984042.000.000) 2024-04-26 05:08:35 Job terminated.
	(1) Normal termination (return value 0)
		Usr 0 00:00:20, Sys 0 00:00:00  -  Run Remote Usage
		Usr 0 00:00:00, Sys 0 00:00:00  -  Run Local Usage
		Usr 0 00:00:20, Sys 0 00:00:00  -  Total Remote Usage
		Usr 0 00:00:00, Sys 0 00:00:00  -  Total Local Usage
	0  -  Run Bytes Sent By Job
	0  -  Run Bytes Received By Job
	0  -  Total Bytes Sent By Job
	0  -  Total Bytes Received By Job
	Partitionable Resources :    Usage  Request Allocated 
	   Cpus                 :                 1         1 
	   Disk (KB)            :        1        1  10853596 
	   Memory (MB)          :       12        1      4026 

	Job terminated of its own accord at 2024-04-26T10:08:34Z.
...
000 (990446.000.000) 2024-04-29 13:19:55 Job submitted from host: <128.83.120.183:9618?addrs=128.83.120.183-9618&alias=darmok.cs.utexas.edu&noUDP&sock=schedd_1353_9fba>
...
001 (990446.000.000) 2024-04-29 13:20:15 Job executing on host: <128.83.139.150:9618?addrs=128.83.139.150-9618&alias=angrist-23.cs.utexas.edu&noUDP&sock=startd_1604_c9ff>
...
006 (990446.000.000) 2024-04-29 13:20:23 Image size of job updated: 36296
	12  -  MemoryUsage of job (MB)
	11736  -  ResidentSetSize of job (KB)
...
006 (990446.000.000) 2024-04-29 13:22:32 Image size of job updated: 36556
	12  -  MemoryUsage of job (MB)
	11736  -  ResidentSetSize of job (KB)
...
005 (990446.000.000) 2024-04-29 13:22:32 Job terminated.
	(1) Normal termination (return value 0)
		Usr 0 00:02:17, Sys 0 00:00:00  -  Run Remote Usage
		Usr 0 00:00:00, Sys 0 00:00:00  -  Run Local Usage
		Usr 0 00:02:17, Sys 0 00:00:00  -  Total Remote Usage
		Usr 0 00:00:00, Sys 0 00:00:00  -  Total Local Usage
	0  -  Run Bytes Sent By Job
	0  -  Run Bytes Received By Job
	0  -  Total Bytes Sent By Job
	0  -  Total Bytes Received By Job
	Partitionable Resources :    Usage  Request Allocated 
	   Cpus                 :                 1         1 
	   Disk (KB)            :        1        1  10853594 
	   Memory (MB)          :       12        1      4026 

	Job terminated of its own accord at 2024-04-29T18:22:32Z.
...
