000 (983107.000.000) 2024-04-25 20:10:59 Job submitted from host: <128.83.120.183:9618?addrs=128.83.120.183-9618&alias=darmok.cs.utexas.edu&noUDP&sock=schedd_1353_9fba>
...
001 (983107.000.000) 2024-04-25 20:11:05 Job executing on host: <128.83.144.147:9618?addrs=128.83.144.147-9618&alias=oliphaunt-1.cs.utexas.edu&noUDP&sock=startd_1578_f489>
...
006 (983107.000.000) 2024-04-25 20:11:13 Image size of job updated: 36300
	12  -  MemoryUsage of job (MB)
	11684  -  ResidentSetSize of job (KB)
...
006 (983107.000.000) 2024-04-25 20:11:30 Image size of job updated: 36428
	12  -  MemoryUsage of job (MB)
	11684  -  ResidentSetSize of job (KB)
...
005 (983107.000.000) 2024-04-25 20:11:30 Job terminated.
	(1) Normal termination (return value 0)
		Usr 0 00:00:25, Sys 0 00:00:00  -  Run Remote Usage
		Usr 0 00:00:00, Sys 0 00:00:00  -  Run Local Usage
		Usr 0 00:00:25, Sys 0 00:00:00  -  Total Remote Usage
		Usr 0 00:00:00, Sys 0 00:00:00  -  Total Local Usage
	0  -  Run Bytes Sent By Job
	0  -  Run Bytes Received By Job
	0  -  Total Bytes Sent By Job
	0  -  Total Bytes Received By Job
	Partitionable Resources :    Usage  Request Allocated 
	   Cpus                 :     1.00        1         1 
	   Disk (KB)            :     1           1  18498544 
	   Memory (MB)          :    12           1     24186 

	Job terminated of its own accord at 2024-04-26T01:11:30Z.
...
000 (984010.000.000) 2024-04-26 05:07:51 Job submitted from host: <128.83.120.183:9618?addrs=128.83.120.183-9618&alias=darmok.cs.utexas.edu&noUDP&sock=schedd_1353_9fba>
...
001 (984010.000.000) 2024-04-26 05:07:51 Job executing on host: <128.83.139.146:9618?addrs=128.83.139.146-9618&alias=angrist-19.cs.utexas.edu&noUDP&sock=startd_1594_ee0d>
...
006 (984010.000.000) 2024-04-26 05:08:00 Image size of job updated: 36300
	12  -  MemoryUsage of job (MB)
	11748  -  ResidentSetSize of job (KB)
...
005 (984010.000.000) 2024-04-26 05:08:05 Job terminated.
	(1) Normal termination (return value 0)
		Usr 0 00:00:13, Sys 0 00:00:00  -  Run Remote Usage
		Usr 0 00:00:00, Sys 0 00:00:00  -  Run Local Usage
		Usr 0 00:00:13, Sys 0 00:00:00  -  Total Remote Usage
		Usr 0 00:00:00, Sys 0 00:00:00  -  Total Local Usage
	0  -  Run Bytes Sent By Job
	0  -  Run Bytes Received By Job
	0  -  Total Bytes Sent By Job
	0  -  Total Bytes Received By Job
	Partitionable Resources :    Usage  Request Allocated 
	   Cpus                 :                 1         1 
	   Disk (KB)            :        1        1  10853596 
	   Memory (MB)          :       12        1      4026 

	Job terminated of its own accord at 2024-04-26T10:08:05Z.
...
000 (990414.000.000) 2024-04-29 13:19:50 Job submitted from host: <128.83.120.183:9618?addrs=128.83.120.183-9618&alias=darmok.cs.utexas.edu&noUDP&sock=schedd_1353_9fba>
...
001 (990414.000.000) 2024-04-29 13:19:53 Job executing on host: <128.83.139.142:9618?addrs=128.83.139.142-9618&alias=angrist-15.cs.utexas.edu&noUDP&sock=startd_1598_ac6e>
...
006 (990414.000.000) 2024-04-29 13:20:02 Image size of job updated: 36296
	12  -  MemoryUsage of job (MB)
	11692  -  ResidentSetSize of job (KB)
...
006 (990414.000.000) 2024-04-29 13:23:13 Image size of job updated: 36556
	12  -  MemoryUsage of job (MB)
	11692  -  ResidentSetSize of job (KB)
...
005 (990414.000.000) 2024-04-29 13:23:13 Job terminated.
	(1) Normal termination (return value 0)
		Usr 0 00:03:19, Sys 0 00:00:00  -  Run Remote Usage
		Usr 0 00:00:00, Sys 0 00:00:00  -  Run Local Usage
		Usr 0 00:03:19, Sys 0 00:00:00  -  Total Remote Usage
		Usr 0 00:00:00, Sys 0 00:00:00  -  Total Local Usage
	0  -  Run Bytes Sent By Job
	0  -  Run Bytes Received By Job
	0  -  Total Bytes Sent By Job
	0  -  Total Bytes Received By Job
	Partitionable Resources :    Usage  Request Allocated 
	   Cpus                 :                 1         1 
	   Disk (KB)            :        1        1  10853596 
	   Memory (MB)          :       12        1      4026 

	Job terminated of its own accord at 2024-04-29T18:23:13Z.
...
