000 (983135.000.000) 2024-04-25 20:11:03 Job submitted from host: <128.83.120.183:9618?addrs=128.83.120.183-9618&alias=darmok.cs.utexas.edu&noUDP&sock=schedd_1353_9fba>
...
001 (983135.000.000) 2024-04-25 20:11:18 Job executing on host: <128.83.144.168:9618?addrs=128.83.144.168-9618&alias=angrist-10.cs.utexas.edu&noUDP&sock=startd_1611_9729>
...
006 (983135.000.000) 2024-04-25 20:11:26 Image size of job updated: 36560
	13  -  MemoryUsage of job (MB)
	12728  -  ResidentSetSize of job (KB)
...
006 (983135.000.000) 2024-04-25 20:11:44 Image size of job updated: 37352
	13  -  MemoryUsage of job (MB)
	12728  -  ResidentSetSize of job (KB)
...
005 (983135.000.000) 2024-04-25 20:11:44 Job terminated.
	(1) Normal termination (return value 0)
		Usr 0 00:00:25, Sys 0 00:00:00  -  Run Remote Usage
		Usr 0 00:00:00, Sys 0 00:00:00  -  Run Local Usage
		Usr 0 00:00:25, Sys 0 00:00:00  -  Total Remote Usage
		Usr 0 00:00:00, Sys 0 00:00:00  -  Total Local Usage
	0  -  Run Bytes Sent By Job
	0  -  Run Bytes Received By Job
	0  -  Total Bytes Sent By Job
	0  -  Total Bytes Received By Job
	Partitionable Resources :    Usage  Request Allocated 
	   Cpus                 :                 1         1 
	   Disk (KB)            :        1        1  10853596 
	   Memory (MB)          :       13        1      4026 

	Job terminated of its own accord at 2024-04-26T01:11:44Z.
...
000 (984038.000.000) 2024-04-26 05:07:56 Job submitted from host: <128.83.120.183:9618?addrs=128.83.120.183-9618&alias=darmok.cs.utexas.edu&noUDP&sock=schedd_1353_9fba>
...
001 (984038.000.000) 2024-04-26 05:08:14 Job executing on host: <128.83.139.142:9618?addrs=128.83.139.142-9618&alias=angrist-15.cs.utexas.edu&noUDP&sock=startd_1598_ac6e>
...
006 (984038.000.000) 2024-04-26 05:08:23 Image size of job updated: 37348
	13  -  MemoryUsage of job (MB)
	12724  -  ResidentSetSize of job (KB)
...
005 (984038.000.000) 2024-04-26 05:08:40 Job terminated.
	(1) Normal termination (return value 0)
		Usr 0 00:00:24, Sys 0 00:00:00  -  Run Remote Usage
		Usr 0 00:00:00, Sys 0 00:00:00  -  Run Local Usage
		Usr 0 00:00:24, Sys 0 00:00:00  -  Total Remote Usage
		Usr 0 00:00:00, Sys 0 00:00:00  -  Total Local Usage
	0  -  Run Bytes Sent By Job
	0  -  Run Bytes Received By Job
	0  -  Total Bytes Sent By Job
	0  -  Total Bytes Received By Job
	Partitionable Resources :    Usage  Request Allocated 
	   Cpus                 :                 1         1 
	   Disk (KB)            :        1        1  10853596 
	   Memory (MB)          :       13        1      4026 

	Job terminated of its own accord at 2024-04-26T10:08:39Z.
...
000 (990442.000.000) 2024-04-29 13:19:54 Job submitted from host: <128.83.120.183:9618?addrs=128.83.120.183-9618&alias=darmok.cs.utexas.edu&noUDP&sock=schedd_1353_9fba>
...
001 (990442.000.000) 2024-04-29 13:20:15 Job executing on host: <128.83.139.145:9618?addrs=128.83.139.145-9618&alias=angrist-18.cs.utexas.edu&noUDP&sock=startd_1595_9da5>
...
006 (990442.000.000) 2024-04-29 13:20:23 Image size of job updated: 37356
	13  -  MemoryUsage of job (MB)
	12720  -  ResidentSetSize of job (KB)
...
005 (990442.000.000) 2024-04-29 13:22:24 Job terminated.
	(1) Normal termination (return value 0)
		Usr 0 00:02:09, Sys 0 00:00:00  -  Run Remote Usage
		Usr 0 00:00:00, Sys 0 00:00:00  -  Run Local Usage
		Usr 0 00:02:09, Sys 0 00:00:00  -  Total Remote Usage
		Usr 0 00:00:00, Sys 0 00:00:00  -  Total Local Usage
	0  -  Run Bytes Sent By Job
	0  -  Run Bytes Received By Job
	0  -  Total Bytes Sent By Job
	0  -  Total Bytes Received By Job
	Partitionable Resources :    Usage  Request Allocated 
	   Cpus                 :     1.00        1         1 
	   Disk (KB)            :     1           1  10853596 
	   Memory (MB)          :    13           1      4026 

	Job terminated of its own accord at 2024-04-29T18:22:24Z.
...
