000 (983101.000.000) 2024-04-25 20:10:58 Job submitted from host: <128.83.120.183:9618?addrs=128.83.120.183-9618&alias=darmok.cs.utexas.edu&noUDP&sock=schedd_1353_9fba>
...
001 (983101.000.000) 2024-04-25 20:10:58 Job executing on host: <128.83.144.211:9618?addrs=128.83.144.211-9618&alias=angrist-12.cs.utexas.edu&noUDP&sock=startd_1592_8edc>
...
006 (983101.000.000) 2024-04-25 20:11:06 Image size of job updated: 13348
	13  -  MemoryUsage of job (MB)
	12344  -  ResidentSetSize of job (KB)
...
006 (983101.000.000) 2024-04-25 20:14:03 Image size of job updated: 38612
	13  -  MemoryUsage of job (MB)
	12344  -  ResidentSetSize of job (KB)
...
005 (983101.000.000) 2024-04-25 20:14:04 Job terminated.
	(1) Normal termination (return value 0)
		Usr 0 00:03:05, Sys 0 00:00:00  -  Run Remote Usage
		Usr 0 00:00:00, Sys 0 00:00:00  -  Run Local Usage
		Usr 0 00:03:05, Sys 0 00:00:00  -  Total Remote Usage
		Usr 0 00:00:00, Sys 0 00:00:00  -  Total Local Usage
	0  -  Run Bytes Sent By Job
	0  -  Run Bytes Received By Job
	0  -  Total Bytes Sent By Job
	0  -  Total Bytes Received By Job
	Partitionable Resources :    Usage  Request Allocated 
	   Cpus                 :                 1         1 
	   Disk (KB)            :        1        1  10853596 
	   Memory (MB)          :       13        1      4026 

	Job terminated of its own accord at 2024-04-26T01:14:03Z.
...
000 (984004.000.000) 2024-04-26 05:07:50 Job submitted from host: <128.83.120.183:9618?addrs=128.83.120.183-9618&alias=darmok.cs.utexas.edu&noUDP&sock=schedd_1353_9fba>
...
001 (984004.000.000) 2024-04-26 05:07:52 Job executing on host: <128.83.130.161:9618?addrs=128.83.130.161-9618&alias=oliphaunt-2.cs.utexas.edu&noUDP&sock=startd_1594_ee0d>
...
006 (984004.000.000) 2024-04-26 05:08:00 Image size of job updated: 13260
	12  -  MemoryUsage of job (MB)
	12236  -  ResidentSetSize of job (KB)
...
006 (984004.000.000) 2024-04-26 05:12:01 Image size of job updated: 38608
	12  -  MemoryUsage of job (MB)
	12236  -  ResidentSetSize of job (KB)
...
005 (984004.000.000) 2024-04-26 05:12:01 Job terminated.
	(1) Normal termination (return value 0)
		Usr 0 00:04:08, Sys 0 00:00:00  -  Run Remote Usage
		Usr 0 00:00:00, Sys 0 00:00:00  -  Run Local Usage
		Usr 0 00:04:08, Sys 0 00:00:00  -  Total Remote Usage
		Usr 0 00:00:00, Sys 0 00:00:00  -  Total Local Usage
	0  -  Run Bytes Sent By Job
	0  -  Run Bytes Received By Job
	0  -  Total Bytes Sent By Job
	0  -  Total Bytes Received By Job
	Partitionable Resources :    Usage  Request Allocated 
	   Cpus                 :     1.00        1         1 
	   Disk (KB)            :     1           1  18498544 
	   Memory (MB)          :    12           1     24186 

	Job terminated of its own accord at 2024-04-26T10:12:01Z.
...
000 (990408.000.000) 2024-04-29 13:19:49 Job submitted from host: <128.83.120.183:9618?addrs=128.83.120.183-9618&alias=darmok.cs.utexas.edu&noUDP&sock=schedd_1353_9fba>
...
001 (990408.000.000) 2024-04-29 13:19:51 Job executing on host: <128.83.144.240:9618?addrs=128.83.144.240-9618&alias=angrist-13.cs.utexas.edu&noUDP&sock=startd_1643_8a31>
...
006 (990408.000.000) 2024-04-29 13:20:00 Image size of job updated: 37472
	14  -  MemoryUsage of job (MB)
	14032  -  ResidentSetSize of job (KB)
...
006 (990408.000.000) 2024-04-29 13:25:01 Image size of job updated: 39496
	15  -  MemoryUsage of job (MB)
	14876  -  ResidentSetSize of job (KB)
...
006 (990408.000.000) 2024-04-29 13:29:46 Image size of job updated: 39628
	15  -  MemoryUsage of job (MB)
	14876  -  ResidentSetSize of job (KB)
...
005 (990408.000.000) 2024-04-29 13:29:46 Job terminated.
	(1) Normal termination (return value 0)
		Usr 0 00:09:54, Sys 0 00:00:00  -  Run Remote Usage
		Usr 0 00:00:00, Sys 0 00:00:00  -  Run Local Usage
		Usr 0 00:09:54, Sys 0 00:00:00  -  Total Remote Usage
		Usr 0 00:00:00, Sys 0 00:00:00  -  Total Local Usage
	0  -  Run Bytes Sent By Job
	0  -  Run Bytes Received By Job
	0  -  Total Bytes Sent By Job
	0  -  Total Bytes Received By Job
	Partitionable Resources :    Usage  Request Allocated 
	   Cpus                 :     1.00        1         1 
	   Disk (KB)            :     1           1  10853596 
	   Memory (MB)          :    15           1      4026 

	Job terminated of its own accord at 2024-04-29T18:29:46Z.
...
