000 (981769.000.000) 2024-04-25 16:52:00 Job submitted from host: <128.83.120.183:9618?addrs=128.83.120.183-9618&alias=darmok.cs.utexas.edu&noUDP&sock=schedd_1353_9fba>
...
001 (981769.000.000) 2024-04-25 16:52:16 Job executing on host: <128.83.144.147:9618?addrs=128.83.144.147-9618&alias=oliphaunt-1.cs.utexas.edu&noUDP&sock=startd_1578_f489>
...
006 (981769.000.000) 2024-04-25 16:52:24 Image size of job updated: 36812
	12  -  MemoryUsage of job (MB)
	12152  -  ResidentSetSize of job (KB)
...
006 (981769.000.000) 2024-04-25 16:54:25 Image size of job updated: 36940
	12  -  MemoryUsage of job (MB)
	12152  -  ResidentSetSize of job (KB)
...
005 (981769.000.000) 2024-04-25 16:54:25 Job terminated.
	(1) Normal termination (return value 0)
		Usr 0 00:02:08, Sys 0 00:00:00  -  Run Remote Usage
		Usr 0 00:00:00, Sys 0 00:00:00  -  Run Local Usage
		Usr 0 00:02:08, Sys 0 00:00:00  -  Total Remote Usage
		Usr 0 00:00:00, Sys 0 00:00:00  -  Total Local Usage
	0  -  Run Bytes Sent By Job
	0  -  Run Bytes Received By Job
	0  -  Total Bytes Sent By Job
	0  -  Total Bytes Received By Job
	Partitionable Resources :    Usage  Request Allocated 
	   Cpus                 :                 1         1 
	   Disk (KB)            :        1        1  18498544 
	   Memory (MB)          :       12        1     24186 

	Job terminated of its own accord at 2024-04-25T21:54:25Z.
...
