000 (981754.000.000) 2024-04-25 16:51:58 Job submitted from host: <128.83.120.183:9618?addrs=128.83.120.183-9618&alias=darmok.cs.utexas.edu&noUDP&sock=schedd_1353_9fba>
...
001 (981754.000.000) 2024-04-25 16:52:09 Job executing on host: <128.83.139.146:9618?addrs=128.83.139.146-9618&alias=angrist-19.cs.utexas.edu&noUDP&sock=startd_1594_ee0d>
...
006 (981754.000.000) 2024-04-25 16:52:18 Image size of job updated: 12140
	12  -  MemoryUsage of job (MB)
	12140  -  ResidentSetSize of job (KB)
...
006 (981754.000.000) 2024-04-25 16:54:42 Image size of job updated: 37580
	12  -  MemoryUsage of job (MB)
	12140  -  ResidentSetSize of job (KB)
...
005 (981754.000.000) 2024-04-25 16:54:44 Job terminated.
	(1) Normal termination (return value 0)
		Usr 0 00:02:32, Sys 0 00:00:00  -  Run Remote Usage
		Usr 0 00:00:00, Sys 0 00:00:00  -  Run Local Usage
		Usr 0 00:02:32, Sys 0 00:00:00  -  Total Remote Usage
		Usr 0 00:00:00, Sys 0 00:00:00  -  Total Local Usage
	0  -  Run Bytes Sent By Job
	0  -  Run Bytes Received By Job
	0  -  Total Bytes Sent By Job
	0  -  Total Bytes Received By Job
	Partitionable Resources :    Usage  Request Allocated 
	   Cpus                 :     1.00        1         1 
	   Disk (KB)            :     1           1  10853596 
	   Memory (MB)          :    12           1      4026 

	Job terminated of its own accord at 2024-04-25T21:54:42Z.
...
