000 (981449.000.000) 2024-04-25 16:50:18 Job submitted from host: <128.83.120.183:9618?addrs=128.83.120.183-9618&alias=darmok.cs.utexas.edu&noUDP&sock=schedd_1353_9fba>
...
001 (981449.000.000) 2024-04-25 16:50:48 Job executing on host: <128.83.144.168:9618?addrs=128.83.144.168-9618&alias=angrist-10.cs.utexas.edu&noUDP&sock=startd_1611_9729>
...
006 (981449.000.000) 2024-04-25 16:50:57 Image size of job updated: 36592
	12  -  MemoryUsage of job (MB)
	12080  -  ResidentSetSize of job (KB)
...
006 (981449.000.000) 2024-04-25 16:54:01 Image size of job updated: 37364
	12  -  MemoryUsage of job (MB)
	12080  -  ResidentSetSize of job (KB)
...
005 (981449.000.000) 2024-04-25 16:54:01 Job terminated.
	(1) Normal termination (return value 0)
		Usr 0 00:03:12, Sys 0 00:00:00  -  Run Remote Usage
		Usr 0 00:00:00, Sys 0 00:00:00  -  Run Local Usage
		Usr 0 00:03:12, Sys 0 00:00:00  -  Total Remote Usage
		Usr 0 00:00:00, Sys 0 00:00:00  -  Total Local Usage
	0  -  Run Bytes Sent By Job
	0  -  Run Bytes Received By Job
	0  -  Total Bytes Sent By Job
	0  -  Total Bytes Received By Job
	Partitionable Resources :    Usage  Request Allocated 
	   Cpus                 :     1.02        1         1 
	   Disk (KB)            :     1           1  10853596 
	   Memory (MB)          :    12           1      4026 

	Job terminated of its own accord at 2024-04-25T21:54:01Z.
...
