000 (981423.000.000) 2024-04-25 16:50:17 Job submitted from host: <128.83.120.183:9618?addrs=128.83.120.183-9618&alias=darmok.cs.utexas.edu&noUDP&sock=schedd_1353_9fba>
...
001 (981423.000.000) 2024-04-25 16:50:29 Job executing on host: <128.83.144.168:9618?addrs=128.83.144.168-9618&alias=angrist-10.cs.utexas.edu&noUDP&sock=startd_1611_9729>
...
006 (981423.000.000) 2024-04-25 16:50:38 Image size of job updated: 37388
	13  -  MemoryUsage of job (MB)
	12788  -  ResidentSetSize of job (KB)
...
006 (981423.000.000) 2024-04-25 16:52:27 Image size of job updated: 37516
	13  -  MemoryUsage of job (MB)
	12788  -  ResidentSetSize of job (KB)
...
005 (981423.000.000) 2024-04-25 16:52:28 Job terminated.
	(1) Normal termination (return value 0)
		Usr 0 00:01:58, Sys 0 00:00:00  -  Run Remote Usage
		Usr 0 00:00:00, Sys 0 00:00:00  -  Run Local Usage
		Usr 0 00:01:58, Sys 0 00:00:00  -  Total Remote Usage
		Usr 0 00:00:00, Sys 0 00:00:00  -  Total Local Usage
	0  -  Run Bytes Sent By Job
	0  -  Run Bytes Received By Job
	0  -  Total Bytes Sent By Job
	0  -  Total Bytes Received By Job
	Partitionable Resources :    Usage  Request Allocated 
	   Cpus                 :     1.00        1         1 
	   Disk (KB)            :     1           1  10853596 
	   Memory (MB)          :    13           1      4026 

	Job terminated of its own accord at 2024-04-25T21:52:27Z.
...
