000 (981389.000.000) 2024-04-25 16:50:14 Job submitted from host: <128.83.120.183:9618?addrs=128.83.120.183-9618&alias=darmok.cs.utexas.edu&noUDP&sock=schedd_1353_9fba>
...
001 (981389.000.000) 2024-04-25 16:50:28 Job executing on host: <128.83.139.142:9618?addrs=128.83.139.142-9618&alias=angrist-15.cs.utexas.edu&noUDP&sock=startd_1598_ac6e>
...
006 (981389.000.000) 2024-04-25 16:50:36 Image size of job updated: 36352
	12  -  MemoryUsage of job (MB)
	11764  -  ResidentSetSize of job (KB)
...
006 (981389.000.000) 2024-04-25 16:55:05 Image size of job updated: 36608
	12  -  MemoryUsage of job (MB)
	11764  -  ResidentSetSize of job (KB)
...
005 (981389.000.000) 2024-04-25 16:55:05 Job terminated.
	(1) Normal termination (return value 0)
		Usr 0 00:04:37, Sys 0 00:00:00  -  Run Remote Usage
		Usr 0 00:00:00, Sys 0 00:00:00  -  Run Local Usage
		Usr 0 00:04:37, Sys 0 00:00:00  -  Total Remote Usage
		Usr 0 00:00:00, Sys 0 00:00:00  -  Total Local Usage
	0  -  Run Bytes Sent By Job
	0  -  Run Bytes Received By Job
	0  -  Total Bytes Sent By Job
	0  -  Total Bytes Received By Job
	Partitionable Resources :    Usage  Request Allocated 
	   Cpus                 :     1.00        1         1 
	   Disk (KB)            :     1           1  10853596 
	   Memory (MB)          :    12           1      4026 

	Job terminated of its own accord at 2024-04-25T21:55:05Z.
...
