000 (983332.000.000) 2024-04-25 20:13:05 Job submitted from host: <128.83.120.183:9618?addrs=128.83.120.183-9618&alias=darmok.cs.utexas.edu&noUDP&sock=schedd_1353_9fba>
...
001 (983332.000.000) 2024-04-25 20:13:09 Job executing on host: <128.83.144.147:9618?addrs=128.83.144.147-9618&alias=oliphaunt-1.cs.utexas.edu&noUDP&sock=startd_1578_f489>
...
006 (983332.000.000) 2024-04-25 20:13:18 Image size of job updated: 37044
	13  -  MemoryUsage of job (MB)
	12440  -  ResidentSetSize of job (KB)
...
006 (983332.000.000) 2024-04-25 20:14:05 Image size of job updated: 37176
	13  -  MemoryUsage of job (MB)
	12440  -  ResidentSetSize of job (KB)
...
005 (983332.000.000) 2024-04-25 20:14:05 Job terminated.
	(1) Normal termination (return value 0)
		Usr 0 00:00:55, Sys 0 00:00:00  -  Run Remote Usage
		Usr 0 00:00:00, Sys 0 00:00:00  -  Run Local Usage
		Usr 0 00:00:55, Sys 0 00:00:00  -  Total Remote Usage
		Usr 0 00:00:00, Sys 0 00:00:00  -  Total Local Usage
	0  -  Run Bytes Sent By Job
	0  -  Run Bytes Received By Job
	0  -  Total Bytes Sent By Job
	0  -  Total Bytes Received By Job
	Partitionable Resources :    Usage  Request Allocated 
	   Cpus                 :                 1         1 
	   Disk (KB)            :        1        1  18498544 
	   Memory (MB)          :       13        1     24186 

	Job terminated of its own accord at 2024-04-26T01:14:05Z.
...
000 (984235.000.000) 2024-04-26 05:09:03 Job submitted from host: <128.83.120.183:9618?addrs=128.83.120.183-9618&alias=darmok.cs.utexas.edu&noUDP&sock=schedd_1353_9fba>
...
001 (984235.000.000) 2024-04-26 05:09:05 Job executing on host: <128.83.139.142:9618?addrs=128.83.139.142-9618&alias=angrist-15.cs.utexas.edu&noUDP&sock=startd_1598_ac6e>
...
006 (984235.000.000) 2024-04-26 05:09:14 Image size of job updated: 37036
	13  -  MemoryUsage of job (MB)
	12436  -  ResidentSetSize of job (KB)
...
006 (984235.000.000) 2024-04-26 05:09:54 Image size of job updated: 37168
	13  -  MemoryUsage of job (MB)
	12436  -  ResidentSetSize of job (KB)
...
005 (984235.000.000) 2024-04-26 05:09:54 Job terminated.
	(1) Normal termination (return value 0)
		Usr 0 00:00:48, Sys 0 00:00:00  -  Run Remote Usage
		Usr 0 00:00:00, Sys 0 00:00:00  -  Run Local Usage
		Usr 0 00:00:48, Sys 0 00:00:00  -  Total Remote Usage
		Usr 0 00:00:00, Sys 0 00:00:00  -  Total Local Usage
	0  -  Run Bytes Sent By Job
	0  -  Run Bytes Received By Job
	0  -  Total Bytes Sent By Job
	0  -  Total Bytes Received By Job
	Partitionable Resources :    Usage  Request Allocated 
	   Cpus                 :                 1         1 
	   Disk (KB)            :        1        1  10853596 
	   Memory (MB)          :       13        1      4026 

	Job terminated of its own accord at 2024-04-26T10:09:54Z.
...
