000 (983340.000.000) 2024-04-25 20:13:07 Job submitted from host: <128.83.120.183:9618?addrs=128.83.120.183-9618&alias=darmok.cs.utexas.edu&noUDP&sock=schedd_1353_9fba>
...
001 (983340.000.000) 2024-04-25 20:13:14 Job executing on host: <128.83.144.147:9618?addrs=128.83.144.147-9618&alias=oliphaunt-1.cs.utexas.edu&noUDP&sock=startd_1578_f489>
...
006 (983340.000.000) 2024-04-25 20:13:23 Image size of job updated: 38212
	14  -  MemoryUsage of job (MB)
	13568  -  ResidentSetSize of job (KB)
...
006 (983340.000.000) 2024-04-25 20:15:10 Image size of job updated: 39372
	14  -  MemoryUsage of job (MB)
	13568  -  ResidentSetSize of job (KB)
...
005 (983340.000.000) 2024-04-25 20:15:10 Job terminated.
	(1) Normal termination (return value 0)
		Usr 0 00:01:55, Sys 0 00:00:00  -  Run Remote Usage
		Usr 0 00:00:00, Sys 0 00:00:00  -  Run Local Usage
		Usr 0 00:01:55, Sys 0 00:00:00  -  Total Remote Usage
		Usr 0 00:00:00, Sys 0 00:00:00  -  Total Local Usage
	0  -  Run Bytes Sent By Job
	0  -  Run Bytes Received By Job
	0  -  Total Bytes Sent By Job
	0  -  Total Bytes Received By Job
	Partitionable Resources :    Usage  Request Allocated 
	   Cpus                 :                 1         1 
	   Disk (KB)            :        1        1  18498544 
	   Memory (MB)          :       14        1     24186 

	Job terminated of its own accord at 2024-04-26T01:15:10Z.
...
000 (984243.000.000) 2024-04-26 05:09:06 Job submitted from host: <128.83.120.183:9618?addrs=128.83.120.183-9618&alias=darmok.cs.utexas.edu&noUDP&sock=schedd_1353_9fba>
...
001 (984243.000.000) 2024-04-26 05:09:08 Job executing on host: <128.83.139.142:9618?addrs=128.83.139.142-9618&alias=angrist-15.cs.utexas.edu&noUDP&sock=startd_1598_ac6e>
...
006 (984243.000.000) 2024-04-26 05:09:16 Image size of job updated: 38080
	14  -  MemoryUsage of job (MB)
	13496  -  ResidentSetSize of job (KB)
...
006 (984243.000.000) 2024-04-26 05:10:50 Image size of job updated: 39372
	14  -  MemoryUsage of job (MB)
	13496  -  ResidentSetSize of job (KB)
...
005 (984243.000.000) 2024-04-26 05:10:50 Job terminated.
	(1) Normal termination (return value 0)
		Usr 0 00:01:42, Sys 0 00:00:00  -  Run Remote Usage
		Usr 0 00:00:00, Sys 0 00:00:00  -  Run Local Usage
		Usr 0 00:01:42, Sys 0 00:00:00  -  Total Remote Usage
		Usr 0 00:00:00, Sys 0 00:00:00  -  Total Local Usage
	0  -  Run Bytes Sent By Job
	0  -  Run Bytes Received By Job
	0  -  Total Bytes Sent By Job
	0  -  Total Bytes Received By Job
	Partitionable Resources :    Usage  Request Allocated 
	   Cpus                 :                 1         1 
	   Disk (KB)            :        1        1  10853596 
	   Memory (MB)          :       14        1      4026 

	Job terminated of its own accord at 2024-04-26T10:10:50Z.
...
