000 (983327.000.000) 2024-04-25 20:13:04 Job submitted from host: <128.83.120.183:9618?addrs=128.83.120.183-9618&alias=darmok.cs.utexas.edu&noUDP&sock=schedd_1353_9fba>
...
001 (983327.000.000) 2024-04-25 20:13:07 Job executing on host: <128.83.144.240:9618?addrs=128.83.144.240-9618&alias=angrist-13.cs.utexas.edu&noUDP&sock=startd_1643_8a31>
...
006 (983327.000.000) 2024-04-25 20:13:16 Image size of job updated: 12400
	13  -  MemoryUsage of job (MB)
	12400  -  ResidentSetSize of job (KB)
...
006 (983327.000.000) 2024-04-25 20:13:22 Image size of job updated: 37040
	13  -  MemoryUsage of job (MB)
	12400  -  ResidentSetSize of job (KB)
...
005 (983327.000.000) 2024-04-25 20:13:22 Job terminated.
	(1) Normal termination (return value 0)
		Usr 0 00:00:14, Sys 0 00:00:00  -  Run Remote Usage
		Usr 0 00:00:00, Sys 0 00:00:00  -  Run Local Usage
		Usr 0 00:00:14, Sys 0 00:00:00  -  Total Remote Usage
		Usr 0 00:00:00, Sys 0 00:00:00  -  Total Local Usage
	0  -  Run Bytes Sent By Job
	0  -  Run Bytes Received By Job
	0  -  Total Bytes Sent By Job
	0  -  Total Bytes Received By Job
	Partitionable Resources :    Usage  Request Allocated 
	   Cpus                 :                 1         1 
	   Disk (KB)            :        1        1  10853596 
	   Memory (MB)          :       13        1      4026 

	Job terminated of its own accord at 2024-04-26T01:13:22Z.
...
000 (984230.000.000) 2024-04-26 05:09:03 Job submitted from host: <128.83.120.183:9618?addrs=128.83.120.183-9618&alias=darmok.cs.utexas.edu&noUDP&sock=schedd_1353_9fba>
...
001 (984230.000.000) 2024-04-26 05:09:05 Job executing on host: <128.83.139.141:9618?addrs=128.83.139.141-9618&alias=angrist-14.cs.utexas.edu&noUDP&sock=startd_1625_317d>
...
006 (984230.000.000) 2024-04-26 05:09:13 Image size of job updated: 37044
	13  -  MemoryUsage of job (MB)
	12400  -  ResidentSetSize of job (KB)
...
005 (984230.000.000) 2024-04-26 05:09:21 Job terminated.
	(1) Normal termination (return value 0)
		Usr 0 00:00:14, Sys 0 00:00:00  -  Run Remote Usage
		Usr 0 00:00:00, Sys 0 00:00:00  -  Run Local Usage
		Usr 0 00:00:14, Sys 0 00:00:00  -  Total Remote Usage
		Usr 0 00:00:00, Sys 0 00:00:00  -  Total Local Usage
	0  -  Run Bytes Sent By Job
	0  -  Run Bytes Received By Job
	0  -  Total Bytes Sent By Job
	0  -  Total Bytes Received By Job
	Partitionable Resources :    Usage  Request Allocated 
	   Cpus                 :                 1         1 
	   Disk (KB)            :        1        1  10853596 
	   Memory (MB)          :       13        1      4026 

	Job terminated of its own accord at 2024-04-26T10:09:19Z.
...
