000 (983336.000.000) 2024-04-25 20:13:06 Job submitted from host: <128.83.120.183:9618?addrs=128.83.120.183-9618&alias=darmok.cs.utexas.edu&noUDP&sock=schedd_1353_9fba>
...
001 (983336.000.000) 2024-04-25 20:13:11 Job executing on host: <128.83.130.161:9618?addrs=128.83.130.161-9618&alias=oliphaunt-2.cs.utexas.edu&noUDP&sock=startd_1594_ee0d>
...
006 (983336.000.000) 2024-04-25 20:13:20 Image size of job updated: 37044
	13  -  MemoryUsage of job (MB)
	12396  -  ResidentSetSize of job (KB)
...
006 (983336.000.000) 2024-04-25 20:13:59 Image size of job updated: 37172
	13  -  MemoryUsage of job (MB)
	12396  -  ResidentSetSize of job (KB)
...
005 (983336.000.000) 2024-04-25 20:14:00 Job terminated.
	(1) Normal termination (return value 0)
		Usr 0 00:00:47, Sys 0 00:00:00  -  Run Remote Usage
		Usr 0 00:00:00, Sys 0 00:00:00  -  Run Local Usage
		Usr 0 00:00:47, Sys 0 00:00:00  -  Total Remote Usage
		Usr 0 00:00:00, Sys 0 00:00:00  -  Total Local Usage
	0  -  Run Bytes Sent By Job
	0  -  Run Bytes Received By Job
	0  -  Total Bytes Sent By Job
	0  -  Total Bytes Received By Job
	Partitionable Resources :    Usage  Request Allocated 
	   Cpus                 :                 1         1 
	   Disk (KB)            :        1        1  18498544 
	   Memory (MB)          :       13        1     24186 

	Job terminated of its own accord at 2024-04-26T01:13:59Z.
...
000 (984239.000.000) 2024-04-26 05:09:05 Job submitted from host: <128.83.120.183:9618?addrs=128.83.120.183-9618&alias=darmok.cs.utexas.edu&noUDP&sock=schedd_1353_9fba>
...
001 (984239.000.000) 2024-04-26 05:09:07 Job executing on host: <128.83.144.211:9618?addrs=128.83.144.211-9618&alias=angrist-12.cs.utexas.edu&noUDP&sock=startd_1592_8edc>
...
006 (984239.000.000) 2024-04-26 05:09:15 Image size of job updated: 37040
	13  -  MemoryUsage of job (MB)
	12396  -  ResidentSetSize of job (KB)
...
006 (984239.000.000) 2024-04-26 05:09:39 Image size of job updated: 37168
	13  -  MemoryUsage of job (MB)
	12396  -  ResidentSetSize of job (KB)
...
005 (984239.000.000) 2024-04-26 05:09:40 Job terminated.
	(1) Normal termination (return value 0)
		Usr 0 00:00:31, Sys 0 00:00:00  -  Run Remote Usage
		Usr 0 00:00:00, Sys 0 00:00:00  -  Run Local Usage
		Usr 0 00:00:31, Sys 0 00:00:00  -  Total Remote Usage
		Usr 0 00:00:00, Sys 0 00:00:00  -  Total Local Usage
	0  -  Run Bytes Sent By Job
	0  -  Run Bytes Received By Job
	0  -  Total Bytes Sent By Job
	0  -  Total Bytes Received By Job
	Partitionable Resources :    Usage  Request Allocated 
	   Cpus                 :                 1         1 
	   Disk (KB)            :        1        1  10853596 
	   Memory (MB)          :       13        1      4026 

	Job terminated of its own accord at 2024-04-26T10:09:39Z.
...
