000 (983324.000.000) 2024-04-25 20:13:04 Job submitted from host: <128.83.120.183:9618?addrs=128.83.120.183-9618&alias=darmok.cs.utexas.edu&noUDP&sock=schedd_1353_9fba>
...
001 (983324.000.000) 2024-04-25 20:13:06 Job executing on host: <128.83.130.161:9618?addrs=128.83.130.161-9618&alias=oliphaunt-2.cs.utexas.edu&noUDP&sock=startd_1594_ee0d>
...
006 (983324.000.000) 2024-04-25 20:13:14 Image size of job updated: 37040
	13  -  MemoryUsage of job (MB)
	12420  -  ResidentSetSize of job (KB)
...
005 (983324.000.000) 2024-04-25 20:13:32 Job terminated.
	(1) Normal termination (return value 0)
		Usr 0 00:00:25, Sys 0 00:00:00  -  Run Remote Usage
		Usr 0 00:00:00, Sys 0 00:00:00  -  Run Local Usage
		Usr 0 00:00:25, Sys 0 00:00:00  -  Total Remote Usage
		Usr 0 00:00:00, Sys 0 00:00:00  -  Total Local Usage
	0  -  Run Bytes Sent By Job
	0  -  Run Bytes Received By Job
	0  -  Total Bytes Sent By Job
	0  -  Total Bytes Received By Job
	Partitionable Resources :    Usage  Request Allocated 
	   Cpus                 :                 1         1 
	   Disk (KB)            :        1        1  18498544 
	   Memory (MB)          :       13        1     24186 

	Job terminated of its own accord at 2024-04-26T01:13:31Z.
...
000 (984227.000.000) 2024-04-26 05:09:02 Job submitted from host: <128.83.120.183:9618?addrs=128.83.120.183-9618&alias=darmok.cs.utexas.edu&noUDP&sock=schedd_1353_9fba>
...
001 (984227.000.000) 2024-04-26 05:09:06 Job executing on host: <128.83.139.145:9618?addrs=128.83.139.145-9618&alias=angrist-18.cs.utexas.edu&noUDP&sock=startd_1595_9da5>
...
006 (984227.000.000) 2024-04-26 05:09:15 Image size of job updated: 37044
	13  -  MemoryUsage of job (MB)
	12420  -  ResidentSetSize of job (KB)
...
005 (984227.000.000) 2024-04-26 05:09:28 Job terminated.
	(1) Normal termination (return value 0)
		Usr 0 00:00:21, Sys 0 00:00:00  -  Run Remote Usage
		Usr 0 00:00:00, Sys 0 00:00:00  -  Run Local Usage
		Usr 0 00:00:21, Sys 0 00:00:00  -  Total Remote Usage
		Usr 0 00:00:00, Sys 0 00:00:00  -  Total Local Usage
	0  -  Run Bytes Sent By Job
	0  -  Run Bytes Received By Job
	0  -  Total Bytes Sent By Job
	0  -  Total Bytes Received By Job
	Partitionable Resources :    Usage  Request Allocated 
	   Cpus                 :                 1         1 
	   Disk (KB)            :        1        1  10853596 
	   Memory (MB)          :       13        1      4026 

	Job terminated of its own accord at 2024-04-26T10:09:28Z.
...
