000 (983313.000.000) 2024-04-25 20:13:01 Job submitted from host: <128.83.120.183:9618?addrs=128.83.120.183-9618&alias=darmok.cs.utexas.edu&noUDP&sock=schedd_1353_9fba>
...
001 (983313.000.000) 2024-04-25 20:13:03 Job executing on host: <128.83.130.161:9618?addrs=128.83.130.161-9618&alias=oliphaunt-2.cs.utexas.edu&noUDP&sock=startd_1594_ee0d>
...
006 (983313.000.000) 2024-04-25 20:13:11 Image size of job updated: 37432
	13  -  MemoryUsage of job (MB)
	12792  -  ResidentSetSize of job (KB)
...
006 (983313.000.000) 2024-04-25 20:15:31 Image size of job updated: 39468
	13  -  MemoryUsage of job (MB)
	12792  -  ResidentSetSize of job (KB)
...
005 (983313.000.000) 2024-04-25 20:15:31 Job terminated.
	(1) Normal termination (return value 0)
		Usr 0 00:02:27, Sys 0 00:00:00  -  Run Remote Usage
		Usr 0 00:00:00, Sys 0 00:00:00  -  Run Local Usage
		Usr 0 00:02:27, Sys 0 00:00:00  -  Total Remote Usage
		Usr 0 00:00:00, Sys 0 00:00:00  -  Total Local Usage
	0  -  Run Bytes Sent By Job
	0  -  Run Bytes Received By Job
	0  -  Total Bytes Sent By Job
	0  -  Total Bytes Received By Job
	Partitionable Resources :    Usage  Request Allocated 
	   Cpus                 :                 1         1 
	   Disk (KB)            :        1        1  18498544 
	   Memory (MB)          :       13        1     24186 

	Job terminated of its own accord at 2024-04-26T01:15:31Z.
...
000 (984216.000.000) 2024-04-26 05:09:00 Job submitted from host: <128.83.120.183:9618?addrs=128.83.120.183-9618&alias=darmok.cs.utexas.edu&noUDP&sock=schedd_1353_9fba>
...
001 (984216.000.000) 2024-04-26 05:09:01 Job executing on host: <128.83.139.141:9618?addrs=128.83.139.141-9618&alias=angrist-14.cs.utexas.edu&noUDP&sock=startd_1625_317d>
...
006 (984216.000.000) 2024-04-26 05:09:09 Image size of job updated: 37436
	13  -  MemoryUsage of job (MB)
	13040  -  ResidentSetSize of job (KB)
...
006 (984216.000.000) 2024-04-26 05:10:59 Image size of job updated: 39468
	13  -  MemoryUsage of job (MB)
	13040  -  ResidentSetSize of job (KB)
...
005 (984216.000.000) 2024-04-26 05:10:59 Job terminated.
	(1) Normal termination (return value 0)
		Usr 0 00:01:57, Sys 0 00:00:00  -  Run Remote Usage
		Usr 0 00:00:00, Sys 0 00:00:00  -  Run Local Usage
		Usr 0 00:01:57, Sys 0 00:00:00  -  Total Remote Usage
		Usr 0 00:00:00, Sys 0 00:00:00  -  Total Local Usage
	0  -  Run Bytes Sent By Job
	0  -  Run Bytes Received By Job
	0  -  Total Bytes Sent By Job
	0  -  Total Bytes Received By Job
	Partitionable Resources :    Usage  Request Allocated 
	   Cpus                 :     1.00        1         1 
	   Disk (KB)            :     1           1  10853596 
	   Memory (MB)          :    13           1      4026 

	Job terminated of its own accord at 2024-04-26T10:10:59Z.
...
