000 (983339.000.000) 2024-04-25 20:13:06 Job submitted from host: <128.83.120.183:9618?addrs=128.83.120.183-9618&alias=darmok.cs.utexas.edu&noUDP&sock=schedd_1353_9fba>
...
001 (983339.000.000) 2024-04-25 20:13:14 Job executing on host: <128.83.144.147:9618?addrs=128.83.144.147-9618&alias=oliphaunt-1.cs.utexas.edu&noUDP&sock=startd_1578_f489>
...
006 (983339.000.000) 2024-04-25 20:13:22 Image size of job updated: 37304
	13  -  MemoryUsage of job (MB)
	12628  -  ResidentSetSize of job (KB)
...
006 (983339.000.000) 2024-04-25 20:15:04 Image size of job updated: 37432
	13  -  MemoryUsage of job (MB)
	12628  -  ResidentSetSize of job (KB)
...
005 (983339.000.000) 2024-04-25 20:15:04 Job terminated.
	(1) Normal termination (return value 0)
		Usr 0 00:01:50, Sys 0 00:00:00  -  Run Remote Usage
		Usr 0 00:00:00, Sys 0 00:00:00  -  Run Local Usage
		Usr 0 00:01:50, Sys 0 00:00:00  -  Total Remote Usage
		Usr 0 00:00:00, Sys 0 00:00:00  -  Total Local Usage
	0  -  Run Bytes Sent By Job
	0  -  Run Bytes Received By Job
	0  -  Total Bytes Sent By Job
	0  -  Total Bytes Received By Job
	Partitionable Resources :    Usage  Request Allocated 
	   Cpus                 :                 1         1 
	   Disk (KB)            :        1        1  18498544 
	   Memory (MB)          :       13        1     24186 

	Job terminated of its own accord at 2024-04-26T01:15:04Z.
...
000 (984242.000.000) 2024-04-26 05:09:06 Job submitted from host: <128.83.120.183:9618?addrs=128.83.120.183-9618&alias=darmok.cs.utexas.edu&noUDP&sock=schedd_1353_9fba>
...
001 (984242.000.000) 2024-04-26 05:09:07 Job executing on host: <128.83.139.150:9618?addrs=128.83.139.150-9618&alias=angrist-23.cs.utexas.edu&noUDP&sock=startd_1604_c9ff>
...
006 (984242.000.000) 2024-04-26 05:09:16 Image size of job updated: 37304
	13  -  MemoryUsage of job (MB)
	12676  -  ResidentSetSize of job (KB)
...
006 (984242.000.000) 2024-04-26 05:10:41 Image size of job updated: 37432
	13  -  MemoryUsage of job (MB)
	12676  -  ResidentSetSize of job (KB)
...
005 (984242.000.000) 2024-04-26 05:10:41 Job terminated.
	(1) Normal termination (return value 0)
		Usr 0 00:01:33, Sys 0 00:00:00  -  Run Remote Usage
		Usr 0 00:00:00, Sys 0 00:00:00  -  Run Local Usage
		Usr 0 00:01:33, Sys 0 00:00:00  -  Total Remote Usage
		Usr 0 00:00:00, Sys 0 00:00:00  -  Total Local Usage
	0  -  Run Bytes Sent By Job
	0  -  Run Bytes Received By Job
	0  -  Total Bytes Sent By Job
	0  -  Total Bytes Received By Job
	Partitionable Resources :    Usage  Request Allocated 
	   Cpus                 :     1.00        1         1 
	   Disk (KB)            :     1           1  10853594 
	   Memory (MB)          :    13           1      4026 

	Job terminated of its own accord at 2024-04-26T10:10:41Z.
...
