000 (983321.000.000) 2024-04-25 20:13:03 Job submitted from host: <128.83.120.183:9618?addrs=128.83.120.183-9618&alias=darmok.cs.utexas.edu&noUDP&sock=schedd_1353_9fba>
...
001 (983321.000.000) 2024-04-25 20:13:04 Job executing on host: <128.83.130.161:9618?addrs=128.83.130.161-9618&alias=oliphaunt-2.cs.utexas.edu&noUDP&sock=startd_1594_ee0d>
...
006 (983321.000.000) 2024-04-25 20:13:13 Image size of job updated: 37040
	13  -  MemoryUsage of job (MB)
	12424  -  ResidentSetSize of job (KB)
...
006 (983321.000.000) 2024-04-25 20:13:38 Image size of job updated: 37172
	13  -  MemoryUsage of job (MB)
	12424  -  ResidentSetSize of job (KB)
...
005 (983321.000.000) 2024-04-25 20:13:39 Job terminated.
	(1) Normal termination (return value 0)
		Usr 0 00:00:33, Sys 0 00:00:00  -  Run Remote Usage
		Usr 0 00:00:00, Sys 0 00:00:00  -  Run Local Usage
		Usr 0 00:00:33, Sys 0 00:00:00  -  Total Remote Usage
		Usr 0 00:00:00, Sys 0 00:00:00  -  Total Local Usage
	0  -  Run Bytes Sent By Job
	0  -  Run Bytes Received By Job
	0  -  Total Bytes Sent By Job
	0  -  Total Bytes Received By Job
	Partitionable Resources :    Usage  Request Allocated 
	   Cpus                 :                 1         1 
	   Disk (KB)            :        1        1  18498544 
	   Memory (MB)          :       13        1     24186 

	Job terminated of its own accord at 2024-04-26T01:13:38Z.
...
000 (984224.000.000) 2024-04-26 05:09:02 Job submitted from host: <128.83.120.183:9618?addrs=128.83.120.183-9618&alias=darmok.cs.utexas.edu&noUDP&sock=schedd_1353_9fba>
...
001 (984224.000.000) 2024-04-26 05:09:03 Job executing on host: <128.83.139.141:9618?addrs=128.83.139.141-9618&alias=angrist-14.cs.utexas.edu&noUDP&sock=startd_1625_317d>
...
006 (984224.000.000) 2024-04-26 05:09:12 Image size of job updated: 37044
	13  -  MemoryUsage of job (MB)
	12480  -  ResidentSetSize of job (KB)
...
006 (984224.000.000) 2024-04-26 05:09:24 Image size of job updated: 37176
	13  -  MemoryUsage of job (MB)
	12480  -  ResidentSetSize of job (KB)
...
005 (984224.000.000) 2024-04-26 05:09:24 Job terminated.
	(1) Normal termination (return value 0)
		Usr 0 00:00:20, Sys 0 00:00:00  -  Run Remote Usage
		Usr 0 00:00:00, Sys 0 00:00:00  -  Run Local Usage
		Usr 0 00:00:20, Sys 0 00:00:00  -  Total Remote Usage
		Usr 0 00:00:00, Sys 0 00:00:00  -  Total Local Usage
	0  -  Run Bytes Sent By Job
	0  -  Run Bytes Received By Job
	0  -  Total Bytes Sent By Job
	0  -  Total Bytes Received By Job
	Partitionable Resources :    Usage  Request Allocated 
	   Cpus                 :                 1         1 
	   Disk (KB)            :        1        1  10853596 
	   Memory (MB)          :       13        1      4026 

	Job terminated of its own accord at 2024-04-26T10:09:24Z.
...
