000 (983325.000.000) 2024-04-25 20:13:04 Job submitted from host: <128.83.120.183:9618?addrs=128.83.120.183-9618&alias=darmok.cs.utexas.edu&noUDP&sock=schedd_1353_9fba>
...
001 (983325.000.000) 2024-04-25 20:13:08 Job executing on host: <128.83.130.161:9618?addrs=128.83.130.161-9618&alias=oliphaunt-2.cs.utexas.edu&noUDP&sock=startd_1594_ee0d>
...
006 (983325.000.000) 2024-04-25 20:13:16 Image size of job updated: 37036
	13  -  MemoryUsage of job (MB)
	12404  -  ResidentSetSize of job (KB)
...
006 (983325.000.000) 2024-04-25 20:13:58 Image size of job updated: 37168
	13  -  MemoryUsage of job (MB)
	12404  -  ResidentSetSize of job (KB)
...
005 (983325.000.000) 2024-04-25 20:13:59 Job terminated.
	(1) Normal termination (return value 0)
		Usr 0 00:00:50, Sys 0 00:00:00  -  Run Remote Usage
		Usr 0 00:00:00, Sys 0 00:00:00  -  Run Local Usage
		Usr 0 00:00:50, Sys 0 00:00:00  -  Total Remote Usage
		Usr 0 00:00:00, Sys 0 00:00:00  -  Total Local Usage
	0  -  Run Bytes Sent By Job
	0  -  Run Bytes Received By Job
	0  -  Total Bytes Sent By Job
	0  -  Total Bytes Received By Job
	Partitionable Resources :    Usage  Request Allocated 
	   Cpus                 :                 1         1 
	   Disk (KB)            :        1        1  18498544 
	   Memory (MB)          :       13        1     24186 

	Job terminated of its own accord at 2024-04-26T01:13:58Z.
...
000 (984228.000.000) 2024-04-26 05:09:02 Job submitted from host: <128.83.120.183:9618?addrs=128.83.120.183-9618&alias=darmok.cs.utexas.edu&noUDP&sock=schedd_1353_9fba>
...
001 (984228.000.000) 2024-04-26 05:09:04 Job executing on host: <128.83.139.142:9618?addrs=128.83.139.142-9618&alias=angrist-15.cs.utexas.edu&noUDP&sock=startd_1598_ac6e>
...
006 (984228.000.000) 2024-04-26 05:09:13 Image size of job updated: 37044
	13  -  MemoryUsage of job (MB)
	12412  -  ResidentSetSize of job (KB)
...
006 (984228.000.000) 2024-04-26 05:09:53 Image size of job updated: 37176
	13  -  MemoryUsage of job (MB)
	12412  -  ResidentSetSize of job (KB)
...
005 (984228.000.000) 2024-04-26 05:09:53 Job terminated.
	(1) Normal termination (return value 0)
		Usr 0 00:00:48, Sys 0 00:00:00  -  Run Remote Usage
		Usr 0 00:00:00, Sys 0 00:00:00  -  Run Local Usage
		Usr 0 00:00:48, Sys 0 00:00:00  -  Total Remote Usage
		Usr 0 00:00:00, Sys 0 00:00:00  -  Total Local Usage
	0  -  Run Bytes Sent By Job
	0  -  Run Bytes Received By Job
	0  -  Total Bytes Sent By Job
	0  -  Total Bytes Received By Job
	Partitionable Resources :    Usage  Request Allocated 
	   Cpus                 :                 1         1 
	   Disk (KB)            :        1        1  10853596 
	   Memory (MB)          :       13        1      4026 

	Job terminated of its own accord at 2024-04-26T10:09:53Z.
...
