000 (983318.000.000) 2024-04-25 20:13:02 Job submitted from host: <128.83.120.183:9618?addrs=128.83.120.183-9618&alias=darmok.cs.utexas.edu&noUDP&sock=schedd_1353_9fba>
...
001 (983318.000.000) 2024-04-25 20:13:03 Job executing on host: <128.83.144.147:9618?addrs=128.83.144.147-9618&alias=oliphaunt-1.cs.utexas.edu&noUDP&sock=startd_1578_f489>
...
006 (983318.000.000) 2024-04-25 20:13:12 Image size of job updated: 37044
	13  -  MemoryUsage of job (MB)
	12464  -  ResidentSetSize of job (KB)
...
005 (983318.000.000) 2024-04-25 20:13:23 Job terminated.
	(1) Normal termination (return value 0)
		Usr 0 00:00:19, Sys 0 00:00:00  -  Run Remote Usage
		Usr 0 00:00:00, Sys 0 00:00:00  -  Run Local Usage
		Usr 0 00:00:19, Sys 0 00:00:00  -  Total Remote Usage
		Usr 0 00:00:00, Sys 0 00:00:00  -  Total Local Usage
	0  -  Run Bytes Sent By Job
	0  -  Run Bytes Received By Job
	0  -  Total Bytes Sent By Job
	0  -  Total Bytes Received By Job
	Partitionable Resources :    Usage  Request Allocated 
	   Cpus                 :                 1         1 
	   Disk (KB)            :        1        1  18498544 
	   Memory (MB)          :       13        1     24186 

	Job terminated of its own accord at 2024-04-26T01:13:23Z.
...
000 (984221.000.000) 2024-04-26 05:09:01 Job submitted from host: <128.83.120.183:9618?addrs=128.83.120.183-9618&alias=darmok.cs.utexas.edu&noUDP&sock=schedd_1353_9fba>
...
001 (984221.000.000) 2024-04-26 05:09:02 Job executing on host: <128.83.139.143:9618?addrs=128.83.139.143-9618&alias=angrist-16.cs.utexas.edu&noUDP&sock=startd_1598_ac6e>
...
006 (984221.000.000) 2024-04-26 05:09:10 Image size of job updated: 37044
	13  -  MemoryUsage of job (MB)
	12468  -  ResidentSetSize of job (KB)
...
005 (984221.000.000) 2024-04-26 05:09:20 Job terminated.
	(1) Normal termination (return value 0)
		Usr 0 00:00:17, Sys 0 00:00:00  -  Run Remote Usage
		Usr 0 00:00:00, Sys 0 00:00:00  -  Run Local Usage
		Usr 0 00:00:17, Sys 0 00:00:00  -  Total Remote Usage
		Usr 0 00:00:00, Sys 0 00:00:00  -  Total Local Usage
	0  -  Run Bytes Sent By Job
	0  -  Run Bytes Received By Job
	0  -  Total Bytes Sent By Job
	0  -  Total Bytes Received By Job
	Partitionable Resources :    Usage  Request Allocated 
	   Cpus                 :                 1         1 
	   Disk (KB)            :        1        1  10853596 
	   Memory (MB)          :       13        1      4026 

	Job terminated of its own accord at 2024-04-26T10:09:20Z.
...
