000 (983360.000.000) 2024-04-25 20:13:10 Job submitted from host: <128.83.120.183:9618?addrs=128.83.120.183-9618&alias=darmok.cs.utexas.edu&noUDP&sock=schedd_1353_9fba>
...
001 (983360.000.000) 2024-04-25 20:13:29 Job executing on host: <128.83.130.161:9618?addrs=128.83.130.161-9618&alias=oliphaunt-2.cs.utexas.edu&noUDP&sock=startd_1594_ee0d>
...
006 (983360.000.000) 2024-04-25 20:13:38 Image size of job updated: 37304
	13  -  MemoryUsage of job (MB)
	12644  -  ResidentSetSize of job (KB)
...
006 (983360.000.000) 2024-04-25 20:14:10 Image size of job updated: 37432
	13  -  MemoryUsage of job (MB)
	12644  -  ResidentSetSize of job (KB)
...
005 (983360.000.000) 2024-04-25 20:14:12 Job terminated.
	(1) Normal termination (return value 0)
		Usr 0 00:00:40, Sys 0 00:00:00  -  Run Remote Usage
		Usr 0 00:00:00, Sys 0 00:00:00  -  Run Local Usage
		Usr 0 00:00:40, Sys 0 00:00:00  -  Total Remote Usage
		Usr 0 00:00:00, Sys 0 00:00:00  -  Total Local Usage
	0  -  Run Bytes Sent By Job
	0  -  Run Bytes Received By Job
	0  -  Total Bytes Sent By Job
	0  -  Total Bytes Received By Job
	Partitionable Resources :    Usage  Request Allocated 
	   Cpus                 :                 1         1 
	   Disk (KB)            :        1        1  18498544 
	   Memory (MB)          :       13        1     24186 

	Job terminated of its own accord at 2024-04-26T01:14:10Z.
...
000 (984263.000.000) 2024-04-26 05:09:10 Job submitted from host: <128.83.120.183:9618?addrs=128.83.120.183-9618&alias=darmok.cs.utexas.edu&noUDP&sock=schedd_1353_9fba>
...
001 (984263.000.000) 2024-04-26 05:09:16 Job executing on host: <128.83.139.143:9618?addrs=128.83.139.143-9618&alias=angrist-16.cs.utexas.edu&noUDP&sock=startd_1598_ac6e>
...
006 (984263.000.000) 2024-04-26 05:09:25 Image size of job updated: 37304
	13  -  MemoryUsage of job (MB)
	12760  -  ResidentSetSize of job (KB)
...
006 (984263.000.000) 2024-04-26 05:09:42 Image size of job updated: 37432
	13  -  MemoryUsage of job (MB)
	12760  -  ResidentSetSize of job (KB)
...
005 (984263.000.000) 2024-04-26 05:09:42 Job terminated.
	(1) Normal termination (return value 0)
		Usr 0 00:00:25, Sys 0 00:00:00  -  Run Remote Usage
		Usr 0 00:00:00, Sys 0 00:00:00  -  Run Local Usage
		Usr 0 00:00:25, Sys 0 00:00:00  -  Total Remote Usage
		Usr 0 00:00:00, Sys 0 00:00:00  -  Total Local Usage
	0  -  Run Bytes Sent By Job
	0  -  Run Bytes Received By Job
	0  -  Total Bytes Sent By Job
	0  -  Total Bytes Received By Job
	Partitionable Resources :    Usage  Request Allocated 
	   Cpus                 :                 1         1 
	   Disk (KB)            :        1        1  10853596 
	   Memory (MB)          :       13        1      4026 

	Job terminated of its own accord at 2024-04-26T10:09:42Z.
...
