000 (983395.000.000) 2024-04-25 20:13:23 Job submitted from host: <128.83.120.183:9618?addrs=128.83.120.183-9618&alias=darmok.cs.utexas.edu&noUDP&sock=schedd_1353_9fba>
...
001 (983395.000.000) 2024-04-25 20:13:29 Job executing on host: <128.83.139.142:9618?addrs=128.83.139.142-9618&alias=angrist-15.cs.utexas.edu&noUDP&sock=startd_1598_ac6e>
...
006 (983395.000.000) 2024-04-25 20:13:37 Image size of job updated: 12556
	13  -  MemoryUsage of job (MB)
	12556  -  ResidentSetSize of job (KB)
...
006 (983395.000.000) 2024-04-25 20:13:57 Image size of job updated: 37320
	13  -  MemoryUsage of job (MB)
	12556  -  ResidentSetSize of job (KB)
...
005 (983395.000.000) 2024-04-25 20:13:58 Job terminated.
	(1) Normal termination (return value 0)
		Usr 0 00:00:27, Sys 0 00:00:00  -  Run Remote Usage
		Usr 0 00:00:00, Sys 0 00:00:00  -  Run Local Usage
		Usr 0 00:00:27, Sys 0 00:00:00  -  Total Remote Usage
		Usr 0 00:00:00, Sys 0 00:00:00  -  Total Local Usage
	0  -  Run Bytes Sent By Job
	0  -  Run Bytes Received By Job
	0  -  Total Bytes Sent By Job
	0  -  Total Bytes Received By Job
	Partitionable Resources :    Usage  Request Allocated 
	   Cpus                 :        0        1         1 
	   Disk (KB)            :        1        1  10853596 
	   Memory (MB)          :       13        1      4026 

	Job terminated of its own accord at 2024-04-26T01:13:57Z.
...
000 (984298.000.000) 2024-04-26 05:09:44 Job submitted from host: <128.83.120.183:9618?addrs=128.83.120.183-9618&alias=darmok.cs.utexas.edu&noUDP&sock=schedd_1353_9fba>
...
001 (984298.000.000) 2024-04-26 05:09:59 Job executing on host: <128.83.144.240:9618?addrs=128.83.144.240-9618&alias=angrist-13.cs.utexas.edu&noUDP&sock=startd_1643_8a31>
...
006 (984298.000.000) 2024-04-26 05:10:08 Image size of job updated: 37060
	13  -  MemoryUsage of job (MB)
	12504  -  ResidentSetSize of job (KB)
...
006 (984298.000.000) 2024-04-26 05:10:27 Image size of job updated: 37316
	13  -  MemoryUsage of job (MB)
	12504  -  ResidentSetSize of job (KB)
...
005 (984298.000.000) 2024-04-26 05:10:27 Job terminated.
	(1) Normal termination (return value 0)
		Usr 0 00:00:28, Sys 0 00:00:00  -  Run Remote Usage
		Usr 0 00:00:00, Sys 0 00:00:00  -  Run Local Usage
		Usr 0 00:00:28, Sys 0 00:00:00  -  Total Remote Usage
		Usr 0 00:00:00, Sys 0 00:00:00  -  Total Local Usage
	0  -  Run Bytes Sent By Job
	0  -  Run Bytes Received By Job
	0  -  Total Bytes Sent By Job
	0  -  Total Bytes Received By Job
	Partitionable Resources :    Usage  Request Allocated 
	   Cpus                 :                 1         1 
	   Disk (KB)            :        1        1  10853596 
	   Memory (MB)          :       13        1      4026 

	Job terminated of its own accord at 2024-04-26T10:10:27Z.
...
000 (990331.000.000) 2024-04-29 13:17:34 Job submitted from host: <128.83.120.183:9618?addrs=128.83.120.183-9618&alias=darmok.cs.utexas.edu&noUDP&sock=schedd_1353_9fba>
...
001 (990331.000.000) 2024-04-29 13:17:50 Job executing on host: <128.83.130.161:9618?addrs=128.83.130.161-9618&alias=oliphaunt-2.cs.utexas.edu&noUDP&sock=startd_1594_ee0d>
...
006 (990331.000.000) 2024-04-29 13:17:58 Image size of job updated: 37064
	13  -  MemoryUsage of job (MB)
	12480  -  ResidentSetSize of job (KB)
...
006 (990331.000.000) 2024-04-29 13:22:58 Image size of job updated: 38972
	15  -  MemoryUsage of job (MB)
	14356  -  ResidentSetSize of job (KB)
...
006 (990331.000.000) 2024-04-29 13:24:39 Image size of job updated: 39484
	15  -  MemoryUsage of job (MB)
	14356  -  ResidentSetSize of job (KB)
...
005 (990331.000.000) 2024-04-29 13:24:39 Job terminated.
	(1) Normal termination (return value 0)
		Usr 0 00:06:48, Sys 0 00:00:00  -  Run Remote Usage
		Usr 0 00:00:00, Sys 0 00:00:00  -  Run Local Usage
		Usr 0 00:06:48, Sys 0 00:00:00  -  Total Remote Usage
		Usr 0 00:00:00, Sys 0 00:00:00  -  Total Local Usage
	0  -  Run Bytes Sent By Job
	0  -  Run Bytes Received By Job
	0  -  Total Bytes Sent By Job
	0  -  Total Bytes Received By Job
	Partitionable Resources :    Usage  Request Allocated 
	   Cpus                 :     1.00        1         1 
	   Disk (KB)            :     1           1  18498544 
	   Memory (MB)          :    15           1     24186 

	Job terminated of its own accord at 2024-04-29T18:24:39Z.
...
