000 (983409.000.000) 2024-04-25 20:13:28 Job submitted from host: <128.83.120.183:9618?addrs=128.83.120.183-9618&alias=darmok.cs.utexas.edu&noUDP&sock=schedd_1353_9fba>
...
001 (983409.000.000) 2024-04-25 20:13:40 Job executing on host: <128.83.144.147:9618?addrs=128.83.144.147-9618&alias=oliphaunt-1.cs.utexas.edu&noUDP&sock=startd_1578_f489>
...
006 (983409.000.000) 2024-04-25 20:13:49 Image size of job updated: 37060
	13  -  MemoryUsage of job (MB)
	12424  -  ResidentSetSize of job (KB)
...
006 (983409.000.000) 2024-04-25 20:14:38 Image size of job updated: 37188
	13  -  MemoryUsage of job (MB)
	12424  -  ResidentSetSize of job (KB)
...
005 (983409.000.000) 2024-04-25 20:14:38 Job terminated.
	(1) Normal termination (return value 0)
		Usr 0 00:00:57, Sys 0 00:00:00  -  Run Remote Usage
		Usr 0 00:00:00, Sys 0 00:00:00  -  Run Local Usage
		Usr 0 00:00:57, Sys 0 00:00:00  -  Total Remote Usage
		Usr 0 00:00:00, Sys 0 00:00:00  -  Total Local Usage
	0  -  Run Bytes Sent By Job
	0  -  Run Bytes Received By Job
	0  -  Total Bytes Sent By Job
	0  -  Total Bytes Received By Job
	Partitionable Resources :    Usage  Request Allocated 
	   Cpus                 :                 1         1 
	   Disk (KB)            :        1        1  18498544 
	   Memory (MB)          :       13        1     24186 

	Job terminated of its own accord at 2024-04-26T01:14:38Z.
...
000 (984312.000.000) 2024-04-26 05:09:46 Job submitted from host: <128.83.120.183:9618?addrs=128.83.120.183-9618&alias=darmok.cs.utexas.edu&noUDP&sock=schedd_1353_9fba>
...
001 (984312.000.000) 2024-04-26 05:09:59 Job executing on host: <128.83.144.240:9618?addrs=128.83.144.240-9618&alias=angrist-13.cs.utexas.edu&noUDP&sock=startd_1643_8a31>
...
006 (984312.000.000) 2024-04-26 05:10:07 Image size of job updated: 37064
	13  -  MemoryUsage of job (MB)
	12444  -  ResidentSetSize of job (KB)
...
006 (984312.000.000) 2024-04-26 05:10:51 Image size of job updated: 37192
	13  -  MemoryUsage of job (MB)
	12444  -  ResidentSetSize of job (KB)
...
005 (984312.000.000) 2024-04-26 05:10:51 Job terminated.
	(1) Normal termination (return value 0)
		Usr 0 00:00:51, Sys 0 00:00:00  -  Run Remote Usage
		Usr 0 00:00:00, Sys 0 00:00:00  -  Run Local Usage
		Usr 0 00:00:51, Sys 0 00:00:00  -  Total Remote Usage
		Usr 0 00:00:00, Sys 0 00:00:00  -  Total Local Usage
	0  -  Run Bytes Sent By Job
	0  -  Run Bytes Received By Job
	0  -  Total Bytes Sent By Job
	0  -  Total Bytes Received By Job
	Partitionable Resources :    Usage  Request Allocated 
	   Cpus                 :                 1         1 
	   Disk (KB)            :        1        1  10853596 
	   Memory (MB)          :       13        1      4026 

	Job terminated of its own accord at 2024-04-26T10:10:51Z.
...
000 (990345.000.000) 2024-04-29 13:17:36 Job submitted from host: <128.83.120.183:9618?addrs=128.83.120.183-9618&alias=darmok.cs.utexas.edu&noUDP&sock=schedd_1353_9fba>
...
001 (990345.000.000) 2024-04-29 13:17:46 Job executing on host: <128.83.144.147:9618?addrs=128.83.144.147-9618&alias=oliphaunt-1.cs.utexas.edu&noUDP&sock=startd_1578_f489>
...
006 (990345.000.000) 2024-04-29 13:17:55 Image size of job updated: 37064
	13  -  MemoryUsage of job (MB)
	12428  -  ResidentSetSize of job (KB)
...
006 (990345.000.000) 2024-04-29 13:22:56 Image size of job updated: 37320
	13  -  MemoryUsage of job (MB)
	12712  -  ResidentSetSize of job (KB)
...
005 (990345.000.000) 2024-04-29 13:23:33 Job terminated.
	(1) Normal termination (return value 0)
		Usr 0 00:05:46, Sys 0 00:00:00  -  Run Remote Usage
		Usr 0 00:00:00, Sys 0 00:00:00  -  Run Local Usage
		Usr 0 00:05:46, Sys 0 00:00:00  -  Total Remote Usage
		Usr 0 00:00:00, Sys 0 00:00:00  -  Total Local Usage
	0  -  Run Bytes Sent By Job
	0  -  Run Bytes Received By Job
	0  -  Total Bytes Sent By Job
	0  -  Total Bytes Received By Job
	Partitionable Resources :    Usage  Request Allocated 
	   Cpus                 :     1.00        1         1 
	   Disk (KB)            :     1           1  18498544 
	   Memory (MB)          :    13           1     24186 

	Job terminated of its own accord at 2024-04-29T18:23:32Z.
...
