000 (983384.000.000) 2024-04-25 20:13:21 Job submitted from host: <128.83.120.183:9618?addrs=128.83.120.183-9618&alias=darmok.cs.utexas.edu&noUDP&sock=schedd_1353_9fba>
...
001 (983384.000.000) 2024-04-25 20:13:26 Job executing on host: <128.83.144.240:9618?addrs=128.83.144.240-9618&alias=angrist-13.cs.utexas.edu&noUDP&sock=startd_1643_8a31>
...
006 (983384.000.000) 2024-04-25 20:13:35 Image size of job updated: 37064
	13  -  MemoryUsage of job (MB)
	12420  -  ResidentSetSize of job (KB)
...
006 (983384.000.000) 2024-04-25 20:14:12 Image size of job updated: 37192
	13  -  MemoryUsage of job (MB)
	12420  -  ResidentSetSize of job (KB)
...
005 (983384.000.000) 2024-04-25 20:14:12 Job terminated.
	(1) Normal termination (return value 0)
		Usr 0 00:00:45, Sys 0 00:00:00  -  Run Remote Usage
		Usr 0 00:00:00, Sys 0 00:00:00  -  Run Local Usage
		Usr 0 00:00:45, Sys 0 00:00:00  -  Total Remote Usage
		Usr 0 00:00:00, Sys 0 00:00:00  -  Total Local Usage
	0  -  Run Bytes Sent By Job
	0  -  Run Bytes Received By Job
	0  -  Total Bytes Sent By Job
	0  -  Total Bytes Received By Job
	Partitionable Resources :    Usage  Request Allocated 
	   Cpus                 :                 1         1 
	   Disk (KB)            :        1        1  10853596 
	   Memory (MB)          :       13        1      4026 

	Job terminated of its own accord at 2024-04-26T01:14:12Z.
...
000 (984287.000.000) 2024-04-26 05:09:43 Job submitted from host: <128.83.120.183:9618?addrs=128.83.120.183-9618&alias=darmok.cs.utexas.edu&noUDP&sock=schedd_1353_9fba>
...
001 (984287.000.000) 2024-04-26 05:09:58 Job executing on host: <128.83.144.147:9618?addrs=128.83.144.147-9618&alias=oliphaunt-1.cs.utexas.edu&noUDP&sock=startd_1578_f489>
...
006 (984287.000.000) 2024-04-26 05:10:06 Image size of job updated: 13460
	13  -  MemoryUsage of job (MB)
	12420  -  ResidentSetSize of job (KB)
...
006 (984287.000.000) 2024-04-26 05:11:20 Image size of job updated: 37188
	13  -  MemoryUsage of job (MB)
	12420  -  ResidentSetSize of job (KB)
...
005 (984287.000.000) 2024-04-26 05:11:20 Job terminated.
	(1) Normal termination (return value 0)
		Usr 0 00:01:22, Sys 0 00:00:00  -  Run Remote Usage
		Usr 0 00:00:00, Sys 0 00:00:00  -  Run Local Usage
		Usr 0 00:01:22, Sys 0 00:00:00  -  Total Remote Usage
		Usr 0 00:00:00, Sys 0 00:00:00  -  Total Local Usage
	0  -  Run Bytes Sent By Job
	0  -  Run Bytes Received By Job
	0  -  Total Bytes Sent By Job
	0  -  Total Bytes Received By Job
	Partitionable Resources :    Usage  Request Allocated 
	   Cpus                 :                 1         1 
	   Disk (KB)            :        1        1  18498544 
	   Memory (MB)          :       13        1     24186 

	Job terminated of its own accord at 2024-04-26T10:11:20Z.
...
000 (990320.000.000) 2024-04-29 13:17:33 Job submitted from host: <128.83.120.183:9618?addrs=128.83.120.183-9618&alias=darmok.cs.utexas.edu&noUDP&sock=schedd_1353_9fba>
...
001 (990320.000.000) 2024-04-29 13:17:47 Job executing on host: <128.83.130.161:9618?addrs=128.83.130.161-9618&alias=oliphaunt-2.cs.utexas.edu&noUDP&sock=startd_1594_ee0d>
...
006 (990320.000.000) 2024-04-29 13:17:55 Image size of job updated: 37060
	13  -  MemoryUsage of job (MB)
	12428  -  ResidentSetSize of job (KB)
...
006 (990320.000.000) 2024-04-29 13:22:55 Image size of job updated: 37312
	13  -  MemoryUsage of job (MB)
	12700  -  ResidentSetSize of job (KB)
...
006 (990320.000.000) 2024-04-29 13:27:17 Image size of job updated: 37440
	13  -  MemoryUsage of job (MB)
	12700  -  ResidentSetSize of job (KB)
...
005 (990320.000.000) 2024-04-29 13:27:17 Job terminated.
	(1) Normal termination (return value 0)
		Usr 0 00:09:30, Sys 0 00:00:00  -  Run Remote Usage
		Usr 0 00:00:00, Sys 0 00:00:00  -  Run Local Usage
		Usr 0 00:09:30, Sys 0 00:00:00  -  Total Remote Usage
		Usr 0 00:00:00, Sys 0 00:00:00  -  Total Local Usage
	0  -  Run Bytes Sent By Job
	0  -  Run Bytes Received By Job
	0  -  Total Bytes Sent By Job
	0  -  Total Bytes Received By Job
	Partitionable Resources :    Usage  Request Allocated 
	   Cpus                 :     1.00        1         1 
	   Disk (KB)            :     1           1  18498544 
	   Memory (MB)          :    13           1     24186 

	Job terminated of its own accord at 2024-04-29T18:27:17Z.
...
