000 (983366.000.000) 2024-04-25 20:13:19 Job submitted from host: <128.83.120.183:9618?addrs=128.83.120.183-9618&alias=darmok.cs.utexas.edu&noUDP&sock=schedd_1353_9fba>
...
001 (983366.000.000) 2024-04-25 20:13:28 Job executing on host: <128.83.130.161:9618?addrs=128.83.130.161-9618&alias=oliphaunt-2.cs.utexas.edu&noUDP&sock=startd_1594_ee0d>
...
006 (983366.000.000) 2024-04-25 20:13:36 Image size of job updated: 37328
	13  -  MemoryUsage of job (MB)
	12884  -  ResidentSetSize of job (KB)
...
006 (983366.000.000) 2024-04-25 20:15:38 Image size of job updated: 39376
	13  -  MemoryUsage of job (MB)
	12884  -  ResidentSetSize of job (KB)
...
005 (983366.000.000) 2024-04-25 20:15:39 Job terminated.
	(1) Normal termination (return value 0)
		Usr 0 00:02:10, Sys 0 00:00:00  -  Run Remote Usage
		Usr 0 00:00:00, Sys 0 00:00:00  -  Run Local Usage
		Usr 0 00:02:10, Sys 0 00:00:00  -  Total Remote Usage
		Usr 0 00:00:00, Sys 0 00:00:00  -  Total Local Usage
	0  -  Run Bytes Sent By Job
	0  -  Run Bytes Received By Job
	0  -  Total Bytes Sent By Job
	0  -  Total Bytes Received By Job
	Partitionable Resources :    Usage  Request Allocated 
	   Cpus                 :                 1         1 
	   Disk (KB)            :        1        1  18498544 
	   Memory (MB)          :       13        1     24186 

	Job terminated of its own accord at 2024-04-26T01:15:38Z.
...
000 (984269.000.000) 2024-04-26 05:09:38 Job submitted from host: <128.83.120.183:9618?addrs=128.83.120.183-9618&alias=darmok.cs.utexas.edu&noUDP&sock=schedd_1353_9fba>
...
001 (984269.000.000) 2024-04-26 05:09:40 Job executing on host: <128.83.144.211:9618?addrs=128.83.144.211-9618&alias=angrist-12.cs.utexas.edu&noUDP&sock=startd_1592_8edc>
...
006 (984269.000.000) 2024-04-26 05:09:49 Image size of job updated: 37580
	13  -  MemoryUsage of job (MB)
	13080  -  ResidentSetSize of job (KB)
...
006 (984269.000.000) 2024-04-26 05:11:38 Image size of job updated: 39368
	13  -  MemoryUsage of job (MB)
	13080  -  ResidentSetSize of job (KB)
...
005 (984269.000.000) 2024-04-26 05:11:38 Job terminated.
	(1) Normal termination (return value 0)
		Usr 0 00:01:57, Sys 0 00:00:00  -  Run Remote Usage
		Usr 0 00:00:00, Sys 0 00:00:00  -  Run Local Usage
		Usr 0 00:01:57, Sys 0 00:00:00  -  Total Remote Usage
		Usr 0 00:00:00, Sys 0 00:00:00  -  Total Local Usage
	0  -  Run Bytes Sent By Job
	0  -  Run Bytes Received By Job
	0  -  Total Bytes Sent By Job
	0  -  Total Bytes Received By Job
	Partitionable Resources :    Usage  Request Allocated 
	   Cpus                 :                 1         1 
	   Disk (KB)            :        1        1  10853596 
	   Memory (MB)          :       13        1      4026 

	Job terminated of its own accord at 2024-04-26T10:11:38Z.
...
000 (990302.000.000) 2024-04-29 13:17:29 Job submitted from host: <128.83.120.183:9618?addrs=128.83.120.183-9618&alias=darmok.cs.utexas.edu&noUDP&sock=schedd_1353_9fba>
...
001 (990302.000.000) 2024-04-29 13:17:45 Job executing on host: <128.83.130.161:9618?addrs=128.83.130.161-9618&alias=oliphaunt-2.cs.utexas.edu&noUDP&sock=startd_1594_ee0d>
...
006 (990302.000.000) 2024-04-29 13:17:54 Image size of job updated: 37452
	13  -  MemoryUsage of job (MB)
	12884  -  ResidentSetSize of job (KB)
...
006 (990302.000.000) 2024-04-29 13:22:55 Image size of job updated: 40148
	16  -  MemoryUsage of job (MB)
	15512  -  ResidentSetSize of job (KB)
...
006 (990302.000.000) 2024-04-29 13:27:55 Image size of job updated: 40280
	16  -  MemoryUsage of job (MB)
	15672  -  ResidentSetSize of job (KB)
...
006 (990302.000.000) 2024-04-29 13:31:39 Image size of job updated: 40412
	16  -  MemoryUsage of job (MB)
	15672  -  ResidentSetSize of job (KB)
...
005 (990302.000.000) 2024-04-29 13:31:39 Job terminated.
	(1) Normal termination (return value 0)
		Usr 0 00:13:53, Sys 0 00:00:00  -  Run Remote Usage
		Usr 0 00:00:00, Sys 0 00:00:00  -  Run Local Usage
		Usr 0 00:13:53, Sys 0 00:00:00  -  Total Remote Usage
		Usr 0 00:00:00, Sys 0 00:00:00  -  Total Local Usage
	0  -  Run Bytes Sent By Job
	0  -  Run Bytes Received By Job
	0  -  Total Bytes Sent By Job
	0  -  Total Bytes Received By Job
	Partitionable Resources :    Usage  Request Allocated 
	   Cpus                 :     1.00        1         1 
	   Disk (KB)            :     1           1  18498544 
	   Memory (MB)          :    16           1     24186 

	Job terminated of its own accord at 2024-04-29T18:31:39Z.
...
