000 (983398.000.000) 2024-04-25 20:13:24 Job submitted from host: <128.83.120.183:9618?addrs=128.83.120.183-9618&alias=darmok.cs.utexas.edu&noUDP&sock=schedd_1353_9fba>
...
001 (983398.000.000) 2024-04-25 20:13:29 Job executing on host: <128.83.139.143:9618?addrs=128.83.139.143-9618&alias=angrist-16.cs.utexas.edu&noUDP&sock=startd_1598_ac6e>
...
006 (983398.000.000) 2024-04-25 20:13:38 Image size of job updated: 37060
	14  -  MemoryUsage of job (MB)
	13780  -  ResidentSetSize of job (KB)
...
006 (983398.000.000) 2024-04-25 20:14:17 Image size of job updated: 38508
	14  -  MemoryUsage of job (MB)
	13780  -  ResidentSetSize of job (KB)
...
005 (983398.000.000) 2024-04-25 20:14:20 Job terminated.
	(1) Normal termination (return value 0)
		Usr 0 00:00:47, Sys 0 00:00:00  -  Run Remote Usage
		Usr 0 00:00:00, Sys 0 00:00:00  -  Run Local Usage
		Usr 0 00:00:47, Sys 0 00:00:00  -  Total Remote Usage
		Usr 0 00:00:00, Sys 0 00:00:00  -  Total Local Usage
	0  -  Run Bytes Sent By Job
	0  -  Run Bytes Received By Job
	0  -  Total Bytes Sent By Job
	0  -  Total Bytes Received By Job
	Partitionable Resources :    Usage  Request Allocated 
	   Cpus                 :                 1         1 
	   Disk (KB)            :        1        1  10853596 
	   Memory (MB)          :       14        1      4026 

	Job terminated of its own accord at 2024-04-26T01:14:17Z.
...
000 (984301.000.000) 2024-04-26 05:09:45 Job submitted from host: <128.83.120.183:9618?addrs=128.83.120.183-9618&alias=darmok.cs.utexas.edu&noUDP&sock=schedd_1353_9fba>
...
001 (984301.000.000) 2024-04-26 05:09:58 Job executing on host: <128.83.139.141:9618?addrs=128.83.139.141-9618&alias=angrist-14.cs.utexas.edu&noUDP&sock=startd_1625_317d>
...
006 (984301.000.000) 2024-04-26 05:10:07 Image size of job updated: 37720
	14  -  MemoryUsage of job (MB)
	13808  -  ResidentSetSize of job (KB)
...
006 (984301.000.000) 2024-04-26 05:10:25 Image size of job updated: 38504
	14  -  MemoryUsage of job (MB)
	13808  -  ResidentSetSize of job (KB)
...
005 (984301.000.000) 2024-04-26 05:10:27 Job terminated.
	(1) Normal termination (return value 0)
		Usr 0 00:00:26, Sys 0 00:00:00  -  Run Remote Usage
		Usr 0 00:00:00, Sys 0 00:00:00  -  Run Local Usage
		Usr 0 00:00:26, Sys 0 00:00:00  -  Total Remote Usage
		Usr 0 00:00:00, Sys 0 00:00:00  -  Total Local Usage
	0  -  Run Bytes Sent By Job
	0  -  Run Bytes Received By Job
	0  -  Total Bytes Sent By Job
	0  -  Total Bytes Received By Job
	Partitionable Resources :    Usage  Request Allocated 
	   Cpus                 :                 1         1 
	   Disk (KB)            :        1        1  10853596 
	   Memory (MB)          :       14        1      4026 

	Job terminated of its own accord at 2024-04-26T10:10:25Z.
...
000 (990334.000.000) 2024-04-29 13:17:35 Job submitted from host: <128.83.120.183:9618?addrs=128.83.120.183-9618&alias=darmok.cs.utexas.edu&noUDP&sock=schedd_1353_9fba>
...
001 (990334.000.000) 2024-04-29 13:17:45 Job executing on host: <128.83.144.147:9618?addrs=128.83.144.147-9618&alias=oliphaunt-1.cs.utexas.edu&noUDP&sock=startd_1578_f489>
...
006 (990334.000.000) 2024-04-29 13:17:54 Image size of job updated: 37724
	14  -  MemoryUsage of job (MB)
	13788  -  ResidentSetSize of job (KB)
...
006 (990334.000.000) 2024-04-29 13:22:20 Image size of job updated: 38512
	14  -  MemoryUsage of job (MB)
	13788  -  ResidentSetSize of job (KB)
...
005 (990334.000.000) 2024-04-29 13:22:21 Job terminated.
	(1) Normal termination (return value 0)
		Usr 0 00:04:34, Sys 0 00:00:00  -  Run Remote Usage
		Usr 0 00:00:00, Sys 0 00:00:00  -  Run Local Usage
		Usr 0 00:04:34, Sys 0 00:00:00  -  Total Remote Usage
		Usr 0 00:00:00, Sys 0 00:00:00  -  Total Local Usage
	0  -  Run Bytes Sent By Job
	0  -  Run Bytes Received By Job
	0  -  Total Bytes Sent By Job
	0  -  Total Bytes Received By Job
	Partitionable Resources :    Usage  Request Allocated 
	   Cpus                 :     1.00        1         1 
	   Disk (KB)            :     1           1  18498544 
	   Memory (MB)          :    14           1     24186 

	Job terminated of its own accord at 2024-04-29T18:22:20Z.
...
