000 (983406.000.000) 2024-04-25 20:13:27 Job submitted from host: <128.83.120.183:9618?addrs=128.83.120.183-9618&alias=darmok.cs.utexas.edu&noUDP&sock=schedd_1353_9fba>
...
001 (983406.000.000) 2024-04-25 20:13:34 Job executing on host: <128.83.139.141:9618?addrs=128.83.139.141-9618&alias=angrist-14.cs.utexas.edu&noUDP&sock=startd_1625_317d>
...
006 (983406.000.000) 2024-04-25 20:13:43 Image size of job updated: 12472
	13  -  MemoryUsage of job (MB)
	12472  -  ResidentSetSize of job (KB)
...
006 (983406.000.000) 2024-04-25 20:13:59 Image size of job updated: 37180
	13  -  MemoryUsage of job (MB)
	12472  -  ResidentSetSize of job (KB)
...
005 (983406.000.000) 2024-04-25 20:14:00 Job terminated.
	(1) Normal termination (return value 0)
		Usr 0 00:00:24, Sys 0 00:00:00  -  Run Remote Usage
		Usr 0 00:00:00, Sys 0 00:00:00  -  Run Local Usage
		Usr 0 00:00:24, Sys 0 00:00:00  -  Total Remote Usage
		Usr 0 00:00:00, Sys 0 00:00:00  -  Total Local Usage
	0  -  Run Bytes Sent By Job
	0  -  Run Bytes Received By Job
	0  -  Total Bytes Sent By Job
	0  -  Total Bytes Received By Job
	Partitionable Resources :    Usage  Request Allocated 
	   Cpus                 :                 1         1 
	   Disk (KB)            :        1        1  10853596 
	   Memory (MB)          :       13        1      4026 

	Job terminated of its own accord at 2024-04-26T01:13:59Z.
...
000 (984309.000.000) 2024-04-26 05:09:46 Job submitted from host: <128.83.120.183:9618?addrs=128.83.120.183-9618&alias=darmok.cs.utexas.edu&noUDP&sock=schedd_1353_9fba>
...
001 (984309.000.000) 2024-04-26 05:10:01 Job executing on host: <128.83.144.240:9618?addrs=128.83.144.240-9618&alias=angrist-13.cs.utexas.edu&noUDP&sock=startd_1643_8a31>
...
006 (984309.000.000) 2024-04-26 05:10:09 Image size of job updated: 37060
	13  -  MemoryUsage of job (MB)
	12468  -  ResidentSetSize of job (KB)
...
006 (984309.000.000) 2024-04-26 05:10:25 Image size of job updated: 37176
	13  -  MemoryUsage of job (MB)
	12468  -  ResidentSetSize of job (KB)
...
005 (984309.000.000) 2024-04-26 05:10:25 Job terminated.
	(1) Normal termination (return value 0)
		Usr 0 00:00:24, Sys 0 00:00:00  -  Run Remote Usage
		Usr 0 00:00:00, Sys 0 00:00:00  -  Run Local Usage
		Usr 0 00:00:24, Sys 0 00:00:00  -  Total Remote Usage
		Usr 0 00:00:00, Sys 0 00:00:00  -  Total Local Usage
	0  -  Run Bytes Sent By Job
	0  -  Run Bytes Received By Job
	0  -  Total Bytes Sent By Job
	0  -  Total Bytes Received By Job
	Partitionable Resources :    Usage  Request Allocated 
	   Cpus                 :                 1         1 
	   Disk (KB)            :        1        1  10853596 
	   Memory (MB)          :       13        1      4026 

	Job terminated of its own accord at 2024-04-26T10:10:25Z.
...
000 (990342.000.000) 2024-04-29 13:17:36 Job submitted from host: <128.83.120.183:9618?addrs=128.83.120.183-9618&alias=darmok.cs.utexas.edu&noUDP&sock=schedd_1353_9fba>
...
001 (990342.000.000) 2024-04-29 13:17:48 Job executing on host: <128.83.130.161:9618?addrs=128.83.130.161-9618&alias=oliphaunt-2.cs.utexas.edu&noUDP&sock=startd_1594_ee0d>
...
006 (990342.000.000) 2024-04-29 13:17:57 Image size of job updated: 37064
	13  -  MemoryUsage of job (MB)
	12456  -  ResidentSetSize of job (KB)
...
006 (990342.000.000) 2024-04-29 13:22:58 Image size of job updated: 37324
	13  -  MemoryUsage of job (MB)
	12704  -  ResidentSetSize of job (KB)
...
005 (990342.000.000) 2024-04-29 13:24:03 Job terminated.
	(1) Normal termination (return value 0)
		Usr 0 00:06:14, Sys 0 00:00:00  -  Run Remote Usage
		Usr 0 00:00:00, Sys 0 00:00:00  -  Run Local Usage
		Usr 0 00:06:14, Sys 0 00:00:00  -  Total Remote Usage
		Usr 0 00:00:00, Sys 0 00:00:00  -  Total Local Usage
	0  -  Run Bytes Sent By Job
	0  -  Run Bytes Received By Job
	0  -  Total Bytes Sent By Job
	0  -  Total Bytes Received By Job
	Partitionable Resources :    Usage  Request Allocated 
	   Cpus                 :     1.00        1         1 
	   Disk (KB)            :     1           1  18498544 
	   Memory (MB)          :    13           1     24186 

	Job terminated of its own accord at 2024-04-29T18:24:03Z.
...
