000 (983372.000.000) 2024-04-25 20:13:20 Job submitted from host: <128.83.120.183:9618?addrs=128.83.120.183-9618&alias=darmok.cs.utexas.edu&noUDP&sock=schedd_1353_9fba>
...
001 (983372.000.000) 2024-04-25 20:13:28 Job executing on host: <128.83.139.142:9618?addrs=128.83.139.142-9618&alias=angrist-15.cs.utexas.edu&noUDP&sock=startd_1598_ac6e>
...
006 (983372.000.000) 2024-04-25 20:13:37 Image size of job updated: 37060
	13  -  MemoryUsage of job (MB)
	12432  -  ResidentSetSize of job (KB)
...
006 (983372.000.000) 2024-04-25 20:14:01 Image size of job updated: 37184
	13  -  MemoryUsage of job (MB)
	12432  -  ResidentSetSize of job (KB)
...
005 (983372.000.000) 2024-04-25 20:14:01 Job terminated.
	(1) Normal termination (return value 0)
		Usr 0 00:00:32, Sys 0 00:00:00  -  Run Remote Usage
		Usr 0 00:00:00, Sys 0 00:00:00  -  Run Local Usage
		Usr 0 00:00:32, Sys 0 00:00:00  -  Total Remote Usage
		Usr 0 00:00:00, Sys 0 00:00:00  -  Total Local Usage
	0  -  Run Bytes Sent By Job
	0  -  Run Bytes Received By Job
	0  -  Total Bytes Sent By Job
	0  -  Total Bytes Received By Job
	Partitionable Resources :    Usage  Request Allocated 
	   Cpus                 :     0.62        1         1 
	   Disk (KB)            :     1           1  10853596 
	   Memory (MB)          :    13           1      4026 

	Job terminated of its own accord at 2024-04-26T01:14:01Z.
...
000 (984275.000.000) 2024-04-26 05:09:41 Job submitted from host: <128.83.120.183:9618?addrs=128.83.120.183-9618&alias=darmok.cs.utexas.edu&noUDP&sock=schedd_1353_9fba>
...
001 (984275.000.000) 2024-04-26 05:09:42 Job executing on host: <128.83.139.141:9618?addrs=128.83.139.141-9618&alias=angrist-14.cs.utexas.edu&noUDP&sock=startd_1625_317d>
...
006 (984275.000.000) 2024-04-26 05:09:50 Image size of job updated: 37060
	13  -  MemoryUsage of job (MB)
	12488  -  ResidentSetSize of job (KB)
...
006 (984275.000.000) 2024-04-26 05:10:02 Image size of job updated: 37184
	13  -  MemoryUsage of job (MB)
	12488  -  ResidentSetSize of job (KB)
...
005 (984275.000.000) 2024-04-26 05:10:02 Job terminated.
	(1) Normal termination (return value 0)
		Usr 0 00:00:19, Sys 0 00:00:00  -  Run Remote Usage
		Usr 0 00:00:00, Sys 0 00:00:00  -  Run Local Usage
		Usr 0 00:00:19, Sys 0 00:00:00  -  Total Remote Usage
		Usr 0 00:00:00, Sys 0 00:00:00  -  Total Local Usage
	0  -  Run Bytes Sent By Job
	0  -  Run Bytes Received By Job
	0  -  Total Bytes Sent By Job
	0  -  Total Bytes Received By Job
	Partitionable Resources :    Usage  Request Allocated 
	   Cpus                 :                 1         1 
	   Disk (KB)            :        1        1  10853596 
	   Memory (MB)          :       13        1      4026 

	Job terminated of its own accord at 2024-04-26T10:10:02Z.
...
000 (990308.000.000) 2024-04-29 13:17:30 Job submitted from host: <128.83.120.183:9618?addrs=128.83.120.183-9618&alias=darmok.cs.utexas.edu&noUDP&sock=schedd_1353_9fba>
...
001 (990308.000.000) 2024-04-29 13:17:45 Job executing on host: <128.83.130.161:9618?addrs=128.83.130.161-9618&alias=oliphaunt-2.cs.utexas.edu&noUDP&sock=startd_1594_ee0d>
...
006 (990308.000.000) 2024-04-29 13:17:54 Image size of job updated: 37060
	13  -  MemoryUsage of job (MB)
	12432  -  ResidentSetSize of job (KB)
...
006 (990308.000.000) 2024-04-29 13:22:55 Image size of job updated: 37312
	13  -  MemoryUsage of job (MB)
	12676  -  ResidentSetSize of job (KB)
...
005 (990308.000.000) 2024-04-29 13:24:39 Job terminated.
	(1) Normal termination (return value 0)
		Usr 0 00:06:54, Sys 0 00:00:00  -  Run Remote Usage
		Usr 0 00:00:00, Sys 0 00:00:00  -  Run Local Usage
		Usr 0 00:06:54, Sys 0 00:00:00  -  Total Remote Usage
		Usr 0 00:00:00, Sys 0 00:00:00  -  Total Local Usage
	0  -  Run Bytes Sent By Job
	0  -  Run Bytes Received By Job
	0  -  Total Bytes Sent By Job
	0  -  Total Bytes Received By Job
	Partitionable Resources :    Usage  Request Allocated 
	   Cpus                 :     1.00        1         1 
	   Disk (KB)            :     1           1  18498544 
	   Memory (MB)          :    13           1     24186 

	Job terminated of its own accord at 2024-04-29T18:24:39Z.
...
