000 (983367.000.000) 2024-04-25 20:13:19 Job submitted from host: <128.83.120.183:9618?addrs=128.83.120.183-9618&alias=darmok.cs.utexas.edu&noUDP&sock=schedd_1353_9fba>
...
001 (983367.000.000) 2024-04-25 20:13:26 Job executing on host: <128.83.144.240:9618?addrs=128.83.144.240-9618&alias=angrist-13.cs.utexas.edu&noUDP&sock=startd_1643_8a31>
...
006 (983367.000.000) 2024-04-25 20:13:34 Image size of job updated: 37060
	13  -  MemoryUsage of job (MB)
	12480  -  ResidentSetSize of job (KB)
...
006 (983367.000.000) 2024-04-25 20:14:00 Image size of job updated: 37192
	13  -  MemoryUsage of job (MB)
	12480  -  ResidentSetSize of job (KB)
...
005 (983367.000.000) 2024-04-25 20:14:00 Job terminated.
	(1) Normal termination (return value 0)
		Usr 0 00:00:33, Sys 0 00:00:00  -  Run Remote Usage
		Usr 0 00:00:00, Sys 0 00:00:00  -  Run Local Usage
		Usr 0 00:00:33, Sys 0 00:00:00  -  Total Remote Usage
		Usr 0 00:00:00, Sys 0 00:00:00  -  Total Local Usage
	0  -  Run Bytes Sent By Job
	0  -  Run Bytes Received By Job
	0  -  Total Bytes Sent By Job
	0  -  Total Bytes Received By Job
	Partitionable Resources :    Usage  Request Allocated 
	   Cpus                 :                 1         1 
	   Disk (KB)            :        1        1  10853596 
	   Memory (MB)          :       13        1      4026 

	Job terminated of its own accord at 2024-04-26T01:14:00Z.
...
000 (984270.000.000) 2024-04-26 05:09:39 Job submitted from host: <128.83.120.183:9618?addrs=128.83.120.183-9618&alias=darmok.cs.utexas.edu&noUDP&sock=schedd_1353_9fba>
...
001 (984270.000.000) 2024-04-26 05:09:41 Job executing on host: <128.83.139.150:9618?addrs=128.83.139.150-9618&alias=angrist-23.cs.utexas.edu&noUDP&sock=startd_1604_c9ff>
...
006 (984270.000.000) 2024-04-26 05:09:49 Image size of job updated: 37064
	13  -  MemoryUsage of job (MB)
	12480  -  ResidentSetSize of job (KB)
...
006 (984270.000.000) 2024-04-26 05:10:14 Image size of job updated: 37196
	13  -  MemoryUsage of job (MB)
	12480  -  ResidentSetSize of job (KB)
...
005 (984270.000.000) 2024-04-26 05:10:15 Job terminated.
	(1) Normal termination (return value 0)
		Usr 0 00:00:33, Sys 0 00:00:00  -  Run Remote Usage
		Usr 0 00:00:00, Sys 0 00:00:00  -  Run Local Usage
		Usr 0 00:00:33, Sys 0 00:00:00  -  Total Remote Usage
		Usr 0 00:00:00, Sys 0 00:00:00  -  Total Local Usage
	0  -  Run Bytes Sent By Job
	0  -  Run Bytes Received By Job
	0  -  Total Bytes Sent By Job
	0  -  Total Bytes Received By Job
	Partitionable Resources :    Usage  Request Allocated 
	   Cpus                 :                 1         1 
	   Disk (KB)            :        1        1  10853594 
	   Memory (MB)          :       13        1      4026 

	Job terminated of its own accord at 2024-04-26T10:10:14Z.
...
000 (990303.000.000) 2024-04-29 13:17:30 Job submitted from host: <128.83.120.183:9618?addrs=128.83.120.183-9618&alias=darmok.cs.utexas.edu&noUDP&sock=schedd_1353_9fba>
...
001 (990303.000.000) 2024-04-29 13:17:43 Job executing on host: <128.83.144.147:9618?addrs=128.83.144.147-9618&alias=oliphaunt-1.cs.utexas.edu&noUDP&sock=startd_1578_f489>
...
006 (990303.000.000) 2024-04-29 13:17:52 Image size of job updated: 37060
	13  -  MemoryUsage of job (MB)
	12432  -  ResidentSetSize of job (KB)
...
006 (990303.000.000) 2024-04-29 13:22:53 Image size of job updated: 37452
	13  -  MemoryUsage of job (MB)
	12784  -  ResidentSetSize of job (KB)
...
006 (990303.000.000) 2024-04-29 13:25:52 Image size of job updated: 37576
	13  -  MemoryUsage of job (MB)
	12784  -  ResidentSetSize of job (KB)
...
005 (990303.000.000) 2024-04-29 13:25:52 Job terminated.
	(1) Normal termination (return value 0)
		Usr 0 00:08:07, Sys 0 00:00:00  -  Run Remote Usage
		Usr 0 00:00:00, Sys 0 00:00:00  -  Run Local Usage
		Usr 0 00:08:07, Sys 0 00:00:00  -  Total Remote Usage
		Usr 0 00:00:00, Sys 0 00:00:00  -  Total Local Usage
	0  -  Run Bytes Sent By Job
	0  -  Run Bytes Received By Job
	0  -  Total Bytes Sent By Job
	0  -  Total Bytes Received By Job
	Partitionable Resources :    Usage  Request Allocated 
	   Cpus                 :     1.00        1         1 
	   Disk (KB)            :     1           1  18498544 
	   Memory (MB)          :    13           1     24186 

	Job terminated of its own accord at 2024-04-29T18:25:52Z.
...
