000 (983396.000.000) 2024-04-25 20:13:23 Job submitted from host: <128.83.120.183:9618?addrs=128.83.120.183-9618&alias=darmok.cs.utexas.edu&noUDP&sock=schedd_1353_9fba>
...
001 (983396.000.000) 2024-04-25 20:13:27 Job executing on host: <128.83.144.211:9618?addrs=128.83.144.211-9618&alias=angrist-12.cs.utexas.edu&noUDP&sock=startd_1592_8edc>
...
006 (983396.000.000) 2024-04-25 20:13:35 Image size of job updated: 37060
	13  -  MemoryUsage of job (MB)
	12444  -  ResidentSetSize of job (KB)
...
006 (983396.000.000) 2024-04-25 20:14:04 Image size of job updated: 37192
	13  -  MemoryUsage of job (MB)
	12444  -  ResidentSetSize of job (KB)
...
005 (983396.000.000) 2024-04-25 20:14:05 Job terminated.
	(1) Normal termination (return value 0)
		Usr 0 00:00:36, Sys 0 00:00:00  -  Run Remote Usage
		Usr 0 00:00:00, Sys 0 00:00:00  -  Run Local Usage
		Usr 0 00:00:36, Sys 0 00:00:00  -  Total Remote Usage
		Usr 0 00:00:00, Sys 0 00:00:00  -  Total Local Usage
	0  -  Run Bytes Sent By Job
	0  -  Run Bytes Received By Job
	0  -  Total Bytes Sent By Job
	0  -  Total Bytes Received By Job
	Partitionable Resources :    Usage  Request Allocated 
	   Cpus                 :                 1         1 
	   Disk (KB)            :        1        1  10853596 
	   Memory (MB)          :       13        1      4026 

	Job terminated of its own accord at 2024-04-26T01:14:04Z.
...
000 (984299.000.000) 2024-04-26 05:09:45 Job submitted from host: <128.83.120.183:9618?addrs=128.83.120.183-9618&alias=darmok.cs.utexas.edu&noUDP&sock=schedd_1353_9fba>
...
001 (984299.000.000) 2024-04-26 05:10:02 Job executing on host: <128.83.144.240:9618?addrs=128.83.144.240-9618&alias=angrist-13.cs.utexas.edu&noUDP&sock=startd_1643_8a31>
...
006 (984299.000.000) 2024-04-26 05:10:11 Image size of job updated: 37064
	13  -  MemoryUsage of job (MB)
	12520  -  ResidentSetSize of job (KB)
...
006 (984299.000.000) 2024-04-26 05:10:32 Image size of job updated: 37196
	13  -  MemoryUsage of job (MB)
	12520  -  ResidentSetSize of job (KB)
...
005 (984299.000.000) 2024-04-26 05:10:32 Job terminated.
	(1) Normal termination (return value 0)
		Usr 0 00:00:29, Sys 0 00:00:00  -  Run Remote Usage
		Usr 0 00:00:00, Sys 0 00:00:00  -  Run Local Usage
		Usr 0 00:00:29, Sys 0 00:00:00  -  Total Remote Usage
		Usr 0 00:00:00, Sys 0 00:00:00  -  Total Local Usage
	0  -  Run Bytes Sent By Job
	0  -  Run Bytes Received By Job
	0  -  Total Bytes Sent By Job
	0  -  Total Bytes Received By Job
	Partitionable Resources :    Usage  Request Allocated 
	   Cpus                 :                 1         1 
	   Disk (KB)            :        1        1  10853596 
	   Memory (MB)          :       13        1      4026 

	Job terminated of its own accord at 2024-04-26T10:10:32Z.
...
000 (990332.000.000) 2024-04-29 13:17:34 Job submitted from host: <128.83.120.183:9618?addrs=128.83.120.183-9618&alias=darmok.cs.utexas.edu&noUDP&sock=schedd_1353_9fba>
...
001 (990332.000.000) 2024-04-29 13:17:44 Job executing on host: <128.83.130.161:9618?addrs=128.83.130.161-9618&alias=oliphaunt-2.cs.utexas.edu&noUDP&sock=startd_1594_ee0d>
...
006 (990332.000.000) 2024-04-29 13:17:52 Image size of job updated: 37064
	13  -  MemoryUsage of job (MB)
	12448  -  ResidentSetSize of job (KB)
...
006 (990332.000.000) 2024-04-29 13:22:52 Image size of job updated: 38728
	14  -  MemoryUsage of job (MB)
	14104  -  ResidentSetSize of job (KB)
...
006 (990332.000.000) 2024-04-29 13:24:30 Image size of job updated: 39236
	14  -  MemoryUsage of job (MB)
	14104  -  ResidentSetSize of job (KB)
...
005 (990332.000.000) 2024-04-29 13:24:31 Job terminated.
	(1) Normal termination (return value 0)
		Usr 0 00:06:46, Sys 0 00:00:00  -  Run Remote Usage
		Usr 0 00:00:00, Sys 0 00:00:00  -  Run Local Usage
		Usr 0 00:06:46, Sys 0 00:00:00  -  Total Remote Usage
		Usr 0 00:00:00, Sys 0 00:00:00  -  Total Local Usage
	0  -  Run Bytes Sent By Job
	0  -  Run Bytes Received By Job
	0  -  Total Bytes Sent By Job
	0  -  Total Bytes Received By Job
	Partitionable Resources :    Usage  Request Allocated 
	   Cpus                 :     1.00        1         1 
	   Disk (KB)            :     1           1  18498544 
	   Memory (MB)          :    14           1     24186 

	Job terminated of its own accord at 2024-04-29T18:24:30Z.
...
