000 (983393.000.000) 2024-04-25 20:13:23 Job submitted from host: <128.83.120.183:9618?addrs=128.83.120.183-9618&alias=darmok.cs.utexas.edu&noUDP&sock=schedd_1353_9fba>
...
001 (983393.000.000) 2024-04-25 20:13:29 Job executing on host: <128.83.139.141:9618?addrs=128.83.139.141-9618&alias=angrist-14.cs.utexas.edu&noUDP&sock=startd_1625_317d>
...
006 (983393.000.000) 2024-04-25 20:13:37 Image size of job updated: 37584
	13  -  MemoryUsage of job (MB)
	13244  -  ResidentSetSize of job (KB)
...
006 (983393.000.000) 2024-04-25 20:15:49 Image size of job updated: 39492
	13  -  MemoryUsage of job (MB)
	13244  -  ResidentSetSize of job (KB)
...
005 (983393.000.000) 2024-04-25 20:15:49 Job terminated.
	(1) Normal termination (return value 0)
		Usr 0 00:02:20, Sys 0 00:00:00  -  Run Remote Usage
		Usr 0 00:00:00, Sys 0 00:00:00  -  Run Local Usage
		Usr 0 00:02:20, Sys 0 00:00:00  -  Total Remote Usage
		Usr 0 00:00:00, Sys 0 00:00:00  -  Total Local Usage
	0  -  Run Bytes Sent By Job
	0  -  Run Bytes Received By Job
	0  -  Total Bytes Sent By Job
	0  -  Total Bytes Received By Job
	Partitionable Resources :    Usage  Request Allocated 
	   Cpus                 :     1.00        1         1 
	   Disk (KB)            :     1           1  10853596 
	   Memory (MB)          :    13           1      4026 

	Job terminated of its own accord at 2024-04-26T01:15:49Z.
...
005 (982598.000.000) 2024-04-25 21:05:02 Job terminated.
	(1) Normal termination (return value 2)
		Usr 0 03:36:38, Sys 0 00:00:00  -  Run Remote Usage
		Usr 0 00:00:00, Sys 0 00:00:00  -  Run Local Usage
		Usr 0 03:36:38, Sys 0 00:00:00  -  Total Remote Usage
		Usr 0 00:00:00, Sys 0 00:00:00  -  Total Local Usage
	0  -  Run Bytes Sent By Job
	0  -  Run Bytes Received By Job
	0  -  Total Bytes Sent By Job
	0  -  Total Bytes Received By Job

	Job terminated of its own accord at 2024-04-26T02:05:02Z.
...
000 (984296.000.000) 2024-04-26 05:09:44 Job submitted from host: <128.83.120.183:9618?addrs=128.83.120.183-9618&alias=darmok.cs.utexas.edu&noUDP&sock=schedd_1353_9fba>
...
001 (984296.000.000) 2024-04-26 05:09:58 Job executing on host: <128.83.144.168:9618?addrs=128.83.144.168-9618&alias=angrist-10.cs.utexas.edu&noUDP&sock=startd_1611_9729>
...
006 (984296.000.000) 2024-04-26 05:10:07 Image size of job updated: 38768
	14  -  MemoryUsage of job (MB)
	14092  -  ResidentSetSize of job (KB)
...
006 (984296.000.000) 2024-04-26 05:11:32 Image size of job updated: 39364
	14  -  MemoryUsage of job (MB)
	14092  -  ResidentSetSize of job (KB)
...
005 (984296.000.000) 2024-04-26 05:11:32 Job terminated.
	(1) Normal termination (return value 0)
		Usr 0 00:01:33, Sys 0 00:00:00  -  Run Remote Usage
		Usr 0 00:00:00, Sys 0 00:00:00  -  Run Local Usage
		Usr 0 00:01:33, Sys 0 00:00:00  -  Total Remote Usage
		Usr 0 00:00:00, Sys 0 00:00:00  -  Total Local Usage
	0  -  Run Bytes Sent By Job
	0  -  Run Bytes Received By Job
	0  -  Total Bytes Sent By Job
	0  -  Total Bytes Received By Job
	Partitionable Resources :    Usage  Request Allocated 
	   Cpus                 :     1.00        1         1 
	   Disk (KB)            :     1           1  10853596 
	   Memory (MB)          :    14           1      4026 

	Job terminated of its own accord at 2024-04-26T10:11:32Z.
...
000 (990329.000.000) 2024-04-29 13:17:34 Job submitted from host: <128.83.120.183:9618?addrs=128.83.120.183-9618&alias=darmok.cs.utexas.edu&noUDP&sock=schedd_1353_9fba>
...
001 (990329.000.000) 2024-04-29 13:17:46 Job executing on host: <128.83.130.161:9618?addrs=128.83.130.161-9618&alias=oliphaunt-2.cs.utexas.edu&noUDP&sock=startd_1594_ee0d>
...
006 (990329.000.000) 2024-04-29 13:17:55 Image size of job updated: 37576
	13  -  MemoryUsage of job (MB)
	13220  -  ResidentSetSize of job (KB)
...
006 (990329.000.000) 2024-04-29 13:22:55 Image size of job updated: 40584
	16  -  MemoryUsage of job (MB)
	15960  -  ResidentSetSize of job (KB)
...
006 (990329.000.000) 2024-04-29 13:27:55 Image size of job updated: 40920
	16  -  MemoryUsage of job (MB)
	16332  -  ResidentSetSize of job (KB)
...
006 (990329.000.000) 2024-04-29 13:32:56 Image size of job updated: 41440
	17  -  MemoryUsage of job (MB)
	16860  -  ResidentSetSize of job (KB)
...
006 (990329.000.000) 2024-04-29 13:36:43 Image size of job updated: 41884
	17  -  MemoryUsage of job (MB)
	16860  -  ResidentSetSize of job (KB)
...
005 (990329.000.000) 2024-04-29 13:36:43 Job terminated.
	(1) Normal termination (return value 0)
		Usr 0 00:18:56, Sys 0 00:00:00  -  Run Remote Usage
		Usr 0 00:00:00, Sys 0 00:00:00  -  Run Local Usage
		Usr 0 00:18:56, Sys 0 00:00:00  -  Total Remote Usage
		Usr 0 00:00:00, Sys 0 00:00:00  -  Total Local Usage
	0  -  Run Bytes Sent By Job
	0  -  Run Bytes Received By Job
	0  -  Total Bytes Sent By Job
	0  -  Total Bytes Received By Job
	Partitionable Resources :    Usage  Request Allocated 
	   Cpus                 :     1.00        1         1 
	   Disk (KB)            :     1           1  18498544 
	   Memory (MB)          :    17           1     24186 

	Job terminated of its own accord at 2024-04-29T18:36:43Z.
...
