000 (983389.000.000) 2024-04-25 20:13:22 Job submitted from host: <128.83.120.183:9618?addrs=128.83.120.183-9618&alias=darmok.cs.utexas.edu&noUDP&sock=schedd_1353_9fba>
...
001 (983389.000.000) 2024-04-25 20:13:25 Job executing on host: <128.83.144.168:9618?addrs=128.83.144.168-9618&alias=angrist-10.cs.utexas.edu&noUDP&sock=startd_1611_9729>
...
006 (983389.000.000) 2024-04-25 20:13:34 Image size of job updated: 37064
	13  -  MemoryUsage of job (MB)
	12404  -  ResidentSetSize of job (KB)
...
006 (983389.000.000) 2024-04-25 20:13:56 Image size of job updated: 37192
	13  -  MemoryUsage of job (MB)
	12404  -  ResidentSetSize of job (KB)
...
005 (983389.000.000) 2024-04-25 20:13:56 Job terminated.
	(1) Normal termination (return value 0)
		Usr 0 00:00:30, Sys 0 00:00:00  -  Run Remote Usage
		Usr 0 00:00:00, Sys 0 00:00:00  -  Run Local Usage
		Usr 0 00:00:30, Sys 0 00:00:00  -  Total Remote Usage
		Usr 0 00:00:00, Sys 0 00:00:00  -  Total Local Usage
	0  -  Run Bytes Sent By Job
	0  -  Run Bytes Received By Job
	0  -  Total Bytes Sent By Job
	0  -  Total Bytes Received By Job
	Partitionable Resources :    Usage  Request Allocated 
	   Cpus                 :                 1         1 
	   Disk (KB)            :        1        1  10853596 
	   Memory (MB)          :       13        1      4026 

	Job terminated of its own accord at 2024-04-26T01:13:56Z.
...
000 (984292.000.000) 2024-04-26 05:09:44 Job submitted from host: <128.83.120.183:9618?addrs=128.83.120.183-9618&alias=darmok.cs.utexas.edu&noUDP&sock=schedd_1353_9fba>
...
001 (984292.000.000) 2024-04-26 05:09:59 Job executing on host: <128.83.139.142:9618?addrs=128.83.139.142-9618&alias=angrist-15.cs.utexas.edu&noUDP&sock=startd_1598_ac6e>
...
006 (984292.000.000) 2024-04-26 05:10:07 Image size of job updated: 37060
	13  -  MemoryUsage of job (MB)
	12464  -  ResidentSetSize of job (KB)
...
005 (984292.000.000) 2024-04-26 05:10:26 Job terminated.
	(1) Normal termination (return value 0)
		Usr 0 00:00:26, Sys 0 00:00:00  -  Run Remote Usage
		Usr 0 00:00:00, Sys 0 00:00:00  -  Run Local Usage
		Usr 0 00:00:26, Sys 0 00:00:00  -  Total Remote Usage
		Usr 0 00:00:00, Sys 0 00:00:00  -  Total Local Usage
	0  -  Run Bytes Sent By Job
	0  -  Run Bytes Received By Job
	0  -  Total Bytes Sent By Job
	0  -  Total Bytes Received By Job
	Partitionable Resources :    Usage  Request Allocated 
	   Cpus                 :                 1         1 
	   Disk (KB)            :        1        1  10853596 
	   Memory (MB)          :       13        1      4026 

	Job terminated of its own accord at 2024-04-26T10:10:25Z.
...
000 (990325.000.000) 2024-04-29 13:17:33 Job submitted from host: <128.83.120.183:9618?addrs=128.83.120.183-9618&alias=darmok.cs.utexas.edu&noUDP&sock=schedd_1353_9fba>
...
001 (990325.000.000) 2024-04-29 13:17:46 Job executing on host: <128.83.130.161:9618?addrs=128.83.130.161-9618&alias=oliphaunt-2.cs.utexas.edu&noUDP&sock=startd_1594_ee0d>
...
006 (990325.000.000) 2024-04-29 13:17:54 Image size of job updated: 37060
	13  -  MemoryUsage of job (MB)
	12396  -  ResidentSetSize of job (KB)
...
006 (990325.000.000) 2024-04-29 13:22:54 Image size of job updated: 37444
	13  -  MemoryUsage of job (MB)
	12848  -  ResidentSetSize of job (KB)
...
006 (990325.000.000) 2024-04-29 13:26:01 Image size of job updated: 37572
	13  -  MemoryUsage of job (MB)
	12848  -  ResidentSetSize of job (KB)
...
005 (990325.000.000) 2024-04-29 13:26:01 Job terminated.
	(1) Normal termination (return value 0)
		Usr 0 00:08:14, Sys 0 00:00:00  -  Run Remote Usage
		Usr 0 00:00:00, Sys 0 00:00:00  -  Run Local Usage
		Usr 0 00:08:14, Sys 0 00:00:00  -  Total Remote Usage
		Usr 0 00:00:00, Sys 0 00:00:00  -  Total Local Usage
	0  -  Run Bytes Sent By Job
	0  -  Run Bytes Received By Job
	0  -  Total Bytes Sent By Job
	0  -  Total Bytes Received By Job
	Partitionable Resources :    Usage  Request Allocated 
	   Cpus                 :     1.00        1         1 
	   Disk (KB)            :     1           1  18498544 
	   Memory (MB)          :    13           1     24186 

	Job terminated of its own accord at 2024-04-29T18:26:00Z.
...
