000 (983408.000.000) 2024-04-25 20:13:28 Job submitted from host: <128.83.120.183:9618?addrs=128.83.120.183-9618&alias=darmok.cs.utexas.edu&noUDP&sock=schedd_1353_9fba>
...
001 (983408.000.000) 2024-04-25 20:13:39 Job executing on host: <128.83.130.161:9618?addrs=128.83.130.161-9618&alias=oliphaunt-2.cs.utexas.edu&noUDP&sock=startd_1594_ee0d>
...
006 (983408.000.000) 2024-04-25 20:13:47 Image size of job updated: 37060
	13  -  MemoryUsage of job (MB)
	12436  -  ResidentSetSize of job (KB)
...
006 (983408.000.000) 2024-04-25 20:14:02 Image size of job updated: 37188
	13  -  MemoryUsage of job (MB)
	12436  -  ResidentSetSize of job (KB)
...
005 (983408.000.000) 2024-04-25 20:14:04 Job terminated.
	(1) Normal termination (return value 0)
		Usr 0 00:00:23, Sys 0 00:00:00  -  Run Remote Usage
		Usr 0 00:00:00, Sys 0 00:00:00  -  Run Local Usage
		Usr 0 00:00:23, Sys 0 00:00:00  -  Total Remote Usage
		Usr 0 00:00:00, Sys 0 00:00:00  -  Total Local Usage
	0  -  Run Bytes Sent By Job
	0  -  Run Bytes Received By Job
	0  -  Total Bytes Sent By Job
	0  -  Total Bytes Received By Job
	Partitionable Resources :    Usage  Request Allocated 
	   Cpus                 :                 1         1 
	   Disk (KB)            :        1        1  18498544 
	   Memory (MB)          :       13        1     24186 

	Job terminated of its own accord at 2024-04-26T01:14:03Z.
...
000 (984311.000.000) 2024-04-26 05:09:46 Job submitted from host: <128.83.120.183:9618?addrs=128.83.120.183-9618&alias=darmok.cs.utexas.edu&noUDP&sock=schedd_1353_9fba>
...
001 (984311.000.000) 2024-04-26 05:10:00 Job executing on host: <128.83.144.211:9618?addrs=128.83.144.211-9618&alias=angrist-12.cs.utexas.edu&noUDP&sock=startd_1592_8edc>
...
006 (984311.000.000) 2024-04-26 05:10:08 Image size of job updated: 37060
	13  -  MemoryUsage of job (MB)
	12480  -  ResidentSetSize of job (KB)
...
005 (984311.000.000) 2024-04-26 05:10:16 Job terminated.
	(1) Normal termination (return value 0)
		Usr 0 00:00:15, Sys 0 00:00:00  -  Run Remote Usage
		Usr 0 00:00:00, Sys 0 00:00:00  -  Run Local Usage
		Usr 0 00:00:15, Sys 0 00:00:00  -  Total Remote Usage
		Usr 0 00:00:00, Sys 0 00:00:00  -  Total Local Usage
	0  -  Run Bytes Sent By Job
	0  -  Run Bytes Received By Job
	0  -  Total Bytes Sent By Job
	0  -  Total Bytes Received By Job
	Partitionable Resources :    Usage  Request Allocated 
	   Cpus                 :                 1         1 
	   Disk (KB)            :        1        1  10853596 
	   Memory (MB)          :       13        1      4026 

	Job terminated of its own accord at 2024-04-26T10:10:16Z.
...
000 (990344.000.000) 2024-04-29 13:17:36 Job submitted from host: <128.83.120.183:9618?addrs=128.83.120.183-9618&alias=darmok.cs.utexas.edu&noUDP&sock=schedd_1353_9fba>
...
001 (990344.000.000) 2024-04-29 13:17:46 Job executing on host: <128.83.144.147:9618?addrs=128.83.144.147-9618&alias=oliphaunt-1.cs.utexas.edu&noUDP&sock=startd_1578_f489>
...
006 (990344.000.000) 2024-04-29 13:17:55 Image size of job updated: 37060
	13  -  MemoryUsage of job (MB)
	12436  -  ResidentSetSize of job (KB)
...
006 (990344.000.000) 2024-04-29 13:22:23 Image size of job updated: 37192
	13  -  MemoryUsage of job (MB)
	12436  -  ResidentSetSize of job (KB)
...
005 (990344.000.000) 2024-04-29 13:22:23 Job terminated.
	(1) Normal termination (return value 0)
		Usr 0 00:04:36, Sys 0 00:00:00  -  Run Remote Usage
		Usr 0 00:00:00, Sys 0 00:00:00  -  Run Local Usage
		Usr 0 00:04:36, Sys 0 00:00:00  -  Total Remote Usage
		Usr 0 00:00:00, Sys 0 00:00:00  -  Total Local Usage
	0  -  Run Bytes Sent By Job
	0  -  Run Bytes Received By Job
	0  -  Total Bytes Sent By Job
	0  -  Total Bytes Received By Job
	Partitionable Resources :    Usage  Request Allocated 
	   Cpus                 :     1.00        1         1 
	   Disk (KB)            :     1           1  18498544 
	   Memory (MB)          :    13           1     24186 

	Job terminated of its own accord at 2024-04-29T18:22:23Z.
...
