000 (984660.000.000) 2024-04-26 11:01:12 Job submitted from host: <128.83.120.183:9618?addrs=128.83.120.183-9618&alias=darmok.cs.utexas.edu&noUDP&sock=schedd_1353_9fba>
...
001 (984660.000.000) 2024-04-26 11:01:32 Job executing on host: <128.83.139.142:9618?addrs=128.83.139.142-9618&alias=angrist-15.cs.utexas.edu&noUDP&sock=startd_1598_ac6e>
...
006 (984660.000.000) 2024-04-26 11:01:41 Image size of job updated: 136588
	109  -  MemoryUsage of job (MB)
	111436  -  ResidentSetSize of job (KB)
...
006 (984660.000.000) 2024-04-26 11:06:42 Image size of job updated: 139880
	113  -  MemoryUsage of job (MB)
	114812  -  ResidentSetSize of job (KB)
...
005 (984660.000.000) 2024-04-26 11:07:52 Job terminated.
	(1) Normal termination (return value 0)
		Usr 0 00:06:19, Sys 0 00:00:00  -  Run Remote Usage
		Usr 0 00:00:00, Sys 0 00:00:00  -  Run Local Usage
		Usr 0 00:06:19, Sys 0 00:00:00  -  Total Remote Usage
		Usr 0 00:00:00, Sys 0 00:00:00  -  Total Local Usage
	0  -  Run Bytes Sent By Job
	0  -  Run Bytes Received By Job
	0  -  Total Bytes Sent By Job
	0  -  Total Bytes Received By Job
	Partitionable Resources :    Usage  Request Allocated 
	   Cpus                 :     1.00        1         1 
	   Disk (KB)            :     1           1  10853596 
	   Memory (MB)          :   113           1      4026 

	Job terminated of its own accord at 2024-04-26T16:07:52Z.
...
000 (984713.000.000) 2024-04-26 11:13:51 Job submitted from host: <128.83.120.183:9618?addrs=128.83.120.183-9618&alias=darmok.cs.utexas.edu&noUDP&sock=schedd_1353_9fba>
...
001 (984713.000.000) 2024-04-26 11:13:57 Job executing on host: <128.83.139.146:9618?addrs=128.83.139.146-9618&alias=angrist-19.cs.utexas.edu&noUDP&sock=startd_1594_ee0d>
...
006 (984713.000.000) 2024-04-26 11:14:06 Image size of job updated: 136464
	112  -  MemoryUsage of job (MB)
	114544  -  ResidentSetSize of job (KB)
...
006 (984713.000.000) 2024-04-26 11:19:07 Image size of job updated: 139884
	113  -  MemoryUsage of job (MB)
	114788  -  ResidentSetSize of job (KB)
...
005 (984713.000.000) 2024-04-26 11:21:42 Job terminated.
	(1) Normal termination (return value 0)
		Usr 0 00:07:44, Sys 0 00:00:00  -  Run Remote Usage
		Usr 0 00:00:00, Sys 0 00:00:00  -  Run Local Usage
		Usr 0 00:07:44, Sys 0 00:00:00  -  Total Remote Usage
		Usr 0 00:00:00, Sys 0 00:00:00  -  Total Local Usage
	0  -  Run Bytes Sent By Job
	0  -  Run Bytes Received By Job
	0  -  Total Bytes Sent By Job
	0  -  Total Bytes Received By Job
	Partitionable Resources :    Usage  Request Allocated 
	   Cpus                 :     1.00        1         1 
	   Disk (KB)            :     1           1  10853596 
	   Memory (MB)          :   113           1      4026 

	Job terminated of its own accord at 2024-04-26T16:21:41Z.
...
