000 (984685.000.000) 2024-04-26 11:01:15 Job submitted from host: <128.83.120.183:9618?addrs=128.83.120.183-9618&alias=darmok.cs.utexas.edu&noUDP&sock=schedd_1353_9fba>
...
001 (984685.000.000) 2024-04-26 11:01:34 Job executing on host: <128.83.139.142:9618?addrs=128.83.139.142-9618&alias=angrist-15.cs.utexas.edu&noUDP&sock=startd_1598_ac6e>
...
006 (984685.000.000) 2024-04-26 11:01:43 Image size of job updated: 152960
	126  -  MemoryUsage of job (MB)
	128168  -  ResidentSetSize of job (KB)
...
006 (984685.000.000) 2024-04-26 11:06:44 Image size of job updated: 222132
	193  -  MemoryUsage of job (MB)
	197056  -  ResidentSetSize of job (KB)
...
006 (984685.000.000) 2024-04-26 11:09:06 Image size of job updated: 222332
	193  -  MemoryUsage of job (MB)
	197056  -  ResidentSetSize of job (KB)
...
005 (984685.000.000) 2024-04-26 11:09:06 Job terminated.
	(1) Normal termination (return value 0)
		Usr 0 00:07:31, Sys 0 00:00:00  -  Run Remote Usage
		Usr 0 00:00:00, Sys 0 00:00:00  -  Run Local Usage
		Usr 0 00:07:31, Sys 0 00:00:00  -  Total Remote Usage
		Usr 0 00:00:00, Sys 0 00:00:00  -  Total Local Usage
	0  -  Run Bytes Sent By Job
	0  -  Run Bytes Received By Job
	0  -  Total Bytes Sent By Job
	0  -  Total Bytes Received By Job
	Partitionable Resources :    Usage  Request Allocated 
	   Cpus                 :     1.00        1         1 
	   Disk (KB)            :     1           1  10853596 
	   Memory (MB)          :   193           1      4026 

	Job terminated of its own accord at 2024-04-26T16:09:06Z.
...
000 (984738.000.000) 2024-04-26 11:13:55 Job submitted from host: <128.83.120.183:9618?addrs=128.83.120.183-9618&alias=darmok.cs.utexas.edu&noUDP&sock=schedd_1353_9fba>
...
001 (984738.000.000) 2024-04-26 11:14:00 Job executing on host: <128.83.139.142:9618?addrs=128.83.139.142-9618&alias=angrist-15.cs.utexas.edu&noUDP&sock=startd_1598_ac6e>
...
006 (984738.000.000) 2024-04-26 11:14:09 Image size of job updated: 128172
	126  -  MemoryUsage of job (MB)
	128172  -  ResidentSetSize of job (KB)
...
006 (984738.000.000) 2024-04-26 11:19:10 Image size of job updated: 222132
	193  -  MemoryUsage of job (MB)
	197036  -  ResidentSetSize of job (KB)
...
006 (984738.000.000) 2024-04-26 11:21:52 Image size of job updated: 222332
	193  -  MemoryUsage of job (MB)
	197036  -  ResidentSetSize of job (KB)
...
005 (984738.000.000) 2024-04-26 11:21:52 Job terminated.
	(1) Normal termination (return value 0)
		Usr 0 00:07:51, Sys 0 00:00:00  -  Run Remote Usage
		Usr 0 00:00:00, Sys 0 00:00:00  -  Run Local Usage
		Usr 0 00:07:51, Sys 0 00:00:00  -  Total Remote Usage
		Usr 0 00:00:00, Sys 0 00:00:00  -  Total Local Usage
	0  -  Run Bytes Sent By Job
	0  -  Run Bytes Received By Job
	0  -  Total Bytes Sent By Job
	0  -  Total Bytes Received By Job
	Partitionable Resources :    Usage  Request Allocated 
	   Cpus                 :     1.00        1         1 
	   Disk (KB)            :     1           1  10853596 
	   Memory (MB)          :   193           1      4026 

	Job terminated of its own accord at 2024-04-26T16:21:52Z.
...
