000 (984684.000.000) 2024-04-26 11:01:15 Job submitted from host: <128.83.120.183:9618?addrs=128.83.120.183-9618&alias=darmok.cs.utexas.edu&noUDP&sock=schedd_1353_9fba>
...
001 (984684.000.000) 2024-04-26 11:01:34 Job executing on host: <128.83.139.150:9618?addrs=128.83.139.150-9618&alias=angrist-23.cs.utexas.edu&noUDP&sock=startd_1604_c9ff>
...
006 (984684.000.000) 2024-04-26 11:01:43 Image size of job updated: 127616
	101  -  MemoryUsage of job (MB)
	102532  -  ResidentSetSize of job (KB)
...
006 (984684.000.000) 2024-04-26 11:06:37 Image size of job updated: 128276
	101  -  MemoryUsage of job (MB)
	102532  -  ResidentSetSize of job (KB)
...
005 (984684.000.000) 2024-04-26 11:06:38 Job terminated.
	(1) Normal termination (return value 0)
		Usr 0 00:05:02, Sys 0 00:00:00  -  Run Remote Usage
		Usr 0 00:00:00, Sys 0 00:00:00  -  Run Local Usage
		Usr 0 00:05:02, Sys 0 00:00:00  -  Total Remote Usage
		Usr 0 00:00:00, Sys 0 00:00:00  -  Total Local Usage
	0  -  Run Bytes Sent By Job
	0  -  Run Bytes Received By Job
	0  -  Total Bytes Sent By Job
	0  -  Total Bytes Received By Job
	Partitionable Resources :    Usage  Request Allocated 
	   Cpus                 :     1.00        1         1 
	   Disk (KB)            :     1           1  10853594 
	   Memory (MB)          :   101           1      4026 

	Job terminated of its own accord at 2024-04-26T16:06:37Z.
...
000 (984737.000.000) 2024-04-26 11:13:54 Job submitted from host: <128.83.120.183:9618?addrs=128.83.120.183-9618&alias=darmok.cs.utexas.edu&noUDP&sock=schedd_1353_9fba>
...
001 (984737.000.000) 2024-04-26 11:13:59 Job executing on host: <128.83.144.240:9618?addrs=128.83.144.240-9618&alias=angrist-13.cs.utexas.edu&noUDP&sock=startd_1643_8a31>
...
006 (984737.000.000) 2024-04-26 11:14:07 Image size of job updated: 127620
	101  -  MemoryUsage of job (MB)
	102528  -  ResidentSetSize of job (KB)
...
006 (984737.000.000) 2024-04-26 11:19:03 Image size of job updated: 128280
	101  -  MemoryUsage of job (MB)
	102528  -  ResidentSetSize of job (KB)
...
005 (984737.000.000) 2024-04-26 11:19:03 Job terminated.
	(1) Normal termination (return value 0)
		Usr 0 00:05:03, Sys 0 00:00:00  -  Run Remote Usage
		Usr 0 00:00:00, Sys 0 00:00:00  -  Run Local Usage
		Usr 0 00:05:03, Sys 0 00:00:00  -  Total Remote Usage
		Usr 0 00:00:00, Sys 0 00:00:00  -  Total Local Usage
	0  -  Run Bytes Sent By Job
	0  -  Run Bytes Received By Job
	0  -  Total Bytes Sent By Job
	0  -  Total Bytes Received By Job
	Partitionable Resources :    Usage  Request Allocated 
	   Cpus                 :     1.00        1         1 
	   Disk (KB)            :     1           1  10853596 
	   Memory (MB)          :   101           1      4026 

	Job terminated of its own accord at 2024-04-26T16:19:03Z.
...
