000 (984658.000.000) 2024-04-26 11:01:12 Job submitted from host: <128.83.120.183:9618?addrs=128.83.120.183-9618&alias=darmok.cs.utexas.edu&noUDP&sock=schedd_1353_9fba>
...
001 (984658.000.000) 2024-04-26 11:01:33 Job executing on host: <128.83.139.150:9618?addrs=128.83.139.150-9618&alias=angrist-23.cs.utexas.edu&noUDP&sock=startd_1604_c9ff>
...
006 (984658.000.000) 2024-04-26 11:01:42 Image size of job updated: 127748
	101  -  MemoryUsage of job (MB)
	102688  -  ResidentSetSize of job (KB)
...
006 (984658.000.000) 2024-04-26 11:06:43 Image size of job updated: 128136
	101  -  MemoryUsage of job (MB)
	103012  -  ResidentSetSize of job (KB)
...
005 (984658.000.000) 2024-04-26 11:09:45 Job terminated.
	(1) Normal termination (return value 0)
		Usr 0 00:08:11, Sys 0 00:00:00  -  Run Remote Usage
		Usr 0 00:00:00, Sys 0 00:00:00  -  Run Local Usage
		Usr 0 00:08:11, Sys 0 00:00:00  -  Total Remote Usage
		Usr 0 00:00:00, Sys 0 00:00:00  -  Total Local Usage
	0  -  Run Bytes Sent By Job
	0  -  Run Bytes Received By Job
	0  -  Total Bytes Sent By Job
	0  -  Total Bytes Received By Job
	Partitionable Resources :    Usage  Request Allocated 
	   Cpus                 :     1.00        1         1 
	   Disk (KB)            :     1           1  10853594 
	   Memory (MB)          :   101           1      4026 

	Job terminated of its own accord at 2024-04-26T16:09:45Z.
...
000 (984711.000.000) 2024-04-26 11:13:51 Job submitted from host: <128.83.120.183:9618?addrs=128.83.120.183-9618&alias=darmok.cs.utexas.edu&noUDP&sock=schedd_1353_9fba>
...
001 (984711.000.000) 2024-04-26 11:13:58 Job executing on host: <128.83.139.142:9618?addrs=128.83.139.142-9618&alias=angrist-15.cs.utexas.edu&noUDP&sock=startd_1598_ac6e>
...
006 (984711.000.000) 2024-04-26 11:14:06 Image size of job updated: 127748
	101  -  MemoryUsage of job (MB)
	102684  -  ResidentSetSize of job (KB)
...
006 (984711.000.000) 2024-04-26 11:19:06 Image size of job updated: 128136
	101  -  MemoryUsage of job (MB)
	103004  -  ResidentSetSize of job (KB)
...
005 (984711.000.000) 2024-04-26 11:22:33 Job terminated.
	(1) Normal termination (return value 0)
		Usr 0 00:08:34, Sys 0 00:00:00  -  Run Remote Usage
		Usr 0 00:00:00, Sys 0 00:00:00  -  Run Local Usage
		Usr 0 00:08:34, Sys 0 00:00:00  -  Total Remote Usage
		Usr 0 00:00:00, Sys 0 00:00:00  -  Total Local Usage
	0  -  Run Bytes Sent By Job
	0  -  Run Bytes Received By Job
	0  -  Total Bytes Sent By Job
	0  -  Total Bytes Received By Job
	Partitionable Resources :    Usage  Request Allocated 
	   Cpus                 :     1.00        1         1 
	   Disk (KB)            :     1           1  10853596 
	   Memory (MB)          :   101           1      4026 

	Job terminated of its own accord at 2024-04-26T16:22:33Z.
...
