000 (984686.000.000) 2024-04-26 11:01:16 Job submitted from host: <128.83.120.183:9618?addrs=128.83.120.183-9618&alias=darmok.cs.utexas.edu&noUDP&sock=schedd_1353_9fba>
...
001 (984686.000.000) 2024-04-26 11:01:34 Job executing on host: <128.83.139.147:9618?addrs=128.83.139.147-9618&alias=angrist-20.cs.utexas.edu&noUDP&sock=startd_1592_8edc>
...
006 (984686.000.000) 2024-04-26 11:01:43 Image size of job updated: 129240
	127  -  MemoryUsage of job (MB)
	129240  -  ResidentSetSize of job (KB)
...
006 (984686.000.000) 2024-04-26 11:06:44 Image size of job updated: 164460
	137  -  MemoryUsage of job (MB)
	139352  -  ResidentSetSize of job (KB)
...
006 (984686.000.000) 2024-04-26 11:09:39 Image size of job updated: 165104
	137  -  MemoryUsage of job (MB)
	139352  -  ResidentSetSize of job (KB)
...
005 (984686.000.000) 2024-04-26 11:09:40 Job terminated.
	(1) Normal termination (return value 0)
		Usr 0 00:08:04, Sys 0 00:00:00  -  Run Remote Usage
		Usr 0 00:00:00, Sys 0 00:00:00  -  Run Local Usage
		Usr 0 00:08:04, Sys 0 00:00:00  -  Total Remote Usage
		Usr 0 00:00:00, Sys 0 00:00:00  -  Total Local Usage
	0  -  Run Bytes Sent By Job
	0  -  Run Bytes Received By Job
	0  -  Total Bytes Sent By Job
	0  -  Total Bytes Received By Job
	Partitionable Resources :    Usage  Request Allocated 
	   Cpus                 :     1.00        1         1 
	   Disk (KB)            :     1           1  10853596 
	   Memory (MB)          :   137           1      4026 

	Job terminated of its own accord at 2024-04-26T16:09:39Z.
...
000 (984739.000.000) 2024-04-26 11:13:55 Job submitted from host: <128.83.120.183:9618?addrs=128.83.120.183-9618&alias=darmok.cs.utexas.edu&noUDP&sock=schedd_1353_9fba>
...
001 (984739.000.000) 2024-04-26 11:14:16 Job executing on host: <128.83.139.145:9618?addrs=128.83.139.145-9618&alias=angrist-18.cs.utexas.edu&noUDP&sock=startd_1595_9da5>
...
006 (984739.000.000) 2024-04-26 11:14:25 Image size of job updated: 154404
	127  -  MemoryUsage of job (MB)
	129340  -  ResidentSetSize of job (KB)
...
006 (984739.000.000) 2024-04-26 11:19:26 Image size of job updated: 165104
	137  -  MemoryUsage of job (MB)
	140020  -  ResidentSetSize of job (KB)
...
005 (984739.000.000) 2024-04-26 11:21:57 Job terminated.
	(1) Normal termination (return value 0)
		Usr 0 00:07:40, Sys 0 00:00:00  -  Run Remote Usage
		Usr 0 00:00:00, Sys 0 00:00:00  -  Run Local Usage
		Usr 0 00:07:40, Sys 0 00:00:00  -  Total Remote Usage
		Usr 0 00:00:00, Sys 0 00:00:00  -  Total Local Usage
	0  -  Run Bytes Sent By Job
	0  -  Run Bytes Received By Job
	0  -  Total Bytes Sent By Job
	0  -  Total Bytes Received By Job
	Partitionable Resources :    Usage  Request Allocated 
	   Cpus                 :     1.00        1         1 
	   Disk (KB)            :     1           1  10853596 
	   Memory (MB)          :   137           1      4026 

	Job terminated of its own accord at 2024-04-26T16:21:57Z.
...
