000 (984641.000.000) 2024-04-26 11:01:09 Job submitted from host: <128.83.120.183:9618?addrs=128.83.120.183-9618&alias=darmok.cs.utexas.edu&noUDP&sock=schedd_1353_9fba>
...
001 (984641.000.000) 2024-04-26 11:01:10 Job executing on host: <128.83.139.143:9618?addrs=128.83.139.143-9618&alias=angrist-16.cs.utexas.edu&noUDP&sock=startd_1598_ac6e>
...
006 (984641.000.000) 2024-04-26 11:01:19 Image size of job updated: 102428
	99  -  MemoryUsage of job (MB)
	100976  -  ResidentSetSize of job (KB)
...
006 (984641.000.000) 2024-04-26 11:06:20 Image size of job updated: 126684
	100  -  MemoryUsage of job (MB)
	101624  -  ResidentSetSize of job (KB)
...
006 (984641.000.000) 2024-04-26 11:08:27 Image size of job updated: 126808
	100  -  MemoryUsage of job (MB)
	101624  -  ResidentSetSize of job (KB)
...
005 (984641.000.000) 2024-04-26 11:08:27 Job terminated.
	(1) Normal termination (return value 0)
		Usr 0 00:07:16, Sys 0 00:00:00  -  Run Remote Usage
		Usr 0 00:00:00, Sys 0 00:00:00  -  Run Local Usage
		Usr 0 00:07:16, Sys 0 00:00:00  -  Total Remote Usage
		Usr 0 00:00:00, Sys 0 00:00:00  -  Total Local Usage
	0  -  Run Bytes Sent By Job
	0  -  Run Bytes Received By Job
	0  -  Total Bytes Sent By Job
	0  -  Total Bytes Received By Job
	Partitionable Resources :    Usage  Request Allocated 
	   Cpus                 :     1.00        1         1 
	   Disk (KB)            :     1           1  10853596 
	   Memory (MB)          :   100           1      4026 

	Job terminated of its own accord at 2024-04-26T16:08:27Z.
...
000 (984694.000.000) 2024-04-26 11:13:49 Job submitted from host: <128.83.120.183:9618?addrs=128.83.120.183-9618&alias=darmok.cs.utexas.edu&noUDP&sock=schedd_1353_9fba>
...
001 (984694.000.000) 2024-04-26 11:13:55 Job executing on host: <128.83.139.143:9618?addrs=128.83.139.143-9618&alias=angrist-16.cs.utexas.edu&noUDP&sock=startd_1598_ac6e>
...
006 (984694.000.000) 2024-04-26 11:14:04 Image size of job updated: 126032
	99  -  MemoryUsage of job (MB)
	100976  -  ResidentSetSize of job (KB)
...
006 (984694.000.000) 2024-04-26 11:19:04 Image size of job updated: 126680
	100  -  MemoryUsage of job (MB)
	101624  -  ResidentSetSize of job (KB)
...
006 (984694.000.000) 2024-04-26 11:21:07 Image size of job updated: 126804
	100  -  MemoryUsage of job (MB)
	101624  -  ResidentSetSize of job (KB)
...
005 (984694.000.000) 2024-04-26 11:21:08 Job terminated.
	(1) Normal termination (return value 0)
		Usr 0 00:07:11, Sys 0 00:00:00  -  Run Remote Usage
		Usr 0 00:00:00, Sys 0 00:00:00  -  Run Local Usage
		Usr 0 00:07:11, Sys 0 00:00:00  -  Total Remote Usage
		Usr 0 00:00:00, Sys 0 00:00:00  -  Total Local Usage
	0  -  Run Bytes Sent By Job
	0  -  Run Bytes Received By Job
	0  -  Total Bytes Sent By Job
	0  -  Total Bytes Received By Job
	Partitionable Resources :    Usage  Request Allocated 
	   Cpus                 :     1.00        1         1 
	   Disk (KB)            :     1           1  10853596 
	   Memory (MB)          :   100           1      4026 

	Job terminated of its own accord at 2024-04-26T16:21:07Z.
...
