000 (984689.000.000) 2024-04-26 11:01:16 Job submitted from host: <128.83.120.183:9618?addrs=128.83.120.183-9618&alias=darmok.cs.utexas.edu&noUDP&sock=schedd_1353_9fba>
...
001 (984689.000.000) 2024-04-26 11:01:34 Job executing on host: <128.83.139.143:9618?addrs=128.83.139.143-9618&alias=angrist-16.cs.utexas.edu&noUDP&sock=startd_1598_ac6e>
...
006 (984689.000.000) 2024-04-26 11:01:43 Image size of job updated: 134088
	111  -  MemoryUsage of job (MB)
	113492  -  ResidentSetSize of job (KB)
...
006 (984689.000.000) 2024-04-26 11:06:04 Image size of job updated: 139364
	111  -  MemoryUsage of job (MB)
	113492  -  ResidentSetSize of job (KB)
...
005 (984689.000.000) 2024-04-26 11:06:04 Job terminated.
	(1) Normal termination (return value 0)
		Usr 0 00:04:29, Sys 0 00:00:00  -  Run Remote Usage
		Usr 0 00:00:00, Sys 0 00:00:00  -  Run Local Usage
		Usr 0 00:04:29, Sys 0 00:00:00  -  Total Remote Usage
		Usr 0 00:00:00, Sys 0 00:00:00  -  Total Local Usage
	0  -  Run Bytes Sent By Job
	0  -  Run Bytes Received By Job
	0  -  Total Bytes Sent By Job
	0  -  Total Bytes Received By Job
	Partitionable Resources :    Usage  Request Allocated 
	   Cpus                 :     1.00        1         1 
	   Disk (KB)            :     1           1  10853596 
	   Memory (MB)          :   111           1      4026 

	Job terminated of its own accord at 2024-04-26T16:06:04Z.
...
000 (984742.000.000) 2024-04-26 11:13:56 Job submitted from host: <128.83.120.183:9618?addrs=128.83.120.183-9618&alias=darmok.cs.utexas.edu&noUDP&sock=schedd_1353_9fba>
...
001 (984742.000.000) 2024-04-26 11:14:17 Job executing on host: <128.83.144.211:9618?addrs=128.83.144.211-9618&alias=angrist-12.cs.utexas.edu&noUDP&sock=startd_1592_8edc>
...
006 (984742.000.000) 2024-04-26 11:14:25 Image size of job updated: 108952
	107  -  MemoryUsage of job (MB)
	108952  -  ResidentSetSize of job (KB)
...
006 (984742.000.000) 2024-04-26 11:18:49 Image size of job updated: 139356
	107  -  MemoryUsage of job (MB)
	108952  -  ResidentSetSize of job (KB)
...
005 (984742.000.000) 2024-04-26 11:18:49 Job terminated.
	(1) Normal termination (return value 0)
		Usr 0 00:04:31, Sys 0 00:00:00  -  Run Remote Usage
		Usr 0 00:00:00, Sys 0 00:00:00  -  Run Local Usage
		Usr 0 00:04:31, Sys 0 00:00:00  -  Total Remote Usage
		Usr 0 00:00:00, Sys 0 00:00:00  -  Total Local Usage
	0  -  Run Bytes Sent By Job
	0  -  Run Bytes Received By Job
	0  -  Total Bytes Sent By Job
	0  -  Total Bytes Received By Job
	Partitionable Resources :    Usage  Request Allocated 
	   Cpus                 :     1.00        1         1 
	   Disk (KB)            :     1           1  10853596 
	   Memory (MB)          :   107           1      4026 

	Job terminated of its own accord at 2024-04-26T16:18:49Z.
...
