000 (984662.000.000) 2024-04-26 11:01:12 Job submitted from host: <128.83.120.183:9618?addrs=128.83.120.183-9618&alias=darmok.cs.utexas.edu&noUDP&sock=schedd_1353_9fba>
...
001 (984662.000.000) 2024-04-26 11:01:33 Job executing on host: <128.83.139.146:9618?addrs=128.83.139.146-9618&alias=angrist-19.cs.utexas.edu&noUDP&sock=startd_1594_ee0d>
...
006 (984662.000.000) 2024-04-26 11:01:41 Image size of job updated: 116864
	113  -  MemoryUsage of job (MB)
	115464  -  ResidentSetSize of job (KB)
...
006 (984662.000.000) 2024-04-26 11:06:41 Image size of job updated: 155844
	128  -  MemoryUsage of job (MB)
	130692  -  ResidentSetSize of job (KB)
...
006 (984662.000.000) 2024-04-26 11:09:28 Image size of job updated: 155972
	128  -  MemoryUsage of job (MB)
	130692  -  ResidentSetSize of job (KB)
...
005 (984662.000.000) 2024-04-26 11:09:28 Job terminated.
	(1) Normal termination (return value 0)
		Usr 0 00:07:55, Sys 0 00:00:00  -  Run Remote Usage
		Usr 0 00:00:00, Sys 0 00:00:00  -  Run Local Usage
		Usr 0 00:07:55, Sys 0 00:00:00  -  Total Remote Usage
		Usr 0 00:00:00, Sys 0 00:00:00  -  Total Local Usage
	0  -  Run Bytes Sent By Job
	0  -  Run Bytes Received By Job
	0  -  Total Bytes Sent By Job
	0  -  Total Bytes Received By Job
	Partitionable Resources :    Usage  Request Allocated 
	   Cpus                 :     1.00        1         1 
	   Disk (KB)            :     1           1  10853596 
	   Memory (MB)          :   128           1      4026 

	Job terminated of its own accord at 2024-04-26T16:09:28Z.
...
000 (984715.000.000) 2024-04-26 11:13:52 Job submitted from host: <128.83.120.183:9618?addrs=128.83.120.183-9618&alias=darmok.cs.utexas.edu&noUDP&sock=schedd_1353_9fba>
...
001 (984715.000.000) 2024-04-26 11:13:57 Job executing on host: <128.83.144.211:9618?addrs=128.83.144.211-9618&alias=angrist-12.cs.utexas.edu&noUDP&sock=startd_1592_8edc>
...
006 (984715.000.000) 2024-04-26 11:14:06 Image size of job updated: 140552
	113  -  MemoryUsage of job (MB)
	115468  -  ResidentSetSize of job (KB)
...
006 (984715.000.000) 2024-04-26 11:19:07 Image size of job updated: 155844
	128  -  MemoryUsage of job (MB)
	130700  -  ResidentSetSize of job (KB)
...
006 (984715.000.000) 2024-04-26 11:21:47 Image size of job updated: 155972
	128  -  MemoryUsage of job (MB)
	130700  -  ResidentSetSize of job (KB)
...
005 (984715.000.000) 2024-04-26 11:21:47 Job terminated.
	(1) Normal termination (return value 0)
		Usr 0 00:07:49, Sys 0 00:00:00  -  Run Remote Usage
		Usr 0 00:00:00, Sys 0 00:00:00  -  Run Local Usage
		Usr 0 00:07:49, Sys 0 00:00:00  -  Total Remote Usage
		Usr 0 00:00:00, Sys 0 00:00:00  -  Total Local Usage
	0  -  Run Bytes Sent By Job
	0  -  Run Bytes Received By Job
	0  -  Total Bytes Sent By Job
	0  -  Total Bytes Received By Job
	Partitionable Resources :    Usage  Request Allocated 
	   Cpus                 :     1.00        1         1 
	   Disk (KB)            :     1           1  10853596 
	   Memory (MB)          :   128           1      4026 

	Job terminated of its own accord at 2024-04-26T16:21:47Z.
...
