000 (984679.000.000) 2024-04-26 11:01:15 Job submitted from host: <128.83.120.183:9618?addrs=128.83.120.183-9618&alias=darmok.cs.utexas.edu&noUDP&sock=schedd_1353_9fba>
...
001 (984679.000.000) 2024-04-26 11:01:34 Job executing on host: <128.83.144.211:9618?addrs=128.83.144.211-9618&alias=angrist-12.cs.utexas.edu&noUDP&sock=startd_1592_8edc>
...
006 (984679.000.000) 2024-04-26 11:01:42 Image size of job updated: 125240
	98  -  MemoryUsage of job (MB)
	100192  -  ResidentSetSize of job (KB)
...
006 (984679.000.000) 2024-04-26 11:06:42 Image size of job updated: 148964
	122  -  MemoryUsage of job (MB)
	123912  -  ResidentSetSize of job (KB)
...
005 (984679.000.000) 2024-04-26 11:07:02 Job terminated.
	(1) Normal termination (return value 0)
		Usr 0 00:05:28, Sys 0 00:00:00  -  Run Remote Usage
		Usr 0 00:00:00, Sys 0 00:00:00  -  Run Local Usage
		Usr 0 00:05:28, Sys 0 00:00:00  -  Total Remote Usage
		Usr 0 00:00:00, Sys 0 00:00:00  -  Total Local Usage
	0  -  Run Bytes Sent By Job
	0  -  Run Bytes Received By Job
	0  -  Total Bytes Sent By Job
	0  -  Total Bytes Received By Job
	Partitionable Resources :    Usage  Request Allocated 
	   Cpus                 :     1.00        1         1 
	   Disk (KB)            :     1           1  10853596 
	   Memory (MB)          :   122           1      4026 

	Job terminated of its own accord at 2024-04-26T16:07:02Z.
...
000 (984732.000.000) 2024-04-26 11:13:54 Job submitted from host: <128.83.120.183:9618?addrs=128.83.120.183-9618&alias=darmok.cs.utexas.edu&noUDP&sock=schedd_1353_9fba>
...
001 (984732.000.000) 2024-04-26 11:13:59 Job executing on host: <128.83.139.147:9618?addrs=128.83.139.147-9618&alias=angrist-20.cs.utexas.edu&noUDP&sock=startd_1592_8edc>
...
006 (984732.000.000) 2024-04-26 11:14:07 Image size of job updated: 100192
	98  -  MemoryUsage of job (MB)
	100192  -  ResidentSetSize of job (KB)
...
006 (984732.000.000) 2024-04-26 11:19:07 Image size of job updated: 148964
	122  -  MemoryUsage of job (MB)
	123912  -  ResidentSetSize of job (KB)
...
005 (984732.000.000) 2024-04-26 11:19:41 Job terminated.
	(1) Normal termination (return value 0)
		Usr 0 00:05:42, Sys 0 00:00:00  -  Run Remote Usage
		Usr 0 00:00:00, Sys 0 00:00:00  -  Run Local Usage
		Usr 0 00:05:42, Sys 0 00:00:00  -  Total Remote Usage
		Usr 0 00:00:00, Sys 0 00:00:00  -  Total Local Usage
	0  -  Run Bytes Sent By Job
	0  -  Run Bytes Received By Job
	0  -  Total Bytes Sent By Job
	0  -  Total Bytes Received By Job
	Partitionable Resources :    Usage  Request Allocated 
	   Cpus                 :     1.00        1         1 
	   Disk (KB)            :     1           1  10853596 
	   Memory (MB)          :   122           1      4026 

	Job terminated of its own accord at 2024-04-26T16:19:41Z.
...
