000 (984690.000.000) 2024-04-26 11:01:16 Job submitted from host: <128.83.120.183:9618?addrs=128.83.120.183-9618&alias=darmok.cs.utexas.edu&noUDP&sock=schedd_1353_9fba>
...
001 (984690.000.000) 2024-04-26 11:01:35 Job executing on host: <128.83.139.150:9618?addrs=128.83.139.150-9618&alias=angrist-23.cs.utexas.edu&noUDP&sock=startd_1604_c9ff>
...
006 (984690.000.000) 2024-04-26 11:01:44 Image size of job updated: 132628
	106  -  MemoryUsage of job (MB)
	107528  -  ResidentSetSize of job (KB)
...
006 (984690.000.000) 2024-04-26 11:06:02 Image size of job updated: 143708
	106  -  MemoryUsage of job (MB)
	107528  -  ResidentSetSize of job (KB)
...
005 (984690.000.000) 2024-04-26 11:06:03 Job terminated.
	(1) Normal termination (return value 0)
		Usr 0 00:04:26, Sys 0 00:00:00  -  Run Remote Usage
		Usr 0 00:00:00, Sys 0 00:00:00  -  Run Local Usage
		Usr 0 00:04:26, Sys 0 00:00:00  -  Total Remote Usage
		Usr 0 00:00:00, Sys 0 00:00:00  -  Total Local Usage
	0  -  Run Bytes Sent By Job
	0  -  Run Bytes Received By Job
	0  -  Total Bytes Sent By Job
	0  -  Total Bytes Received By Job
	Partitionable Resources :    Usage  Request Allocated 
	   Cpus                 :     1.00        1         1 
	   Disk (KB)            :     1           1  10853594 
	   Memory (MB)          :   106           1      4026 

	Job terminated of its own accord at 2024-04-26T16:06:02Z.
...
000 (984743.000.000) 2024-04-26 11:13:57 Job submitted from host: <128.83.120.183:9618?addrs=128.83.120.183-9618&alias=darmok.cs.utexas.edu&noUDP&sock=schedd_1353_9fba>
...
001 (984743.000.000) 2024-04-26 11:14:17 Job executing on host: <128.83.144.240:9618?addrs=128.83.144.240-9618&alias=angrist-13.cs.utexas.edu&noUDP&sock=startd_1643_8a31>
...
006 (984743.000.000) 2024-04-26 11:14:25 Image size of job updated: 132232
	106  -  MemoryUsage of job (MB)
	107528  -  ResidentSetSize of job (KB)
...
006 (984743.000.000) 2024-04-26 11:18:43 Image size of job updated: 143708
	106  -  MemoryUsage of job (MB)
	107528  -  ResidentSetSize of job (KB)
...
005 (984743.000.000) 2024-04-26 11:18:43 Job terminated.
	(1) Normal termination (return value 0)
		Usr 0 00:04:26, Sys 0 00:00:00  -  Run Remote Usage
		Usr 0 00:00:00, Sys 0 00:00:00  -  Run Local Usage
		Usr 0 00:04:26, Sys 0 00:00:00  -  Total Remote Usage
		Usr 0 00:00:00, Sys 0 00:00:00  -  Total Local Usage
	0  -  Run Bytes Sent By Job
	0  -  Run Bytes Received By Job
	0  -  Total Bytes Sent By Job
	0  -  Total Bytes Received By Job
	Partitionable Resources :    Usage  Request Allocated 
	   Cpus                 :     1.00        1         1 
	   Disk (KB)            :     1           1  10853596 
	   Memory (MB)          :   106           1      4026 

	Job terminated of its own accord at 2024-04-26T16:18:43Z.
...
