000 (984652.000.000) 2024-04-26 11:01:11 Job submitted from host: <128.83.120.183:9618?addrs=128.83.120.183-9618&alias=darmok.cs.utexas.edu&noUDP&sock=schedd_1353_9fba>
...
001 (984652.000.000) 2024-04-26 11:01:32 Job executing on host: <128.83.139.150:9618?addrs=128.83.139.150-9618&alias=angrist-23.cs.utexas.edu&noUDP&sock=startd_1604_c9ff>
...
006 (984652.000.000) 2024-04-26 11:01:40 Image size of job updated: 126956
	100  -  MemoryUsage of job (MB)
	101808  -  ResidentSetSize of job (KB)
...
006 (984652.000.000) 2024-04-26 11:06:40 Image size of job updated: 128264
	101  -  MemoryUsage of job (MB)
	103148  -  ResidentSetSize of job (KB)
...
006 (984652.000.000) 2024-04-26 11:10:03 Image size of job updated: 133272
	101  -  MemoryUsage of job (MB)
	103148  -  ResidentSetSize of job (KB)
...
005 (984652.000.000) 2024-04-26 11:10:03 Job terminated.
	(1) Normal termination (return value 0)
		Usr 0 00:08:30, Sys 0 00:00:00  -  Run Remote Usage
		Usr 0 00:00:00, Sys 0 00:00:00  -  Run Local Usage
		Usr 0 00:08:30, Sys 0 00:00:00  -  Total Remote Usage
		Usr 0 00:00:00, Sys 0 00:00:00  -  Total Local Usage
	0  -  Run Bytes Sent By Job
	0  -  Run Bytes Received By Job
	0  -  Total Bytes Sent By Job
	0  -  Total Bytes Received By Job
	Partitionable Resources :    Usage  Request Allocated 
	   Cpus                 :     1.00        1         1 
	   Disk (KB)            :     1           1  10853594 
	   Memory (MB)          :   101           1      4026 

	Job terminated of its own accord at 2024-04-26T16:10:03Z.
...
000 (984705.000.000) 2024-04-26 11:13:50 Job submitted from host: <128.83.120.183:9618?addrs=128.83.120.183-9618&alias=darmok.cs.utexas.edu&noUDP&sock=schedd_1353_9fba>
...
001 (984705.000.000) 2024-04-26 11:13:56 Job executing on host: <128.83.139.147:9618?addrs=128.83.139.147-9618&alias=angrist-20.cs.utexas.edu&noUDP&sock=startd_1592_8edc>
...
006 (984705.000.000) 2024-04-26 11:14:05 Image size of job updated: 126956
	100  -  MemoryUsage of job (MB)
	101828  -  ResidentSetSize of job (KB)
...
006 (984705.000.000) 2024-04-26 11:19:06 Image size of job updated: 128264
	101  -  MemoryUsage of job (MB)
	103156  -  ResidentSetSize of job (KB)
...
006 (984705.000.000) 2024-04-26 11:22:35 Image size of job updated: 133272
	101  -  MemoryUsage of job (MB)
	103156  -  ResidentSetSize of job (KB)
...
005 (984705.000.000) 2024-04-26 11:22:35 Job terminated.
	(1) Normal termination (return value 0)
		Usr 0 00:08:38, Sys 0 00:00:00  -  Run Remote Usage
		Usr 0 00:00:00, Sys 0 00:00:00  -  Run Local Usage
		Usr 0 00:08:38, Sys 0 00:00:00  -  Total Remote Usage
		Usr 0 00:00:00, Sys 0 00:00:00  -  Total Local Usage
	0  -  Run Bytes Sent By Job
	0  -  Run Bytes Received By Job
	0  -  Total Bytes Sent By Job
	0  -  Total Bytes Received By Job
	Partitionable Resources :    Usage  Request Allocated 
	   Cpus                 :     1.00        1         1 
	   Disk (KB)            :     1           1  10853596 
	   Memory (MB)          :   101           1      4026 

	Job terminated of its own accord at 2024-04-26T16:22:35Z.
...
