000 (984688.000.000) 2024-04-26 11:01:16 Job submitted from host: <128.83.120.183:9618?addrs=128.83.120.183-9618&alias=darmok.cs.utexas.edu&noUDP&sock=schedd_1353_9fba>
...
001 (984688.000.000) 2024-04-26 11:01:35 Job executing on host: <128.83.139.142:9618?addrs=128.83.139.142-9618&alias=angrist-15.cs.utexas.edu&noUDP&sock=startd_1598_ac6e>
...
006 (984688.000.000) 2024-04-26 11:01:43 Image size of job updated: 132232
	105  -  MemoryUsage of job (MB)
	107160  -  ResidentSetSize of job (KB)
...
006 (984688.000.000) 2024-04-26 11:06:24 Image size of job updated: 138692
	105  -  MemoryUsage of job (MB)
	107160  -  ResidentSetSize of job (KB)
...
005 (984688.000.000) 2024-04-26 11:06:24 Job terminated.
	(1) Normal termination (return value 0)
		Usr 0 00:04:49, Sys 0 00:00:00  -  Run Remote Usage
		Usr 0 00:00:00, Sys 0 00:00:00  -  Run Local Usage
		Usr 0 00:04:49, Sys 0 00:00:00  -  Total Remote Usage
		Usr 0 00:00:00, Sys 0 00:00:00  -  Total Local Usage
	0  -  Run Bytes Sent By Job
	0  -  Run Bytes Received By Job
	0  -  Total Bytes Sent By Job
	0  -  Total Bytes Received By Job
	Partitionable Resources :    Usage  Request Allocated 
	   Cpus                 :     1.00        1         1 
	   Disk (KB)            :     1           1  10853596 
	   Memory (MB)          :   105           1      4026 

	Job terminated of its own accord at 2024-04-26T16:06:24Z.
...
000 (984741.000.000) 2024-04-26 11:13:56 Job submitted from host: <128.83.120.183:9618?addrs=128.83.120.183-9618&alias=darmok.cs.utexas.edu&noUDP&sock=schedd_1353_9fba>
...
001 (984741.000.000) 2024-04-26 11:14:16 Job executing on host: <128.83.139.142:9618?addrs=128.83.139.142-9618&alias=angrist-15.cs.utexas.edu&noUDP&sock=startd_1598_ac6e>
...
006 (984741.000.000) 2024-04-26 11:14:25 Image size of job updated: 107160
	105  -  MemoryUsage of job (MB)
	107160  -  ResidentSetSize of job (KB)
...
006 (984741.000.000) 2024-04-26 11:19:11 Image size of job updated: 138696
	105  -  MemoryUsage of job (MB)
	107160  -  ResidentSetSize of job (KB)
...
005 (984741.000.000) 2024-04-26 11:19:11 Job terminated.
	(1) Normal termination (return value 0)
		Usr 0 00:04:54, Sys 0 00:00:00  -  Run Remote Usage
		Usr 0 00:00:00, Sys 0 00:00:00  -  Run Local Usage
		Usr 0 00:04:54, Sys 0 00:00:00  -  Total Remote Usage
		Usr 0 00:00:00, Sys 0 00:00:00  -  Total Local Usage
	0  -  Run Bytes Sent By Job
	0  -  Run Bytes Received By Job
	0  -  Total Bytes Sent By Job
	0  -  Total Bytes Received By Job
	Partitionable Resources :    Usage  Request Allocated 
	   Cpus                 :     1.00        1         1 
	   Disk (KB)            :     1           1  10853596 
	   Memory (MB)          :   105           1      4026 

	Job terminated of its own accord at 2024-04-26T16:19:11Z.
...
