000 (982866.000.000) 2024-04-25 20:09:01 Job submitted from host: <128.83.120.183:9618?addrs=128.83.120.183-9618&alias=darmok.cs.utexas.edu&noUDP&sock=schedd_1353_9fba>
...
001 (982866.000.000) 2024-04-25 20:09:15 Job executing on host: <128.83.130.161:9618?addrs=128.83.130.161-9618&alias=oliphaunt-2.cs.utexas.edu&noUDP&sock=startd_1594_ee0d>
...
006 (982866.000.000) 2024-04-25 20:09:24 Image size of job updated: 36296
	12  -  MemoryUsage of job (MB)
	11772  -  ResidentSetSize of job (KB)
...
006 (982866.000.000) 2024-04-25 20:09:47 Image size of job updated: 36428
	12  -  MemoryUsage of job (MB)
	11772  -  ResidentSetSize of job (KB)
...
005 (982866.000.000) 2024-04-25 20:09:47 Job terminated.
	(1) Normal termination (return value 0)
		Usr 0 00:00:32, Sys 0 00:00:00  -  Run Remote Usage
		Usr 0 00:00:00, Sys 0 00:00:00  -  Run Local Usage
		Usr 0 00:00:32, Sys 0 00:00:00  -  Total Remote Usage
		Usr 0 00:00:00, Sys 0 00:00:00  -  Total Local Usage
	0  -  Run Bytes Sent By Job
	0  -  Run Bytes Received By Job
	0  -  Total Bytes Sent By Job
	0  -  Total Bytes Received By Job
	Partitionable Resources :    Usage  Request Allocated 
	   Cpus                 :                 1         1 
	   Disk (KB)            :        1        1  18498544 
	   Memory (MB)          :       12        1     24186 

	Job terminated of its own accord at 2024-04-26T01:09:47Z.
...
000 (983451.000.000) 2024-04-25 22:30:06 Job submitted from host: <128.83.120.183:9618?addrs=128.83.120.183-9618&alias=darmok.cs.utexas.edu&noUDP&sock=schedd_1353_9fba>
...
001 (983451.000.000) 2024-04-25 22:30:29 Job executing on host: <128.83.144.147:9618?addrs=128.83.144.147-9618&alias=oliphaunt-1.cs.utexas.edu&noUDP&sock=startd_1578_f489>
...
006 (983451.000.000) 2024-04-25 22:30:37 Image size of job updated: 36300
	12  -  MemoryUsage of job (MB)
	11704  -  ResidentSetSize of job (KB)
...
006 (983451.000.000) 2024-04-25 22:35:37 Image size of job updated: 38352
	14  -  MemoryUsage of job (MB)
	13708  -  ResidentSetSize of job (KB)
...
006 (983451.000.000) 2024-04-25 22:36:17 Image size of job updated: 38480
	14  -  MemoryUsage of job (MB)
	13708  -  ResidentSetSize of job (KB)
...
005 (983451.000.000) 2024-04-25 22:36:17 Job terminated.
	(1) Normal termination (return value 0)
		Usr 0 00:05:47, Sys 0 00:00:00  -  Run Remote Usage
		Usr 0 00:00:00, Sys 0 00:00:00  -  Run Local Usage
		Usr 0 00:05:47, Sys 0 00:00:00  -  Total Remote Usage
		Usr 0 00:00:00, Sys 0 00:00:00  -  Total Local Usage
	0  -  Run Bytes Sent By Job
	0  -  Run Bytes Received By Job
	0  -  Total Bytes Sent By Job
	0  -  Total Bytes Received By Job
	Partitionable Resources :    Usage  Request Allocated 
	   Cpus                 :     1.00        1         1 
	   Disk (KB)            :     1           1  18498544 
	   Memory (MB)          :    14         150     24186 

	Job terminated of its own accord at 2024-04-26T03:36:17Z.
...
000 (983504.000.000) 2024-04-26 03:02:55 Job submitted from host: <128.83.120.183:9618?addrs=128.83.120.183-9618&alias=darmok.cs.utexas.edu&noUDP&sock=schedd_1353_9fba>
...
001 (983504.000.000) 2024-04-26 03:03:22 Job executing on host: <128.83.130.161:9618?addrs=128.83.130.161-9618&alias=oliphaunt-2.cs.utexas.edu&noUDP&sock=startd_1594_ee0d>
...
006 (983504.000.000) 2024-04-26 03:03:31 Image size of job updated: 36300
	12  -  MemoryUsage of job (MB)
	11704  -  ResidentSetSize of job (KB)
...
006 (983504.000.000) 2024-04-26 03:08:31 Image size of job updated: 41164
	17  -  MemoryUsage of job (MB)
	16616  -  ResidentSetSize of job (KB)
...
006 (983504.000.000) 2024-04-26 03:13:31 Image size of job updated: 42700
	18  -  MemoryUsage of job (MB)
	18072  -  ResidentSetSize of job (KB)
...
006 (983504.000.000) 2024-04-26 03:18:32 Image size of job updated: 42820
	18  -  MemoryUsage of job (MB)
	18180  -  ResidentSetSize of job (KB)
...
006 (983504.000.000) 2024-04-26 03:23:33 Image size of job updated: 42820
	18  -  MemoryUsage of job (MB)
	18200  -  ResidentSetSize of job (KB)
...
006 (983504.000.000) 2024-04-26 03:28:33 Image size of job updated: 42820
	18  -  MemoryUsage of job (MB)
	18224  -  ResidentSetSize of job (KB)
...
006 (983504.000.000) 2024-04-26 03:33:34 Image size of job updated: 42944
	18  -  MemoryUsage of job (MB)
	18264  -  ResidentSetSize of job (KB)
...
006 (983504.000.000) 2024-04-26 03:38:35 Image size of job updated: 42944
	18  -  MemoryUsage of job (MB)
	18308  -  ResidentSetSize of job (KB)
...
006 (983504.000.000) 2024-04-26 03:58:37 Image size of job updated: 42944
	18  -  MemoryUsage of job (MB)
	18320  -  ResidentSetSize of job (KB)
...
005 (983504.000.000) 2024-04-26 04:07:05 Job terminated.
	(1) Normal termination (return value 0)
		Usr 0 01:03:42, Sys 0 00:00:00  -  Run Remote Usage
		Usr 0 00:00:00, Sys 0 00:00:00  -  Run Local Usage
		Usr 0 01:03:42, Sys 0 00:00:00  -  Total Remote Usage
		Usr 0 00:00:00, Sys 0 00:00:00  -  Total Local Usage
	0  -  Run Bytes Sent By Job
	0  -  Run Bytes Received By Job
	0  -  Total Bytes Sent By Job
	0  -  Total Bytes Received By Job
	Partitionable Resources :    Usage  Request Allocated 
	   Cpus                 :     1.00        1         1 
	   Disk (KB)            :     1           1  18498544 
	   Memory (MB)          :    18          19     24186 

	Job terminated of its own accord at 2024-04-26T09:07:05Z.
...
000 (983875.000.000) 2024-04-26 05:06:17 Job submitted from host: <128.83.120.183:9618?addrs=128.83.120.183-9618&alias=darmok.cs.utexas.edu&noUDP&sock=schedd_1353_9fba>
...
001 (983875.000.000) 2024-04-26 05:06:37 Job executing on host: <128.83.144.240:9618?addrs=128.83.144.240-9618&alias=angrist-13.cs.utexas.edu&noUDP&sock=startd_1643_8a31>
...
006 (983875.000.000) 2024-04-26 05:06:46 Image size of job updated: 36432
	12  -  MemoryUsage of job (MB)
	11772  -  ResidentSetSize of job (KB)
...
005 (983875.000.000) 2024-04-26 05:07:03 Job terminated.
	(1) Normal termination (return value 0)
		Usr 0 00:00:24, Sys 0 00:00:00  -  Run Remote Usage
		Usr 0 00:00:00, Sys 0 00:00:00  -  Run Local Usage
		Usr 0 00:00:24, Sys 0 00:00:00  -  Total Remote Usage
		Usr 0 00:00:00, Sys 0 00:00:00  -  Total Local Usage
	0  -  Run Bytes Sent By Job
	0  -  Run Bytes Received By Job
	0  -  Total Bytes Sent By Job
	0  -  Total Bytes Received By Job
	Partitionable Resources :    Usage  Request Allocated 
	   Cpus                 :                 1         1 
	   Disk (KB)            :        1        1  10853596 
	   Memory (MB)          :       12        1      4026 

	Job terminated of its own accord at 2024-04-26T10:07:02Z.
...
