000 (982844.000.000) 2024-04-25 20:08:57 Job submitted from host: <128.83.120.183:9618?addrs=128.83.120.183-9618&alias=darmok.cs.utexas.edu&noUDP&sock=schedd_1353_9fba>
...
001 (982844.000.000) 2024-04-25 20:09:11 Job executing on host: <128.83.144.147:9618?addrs=128.83.144.147-9618&alias=oliphaunt-1.cs.utexas.edu&noUDP&sock=startd_1578_f489>
...
006 (982844.000.000) 2024-04-25 20:09:20 Image size of job updated: 36428
	12  -  MemoryUsage of job (MB)
	11740  -  ResidentSetSize of job (KB)
...
005 (982844.000.000) 2024-04-25 20:09:35 Job terminated.
	(1) Normal termination (return value 0)
		Usr 0 00:00:24, Sys 0 00:00:00  -  Run Remote Usage
		Usr 0 00:00:00, Sys 0 00:00:00  -  Run Local Usage
		Usr 0 00:00:24, Sys 0 00:00:00  -  Total Remote Usage
		Usr 0 00:00:00, Sys 0 00:00:00  -  Total Local Usage
	0  -  Run Bytes Sent By Job
	0  -  Run Bytes Received By Job
	0  -  Total Bytes Sent By Job
	0  -  Total Bytes Received By Job
	Partitionable Resources :    Usage  Request Allocated 
	   Cpus                 :                 1         1 
	   Disk (KB)            :        1        1  18498544 
	   Memory (MB)          :       12        1     24186 

	Job terminated of its own accord at 2024-04-26T01:09:35Z.
...
000 (983429.000.000) 2024-04-25 22:30:03 Job submitted from host: <128.83.120.183:9618?addrs=128.83.120.183-9618&alias=darmok.cs.utexas.edu&noUDP&sock=schedd_1353_9fba>
...
001 (983429.000.000) 2024-04-25 22:30:07 Job executing on host: <128.83.144.147:9618?addrs=128.83.144.147-9618&alias=oliphaunt-1.cs.utexas.edu&noUDP&sock=startd_1578_f489>
...
006 (983429.000.000) 2024-04-25 22:30:16 Image size of job updated: 36300
	12  -  MemoryUsage of job (MB)
	11684  -  ResidentSetSize of job (KB)
...
006 (983429.000.000) 2024-04-25 22:35:17 Image size of job updated: 36556
	12  -  MemoryUsage of job (MB)
	11960  -  ResidentSetSize of job (KB)
...
005 (983429.000.000) 2024-04-25 22:35:57 Job terminated.
	(1) Normal termination (return value 0)
		Usr 0 00:05:48, Sys 0 00:00:00  -  Run Remote Usage
		Usr 0 00:00:00, Sys 0 00:00:00  -  Run Local Usage
		Usr 0 00:05:48, Sys 0 00:00:00  -  Total Remote Usage
		Usr 0 00:00:00, Sys 0 00:00:00  -  Total Local Usage
	0  -  Run Bytes Sent By Job
	0  -  Run Bytes Received By Job
	0  -  Total Bytes Sent By Job
	0  -  Total Bytes Received By Job
	Partitionable Resources :    Usage  Request Allocated 
	   Cpus                 :     1.00        1         1 
	   Disk (KB)            :     1           1  18498544 
	   Memory (MB)          :    12          31     24186 

	Job terminated of its own accord at 2024-04-26T03:35:56Z.
...
000 (983482.000.000) 2024-04-26 03:02:52 Job submitted from host: <128.83.120.183:9618?addrs=128.83.120.183-9618&alias=darmok.cs.utexas.edu&noUDP&sock=schedd_1353_9fba>
...
001 (983482.000.000) 2024-04-26 03:02:56 Job executing on host: <128.83.144.147:9618?addrs=128.83.144.147-9618&alias=oliphaunt-1.cs.utexas.edu&noUDP&sock=startd_1578_f489>
...
006 (983482.000.000) 2024-04-26 03:03:04 Image size of job updated: 36296
	12  -  MemoryUsage of job (MB)
	11680  -  ResidentSetSize of job (KB)
...
006 (983482.000.000) 2024-04-26 03:08:04 Image size of job updated: 36684
	12  -  MemoryUsage of job (MB)
	12060  -  ResidentSetSize of job (KB)
...
006 (983482.000.000) 2024-04-26 03:13:05 Image size of job updated: 37080
	13  -  MemoryUsage of job (MB)
	12428  -  ResidentSetSize of job (KB)
...
006 (983482.000.000) 2024-04-26 03:18:06 Image size of job updated: 37344
	13  -  MemoryUsage of job (MB)
	12752  -  ResidentSetSize of job (KB)
...
006 (983482.000.000) 2024-04-26 03:23:06 Image size of job updated: 37472
	13  -  MemoryUsage of job (MB)
	12884  -  ResidentSetSize of job (KB)
...
006 (983482.000.000) 2024-04-26 03:28:06 Image size of job updated: 37596
	13  -  MemoryUsage of job (MB)
	13008  -  ResidentSetSize of job (KB)
...
006 (983482.000.000) 2024-04-26 03:33:07 Image size of job updated: 37720
	13  -  MemoryUsage of job (MB)
	13124  -  ResidentSetSize of job (KB)
...
006 (983482.000.000) 2024-04-26 03:38:07 Image size of job updated: 37844
	13  -  MemoryUsage of job (MB)
	13256  -  ResidentSetSize of job (KB)
...
006 (983482.000.000) 2024-04-26 03:43:07 Image size of job updated: 37972
	14  -  MemoryUsage of job (MB)
	13388  -  ResidentSetSize of job (KB)
...
006 (983482.000.000) 2024-04-26 03:48:08 Image size of job updated: 38096
	14  -  MemoryUsage of job (MB)
	13524  -  ResidentSetSize of job (KB)
...
006 (983482.000.000) 2024-04-26 03:53:09 Image size of job updated: 38224
	14  -  MemoryUsage of job (MB)
	13656  -  ResidentSetSize of job (KB)
...
006 (983482.000.000) 2024-04-26 03:57:45 Image size of job updated: 38352
	14  -  MemoryUsage of job (MB)
	13656  -  ResidentSetSize of job (KB)
...
005 (983482.000.000) 2024-04-26 03:57:45 Job terminated.
	(1) Normal termination (return value 0)
		Usr 0 00:54:48, Sys 0 00:00:00  -  Run Remote Usage
		Usr 0 00:00:00, Sys 0 00:00:00  -  Run Local Usage
		Usr 0 00:54:48, Sys 0 00:00:00  -  Total Remote Usage
		Usr 0 00:00:00, Sys 0 00:00:00  -  Total Local Usage
	0  -  Run Bytes Sent By Job
	0  -  Run Bytes Received By Job
	0  -  Total Bytes Sent By Job
	0  -  Total Bytes Received By Job
	Partitionable Resources :    Usage  Request Allocated 
	   Cpus                 :     1.00        1         1 
	   Disk (KB)            :     1           1  18498544 
	   Memory (MB)          :    14           1     24186 

	Job terminated of its own accord at 2024-04-26T08:57:45Z.
...
000 (983853.000.000) 2024-04-26 05:06:14 Job submitted from host: <128.83.120.183:9618?addrs=128.83.120.183-9618&alias=darmok.cs.utexas.edu&noUDP&sock=schedd_1353_9fba>
...
001 (983853.000.000) 2024-04-26 05:06:15 Job executing on host: <128.83.144.211:9618?addrs=128.83.144.211-9618&alias=angrist-12.cs.utexas.edu&noUDP&sock=startd_1592_8edc>
...
006 (983853.000.000) 2024-04-26 05:06:23 Image size of job updated: 36300
	12  -  MemoryUsage of job (MB)
	11748  -  ResidentSetSize of job (KB)
...
005 (983853.000.000) 2024-04-26 05:06:30 Job terminated.
	(1) Normal termination (return value 0)
		Usr 0 00:00:14, Sys 0 00:00:00  -  Run Remote Usage
		Usr 0 00:00:00, Sys 0 00:00:00  -  Run Local Usage
		Usr 0 00:00:14, Sys 0 00:00:00  -  Total Remote Usage
		Usr 0 00:00:00, Sys 0 00:00:00  -  Total Local Usage
	0  -  Run Bytes Sent By Job
	0  -  Run Bytes Received By Job
	0  -  Total Bytes Sent By Job
	0  -  Total Bytes Received By Job
	Partitionable Resources :    Usage  Request Allocated 
	   Cpus                 :                 1         1 
	   Disk (KB)            :        1        1  10853596 
	   Memory (MB)          :       12        1      4026 

	Job terminated of its own accord at 2024-04-26T10:06:29Z.
...
