000 (982882.000.000) 2024-04-25 20:09:03 Job submitted from host: <128.83.120.183:9618?addrs=128.83.120.183-9618&alias=darmok.cs.utexas.edu&noUDP&sock=schedd_1353_9fba>
...
001 (982882.000.000) 2024-04-25 20:09:15 Job executing on host: <128.83.130.161:9618?addrs=128.83.130.161-9618&alias=oliphaunt-2.cs.utexas.edu&noUDP&sock=startd_1594_ee0d>
...
006 (982882.000.000) 2024-04-25 20:09:24 Image size of job updated: 36428
	12  -  MemoryUsage of job (MB)
	11832  -  ResidentSetSize of job (KB)
...
005 (982882.000.000) 2024-04-25 20:09:39 Job terminated.
	(1) Normal termination (return value 0)
		Usr 0 00:00:20, Sys 0 00:00:00  -  Run Remote Usage
		Usr 0 00:00:00, Sys 0 00:00:00  -  Run Local Usage
		Usr 0 00:00:20, Sys 0 00:00:00  -  Total Remote Usage
		Usr 0 00:00:00, Sys 0 00:00:00  -  Total Local Usage
	0  -  Run Bytes Sent By Job
	0  -  Run Bytes Received By Job
	0  -  Total Bytes Sent By Job
	0  -  Total Bytes Received By Job
	Partitionable Resources :    Usage  Request Allocated 
	   Cpus                 :                 1         1 
	   Disk (KB)            :        1        1  18498544 
	   Memory (MB)          :       12        1     24186 

	Job terminated of its own accord at 2024-04-26T01:09:37Z.
...
000 (983467.000.000) 2024-04-25 22:30:10 Job submitted from host: <128.83.120.183:9618?addrs=128.83.120.183-9618&alias=darmok.cs.utexas.edu&noUDP&sock=schedd_1353_9fba>
...
001 (983467.000.000) 2024-04-25 22:30:30 Job executing on host: <128.83.144.147:9618?addrs=128.83.144.147-9618&alias=oliphaunt-1.cs.utexas.edu&noUDP&sock=startd_1578_f489>
...
006 (983467.000.000) 2024-04-25 22:30:38 Image size of job updated: 36428
	12  -  MemoryUsage of job (MB)
	11768  -  ResidentSetSize of job (KB)
...
006 (983467.000.000) 2024-04-25 22:33:38 Image size of job updated: 36560
	12  -  MemoryUsage of job (MB)
	11768  -  ResidentSetSize of job (KB)
...
005 (983467.000.000) 2024-04-25 22:33:38 Job terminated.
	(1) Normal termination (return value 0)
		Usr 0 00:03:08, Sys 0 00:00:00  -  Run Remote Usage
		Usr 0 00:00:00, Sys 0 00:00:00  -  Run Local Usage
		Usr 0 00:03:08, Sys 0 00:00:00  -  Total Remote Usage
		Usr 0 00:00:00, Sys 0 00:00:00  -  Total Local Usage
	0  -  Run Bytes Sent By Job
	0  -  Run Bytes Received By Job
	0  -  Total Bytes Sent By Job
	0  -  Total Bytes Received By Job
	Partitionable Resources :    Usage  Request Allocated 
	   Cpus                 :     1.00        1         1 
	   Disk (KB)            :     1           1  18498544 
	   Memory (MB)          :    12          70     24186 

	Job terminated of its own accord at 2024-04-26T03:33:38Z.
...
000 (983520.000.000) 2024-04-26 03:02:57 Job submitted from host: <128.83.120.183:9618?addrs=128.83.120.183-9618&alias=darmok.cs.utexas.edu&noUDP&sock=schedd_1353_9fba>
...
001 (983520.000.000) 2024-04-26 03:03:22 Job executing on host: <128.83.130.161:9618?addrs=128.83.130.161-9618&alias=oliphaunt-2.cs.utexas.edu&noUDP&sock=startd_1594_ee0d>
...
006 (983520.000.000) 2024-04-26 03:03:31 Image size of job updated: 36428
	12  -  MemoryUsage of job (MB)
	11776  -  ResidentSetSize of job (KB)
...
006 (983520.000.000) 2024-04-26 03:08:32 Image size of job updated: 36820
	12  -  MemoryUsage of job (MB)
	12172  -  ResidentSetSize of job (KB)
...
006 (983520.000.000) 2024-04-26 03:13:32 Image size of job updated: 37212
	13  -  MemoryUsage of job (MB)
	12584  -  ResidentSetSize of job (KB)
...
006 (983520.000.000) 2024-04-26 03:18:33 Image size of job updated: 37444
	13  -  MemoryUsage of job (MB)
	12804  -  ResidentSetSize of job (KB)
...
006 (983520.000.000) 2024-04-26 03:23:34 Image size of job updated: 37676
	13  -  MemoryUsage of job (MB)
	13040  -  ResidentSetSize of job (KB)
...
006 (983520.000.000) 2024-04-26 03:28:34 Image size of job updated: 37984
	14  -  MemoryUsage of job (MB)
	13416  -  ResidentSetSize of job (KB)
...
006 (983520.000.000) 2024-04-26 03:33:34 Image size of job updated: 38916
	14  -  MemoryUsage of job (MB)
	14276  -  ResidentSetSize of job (KB)
...
006 (983520.000.000) 2024-04-26 03:35:10 Image size of job updated: 39044
	14  -  MemoryUsage of job (MB)
	14276  -  ResidentSetSize of job (KB)
...
005 (983520.000.000) 2024-04-26 03:35:11 Job terminated.
	(1) Normal termination (return value 0)
		Usr 0 00:31:47, Sys 0 00:00:00  -  Run Remote Usage
		Usr 0 00:00:00, Sys 0 00:00:00  -  Run Local Usage
		Usr 0 00:31:47, Sys 0 00:00:00  -  Total Remote Usage
		Usr 0 00:00:00, Sys 0 00:00:00  -  Total Local Usage
	0  -  Run Bytes Sent By Job
	0  -  Run Bytes Received By Job
	0  -  Total Bytes Sent By Job
	0  -  Total Bytes Received By Job
	Partitionable Resources :    Usage  Request Allocated 
	   Cpus                 :     1.00        1         1 
	   Disk (KB)            :     1           1  18498544 
	   Memory (MB)          :    14          19     24186 

	Job terminated of its own accord at 2024-04-26T08:35:10Z.
...
000 (983891.000.000) 2024-04-26 05:06:19 Job submitted from host: <128.83.120.183:9618?addrs=128.83.120.183-9618&alias=darmok.cs.utexas.edu&noUDP&sock=schedd_1353_9fba>
...
001 (983891.000.000) 2024-04-26 05:06:40 Job executing on host: <128.83.144.240:9618?addrs=128.83.144.240-9618&alias=angrist-13.cs.utexas.edu&noUDP&sock=startd_1643_8a31>
...
006 (983891.000.000) 2024-04-26 05:06:48 Image size of job updated: 36428
	12  -  MemoryUsage of job (MB)
	11828  -  ResidentSetSize of job (KB)
...
005 (983891.000.000) 2024-04-26 05:07:03 Job terminated.
	(1) Normal termination (return value 0)
		Usr 0 00:00:21, Sys 0 00:00:00  -  Run Remote Usage
		Usr 0 00:00:00, Sys 0 00:00:00  -  Run Local Usage
		Usr 0 00:00:21, Sys 0 00:00:00  -  Total Remote Usage
		Usr 0 00:00:00, Sys 0 00:00:00  -  Total Local Usage
	0  -  Run Bytes Sent By Job
	0  -  Run Bytes Received By Job
	0  -  Total Bytes Sent By Job
	0  -  Total Bytes Received By Job
	Partitionable Resources :    Usage  Request Allocated 
	   Cpus                 :                 1         1 
	   Disk (KB)            :        1        1  10853596 
	   Memory (MB)          :       12        1      4026 

	Job terminated of its own accord at 2024-04-26T10:07:02Z.
...
