000 (982881.000.000) 2024-04-25 20:09:02 Job submitted from host: <128.83.120.183:9618?addrs=128.83.120.183-9618&alias=darmok.cs.utexas.edu&noUDP&sock=schedd_1353_9fba>
...
001 (982881.000.000) 2024-04-25 20:09:15 Job executing on host: <128.83.144.147:9618?addrs=128.83.144.147-9618&alias=oliphaunt-1.cs.utexas.edu&noUDP&sock=startd_1578_f489>
...
006 (982881.000.000) 2024-04-25 20:09:24 Image size of job updated: 36296
	12  -  MemoryUsage of job (MB)
	11756  -  ResidentSetSize of job (KB)
...
006 (982881.000.000) 2024-04-25 20:09:41 Image size of job updated: 36428
	12  -  MemoryUsage of job (MB)
	11756  -  ResidentSetSize of job (KB)
...
005 (982881.000.000) 2024-04-25 20:09:43 Job terminated.
	(1) Normal termination (return value 0)
		Usr 0 00:00:26, Sys 0 00:00:00  -  Run Remote Usage
		Usr 0 00:00:00, Sys 0 00:00:00  -  Run Local Usage
		Usr 0 00:00:26, Sys 0 00:00:00  -  Total Remote Usage
		Usr 0 00:00:00, Sys 0 00:00:00  -  Total Local Usage
	0  -  Run Bytes Sent By Job
	0  -  Run Bytes Received By Job
	0  -  Total Bytes Sent By Job
	0  -  Total Bytes Received By Job
	Partitionable Resources :    Usage  Request Allocated 
	   Cpus                 :                 1         1 
	   Disk (KB)            :        1        1  18498544 
	   Memory (MB)          :       12        1     24186 

	Job terminated of its own accord at 2024-04-26T01:09:41Z.
...
000 (983466.000.000) 2024-04-25 22:30:10 Job submitted from host: <128.83.120.183:9618?addrs=128.83.120.183-9618&alias=darmok.cs.utexas.edu&noUDP&sock=schedd_1353_9fba>
...
001 (983466.000.000) 2024-04-25 22:30:31 Job executing on host: <128.83.144.147:9618?addrs=128.83.144.147-9618&alias=oliphaunt-1.cs.utexas.edu&noUDP&sock=startd_1578_f489>
...
006 (983466.000.000) 2024-04-25 22:30:39 Image size of job updated: 36300
	12  -  MemoryUsage of job (MB)
	11728  -  ResidentSetSize of job (KB)
...
006 (983466.000.000) 2024-04-25 22:34:23 Image size of job updated: 37188
	12  -  MemoryUsage of job (MB)
	11728  -  ResidentSetSize of job (KB)
...
005 (983466.000.000) 2024-04-25 22:34:23 Job terminated.
	(1) Normal termination (return value 0)
		Usr 0 00:03:52, Sys 0 00:00:00  -  Run Remote Usage
		Usr 0 00:00:00, Sys 0 00:00:00  -  Run Local Usage
		Usr 0 00:03:52, Sys 0 00:00:00  -  Total Remote Usage
		Usr 0 00:00:00, Sys 0 00:00:00  -  Total Local Usage
	0  -  Run Bytes Sent By Job
	0  -  Run Bytes Received By Job
	0  -  Total Bytes Sent By Job
	0  -  Total Bytes Received By Job
	Partitionable Resources :    Usage  Request Allocated 
	   Cpus                 :     1.00        1         1 
	   Disk (KB)            :     1           1  18498544 
	   Memory (MB)          :    12         136     24186 

	Job terminated of its own accord at 2024-04-26T03:34:23Z.
...
000 (983519.000.000) 2024-04-26 03:02:57 Job submitted from host: <128.83.120.183:9618?addrs=128.83.120.183-9618&alias=darmok.cs.utexas.edu&noUDP&sock=schedd_1353_9fba>
...
001 (983519.000.000) 2024-04-26 03:03:22 Job executing on host: <128.83.130.161:9618?addrs=128.83.130.161-9618&alias=oliphaunt-2.cs.utexas.edu&noUDP&sock=startd_1594_ee0d>
...
006 (983519.000.000) 2024-04-26 03:03:31 Image size of job updated: 36292
	12  -  MemoryUsage of job (MB)
	11756  -  ResidentSetSize of job (KB)
...
006 (983519.000.000) 2024-04-26 03:08:32 Image size of job updated: 37552
	13  -  MemoryUsage of job (MB)
	13008  -  ResidentSetSize of job (KB)
...
006 (983519.000.000) 2024-04-26 03:13:32 Image size of job updated: 38304
	14  -  MemoryUsage of job (MB)
	13668  -  ResidentSetSize of job (KB)
...
006 (983519.000.000) 2024-04-26 03:18:32 Image size of job updated: 38784
	14  -  MemoryUsage of job (MB)
	14188  -  ResidentSetSize of job (KB)
...
006 (983519.000.000) 2024-04-26 03:23:33 Image size of job updated: 38912
	14  -  MemoryUsage of job (MB)
	14236  -  ResidentSetSize of job (KB)
...
006 (983519.000.000) 2024-04-26 03:28:34 Image size of job updated: 39140
	15  -  MemoryUsage of job (MB)
	14504  -  ResidentSetSize of job (KB)
...
006 (983519.000.000) 2024-04-26 03:33:34 Image size of job updated: 39360
	15  -  MemoryUsage of job (MB)
	14760  -  ResidentSetSize of job (KB)
...
006 (983519.000.000) 2024-04-26 03:38:34 Image size of job updated: 39592
	15  -  MemoryUsage of job (MB)
	14928  -  ResidentSetSize of job (KB)
...
005 (983519.000.000) 2024-04-26 03:40:54 Job terminated.
	(1) Normal termination (return value 0)
		Usr 0 00:37:31, Sys 0 00:00:00  -  Run Remote Usage
		Usr 0 00:00:00, Sys 0 00:00:00  -  Run Local Usage
		Usr 0 00:37:31, Sys 0 00:00:00  -  Total Remote Usage
		Usr 0 00:00:00, Sys 0 00:00:00  -  Total Local Usage
	0  -  Run Bytes Sent By Job
	0  -  Run Bytes Received By Job
	0  -  Total Bytes Sent By Job
	0  -  Total Bytes Received By Job
	Partitionable Resources :    Usage  Request Allocated 
	   Cpus                 :     1.00        1         1 
	   Disk (KB)            :     1           1  18498544 
	   Memory (MB)          :    15          13     24186 

	Job terminated of its own accord at 2024-04-26T08:40:54Z.
...
000 (983890.000.000) 2024-04-26 05:06:19 Job submitted from host: <128.83.120.183:9618?addrs=128.83.120.183-9618&alias=darmok.cs.utexas.edu&noUDP&sock=schedd_1353_9fba>
...
001 (983890.000.000) 2024-04-26 05:06:37 Job executing on host: <128.83.144.211:9618?addrs=128.83.144.211-9618&alias=angrist-12.cs.utexas.edu&noUDP&sock=startd_1592_8edc>
...
006 (983890.000.000) 2024-04-26 05:06:45 Image size of job updated: 36428
	12  -  MemoryUsage of job (MB)
	11772  -  ResidentSetSize of job (KB)
...
005 (983890.000.000) 2024-04-26 05:06:57 Job terminated.
	(1) Normal termination (return value 0)
		Usr 0 00:00:19, Sys 0 00:00:00  -  Run Remote Usage
		Usr 0 00:00:00, Sys 0 00:00:00  -  Run Local Usage
		Usr 0 00:00:19, Sys 0 00:00:00  -  Total Remote Usage
		Usr 0 00:00:00, Sys 0 00:00:00  -  Total Local Usage
	0  -  Run Bytes Sent By Job
	0  -  Run Bytes Received By Job
	0  -  Total Bytes Sent By Job
	0  -  Total Bytes Received By Job
	Partitionable Resources :    Usage  Request Allocated 
	   Cpus                 :                 1         1 
	   Disk (KB)            :        1        1  10853596 
	   Memory (MB)          :       12        1      4026 

	Job terminated of its own accord at 2024-04-26T10:06:56Z.
...
