000 (982837.000.000) 2024-04-25 20:08:56 Job submitted from host: <128.83.120.183:9618?addrs=128.83.120.183-9618&alias=darmok.cs.utexas.edu&noUDP&sock=schedd_1353_9fba>
...
001 (982837.000.000) 2024-04-25 20:09:10 Job executing on host: <128.83.144.147:9618?addrs=128.83.144.147-9618&alias=oliphaunt-1.cs.utexas.edu&noUDP&sock=startd_1578_f489>
...
006 (982837.000.000) 2024-04-25 20:09:19 Image size of job updated: 36428
	12  -  MemoryUsage of job (MB)
	11748  -  ResidentSetSize of job (KB)
...
005 (982837.000.000) 2024-04-25 20:09:53 Job terminated.
	(1) Normal termination (return value 0)
		Usr 0 00:00:42, Sys 0 00:00:00  -  Run Remote Usage
		Usr 0 00:00:00, Sys 0 00:00:00  -  Run Local Usage
		Usr 0 00:00:42, Sys 0 00:00:00  -  Total Remote Usage
		Usr 0 00:00:00, Sys 0 00:00:00  -  Total Local Usage
	0  -  Run Bytes Sent By Job
	0  -  Run Bytes Received By Job
	0  -  Total Bytes Sent By Job
	0  -  Total Bytes Received By Job
	Partitionable Resources :    Usage  Request Allocated 
	   Cpus                 :                 1         1 
	   Disk (KB)            :        1        1  18498544 
	   Memory (MB)          :       12        1     24186 

	Job terminated of its own accord at 2024-04-26T01:09:53Z.
...
000 (983422.000.000) 2024-04-25 22:30:02 Job submitted from host: <128.83.120.183:9618?addrs=128.83.120.183-9618&alias=darmok.cs.utexas.edu&noUDP&sock=schedd_1353_9fba>
...
001 (983422.000.000) 2024-04-25 22:30:07 Job executing on host: <128.83.144.147:9618?addrs=128.83.144.147-9618&alias=oliphaunt-1.cs.utexas.edu&noUDP&sock=startd_1578_f489>
...
006 (983422.000.000) 2024-04-25 22:30:15 Image size of job updated: 36300
	12  -  MemoryUsage of job (MB)
	11688  -  ResidentSetSize of job (KB)
...
006 (983422.000.000) 2024-04-25 22:35:15 Image size of job updated: 36692
	12  -  MemoryUsage of job (MB)
	12072  -  ResidentSetSize of job (KB)
...
006 (983422.000.000) 2024-04-25 22:38:12 Image size of job updated: 36816
	12  -  MemoryUsage of job (MB)
	12072  -  ResidentSetSize of job (KB)
...
005 (983422.000.000) 2024-04-25 22:38:12 Job terminated.
	(1) Normal termination (return value 0)
		Usr 0 00:08:05, Sys 0 00:00:00  -  Run Remote Usage
		Usr 0 00:00:00, Sys 0 00:00:00  -  Run Local Usage
		Usr 0 00:08:05, Sys 0 00:00:00  -  Total Remote Usage
		Usr 0 00:00:00, Sys 0 00:00:00  -  Total Local Usage
	0  -  Run Bytes Sent By Job
	0  -  Run Bytes Received By Job
	0  -  Total Bytes Sent By Job
	0  -  Total Bytes Received By Job
	Partitionable Resources :    Usage  Request Allocated 
	   Cpus                 :     1.00        1         1 
	   Disk (KB)            :     1           1  18498544 
	   Memory (MB)          :    12         107     24186 

	Job terminated of its own accord at 2024-04-26T03:38:12Z.
...
000 (983475.000.000) 2024-04-26 03:02:51 Job submitted from host: <128.83.120.183:9618?addrs=128.83.120.183-9618&alias=darmok.cs.utexas.edu&noUDP&sock=schedd_1353_9fba>
...
001 (983475.000.000) 2024-04-26 03:02:54 Job executing on host: <128.83.144.147:9618?addrs=128.83.144.147-9618&alias=oliphaunt-1.cs.utexas.edu&noUDP&sock=startd_1578_f489>
...
006 (983475.000.000) 2024-04-26 03:03:03 Image size of job updated: 36300
	12  -  MemoryUsage of job (MB)
	11684  -  ResidentSetSize of job (KB)
...
006 (983475.000.000) 2024-04-26 03:08:04 Image size of job updated: 37088
	13  -  MemoryUsage of job (MB)
	12528  -  ResidentSetSize of job (KB)
...
006 (983475.000.000) 2024-04-26 03:13:04 Image size of job updated: 38008
	14  -  MemoryUsage of job (MB)
	13376  -  ResidentSetSize of job (KB)
...
006 (983475.000.000) 2024-04-26 03:18:05 Image size of job updated: 38660
	14  -  MemoryUsage of job (MB)
	14080  -  ResidentSetSize of job (KB)
...
006 (983475.000.000) 2024-04-26 03:23:06 Image size of job updated: 38912
	14  -  MemoryUsage of job (MB)
	14236  -  ResidentSetSize of job (KB)
...
006 (983475.000.000) 2024-04-26 03:28:06 Image size of job updated: 39040
	15  -  MemoryUsage of job (MB)
	14384  -  ResidentSetSize of job (KB)
...
006 (983475.000.000) 2024-04-26 03:33:06 Image size of job updated: 39168
	15  -  MemoryUsage of job (MB)
	14548  -  ResidentSetSize of job (KB)
...
006 (983475.000.000) 2024-04-26 03:38:07 Image size of job updated: 39424
	15  -  MemoryUsage of job (MB)
	14740  -  ResidentSetSize of job (KB)
...
006 (983475.000.000) 2024-04-26 03:43:08 Image size of job updated: 39548
	15  -  MemoryUsage of job (MB)
	14964  -  ResidentSetSize of job (KB)
...
006 (983475.000.000) 2024-04-26 03:48:08 Image size of job updated: 39796
	15  -  MemoryUsage of job (MB)
	15212  -  ResidentSetSize of job (KB)
...
006 (983475.000.000) 2024-04-26 03:53:08 Image size of job updated: 40172
	16  -  MemoryUsage of job (MB)
	15512  -  ResidentSetSize of job (KB)
...
006 (983475.000.000) 2024-04-26 03:58:09 Image size of job updated: 40420
	16  -  MemoryUsage of job (MB)
	15816  -  ResidentSetSize of job (KB)
...
006 (983475.000.000) 2024-04-26 04:03:09 Image size of job updated: 40676
	16  -  MemoryUsage of job (MB)
	16116  -  ResidentSetSize of job (KB)
...
006 (983475.000.000) 2024-04-26 04:07:58 Image size of job updated: 41052
	16  -  MemoryUsage of job (MB)
	16116  -  ResidentSetSize of job (KB)
...
005 (983475.000.000) 2024-04-26 04:07:58 Job terminated.
	(1) Normal termination (return value 0)
		Usr 0 01:05:02, Sys 0 00:00:00  -  Run Remote Usage
		Usr 0 00:00:00, Sys 0 00:00:00  -  Run Local Usage
		Usr 0 01:05:02, Sys 0 00:00:00  -  Total Remote Usage
		Usr 0 00:00:00, Sys 0 00:00:00  -  Total Local Usage
	0  -  Run Bytes Sent By Job
	0  -  Run Bytes Received By Job
	0  -  Total Bytes Sent By Job
	0  -  Total Bytes Received By Job
	Partitionable Resources :    Usage  Request Allocated 
	   Cpus                 :     1.00        1         1 
	   Disk (KB)            :     1           1  18498544 
	   Memory (MB)          :    16           1     24186 

	Job terminated of its own accord at 2024-04-26T09:07:58Z.
...
000 (983846.000.000) 2024-04-26 05:06:13 Job submitted from host: <128.83.120.183:9618?addrs=128.83.120.183-9618&alias=darmok.cs.utexas.edu&noUDP&sock=schedd_1353_9fba>
...
001 (983846.000.000) 2024-04-26 05:06:14 Job executing on host: <128.83.139.142:9618?addrs=128.83.139.142-9618&alias=angrist-15.cs.utexas.edu&noUDP&sock=startd_1598_ac6e>
...
006 (983846.000.000) 2024-04-26 05:06:23 Image size of job updated: 36296
	12  -  MemoryUsage of job (MB)
	11748  -  ResidentSetSize of job (KB)
...
006 (983846.000.000) 2024-04-26 05:06:42 Image size of job updated: 36428
	12  -  MemoryUsage of job (MB)
	11748  -  ResidentSetSize of job (KB)
...
005 (983846.000.000) 2024-04-26 05:06:43 Job terminated.
	(1) Normal termination (return value 0)
		Usr 0 00:00:27, Sys 0 00:00:00  -  Run Remote Usage
		Usr 0 00:00:00, Sys 0 00:00:00  -  Run Local Usage
		Usr 0 00:00:27, Sys 0 00:00:00  -  Total Remote Usage
		Usr 0 00:00:00, Sys 0 00:00:00  -  Total Local Usage
	0  -  Run Bytes Sent By Job
	0  -  Run Bytes Received By Job
	0  -  Total Bytes Sent By Job
	0  -  Total Bytes Received By Job
	Partitionable Resources :    Usage  Request Allocated 
	   Cpus                 :                 1         1 
	   Disk (KB)            :        1        1  10853596 
	   Memory (MB)          :       12        1      4026 

	Job terminated of its own accord at 2024-04-26T10:06:42Z.
...
