000 (982855.000.000) 2024-04-25 20:08:59 Job submitted from host: <128.83.120.183:9618?addrs=128.83.120.183-9618&alias=darmok.cs.utexas.edu&noUDP&sock=schedd_1353_9fba>
...
001 (982855.000.000) 2024-04-25 20:09:12 Job executing on host: <128.83.144.147:9618?addrs=128.83.144.147-9618&alias=oliphaunt-1.cs.utexas.edu&noUDP&sock=startd_1578_f489>
...
006 (982855.000.000) 2024-04-25 20:09:21 Image size of job updated: 36296
	12  -  MemoryUsage of job (MB)
	11760  -  ResidentSetSize of job (KB)
...
006 (982855.000.000) 2024-04-25 20:10:06 Image size of job updated: 36428
	12  -  MemoryUsage of job (MB)
	11760  -  ResidentSetSize of job (KB)
...
005 (982855.000.000) 2024-04-25 20:10:07 Job terminated.
	(1) Normal termination (return value 0)
		Usr 0 00:00:53, Sys 0 00:00:00  -  Run Remote Usage
		Usr 0 00:00:00, Sys 0 00:00:00  -  Run Local Usage
		Usr 0 00:00:53, Sys 0 00:00:00  -  Total Remote Usage
		Usr 0 00:00:00, Sys 0 00:00:00  -  Total Local Usage
	0  -  Run Bytes Sent By Job
	0  -  Run Bytes Received By Job
	0  -  Total Bytes Sent By Job
	0  -  Total Bytes Received By Job
	Partitionable Resources :    Usage  Request Allocated 
	   Cpus                 :                 1         1 
	   Disk (KB)            :        1        1  18498544 
	   Memory (MB)          :       12        1     24186 

	Job terminated of its own accord at 2024-04-26T01:10:06Z.
...
000 (983440.000.000) 2024-04-25 22:30:05 Job submitted from host: <128.83.120.183:9618?addrs=128.83.120.183-9618&alias=darmok.cs.utexas.edu&noUDP&sock=schedd_1353_9fba>
...
001 (983440.000.000) 2024-04-25 22:30:08 Job executing on host: <128.83.144.147:9618?addrs=128.83.144.147-9618&alias=oliphaunt-1.cs.utexas.edu&noUDP&sock=startd_1578_f489>
...
006 (983440.000.000) 2024-04-25 22:30:16 Image size of job updated: 36296
	12  -  MemoryUsage of job (MB)
	11704  -  ResidentSetSize of job (KB)
...
006 (983440.000.000) 2024-04-25 22:35:16 Image size of job updated: 36680
	12  -  MemoryUsage of job (MB)
	11996  -  ResidentSetSize of job (KB)
...
006 (983440.000.000) 2024-04-25 22:40:17 Image size of job updated: 36680
	12  -  MemoryUsage of job (MB)
	12092  -  ResidentSetSize of job (KB)
...
005 (983440.000.000) 2024-04-25 22:41:12 Job terminated.
	(1) Normal termination (return value 0)
		Usr 0 00:11:04, Sys 0 00:00:00  -  Run Remote Usage
		Usr 0 00:00:00, Sys 0 00:00:00  -  Run Local Usage
		Usr 0 00:11:04, Sys 0 00:00:00  -  Total Remote Usage
		Usr 0 00:00:00, Sys 0 00:00:00  -  Total Local Usage
	0  -  Run Bytes Sent By Job
	0  -  Run Bytes Received By Job
	0  -  Total Bytes Sent By Job
	0  -  Total Bytes Received By Job
	Partitionable Resources :    Usage  Request Allocated 
	   Cpus                 :     0.99        1         1 
	   Disk (KB)            :     1           1  18498544 
	   Memory (MB)          :    12         115     24186 

	Job terminated of its own accord at 2024-04-26T03:41:12Z.
...
000 (983493.000.000) 2024-04-26 03:02:54 Job submitted from host: <128.83.120.183:9618?addrs=128.83.120.183-9618&alias=darmok.cs.utexas.edu&noUDP&sock=schedd_1353_9fba>
...
001 (983493.000.000) 2024-04-26 03:03:15 Job executing on host: <128.83.144.147:9618?addrs=128.83.144.147-9618&alias=oliphaunt-1.cs.utexas.edu&noUDP&sock=startd_1578_f489>
...
006 (983493.000.000) 2024-04-26 03:03:23 Image size of job updated: 36300
	12  -  MemoryUsage of job (MB)
	11716  -  ResidentSetSize of job (KB)
...
006 (983493.000.000) 2024-04-26 03:08:23 Image size of job updated: 36948
	13  -  MemoryUsage of job (MB)
	12372  -  ResidentSetSize of job (KB)
...
006 (983493.000.000) 2024-04-26 03:13:24 Image size of job updated: 37604
	13  -  MemoryUsage of job (MB)
	13016  -  ResidentSetSize of job (KB)
...
006 (983493.000.000) 2024-04-26 03:18:25 Image size of job updated: 38120
	14  -  MemoryUsage of job (MB)
	13460  -  ResidentSetSize of job (KB)
...
006 (983493.000.000) 2024-04-26 03:23:25 Image size of job updated: 38120
	14  -  MemoryUsage of job (MB)
	13540  -  ResidentSetSize of job (KB)
...
006 (983493.000.000) 2024-04-26 03:28:26 Image size of job updated: 38248
	14  -  MemoryUsage of job (MB)
	13612  -  ResidentSetSize of job (KB)
...
006 (983493.000.000) 2024-04-26 03:33:27 Image size of job updated: 38248
	14  -  MemoryUsage of job (MB)
	13688  -  ResidentSetSize of job (KB)
...
006 (983493.000.000) 2024-04-26 03:38:27 Image size of job updated: 38376
	14  -  MemoryUsage of job (MB)
	13756  -  ResidentSetSize of job (KB)
...
006 (983493.000.000) 2024-04-26 03:43:27 Image size of job updated: 38504
	14  -  MemoryUsage of job (MB)
	13844  -  ResidentSetSize of job (KB)
...
006 (983493.000.000) 2024-04-26 03:48:28 Image size of job updated: 38504
	14  -  MemoryUsage of job (MB)
	13932  -  ResidentSetSize of job (KB)
...
006 (983493.000.000) 2024-04-26 03:53:29 Image size of job updated: 38632
	14  -  MemoryUsage of job (MB)
	14044  -  ResidentSetSize of job (KB)
...
006 (983493.000.000) 2024-04-26 03:58:29 Image size of job updated: 38760
	14  -  MemoryUsage of job (MB)
	14184  -  ResidentSetSize of job (KB)
...
006 (983493.000.000) 2024-04-26 04:03:30 Image size of job updated: 38888
	14  -  MemoryUsage of job (MB)
	14328  -  ResidentSetSize of job (KB)
...
006 (983493.000.000) 2024-04-26 04:08:31 Image size of job updated: 39144
	15  -  MemoryUsage of job (MB)
	14464  -  ResidentSetSize of job (KB)
...
006 (983493.000.000) 2024-04-26 04:13:31 Image size of job updated: 39272
	15  -  MemoryUsage of job (MB)
	14608  -  ResidentSetSize of job (KB)
...
006 (983493.000.000) 2024-04-26 04:18:31 Image size of job updated: 39404
	15  -  MemoryUsage of job (MB)
	14752  -  ResidentSetSize of job (KB)
...
006 (983493.000.000) 2024-04-26 04:23:32 Image size of job updated: 39532
	15  -  MemoryUsage of job (MB)
	14900  -  ResidentSetSize of job (KB)
...
006 (983493.000.000) 2024-04-26 04:27:35 Image size of job updated: 39660
	15  -  MemoryUsage of job (MB)
	14900  -  ResidentSetSize of job (KB)
...
005 (983493.000.000) 2024-04-26 04:27:35 Job terminated.
	(1) Normal termination (return value 0)
		Usr 0 01:24:18, Sys 0 00:00:00  -  Run Remote Usage
		Usr 0 00:00:00, Sys 0 00:00:00  -  Run Local Usage
		Usr 0 01:24:18, Sys 0 00:00:00  -  Total Remote Usage
		Usr 0 00:00:00, Sys 0 00:00:00  -  Total Local Usage
	0  -  Run Bytes Sent By Job
	0  -  Run Bytes Received By Job
	0  -  Total Bytes Sent By Job
	0  -  Total Bytes Received By Job
	Partitionable Resources :    Usage  Request Allocated 
	   Cpus                 :     1.00        1         1 
	   Disk (KB)            :     1           1  18498544 
	   Memory (MB)          :    15         789     24186 

	Job terminated of its own accord at 2024-04-26T09:27:35Z.
...
000 (983864.000.000) 2024-04-26 05:06:16 Job submitted from host: <128.83.120.183:9618?addrs=128.83.120.183-9618&alias=darmok.cs.utexas.edu&noUDP&sock=schedd_1353_9fba>
...
001 (983864.000.000) 2024-04-26 05:06:37 Job executing on host: <128.83.139.142:9618?addrs=128.83.139.142-9618&alias=angrist-15.cs.utexas.edu&noUDP&sock=startd_1598_ac6e>
...
006 (983864.000.000) 2024-04-26 05:06:45 Image size of job updated: 36432
	12  -  MemoryUsage of job (MB)
	11756  -  ResidentSetSize of job (KB)
...
005 (983864.000.000) 2024-04-26 05:07:21 Job terminated.
	(1) Normal termination (return value 0)
		Usr 0 00:00:44, Sys 0 00:00:00  -  Run Remote Usage
		Usr 0 00:00:00, Sys 0 00:00:00  -  Run Local Usage
		Usr 0 00:00:44, Sys 0 00:00:00  -  Total Remote Usage
		Usr 0 00:00:00, Sys 0 00:00:00  -  Total Local Usage
	0  -  Run Bytes Sent By Job
	0  -  Run Bytes Received By Job
	0  -  Total Bytes Sent By Job
	0  -  Total Bytes Received By Job
	Partitionable Resources :    Usage  Request Allocated 
	   Cpus                 :                 1         1 
	   Disk (KB)            :        1        1  10853596 
	   Memory (MB)          :       12        1      4026 

	Job terminated of its own accord at 2024-04-26T10:07:21Z.
...
