000 (982877.000.000) 2024-04-25 20:09:02 Job submitted from host: <128.83.120.183:9618?addrs=128.83.120.183-9618&alias=darmok.cs.utexas.edu&noUDP&sock=schedd_1353_9fba>
...
001 (982877.000.000) 2024-04-25 20:09:15 Job executing on host: <128.83.144.147:9618?addrs=128.83.144.147-9618&alias=oliphaunt-1.cs.utexas.edu&noUDP&sock=startd_1578_f489>
...
006 (982877.000.000) 2024-04-25 20:09:23 Image size of job updated: 36300
	12  -  MemoryUsage of job (MB)
	11716  -  ResidentSetSize of job (KB)
...
005 (982877.000.000) 2024-04-25 20:09:36 Job terminated.
	(1) Normal termination (return value 0)
		Usr 0 00:00:19, Sys 0 00:00:00  -  Run Remote Usage
		Usr 0 00:00:00, Sys 0 00:00:00  -  Run Local Usage
		Usr 0 00:00:19, Sys 0 00:00:00  -  Total Remote Usage
		Usr 0 00:00:00, Sys 0 00:00:00  -  Total Local Usage
	0  -  Run Bytes Sent By Job
	0  -  Run Bytes Received By Job
	0  -  Total Bytes Sent By Job
	0  -  Total Bytes Received By Job
	Partitionable Resources :    Usage  Request Allocated 
	   Cpus                 :                 1         1 
	   Disk (KB)            :        1        1  18498544 
	   Memory (MB)          :       12        1     24186 

	Job terminated of its own accord at 2024-04-26T01:09:35Z.
...
000 (983462.000.000) 2024-04-25 22:30:09 Job submitted from host: <128.83.120.183:9618?addrs=128.83.120.183-9618&alias=darmok.cs.utexas.edu&noUDP&sock=schedd_1353_9fba>
...
001 (983462.000.000) 2024-04-25 22:30:31 Job executing on host: <128.83.130.161:9618?addrs=128.83.130.161-9618&alias=oliphaunt-2.cs.utexas.edu&noUDP&sock=startd_1594_ee0d>
...
006 (983462.000.000) 2024-04-25 22:30:40 Image size of job updated: 36300
	12  -  MemoryUsage of job (MB)
	11668  -  ResidentSetSize of job (KB)
...
005 (983462.000.000) 2024-04-25 22:33:08 Job terminated.
	(1) Normal termination (return value 0)
		Usr 0 00:02:36, Sys 0 00:00:00  -  Run Remote Usage
		Usr 0 00:00:00, Sys 0 00:00:00  -  Run Local Usage
		Usr 0 00:02:36, Sys 0 00:00:00  -  Total Remote Usage
		Usr 0 00:00:00, Sys 0 00:00:00  -  Total Local Usage
	0  -  Run Bytes Sent By Job
	0  -  Run Bytes Received By Job
	0  -  Total Bytes Sent By Job
	0  -  Total Bytes Received By Job
	Partitionable Resources :    Usage  Request Allocated 
	   Cpus                 :     1.00        1         1 
	   Disk (KB)            :     1           1  18498544 
	   Memory (MB)          :    12         124     24186 

	Job terminated of its own accord at 2024-04-26T03:33:08Z.
...
000 (983515.000.000) 2024-04-26 03:02:57 Job submitted from host: <128.83.120.183:9618?addrs=128.83.120.183-9618&alias=darmok.cs.utexas.edu&noUDP&sock=schedd_1353_9fba>
...
001 (983515.000.000) 2024-04-26 03:03:23 Job executing on host: <128.83.130.161:9618?addrs=128.83.130.161-9618&alias=oliphaunt-2.cs.utexas.edu&noUDP&sock=startd_1594_ee0d>
...
006 (983515.000.000) 2024-04-26 03:03:31 Image size of job updated: 36300
	12  -  MemoryUsage of job (MB)
	11660  -  ResidentSetSize of job (KB)
...
006 (983515.000.000) 2024-04-26 03:08:31 Image size of job updated: 36300
	12  -  MemoryUsage of job (MB)
	11728  -  ResidentSetSize of job (KB)
...
006 (983515.000.000) 2024-04-26 03:13:32 Image size of job updated: 36300
	12  -  MemoryUsage of job (MB)
	11732  -  ResidentSetSize of job (KB)
...
006 (983515.000.000) 2024-04-26 03:18:33 Image size of job updated: 36428
	12  -  MemoryUsage of job (MB)
	11792  -  ResidentSetSize of job (KB)
...
005 (983515.000.000) 2024-04-26 03:29:42 Job terminated.
	(1) Normal termination (return value 0)
		Usr 0 00:26:18, Sys 0 00:00:00  -  Run Remote Usage
		Usr 0 00:00:00, Sys 0 00:00:00  -  Run Local Usage
		Usr 0 00:26:18, Sys 0 00:00:00  -  Total Remote Usage
		Usr 0 00:00:00, Sys 0 00:00:00  -  Total Local Usage
	0  -  Run Bytes Sent By Job
	0  -  Run Bytes Received By Job
	0  -  Total Bytes Sent By Job
	0  -  Total Bytes Received By Job
	Partitionable Resources :    Usage  Request Allocated 
	   Cpus                 :     1.00        1         1 
	   Disk (KB)            :     1           1  18498544 
	   Memory (MB)          :    12          19     24186 

	Job terminated of its own accord at 2024-04-26T08:29:42Z.
...
000 (983886.000.000) 2024-04-26 05:06:19 Job submitted from host: <128.83.120.183:9618?addrs=128.83.120.183-9618&alias=darmok.cs.utexas.edu&noUDP&sock=schedd_1353_9fba>
...
001 (983886.000.000) 2024-04-26 05:06:38 Job executing on host: <128.83.144.240:9618?addrs=128.83.144.240-9618&alias=angrist-13.cs.utexas.edu&noUDP&sock=startd_1643_8a31>
...
006 (983886.000.000) 2024-04-26 05:06:46 Image size of job updated: 36300
	12  -  MemoryUsage of job (MB)
	11716  -  ResidentSetSize of job (KB)
...
005 (983886.000.000) 2024-04-26 05:06:49 Job terminated.
	(1) Normal termination (return value 0)
		Usr 0 00:00:10, Sys 0 00:00:00  -  Run Remote Usage
		Usr 0 00:00:00, Sys 0 00:00:00  -  Run Local Usage
		Usr 0 00:00:10, Sys 0 00:00:00  -  Total Remote Usage
		Usr 0 00:00:00, Sys 0 00:00:00  -  Total Local Usage
	0  -  Run Bytes Sent By Job
	0  -  Run Bytes Received By Job
	0  -  Total Bytes Sent By Job
	0  -  Total Bytes Received By Job
	Partitionable Resources :    Usage  Request Allocated 
	   Cpus                 :                 1         1 
	   Disk (KB)            :        1        1  10853596 
	   Memory (MB)          :       12        1      4026 

	Job terminated of its own accord at 2024-04-26T10:06:48Z.
...
