000 (982870.000.000) 2024-04-25 20:09:01 Job submitted from host: <128.83.120.183:9618?addrs=128.83.120.183-9618&alias=darmok.cs.utexas.edu&noUDP&sock=schedd_1353_9fba>
...
001 (982870.000.000) 2024-04-25 20:09:14 Job executing on host: <128.83.130.161:9618?addrs=128.83.130.161-9618&alias=oliphaunt-2.cs.utexas.edu&noUDP&sock=startd_1594_ee0d>
...
006 (982870.000.000) 2024-04-25 20:09:23 Image size of job updated: 36432
	13  -  MemoryUsage of job (MB)
	12740  -  ResidentSetSize of job (KB)
...
006 (982870.000.000) 2024-04-25 20:09:40 Image size of job updated: 37356
	13  -  MemoryUsage of job (MB)
	12740  -  ResidentSetSize of job (KB)
...
005 (982870.000.000) 2024-04-25 20:09:41 Job terminated.
	(1) Normal termination (return value 0)
		Usr 0 00:00:25, Sys 0 00:00:00  -  Run Remote Usage
		Usr 0 00:00:00, Sys 0 00:00:00  -  Run Local Usage
		Usr 0 00:00:25, Sys 0 00:00:00  -  Total Remote Usage
		Usr 0 00:00:00, Sys 0 00:00:00  -  Total Local Usage
	0  -  Run Bytes Sent By Job
	0  -  Run Bytes Received By Job
	0  -  Total Bytes Sent By Job
	0  -  Total Bytes Received By Job
	Partitionable Resources :    Usage  Request Allocated 
	   Cpus                 :                 1         1 
	   Disk (KB)            :        1        1  18498544 
	   Memory (MB)          :       13        1     24186 

	Job terminated of its own accord at 2024-04-26T01:09:40Z.
...
000 (983455.000.000) 2024-04-25 22:30:08 Job submitted from host: <128.83.120.183:9618?addrs=128.83.120.183-9618&alias=darmok.cs.utexas.edu&noUDP&sock=schedd_1353_9fba>
...
001 (983455.000.000) 2024-04-25 22:30:29 Job executing on host: <128.83.130.161:9618?addrs=128.83.130.161-9618&alias=oliphaunt-2.cs.utexas.edu&noUDP&sock=startd_1594_ee0d>
...
006 (983455.000.000) 2024-04-25 22:30:38 Image size of job updated: 36296
	13  -  MemoryUsage of job (MB)
	12716  -  ResidentSetSize of job (KB)
...
006 (983455.000.000) 2024-04-25 22:34:13 Image size of job updated: 37352
	13  -  MemoryUsage of job (MB)
	12716  -  ResidentSetSize of job (KB)
...
005 (983455.000.000) 2024-04-25 22:34:13 Job terminated.
	(1) Normal termination (return value 0)
		Usr 0 00:03:43, Sys 0 00:00:00  -  Run Remote Usage
		Usr 0 00:00:00, Sys 0 00:00:00  -  Run Local Usage
		Usr 0 00:03:43, Sys 0 00:00:00  -  Total Remote Usage
		Usr 0 00:00:00, Sys 0 00:00:00  -  Total Local Usage
	0  -  Run Bytes Sent By Job
	0  -  Run Bytes Received By Job
	0  -  Total Bytes Sent By Job
	0  -  Total Bytes Received By Job
	Partitionable Resources :    Usage  Request Allocated 
	   Cpus                 :     1.00        1         1 
	   Disk (KB)            :     1           1  18498544 
	   Memory (MB)          :    13         105     24186 

	Job terminated of its own accord at 2024-04-26T03:34:13Z.
...
000 (983508.000.000) 2024-04-26 03:02:56 Job submitted from host: <128.83.120.183:9618?addrs=128.83.120.183-9618&alias=darmok.cs.utexas.edu&noUDP&sock=schedd_1353_9fba>
...
001 (983508.000.000) 2024-04-26 03:03:22 Job executing on host: <128.83.130.161:9618?addrs=128.83.130.161-9618&alias=oliphaunt-2.cs.utexas.edu&noUDP&sock=startd_1594_ee0d>
...
006 (983508.000.000) 2024-04-26 03:03:30 Image size of job updated: 37220
	13  -  MemoryUsage of job (MB)
	12716  -  ResidentSetSize of job (KB)
...
006 (983508.000.000) 2024-04-26 03:08:30 Image size of job updated: 37352
	13  -  MemoryUsage of job (MB)
	12736  -  ResidentSetSize of job (KB)
...
006 (983508.000.000) 2024-04-26 03:13:31 Image size of job updated: 37352
	13  -  MemoryUsage of job (MB)
	12760  -  ResidentSetSize of job (KB)
...
006 (983508.000.000) 2024-04-26 03:18:32 Image size of job updated: 37480
	13  -  MemoryUsage of job (MB)
	12816  -  ResidentSetSize of job (KB)
...
006 (983508.000.000) 2024-04-26 03:23:32 Image size of job updated: 37480
	13  -  MemoryUsage of job (MB)
	12824  -  ResidentSetSize of job (KB)
...
006 (983508.000.000) 2024-04-26 03:28:32 Image size of job updated: 37480
	13  -  MemoryUsage of job (MB)
	12832  -  ResidentSetSize of job (KB)
...
006 (983508.000.000) 2024-04-26 03:38:34 Image size of job updated: 37480
	13  -  MemoryUsage of job (MB)
	12836  -  ResidentSetSize of job (KB)
...
006 (983508.000.000) 2024-04-26 03:43:34 Image size of job updated: 37480
	13  -  MemoryUsage of job (MB)
	12844  -  ResidentSetSize of job (KB)
...
005 (983508.000.000) 2024-04-26 03:44:57 Job terminated.
	(1) Normal termination (return value 0)
		Usr 0 00:41:34, Sys 0 00:00:00  -  Run Remote Usage
		Usr 0 00:00:00, Sys 0 00:00:00  -  Run Local Usage
		Usr 0 00:41:34, Sys 0 00:00:00  -  Total Remote Usage
		Usr 0 00:00:00, Sys 0 00:00:00  -  Total Local Usage
	0  -  Run Bytes Sent By Job
	0  -  Run Bytes Received By Job
	0  -  Total Bytes Sent By Job
	0  -  Total Bytes Received By Job
	Partitionable Resources :    Usage  Request Allocated 
	   Cpus                 :     1.00        1         1 
	   Disk (KB)            :     1           1  18498544 
	   Memory (MB)          :    13          19     24186 

	Job terminated of its own accord at 2024-04-26T08:44:57Z.
...
000 (983879.000.000) 2024-04-26 05:06:18 Job submitted from host: <128.83.120.183:9618?addrs=128.83.120.183-9618&alias=darmok.cs.utexas.edu&noUDP&sock=schedd_1353_9fba>
...
001 (983879.000.000) 2024-04-26 05:06:37 Job executing on host: <128.83.139.150:9618?addrs=128.83.139.150-9618&alias=angrist-23.cs.utexas.edu&noUDP&sock=startd_1604_c9ff>
...
006 (983879.000.000) 2024-04-26 05:06:46 Image size of job updated: 37348
	13  -  MemoryUsage of job (MB)
	12756  -  ResidentSetSize of job (KB)
...
005 (983879.000.000) 2024-04-26 05:06:52 Job terminated.
	(1) Normal termination (return value 0)
		Usr 0 00:00:14, Sys 0 00:00:00  -  Run Remote Usage
		Usr 0 00:00:00, Sys 0 00:00:00  -  Run Local Usage
		Usr 0 00:00:14, Sys 0 00:00:00  -  Total Remote Usage
		Usr 0 00:00:00, Sys 0 00:00:00  -  Total Local Usage
	0  -  Run Bytes Sent By Job
	0  -  Run Bytes Received By Job
	0  -  Total Bytes Sent By Job
	0  -  Total Bytes Received By Job
	Partitionable Resources :    Usage  Request Allocated 
	   Cpus                 :                 1         1 
	   Disk (KB)            :        1        1  10853594 
	   Memory (MB)          :       13        1      4026 

	Job terminated of its own accord at 2024-04-26T10:06:52Z.
...
