000 (982841.000.000) 2024-04-25 20:08:56 Job submitted from host: <128.83.120.183:9618?addrs=128.83.120.183-9618&alias=darmok.cs.utexas.edu&noUDP&sock=schedd_1353_9fba>
...
001 (982841.000.000) 2024-04-25 20:09:10 Job executing on host: <128.83.144.147:9618?addrs=128.83.144.147-9618&alias=oliphaunt-1.cs.utexas.edu&noUDP&sock=startd_1578_f489>
...
006 (982841.000.000) 2024-04-25 20:09:19 Image size of job updated: 36300
	12  -  MemoryUsage of job (MB)
	11724  -  ResidentSetSize of job (KB)
...
005 (982841.000.000) 2024-04-25 20:09:32 Job terminated.
	(1) Normal termination (return value 0)
		Usr 0 00:00:20, Sys 0 00:00:00  -  Run Remote Usage
		Usr 0 00:00:00, Sys 0 00:00:00  -  Run Local Usage
		Usr 0 00:00:20, Sys 0 00:00:00  -  Total Remote Usage
		Usr 0 00:00:00, Sys 0 00:00:00  -  Total Local Usage
	0  -  Run Bytes Sent By Job
	0  -  Run Bytes Received By Job
	0  -  Total Bytes Sent By Job
	0  -  Total Bytes Received By Job
	Partitionable Resources :    Usage  Request Allocated 
	   Cpus                 :                 1         1 
	   Disk (KB)            :        1        1  18498544 
	   Memory (MB)          :       12        1     24186 

	Job terminated of its own accord at 2024-04-26T01:09:31Z.
...
000 (983426.000.000) 2024-04-25 22:30:03 Job submitted from host: <128.83.120.183:9618?addrs=128.83.120.183-9618&alias=darmok.cs.utexas.edu&noUDP&sock=schedd_1353_9fba>
...
001 (983426.000.000) 2024-04-25 22:30:08 Job executing on host: <128.83.144.147:9618?addrs=128.83.144.147-9618&alias=oliphaunt-1.cs.utexas.edu&noUDP&sock=startd_1578_f489>
...
006 (983426.000.000) 2024-04-25 22:30:16 Image size of job updated: 36292
	12  -  MemoryUsage of job (MB)
	11680  -  ResidentSetSize of job (KB)
...
006 (983426.000.000) 2024-04-25 22:34:27 Image size of job updated: 36424
	12  -  MemoryUsage of job (MB)
	11680  -  ResidentSetSize of job (KB)
...
005 (983426.000.000) 2024-04-25 22:34:28 Job terminated.
	(1) Normal termination (return value 0)
		Usr 0 00:04:18, Sys 0 00:00:00  -  Run Remote Usage
		Usr 0 00:00:00, Sys 0 00:00:00  -  Run Local Usage
		Usr 0 00:04:18, Sys 0 00:00:00  -  Total Remote Usage
		Usr 0 00:00:00, Sys 0 00:00:00  -  Total Local Usage
	0  -  Run Bytes Sent By Job
	0  -  Run Bytes Received By Job
	0  -  Total Bytes Sent By Job
	0  -  Total Bytes Received By Job
	Partitionable Resources :    Usage  Request Allocated 
	   Cpus                 :     1.00        1         1 
	   Disk (KB)            :     1           1  18498544 
	   Memory (MB)          :    12         820     24186 

	Job terminated of its own accord at 2024-04-26T03:34:27Z.
...
000 (983479.000.000) 2024-04-26 03:02:51 Job submitted from host: <128.83.120.183:9618?addrs=128.83.120.183-9618&alias=darmok.cs.utexas.edu&noUDP&sock=schedd_1353_9fba>
...
001 (983479.000.000) 2024-04-26 03:02:53 Job executing on host: <128.83.144.147:9618?addrs=128.83.144.147-9618&alias=oliphaunt-1.cs.utexas.edu&noUDP&sock=startd_1578_f489>
...
006 (983479.000.000) 2024-04-26 03:03:02 Image size of job updated: 36296
	12  -  MemoryUsage of job (MB)
	11688  -  ResidentSetSize of job (KB)
...
006 (983479.000.000) 2024-04-26 03:08:03 Image size of job updated: 36428
	12  -  MemoryUsage of job (MB)
	11760  -  ResidentSetSize of job (KB)
...
006 (983479.000.000) 2024-04-26 03:13:04 Image size of job updated: 36428
	12  -  MemoryUsage of job (MB)
	11784  -  ResidentSetSize of job (KB)
...
006 (983479.000.000) 2024-04-26 03:18:04 Image size of job updated: 36428
	12  -  MemoryUsage of job (MB)
	11840  -  ResidentSetSize of job (KB)
...
006 (983479.000.000) 2024-04-26 03:23:04 Image size of job updated: 36428
	12  -  MemoryUsage of job (MB)
	11860  -  ResidentSetSize of job (KB)
...
006 (983479.000.000) 2024-04-26 03:28:05 Image size of job updated: 36428
	12  -  MemoryUsage of job (MB)
	11868  -  ResidentSetSize of job (KB)
...
006 (983479.000.000) 2024-04-26 03:33:05 Image size of job updated: 36556
	12  -  MemoryUsage of job (MB)
	11872  -  ResidentSetSize of job (KB)
...
005 (983479.000.000) 2024-04-26 03:34:33 Job terminated.
	(1) Normal termination (return value 0)
		Usr 0 00:31:38, Sys 0 00:00:00  -  Run Remote Usage
		Usr 0 00:00:00, Sys 0 00:00:00  -  Run Local Usage
		Usr 0 00:31:38, Sys 0 00:00:00  -  Total Remote Usage
		Usr 0 00:00:00, Sys 0 00:00:00  -  Total Local Usage
	0  -  Run Bytes Sent By Job
	0  -  Run Bytes Received By Job
	0  -  Total Bytes Sent By Job
	0  -  Total Bytes Received By Job
	Partitionable Resources :    Usage  Request Allocated 
	   Cpus                 :     1.00        1         1 
	   Disk (KB)            :     1           1  18498544 
	   Memory (MB)          :    12           1     24186 

	Job terminated of its own accord at 2024-04-26T08:34:33Z.
...
000 (983850.000.000) 2024-04-26 05:06:13 Job submitted from host: <128.83.120.183:9618?addrs=128.83.120.183-9618&alias=darmok.cs.utexas.edu&noUDP&sock=schedd_1353_9fba>
...
001 (983850.000.000) 2024-04-26 05:06:16 Job executing on host: <128.83.139.145:9618?addrs=128.83.139.145-9618&alias=angrist-18.cs.utexas.edu&noUDP&sock=startd_1595_9da5>
...
006 (983850.000.000) 2024-04-26 05:06:24 Image size of job updated: 11724
	12  -  MemoryUsage of job (MB)
	11724  -  ResidentSetSize of job (KB)
...
006 (983850.000.000) 2024-04-26 05:06:28 Image size of job updated: 36296
	12  -  MemoryUsage of job (MB)
	11724  -  ResidentSetSize of job (KB)
...
005 (983850.000.000) 2024-04-26 05:06:28 Job terminated.
	(1) Normal termination (return value 0)
		Usr 0 00:00:11, Sys 0 00:00:00  -  Run Remote Usage
		Usr 0 00:00:00, Sys 0 00:00:00  -  Run Local Usage
		Usr 0 00:00:11, Sys 0 00:00:00  -  Total Remote Usage
		Usr 0 00:00:00, Sys 0 00:00:00  -  Total Local Usage
	0  -  Run Bytes Sent By Job
	0  -  Run Bytes Received By Job
	0  -  Total Bytes Sent By Job
	0  -  Total Bytes Received By Job
	Partitionable Resources :    Usage  Request Allocated 
	   Cpus                 :                 1         1 
	   Disk (KB)            :        1        1  10853596 
	   Memory (MB)          :       12        1      4026 

	Job terminated of its own accord at 2024-04-26T10:06:28Z.
...
