000 (982845.000.000) 2024-04-25 20:08:57 Job submitted from host: <128.83.120.183:9618?addrs=128.83.120.183-9618&alias=darmok.cs.utexas.edu&noUDP&sock=schedd_1353_9fba>
...
001 (982845.000.000) 2024-04-25 20:09:11 Job executing on host: <128.83.144.147:9618?addrs=128.83.144.147-9618&alias=oliphaunt-1.cs.utexas.edu&noUDP&sock=startd_1578_f489>
...
006 (982845.000.000) 2024-04-25 20:09:20 Image size of job updated: 36428
	12  -  MemoryUsage of job (MB)
	11760  -  ResidentSetSize of job (KB)
...
006 (982845.000.000) 2024-04-25 20:10:13 Image size of job updated: 36556
	12  -  MemoryUsage of job (MB)
	11760  -  ResidentSetSize of job (KB)
...
005 (982845.000.000) 2024-04-25 20:10:13 Job terminated.
	(1) Normal termination (return value 0)
		Usr 0 00:01:01, Sys 0 00:00:00  -  Run Remote Usage
		Usr 0 00:00:00, Sys 0 00:00:00  -  Run Local Usage
		Usr 0 00:01:01, Sys 0 00:00:00  -  Total Remote Usage
		Usr 0 00:00:00, Sys 0 00:00:00  -  Total Local Usage
	0  -  Run Bytes Sent By Job
	0  -  Run Bytes Received By Job
	0  -  Total Bytes Sent By Job
	0  -  Total Bytes Received By Job
	Partitionable Resources :    Usage  Request Allocated 
	   Cpus                 :                 1         1 
	   Disk (KB)            :        1        1  18498544 
	   Memory (MB)          :       12        1     24186 

	Job terminated of its own accord at 2024-04-26T01:10:13Z.
...
000 (983430.000.000) 2024-04-25 22:30:03 Job submitted from host: <128.83.120.183:9618?addrs=128.83.120.183-9618&alias=darmok.cs.utexas.edu&noUDP&sock=schedd_1353_9fba>
...
001 (983430.000.000) 2024-04-25 22:30:07 Job executing on host: <128.83.144.147:9618?addrs=128.83.144.147-9618&alias=oliphaunt-1.cs.utexas.edu&noUDP&sock=startd_1578_f489>
...
006 (983430.000.000) 2024-04-25 22:30:16 Image size of job updated: 36300
	12  -  MemoryUsage of job (MB)
	11752  -  ResidentSetSize of job (KB)
...
006 (983430.000.000) 2024-04-25 22:35:17 Image size of job updated: 37068
	13  -  MemoryUsage of job (MB)
	12560  -  ResidentSetSize of job (KB)
...
006 (983430.000.000) 2024-04-25 22:39:10 Image size of job updated: 37200
	13  -  MemoryUsage of job (MB)
	12560  -  ResidentSetSize of job (KB)
...
005 (983430.000.000) 2024-04-25 22:39:10 Job terminated.
	(1) Normal termination (return value 0)
		Usr 0 00:09:02, Sys 0 00:00:00  -  Run Remote Usage
		Usr 0 00:00:00, Sys 0 00:00:00  -  Run Local Usage
		Usr 0 00:09:02, Sys 0 00:00:00  -  Total Remote Usage
		Usr 0 00:00:00, Sys 0 00:00:00  -  Total Local Usage
	0  -  Run Bytes Sent By Job
	0  -  Run Bytes Received By Job
	0  -  Total Bytes Sent By Job
	0  -  Total Bytes Received By Job
	Partitionable Resources :    Usage  Request Allocated 
	   Cpus                 :     0.99        1         1 
	   Disk (KB)            :     1           1  18498544 
	   Memory (MB)          :    13         194     24186 

	Job terminated of its own accord at 2024-04-26T03:39:10Z.
...
000 (983483.000.000) 2024-04-26 03:02:52 Job submitted from host: <128.83.120.183:9618?addrs=128.83.120.183-9618&alias=darmok.cs.utexas.edu&noUDP&sock=schedd_1353_9fba>
...
001 (983483.000.000) 2024-04-26 03:02:54 Job executing on host: <128.83.144.147:9618?addrs=128.83.144.147-9618&alias=oliphaunt-1.cs.utexas.edu&noUDP&sock=startd_1578_f489>
...
006 (983483.000.000) 2024-04-26 03:03:02 Image size of job updated: 36296
	12  -  MemoryUsage of job (MB)
	11756  -  ResidentSetSize of job (KB)
...
006 (983483.000.000) 2024-04-26 03:08:02 Image size of job updated: 37196
	13  -  MemoryUsage of job (MB)
	12544  -  ResidentSetSize of job (KB)
...
006 (983483.000.000) 2024-04-26 03:18:04 Image size of job updated: 37196
	13  -  MemoryUsage of job (MB)
	12568  -  ResidentSetSize of job (KB)
...
006 (983483.000.000) 2024-04-26 03:23:04 Image size of job updated: 37196
	13  -  MemoryUsage of job (MB)
	12584  -  ResidentSetSize of job (KB)
...
006 (983483.000.000) 2024-04-26 03:28:05 Image size of job updated: 37196
	13  -  MemoryUsage of job (MB)
	12604  -  ResidentSetSize of job (KB)
...
006 (983483.000.000) 2024-04-26 03:33:06 Image size of job updated: 37196
	13  -  MemoryUsage of job (MB)
	12616  -  ResidentSetSize of job (KB)
...
006 (983483.000.000) 2024-04-26 03:43:06 Image size of job updated: 37324
	13  -  MemoryUsage of job (MB)
	12672  -  ResidentSetSize of job (KB)
...
006 (983483.000.000) 2024-04-26 03:48:07 Image size of job updated: 37324
	13  -  MemoryUsage of job (MB)
	12696  -  ResidentSetSize of job (KB)
...
006 (983483.000.000) 2024-04-26 03:58:08 Image size of job updated: 37324
	13  -  MemoryUsage of job (MB)
	12724  -  ResidentSetSize of job (KB)
...
006 (983483.000.000) 2024-04-26 04:03:09 Image size of job updated: 37324
	13  -  MemoryUsage of job (MB)
	12752  -  ResidentSetSize of job (KB)
...
005 (983483.000.000) 2024-04-26 04:06:10 Job terminated.
	(1) Normal termination (return value 0)
		Usr 0 01:03:15, Sys 0 00:00:00  -  Run Remote Usage
		Usr 0 00:00:00, Sys 0 00:00:00  -  Run Local Usage
		Usr 0 01:03:15, Sys 0 00:00:00  -  Total Remote Usage
		Usr 0 00:00:00, Sys 0 00:00:00  -  Total Local Usage
	0  -  Run Bytes Sent By Job
	0  -  Run Bytes Received By Job
	0  -  Total Bytes Sent By Job
	0  -  Total Bytes Received By Job
	Partitionable Resources :    Usage  Request Allocated 
	   Cpus                 :     1.00        1         1 
	   Disk (KB)            :     1           1  18498544 
	   Memory (MB)          :    13           1     24186 

	Job terminated of its own accord at 2024-04-26T09:06:10Z.
...
000 (983854.000.000) 2024-04-26 05:06:14 Job submitted from host: <128.83.120.183:9618?addrs=128.83.120.183-9618&alias=darmok.cs.utexas.edu&noUDP&sock=schedd_1353_9fba>
...
001 (983854.000.000) 2024-04-26 05:06:24 Job executing on host: <128.83.139.142:9618?addrs=128.83.139.142-9618&alias=angrist-15.cs.utexas.edu&noUDP&sock=startd_1598_ac6e>
...
006 (983854.000.000) 2024-04-26 05:06:33 Image size of job updated: 36428
	12  -  MemoryUsage of job (MB)
	11764  -  ResidentSetSize of job (KB)
...
006 (983854.000.000) 2024-04-26 05:07:32 Image size of job updated: 36556
	12  -  MemoryUsage of job (MB)
	11764  -  ResidentSetSize of job (KB)
...
005 (983854.000.000) 2024-04-26 05:07:32 Job terminated.
	(1) Normal termination (return value 0)
		Usr 0 00:01:07, Sys 0 00:00:00  -  Run Remote Usage
		Usr 0 00:00:00, Sys 0 00:00:00  -  Run Local Usage
		Usr 0 00:01:07, Sys 0 00:00:00  -  Total Remote Usage
		Usr 0 00:00:00, Sys 0 00:00:00  -  Total Local Usage
	0  -  Run Bytes Sent By Job
	0  -  Run Bytes Received By Job
	0  -  Total Bytes Sent By Job
	0  -  Total Bytes Received By Job
	Partitionable Resources :    Usage  Request Allocated 
	   Cpus                 :                 1         1 
	   Disk (KB)            :        1        1  10853596 
	   Memory (MB)          :       12        1      4026 

	Job terminated of its own accord at 2024-04-26T10:07:32Z.
...
