000 (982854.000.000) 2024-04-25 20:08:59 Job submitted from host: <128.83.120.183:9618?addrs=128.83.120.183-9618&alias=darmok.cs.utexas.edu&noUDP&sock=schedd_1353_9fba>
...
001 (982854.000.000) 2024-04-25 20:09:12 Job executing on host: <128.83.130.161:9618?addrs=128.83.130.161-9618&alias=oliphaunt-2.cs.utexas.edu&noUDP&sock=startd_1594_ee0d>
...
006 (982854.000.000) 2024-04-25 20:09:21 Image size of job updated: 36296
	12  -  MemoryUsage of job (MB)
	11744  -  ResidentSetSize of job (KB)
...
006 (982854.000.000) 2024-04-25 20:09:55 Image size of job updated: 36424
	12  -  MemoryUsage of job (MB)
	11744  -  ResidentSetSize of job (KB)
...
005 (982854.000.000) 2024-04-25 20:09:55 Job terminated.
	(1) Normal termination (return value 0)
		Usr 0 00:00:42, Sys 0 00:00:00  -  Run Remote Usage
		Usr 0 00:00:00, Sys 0 00:00:00  -  Run Local Usage
		Usr 0 00:00:42, Sys 0 00:00:00  -  Total Remote Usage
		Usr 0 00:00:00, Sys 0 00:00:00  -  Total Local Usage
	0  -  Run Bytes Sent By Job
	0  -  Run Bytes Received By Job
	0  -  Total Bytes Sent By Job
	0  -  Total Bytes Received By Job
	Partitionable Resources :    Usage  Request Allocated 
	   Cpus                 :                 1         1 
	   Disk (KB)            :        1        1  18498544 
	   Memory (MB)          :       12        1     24186 

	Job terminated of its own accord at 2024-04-26T01:09:55Z.
...
000 (983439.000.000) 2024-04-25 22:30:04 Job submitted from host: <128.83.120.183:9618?addrs=128.83.120.183-9618&alias=darmok.cs.utexas.edu&noUDP&sock=schedd_1353_9fba>
...
001 (983439.000.000) 2024-04-25 22:30:09 Job executing on host: <128.83.130.161:9618?addrs=128.83.130.161-9618&alias=oliphaunt-2.cs.utexas.edu&noUDP&sock=startd_1594_ee0d>
...
006 (983439.000.000) 2024-04-25 22:30:18 Image size of job updated: 36292
	12  -  MemoryUsage of job (MB)
	11684  -  ResidentSetSize of job (KB)
...
006 (983439.000.000) 2024-04-25 22:35:19 Image size of job updated: 36544
	12  -  MemoryUsage of job (MB)
	11980  -  ResidentSetSize of job (KB)
...
006 (983439.000.000) 2024-04-25 22:39:13 Image size of job updated: 36672
	12  -  MemoryUsage of job (MB)
	11980  -  ResidentSetSize of job (KB)
...
005 (983439.000.000) 2024-04-25 22:39:14 Job terminated.
	(1) Normal termination (return value 0)
		Usr 0 00:09:03, Sys 0 00:00:00  -  Run Remote Usage
		Usr 0 00:00:00, Sys 0 00:00:00  -  Run Local Usage
		Usr 0 00:09:03, Sys 0 00:00:00  -  Total Remote Usage
		Usr 0 00:00:00, Sys 0 00:00:00  -  Total Local Usage
	0  -  Run Bytes Sent By Job
	0  -  Run Bytes Received By Job
	0  -  Total Bytes Sent By Job
	0  -  Total Bytes Received By Job
	Partitionable Resources :    Usage  Request Allocated 
	   Cpus                 :     1.00        1         1 
	   Disk (KB)            :     1           1  18498544 
	   Memory (MB)          :    12         115     24186 

	Job terminated of its own accord at 2024-04-26T03:39:13Z.
...
000 (983492.000.000) 2024-04-26 03:02:54 Job submitted from host: <128.83.120.183:9618?addrs=128.83.120.183-9618&alias=darmok.cs.utexas.edu&noUDP&sock=schedd_1353_9fba>
...
001 (983492.000.000) 2024-04-26 03:03:14 Job executing on host: <128.83.144.147:9618?addrs=128.83.144.147-9618&alias=oliphaunt-1.cs.utexas.edu&noUDP&sock=startd_1578_f489>
...
006 (983492.000.000) 2024-04-26 03:03:23 Image size of job updated: 36300
	12  -  MemoryUsage of job (MB)
	11700  -  ResidentSetSize of job (KB)
...
006 (983492.000.000) 2024-04-26 03:08:24 Image size of job updated: 37080
	13  -  MemoryUsage of job (MB)
	12480  -  ResidentSetSize of job (KB)
...
006 (983492.000.000) 2024-04-26 03:13:24 Image size of job updated: 37732
	13  -  MemoryUsage of job (MB)
	13152  -  ResidentSetSize of job (KB)
...
006 (983492.000.000) 2024-04-26 03:18:25 Image size of job updated: 38244
	14  -  MemoryUsage of job (MB)
	13640  -  ResidentSetSize of job (KB)
...
006 (983492.000.000) 2024-04-26 03:23:26 Image size of job updated: 38372
	14  -  MemoryUsage of job (MB)
	13708  -  ResidentSetSize of job (KB)
...
006 (983492.000.000) 2024-04-26 03:28:26 Image size of job updated: 38372
	14  -  MemoryUsage of job (MB)
	13788  -  ResidentSetSize of job (KB)
...
006 (983492.000.000) 2024-04-26 03:33:26 Image size of job updated: 38500
	14  -  MemoryUsage of job (MB)
	13852  -  ResidentSetSize of job (KB)
...
006 (983492.000.000) 2024-04-26 03:38:27 Image size of job updated: 38500
	14  -  MemoryUsage of job (MB)
	13936  -  ResidentSetSize of job (KB)
...
006 (983492.000.000) 2024-04-26 03:43:28 Image size of job updated: 38632
	14  -  MemoryUsage of job (MB)
	14020  -  ResidentSetSize of job (KB)
...
006 (983492.000.000) 2024-04-26 03:48:28 Image size of job updated: 38756
	14  -  MemoryUsage of job (MB)
	14120  -  ResidentSetSize of job (KB)
...
006 (983492.000.000) 2024-04-26 03:53:29 Image size of job updated: 38888
	14  -  MemoryUsage of job (MB)
	14224  -  ResidentSetSize of job (KB)
...
006 (983492.000.000) 2024-04-26 03:58:30 Image size of job updated: 39016
	15  -  MemoryUsage of job (MB)
	14364  -  ResidentSetSize of job (KB)
...
006 (983492.000.000) 2024-04-26 04:03:30 Image size of job updated: 39140
	15  -  MemoryUsage of job (MB)
	14508  -  ResidentSetSize of job (KB)
...
006 (983492.000.000) 2024-04-26 04:08:30 Image size of job updated: 39268
	15  -  MemoryUsage of job (MB)
	14656  -  ResidentSetSize of job (KB)
...
006 (983492.000.000) 2024-04-26 04:13:31 Image size of job updated: 39400
	15  -  MemoryUsage of job (MB)
	14804  -  ResidentSetSize of job (KB)
...
006 (983492.000.000) 2024-04-26 04:18:31 Image size of job updated: 39528
	15  -  MemoryUsage of job (MB)
	14952  -  ResidentSetSize of job (KB)
...
006 (983492.000.000) 2024-04-26 04:23:31 Image size of job updated: 39784
	15  -  MemoryUsage of job (MB)
	15100  -  ResidentSetSize of job (KB)
...
006 (983492.000.000) 2024-04-26 04:28:32 Image size of job updated: 39912
	15  -  MemoryUsage of job (MB)
	15256  -  ResidentSetSize of job (KB)
...
005 (983492.000.000) 2024-04-26 04:31:47 Job terminated.
	(1) Normal termination (return value 0)
		Usr 0 01:28:31, Sys 0 00:00:00  -  Run Remote Usage
		Usr 0 00:00:00, Sys 0 00:00:00  -  Run Local Usage
		Usr 0 01:28:31, Sys 0 00:00:00  -  Total Remote Usage
		Usr 0 00:00:00, Sys 0 00:00:00  -  Total Local Usage
	0  -  Run Bytes Sent By Job
	0  -  Run Bytes Received By Job
	0  -  Total Bytes Sent By Job
	0  -  Total Bytes Received By Job
	Partitionable Resources :    Usage  Request Allocated 
	   Cpus                 :     1.00        1         1 
	   Disk (KB)            :     1           1  18498544 
	   Memory (MB)          :    15           1     24186 

	Job terminated of its own accord at 2024-04-26T09:31:47Z.
...
000 (983863.000.000) 2024-04-26 05:06:16 Job submitted from host: <128.83.120.183:9618?addrs=128.83.120.183-9618&alias=darmok.cs.utexas.edu&noUDP&sock=schedd_1353_9fba>
...
001 (983863.000.000) 2024-04-26 05:06:36 Job executing on host: <128.83.139.143:9618?addrs=128.83.139.143-9618&alias=angrist-16.cs.utexas.edu&noUDP&sock=startd_1598_ac6e>
...
006 (983863.000.000) 2024-04-26 05:06:44 Image size of job updated: 36424
	12  -  MemoryUsage of job (MB)
	11748  -  ResidentSetSize of job (KB)
...
005 (983863.000.000) 2024-04-26 05:07:08 Job terminated.
	(1) Normal termination (return value 0)
		Usr 0 00:00:31, Sys 0 00:00:00  -  Run Remote Usage
		Usr 0 00:00:00, Sys 0 00:00:00  -  Run Local Usage
		Usr 0 00:00:31, Sys 0 00:00:00  -  Total Remote Usage
		Usr 0 00:00:00, Sys 0 00:00:00  -  Total Local Usage
	0  -  Run Bytes Sent By Job
	0  -  Run Bytes Received By Job
	0  -  Total Bytes Sent By Job
	0  -  Total Bytes Received By Job
	Partitionable Resources :    Usage  Request Allocated 
	   Cpus                 :                 1         1 
	   Disk (KB)            :        1        1  10853596 
	   Memory (MB)          :       12        1      4026 

	Job terminated of its own accord at 2024-04-26T10:07:08Z.
...
