000 (982883.000.000) 2024-04-25 20:09:03 Job submitted from host: <128.83.120.183:9618?addrs=128.83.120.183-9618&alias=darmok.cs.utexas.edu&noUDP&sock=schedd_1353_9fba>
...
001 (982883.000.000) 2024-04-25 20:09:18 Job executing on host: <128.83.130.161:9618?addrs=128.83.130.161-9618&alias=oliphaunt-2.cs.utexas.edu&noUDP&sock=startd_1594_ee0d>
...
006 (982883.000.000) 2024-04-25 20:09:26 Image size of job updated: 36296
	12  -  MemoryUsage of job (MB)
	11980  -  ResidentSetSize of job (KB)
...
006 (982883.000.000) 2024-04-25 20:09:51 Image size of job updated: 36556
	12  -  MemoryUsage of job (MB)
	11980  -  ResidentSetSize of job (KB)
...
005 (982883.000.000) 2024-04-25 20:09:51 Job terminated.
	(1) Normal termination (return value 0)
		Usr 0 00:00:33, Sys 0 00:00:00  -  Run Remote Usage
		Usr 0 00:00:00, Sys 0 00:00:00  -  Run Local Usage
		Usr 0 00:00:33, Sys 0 00:00:00  -  Total Remote Usage
		Usr 0 00:00:00, Sys 0 00:00:00  -  Total Local Usage
	0  -  Run Bytes Sent By Job
	0  -  Run Bytes Received By Job
	0  -  Total Bytes Sent By Job
	0  -  Total Bytes Received By Job
	Partitionable Resources :    Usage  Request Allocated 
	   Cpus                 :                 1         1 
	   Disk (KB)            :        1        1  18498544 
	   Memory (MB)          :       12        1     24186 

	Job terminated of its own accord at 2024-04-26T01:09:51Z.
...
000 (983468.000.000) 2024-04-25 22:30:10 Job submitted from host: <128.83.120.183:9618?addrs=128.83.120.183-9618&alias=darmok.cs.utexas.edu&noUDP&sock=schedd_1353_9fba>
...
001 (983468.000.000) 2024-04-25 22:30:31 Job executing on host: <128.83.144.147:9618?addrs=128.83.144.147-9618&alias=oliphaunt-1.cs.utexas.edu&noUDP&sock=startd_1578_f489>
...
006 (983468.000.000) 2024-04-25 22:30:40 Image size of job updated: 36428
	12  -  MemoryUsage of job (MB)
	12004  -  ResidentSetSize of job (KB)
...
006 (983468.000.000) 2024-04-25 22:35:41 Image size of job updated: 37452
	13  -  MemoryUsage of job (MB)
	12856  -  ResidentSetSize of job (KB)
...
005 (983468.000.000) 2024-04-25 22:36:56 Job terminated.
	(1) Normal termination (return value 0)
		Usr 0 00:06:23, Sys 0 00:00:00  -  Run Remote Usage
		Usr 0 00:00:00, Sys 0 00:00:00  -  Run Local Usage
		Usr 0 00:06:23, Sys 0 00:00:00  -  Total Remote Usage
		Usr 0 00:00:00, Sys 0 00:00:00  -  Total Local Usage
	0  -  Run Bytes Sent By Job
	0  -  Run Bytes Received By Job
	0  -  Total Bytes Sent By Job
	0  -  Total Bytes Received By Job
	Partitionable Resources :    Usage  Request Allocated 
	   Cpus                 :     1.00        1         1 
	   Disk (KB)            :     1           1  18498544 
	   Memory (MB)          :    13        1121     24186 

	Job terminated of its own accord at 2024-04-26T03:36:55Z.
...
000 (983521.000.000) 2024-04-26 03:02:58 Job submitted from host: <128.83.120.183:9618?addrs=128.83.120.183-9618&alias=darmok.cs.utexas.edu&noUDP&sock=schedd_1353_9fba>
...
001 (983521.000.000) 2024-04-26 03:03:21 Job executing on host: <128.83.144.147:9618?addrs=128.83.144.147-9618&alias=oliphaunt-1.cs.utexas.edu&noUDP&sock=startd_1578_f489>
...
006 (983521.000.000) 2024-04-26 03:03:29 Image size of job updated: 36296
	12  -  MemoryUsage of job (MB)
	11980  -  ResidentSetSize of job (KB)
...
006 (983521.000.000) 2024-04-26 03:08:29 Image size of job updated: 37852
	13  -  MemoryUsage of job (MB)
	13300  -  ResidentSetSize of job (KB)
...
006 (983521.000.000) 2024-04-26 03:13:29 Image size of job updated: 38236
	14  -  MemoryUsage of job (MB)
	13648  -  ResidentSetSize of job (KB)
...
006 (983521.000.000) 2024-04-26 03:18:31 Image size of job updated: 38368
	14  -  MemoryUsage of job (MB)
	13736  -  ResidentSetSize of job (KB)
...
006 (983521.000.000) 2024-04-26 03:23:31 Image size of job updated: 38368
	14  -  MemoryUsage of job (MB)
	13752  -  ResidentSetSize of job (KB)
...
006 (983521.000.000) 2024-04-26 03:28:31 Image size of job updated: 38368
	14  -  MemoryUsage of job (MB)
	13776  -  ResidentSetSize of job (KB)
...
006 (983521.000.000) 2024-04-26 03:33:32 Image size of job updated: 38368
	14  -  MemoryUsage of job (MB)
	13800  -  ResidentSetSize of job (KB)
...
006 (983521.000.000) 2024-04-26 03:38:33 Image size of job updated: 38464
	14  -  MemoryUsage of job (MB)
	13828  -  ResidentSetSize of job (KB)
...
006 (983521.000.000) 2024-04-26 03:43:33 Image size of job updated: 38464
	14  -  MemoryUsage of job (MB)
	13852  -  ResidentSetSize of job (KB)
...
006 (983521.000.000) 2024-04-26 03:48:33 Image size of job updated: 38464
	14  -  MemoryUsage of job (MB)
	13876  -  ResidentSetSize of job (KB)
...
006 (983521.000.000) 2024-04-26 03:53:35 Image size of job updated: 38464
	14  -  MemoryUsage of job (MB)
	13888  -  ResidentSetSize of job (KB)
...
006 (983521.000.000) 2024-04-26 03:58:35 Image size of job updated: 38592
	14  -  MemoryUsage of job (MB)
	13912  -  ResidentSetSize of job (KB)
...
006 (983521.000.000) 2024-04-26 04:03:35 Image size of job updated: 38592
	14  -  MemoryUsage of job (MB)
	13960  -  ResidentSetSize of job (KB)
...
005 (983521.000.000) 2024-04-26 04:05:06 Job terminated.
	(1) Normal termination (return value 0)
		Usr 0 01:01:44, Sys 0 00:00:00  -  Run Remote Usage
		Usr 0 00:00:00, Sys 0 00:00:00  -  Run Local Usage
		Usr 0 01:01:44, Sys 0 00:00:00  -  Total Remote Usage
		Usr 0 00:00:00, Sys 0 00:00:00  -  Total Local Usage
	0  -  Run Bytes Sent By Job
	0  -  Run Bytes Received By Job
	0  -  Total Bytes Sent By Job
	0  -  Total Bytes Received By Job
	Partitionable Resources :    Usage  Request Allocated 
	   Cpus                 :     1.00        1         1 
	   Disk (KB)            :     1           1  18498544 
	   Memory (MB)          :    14          13     24186 

	Job terminated of its own accord at 2024-04-26T09:05:06Z.
...
000 (983892.000.000) 2024-04-26 05:06:19 Job submitted from host: <128.83.120.183:9618?addrs=128.83.120.183-9618&alias=darmok.cs.utexas.edu&noUDP&sock=schedd_1353_9fba>
...
001 (983892.000.000) 2024-04-26 05:06:38 Job executing on host: <128.83.139.143:9618?addrs=128.83.139.143-9618&alias=angrist-16.cs.utexas.edu&noUDP&sock=startd_1598_ac6e>
...
006 (983892.000.000) 2024-04-26 05:06:47 Image size of job updated: 36556
	12  -  MemoryUsage of job (MB)
	11980  -  ResidentSetSize of job (KB)
...
005 (983892.000.000) 2024-04-26 05:07:02 Job terminated.
	(1) Normal termination (return value 0)
		Usr 0 00:00:22, Sys 0 00:00:00  -  Run Remote Usage
		Usr 0 00:00:00, Sys 0 00:00:00  -  Run Local Usage
		Usr 0 00:00:22, Sys 0 00:00:00  -  Total Remote Usage
		Usr 0 00:00:00, Sys 0 00:00:00  -  Total Local Usage
	0  -  Run Bytes Sent By Job
	0  -  Run Bytes Received By Job
	0  -  Total Bytes Sent By Job
	0  -  Total Bytes Received By Job
	Partitionable Resources :    Usage  Request Allocated 
	   Cpus                 :                 1         1 
	   Disk (KB)            :        1        1  10853596 
	   Memory (MB)          :       12        1      4026 

	Job terminated of its own accord at 2024-04-26T10:07:01Z.
...
