000 (982876.000.000) 2024-04-25 20:09:02 Job submitted from host: <128.83.120.183:9618?addrs=128.83.120.183-9618&alias=darmok.cs.utexas.edu&noUDP&sock=schedd_1353_9fba>
...
001 (982876.000.000) 2024-04-25 20:09:15 Job executing on host: <128.83.130.161:9618?addrs=128.83.130.161-9618&alias=oliphaunt-2.cs.utexas.edu&noUDP&sock=startd_1594_ee0d>
...
006 (982876.000.000) 2024-04-25 20:09:23 Image size of job updated: 36304
	12  -  MemoryUsage of job (MB)
	11776  -  ResidentSetSize of job (KB)
...
006 (982876.000.000) 2024-04-25 20:09:44 Image size of job updated: 36420
	12  -  MemoryUsage of job (MB)
	11776  -  ResidentSetSize of job (KB)
...
005 (982876.000.000) 2024-04-25 20:09:44 Job terminated.
	(1) Normal termination (return value 0)
		Usr 0 00:00:29, Sys 0 00:00:00  -  Run Remote Usage
		Usr 0 00:00:00, Sys 0 00:00:00  -  Run Local Usage
		Usr 0 00:00:29, Sys 0 00:00:00  -  Total Remote Usage
		Usr 0 00:00:00, Sys 0 00:00:00  -  Total Local Usage
	0  -  Run Bytes Sent By Job
	0  -  Run Bytes Received By Job
	0  -  Total Bytes Sent By Job
	0  -  Total Bytes Received By Job
	Partitionable Resources :    Usage  Request Allocated 
	   Cpus                 :                 1         1 
	   Disk (KB)            :        1        1  18498544 
	   Memory (MB)          :       12        1     24186 

	Job terminated of its own accord at 2024-04-26T01:09:44Z.
...
000 (983461.000.000) 2024-04-25 22:30:09 Job submitted from host: <128.83.120.183:9618?addrs=128.83.120.183-9618&alias=darmok.cs.utexas.edu&noUDP&sock=schedd_1353_9fba>
...
001 (983461.000.000) 2024-04-25 22:30:30 Job executing on host: <128.83.144.147:9618?addrs=128.83.144.147-9618&alias=oliphaunt-1.cs.utexas.edu&noUDP&sock=startd_1578_f489>
...
006 (983461.000.000) 2024-04-25 22:30:39 Image size of job updated: 36304
	12  -  MemoryUsage of job (MB)
	11756  -  ResidentSetSize of job (KB)
...
006 (983461.000.000) 2024-04-25 22:35:36 Image size of job updated: 36560
	12  -  MemoryUsage of job (MB)
	11756  -  ResidentSetSize of job (KB)
...
005 (983461.000.000) 2024-04-25 22:35:37 Job terminated.
	(1) Normal termination (return value 0)
		Usr 0 00:05:05, Sys 0 00:00:00  -  Run Remote Usage
		Usr 0 00:00:00, Sys 0 00:00:00  -  Run Local Usage
		Usr 0 00:05:05, Sys 0 00:00:00  -  Total Remote Usage
		Usr 0 00:00:00, Sys 0 00:00:00  -  Total Local Usage
	0  -  Run Bytes Sent By Job
	0  -  Run Bytes Received By Job
	0  -  Total Bytes Sent By Job
	0  -  Total Bytes Received By Job
	Partitionable Resources :    Usage  Request Allocated 
	   Cpus                 :     1.00        1         1 
	   Disk (KB)            :     1           1  18498544 
	   Memory (MB)          :    12         279     24186 

	Job terminated of its own accord at 2024-04-26T03:35:36Z.
...
000 (983514.000.000) 2024-04-26 03:02:57 Job submitted from host: <128.83.120.183:9618?addrs=128.83.120.183-9618&alias=darmok.cs.utexas.edu&noUDP&sock=schedd_1353_9fba>
...
001 (983514.000.000) 2024-04-26 03:03:22 Job executing on host: <128.83.130.161:9618?addrs=128.83.130.161-9618&alias=oliphaunt-2.cs.utexas.edu&noUDP&sock=startd_1594_ee0d>
...
006 (983514.000.000) 2024-04-26 03:03:31 Image size of job updated: 36304
	12  -  MemoryUsage of job (MB)
	11760  -  ResidentSetSize of job (KB)
...
006 (983514.000.000) 2024-04-26 03:08:32 Image size of job updated: 36560
	12  -  MemoryUsage of job (MB)
	11936  -  ResidentSetSize of job (KB)
...
006 (983514.000.000) 2024-04-26 03:13:33 Image size of job updated: 36560
	12  -  MemoryUsage of job (MB)
	11976  -  ResidentSetSize of job (KB)
...
006 (983514.000.000) 2024-04-26 03:18:33 Image size of job updated: 36560
	12  -  MemoryUsage of job (MB)
	11992  -  ResidentSetSize of job (KB)
...
006 (983514.000.000) 2024-04-26 03:33:34 Image size of job updated: 36688
	12  -  MemoryUsage of job (MB)
	12000  -  ResidentSetSize of job (KB)
...
005 (983514.000.000) 2024-04-26 03:44:08 Job terminated.
	(1) Normal termination (return value 0)
		Usr 0 00:40:45, Sys 0 00:00:00  -  Run Remote Usage
		Usr 0 00:00:00, Sys 0 00:00:00  -  Run Local Usage
		Usr 0 00:40:45, Sys 0 00:00:00  -  Total Remote Usage
		Usr 0 00:00:00, Sys 0 00:00:00  -  Total Local Usage
	0  -  Run Bytes Sent By Job
	0  -  Run Bytes Received By Job
	0  -  Total Bytes Sent By Job
	0  -  Total Bytes Received By Job
	Partitionable Resources :    Usage  Request Allocated 
	   Cpus                 :     1.00        1         1 
	   Disk (KB)            :     1           1  18498544 
	   Memory (MB)          :    12          22     24186 

	Job terminated of its own accord at 2024-04-26T08:44:08Z.
...
000 (983885.000.000) 2024-04-26 05:06:19 Job submitted from host: <128.83.120.183:9618?addrs=128.83.120.183-9618&alias=darmok.cs.utexas.edu&noUDP&sock=schedd_1353_9fba>
...
001 (983885.000.000) 2024-04-26 05:06:36 Job executing on host: <128.83.139.150:9618?addrs=128.83.139.150-9618&alias=angrist-23.cs.utexas.edu&noUDP&sock=startd_1604_c9ff>
...
006 (983885.000.000) 2024-04-26 05:06:45 Image size of job updated: 36416
	12  -  MemoryUsage of job (MB)
	11804  -  ResidentSetSize of job (KB)
...
005 (983885.000.000) 2024-04-26 05:06:56 Job terminated.
	(1) Normal termination (return value 0)
		Usr 0 00:00:19, Sys 0 00:00:00  -  Run Remote Usage
		Usr 0 00:00:00, Sys 0 00:00:00  -  Run Local Usage
		Usr 0 00:00:19, Sys 0 00:00:00  -  Total Remote Usage
		Usr 0 00:00:00, Sys 0 00:00:00  -  Total Local Usage
	0  -  Run Bytes Sent By Job
	0  -  Run Bytes Received By Job
	0  -  Total Bytes Sent By Job
	0  -  Total Bytes Received By Job
	Partitionable Resources :    Usage  Request Allocated 
	   Cpus                 :                 1         1 
	   Disk (KB)            :        1        1  10853594 
	   Memory (MB)          :       12        1      4026 

	Job terminated of its own accord at 2024-04-26T10:06:56Z.
...
