000 (982861.000.000) 2024-04-25 20:09:00 Job submitted from host: <128.83.120.183:9618?addrs=128.83.120.183-9618&alias=darmok.cs.utexas.edu&noUDP&sock=schedd_1353_9fba>
...
001 (982861.000.000) 2024-04-25 20:09:13 Job executing on host: <128.83.130.161:9618?addrs=128.83.130.161-9618&alias=oliphaunt-2.cs.utexas.edu&noUDP&sock=startd_1594_ee0d>
...
006 (982861.000.000) 2024-04-25 20:09:21 Image size of job updated: 36296
	12  -  MemoryUsage of job (MB)
	11708  -  ResidentSetSize of job (KB)
...
005 (982861.000.000) 2024-04-25 20:09:37 Job terminated.
	(1) Normal termination (return value 0)
		Usr 0 00:00:24, Sys 0 00:00:00  -  Run Remote Usage
		Usr 0 00:00:00, Sys 0 00:00:00  -  Run Local Usage
		Usr 0 00:00:24, Sys 0 00:00:00  -  Total Remote Usage
		Usr 0 00:00:00, Sys 0 00:00:00  -  Total Local Usage
	0  -  Run Bytes Sent By Job
	0  -  Run Bytes Received By Job
	0  -  Total Bytes Sent By Job
	0  -  Total Bytes Received By Job
	Partitionable Resources :    Usage  Request Allocated 
	   Cpus                 :                 1         1 
	   Disk (KB)            :        1        1  18498544 
	   Memory (MB)          :       12        1     24186 

	Job terminated of its own accord at 2024-04-26T01:09:37Z.
...
000 (983446.000.000) 2024-04-25 22:30:05 Job submitted from host: <128.83.120.183:9618?addrs=128.83.120.183-9618&alias=darmok.cs.utexas.edu&noUDP&sock=schedd_1353_9fba>
...
001 (983446.000.000) 2024-04-25 22:30:08 Job executing on host: <128.83.130.161:9618?addrs=128.83.130.161-9618&alias=oliphaunt-2.cs.utexas.edu&noUDP&sock=startd_1594_ee0d>
...
006 (983446.000.000) 2024-04-25 22:30:17 Image size of job updated: 36296
	12  -  MemoryUsage of job (MB)
	11672  -  ResidentSetSize of job (KB)
...
006 (983446.000.000) 2024-04-25 22:35:15 Image size of job updated: 36812
	12  -  MemoryUsage of job (MB)
	11672  -  ResidentSetSize of job (KB)
...
005 (983446.000.000) 2024-04-25 22:35:15 Job terminated.
	(1) Normal termination (return value 0)
		Usr 0 00:05:06, Sys 0 00:00:00  -  Run Remote Usage
		Usr 0 00:00:00, Sys 0 00:00:00  -  Run Local Usage
		Usr 0 00:05:06, Sys 0 00:00:00  -  Total Remote Usage
		Usr 0 00:00:00, Sys 0 00:00:00  -  Total Local Usage
	0  -  Run Bytes Sent By Job
	0  -  Run Bytes Received By Job
	0  -  Total Bytes Sent By Job
	0  -  Total Bytes Received By Job
	Partitionable Resources :    Usage  Request Allocated 
	   Cpus                 :     1.00        1         1 
	   Disk (KB)            :     1           1  18498544 
	   Memory (MB)          :    12          94     24186 

	Job terminated of its own accord at 2024-04-26T03:35:15Z.
...
000 (983499.000.000) 2024-04-26 03:02:55 Job submitted from host: <128.83.120.183:9618?addrs=128.83.120.183-9618&alias=darmok.cs.utexas.edu&noUDP&sock=schedd_1353_9fba>
...
001 (983499.000.000) 2024-04-26 03:03:22 Job executing on host: <128.83.144.147:9618?addrs=128.83.144.147-9618&alias=oliphaunt-1.cs.utexas.edu&noUDP&sock=startd_1578_f489>
...
006 (983499.000.000) 2024-04-26 03:03:31 Image size of job updated: 36300
	12  -  MemoryUsage of job (MB)
	11668  -  ResidentSetSize of job (KB)
...
006 (983499.000.000) 2024-04-26 03:08:32 Image size of job updated: 36812
	12  -  MemoryUsage of job (MB)
	12204  -  ResidentSetSize of job (KB)
...
006 (983499.000.000) 2024-04-26 03:18:33 Image size of job updated: 36944
	12  -  MemoryUsage of job (MB)
	12268  -  ResidentSetSize of job (KB)
...
006 (983499.000.000) 2024-04-26 03:48:36 Image size of job updated: 36944
	12  -  MemoryUsage of job (MB)
	12272  -  ResidentSetSize of job (KB)
...
005 (983499.000.000) 2024-04-26 04:11:25 Job terminated.
	(1) Normal termination (return value 0)
		Usr 0 01:08:00, Sys 0 00:00:01  -  Run Remote Usage
		Usr 0 00:00:00, Sys 0 00:00:00  -  Run Local Usage
		Usr 0 01:08:00, Sys 0 00:00:01  -  Total Remote Usage
		Usr 0 00:00:00, Sys 0 00:00:00  -  Total Local Usage
	0  -  Run Bytes Sent By Job
	0  -  Run Bytes Received By Job
	0  -  Total Bytes Sent By Job
	0  -  Total Bytes Received By Job
	Partitionable Resources :    Usage  Request Allocated 
	   Cpus                 :     1.00        1         1 
	   Disk (KB)            :     1           1  18498544 
	   Memory (MB)          :    12         291     24186 

	Job terminated of its own accord at 2024-04-26T09:11:25Z.
...
000 (983870.000.000) 2024-04-26 05:06:17 Job submitted from host: <128.83.120.183:9618?addrs=128.83.120.183-9618&alias=darmok.cs.utexas.edu&noUDP&sock=schedd_1353_9fba>
...
001 (983870.000.000) 2024-04-26 05:06:36 Job executing on host: <128.83.139.142:9618?addrs=128.83.139.142-9618&alias=angrist-15.cs.utexas.edu&noUDP&sock=startd_1598_ac6e>
...
006 (983870.000.000) 2024-04-26 05:06:44 Image size of job updated: 36300
	12  -  MemoryUsage of job (MB)
	11712  -  ResidentSetSize of job (KB)
...
005 (983870.000.000) 2024-04-26 05:06:55 Job terminated.
	(1) Normal termination (return value 0)
		Usr 0 00:00:19, Sys 0 00:00:00  -  Run Remote Usage
		Usr 0 00:00:00, Sys 0 00:00:00  -  Run Local Usage
		Usr 0 00:00:19, Sys 0 00:00:00  -  Total Remote Usage
		Usr 0 00:00:00, Sys 0 00:00:00  -  Total Local Usage
	0  -  Run Bytes Sent By Job
	0  -  Run Bytes Received By Job
	0  -  Total Bytes Sent By Job
	0  -  Total Bytes Received By Job
	Partitionable Resources :    Usage  Request Allocated 
	   Cpus                 :                 1         1 
	   Disk (KB)            :        1        1  10853596 
	   Memory (MB)          :       12        1      4026 

	Job terminated of its own accord at 2024-04-26T10:06:55Z.
...
