000 (982875.000.000) 2024-04-25 20:09:02 Job submitted from host: <128.83.120.183:9618?addrs=128.83.120.183-9618&alias=darmok.cs.utexas.edu&noUDP&sock=schedd_1353_9fba>
...
001 (982875.000.000) 2024-04-25 20:09:15 Job executing on host: <128.83.144.147:9618?addrs=128.83.144.147-9618&alias=oliphaunt-1.cs.utexas.edu&noUDP&sock=startd_1578_f489>
...
006 (982875.000.000) 2024-04-25 20:09:23 Image size of job updated: 36296
	12  -  MemoryUsage of job (MB)
	11720  -  ResidentSetSize of job (KB)
...
006 (982875.000.000) 2024-04-25 20:09:48 Image size of job updated: 36424
	12  -  MemoryUsage of job (MB)
	11720  -  ResidentSetSize of job (KB)
...
005 (982875.000.000) 2024-04-25 20:09:48 Job terminated.
	(1) Normal termination (return value 0)
		Usr 0 00:00:33, Sys 0 00:00:00  -  Run Remote Usage
		Usr 0 00:00:00, Sys 0 00:00:00  -  Run Local Usage
		Usr 0 00:00:33, Sys 0 00:00:00  -  Total Remote Usage
		Usr 0 00:00:00, Sys 0 00:00:00  -  Total Local Usage
	0  -  Run Bytes Sent By Job
	0  -  Run Bytes Received By Job
	0  -  Total Bytes Sent By Job
	0  -  Total Bytes Received By Job
	Partitionable Resources :    Usage  Request Allocated 
	   Cpus                 :                 1         1 
	   Disk (KB)            :        1        1  18498544 
	   Memory (MB)          :       12        1     24186 

	Job terminated of its own accord at 2024-04-26T01:09:48Z.
...
000 (983460.000.000) 2024-04-25 22:30:09 Job submitted from host: <128.83.120.183:9618?addrs=128.83.120.183-9618&alias=darmok.cs.utexas.edu&noUDP&sock=schedd_1353_9fba>
...
001 (983460.000.000) 2024-04-25 22:30:31 Job executing on host: <128.83.130.161:9618?addrs=128.83.130.161-9618&alias=oliphaunt-2.cs.utexas.edu&noUDP&sock=startd_1594_ee0d>
...
006 (983460.000.000) 2024-04-25 22:30:39 Image size of job updated: 36300
	12  -  MemoryUsage of job (MB)
	11688  -  ResidentSetSize of job (KB)
...
006 (983460.000.000) 2024-04-25 22:34:19 Image size of job updated: 36428
	12  -  MemoryUsage of job (MB)
	11688  -  ResidentSetSize of job (KB)
...
005 (983460.000.000) 2024-04-25 22:34:19 Job terminated.
	(1) Normal termination (return value 0)
		Usr 0 00:03:48, Sys 0 00:00:00  -  Run Remote Usage
		Usr 0 00:00:00, Sys 0 00:00:00  -  Run Local Usage
		Usr 0 00:03:48, Sys 0 00:00:00  -  Total Remote Usage
		Usr 0 00:00:00, Sys 0 00:00:00  -  Total Local Usage
	0  -  Run Bytes Sent By Job
	0  -  Run Bytes Received By Job
	0  -  Total Bytes Sent By Job
	0  -  Total Bytes Received By Job
	Partitionable Resources :    Usage  Request Allocated 
	   Cpus                 :     1.00        1         1 
	   Disk (KB)            :     1           1  18498544 
	   Memory (MB)          :    12         300     24186 

	Job terminated of its own accord at 2024-04-26T03:34:19Z.
...
000 (983513.000.000) 2024-04-26 03:02:56 Job submitted from host: <128.83.120.183:9618?addrs=128.83.120.183-9618&alias=darmok.cs.utexas.edu&noUDP&sock=schedd_1353_9fba>
...
001 (983513.000.000) 2024-04-26 03:03:19 Job executing on host: <128.83.144.147:9618?addrs=128.83.144.147-9618&alias=oliphaunt-1.cs.utexas.edu&noUDP&sock=startd_1578_f489>
...
006 (983513.000.000) 2024-04-26 03:03:28 Image size of job updated: 36300
	12  -  MemoryUsage of job (MB)
	11700  -  ResidentSetSize of job (KB)
...
006 (983513.000.000) 2024-04-26 03:08:29 Image size of job updated: 36428
	12  -  MemoryUsage of job (MB)
	11836  -  ResidentSetSize of job (KB)
...
006 (983513.000.000) 2024-04-26 03:18:29 Image size of job updated: 36556
	12  -  MemoryUsage of job (MB)
	11904  -  ResidentSetSize of job (KB)
...
006 (983513.000.000) 2024-04-26 03:28:31 Image size of job updated: 36556
	12  -  MemoryUsage of job (MB)
	11916  -  ResidentSetSize of job (KB)
...
006 (983513.000.000) 2024-04-26 03:38:32 Image size of job updated: 36556
	12  -  MemoryUsage of job (MB)
	11920  -  ResidentSetSize of job (KB)
...
006 (983513.000.000) 2024-04-26 03:43:33 Image size of job updated: 36556
	12  -  MemoryUsage of job (MB)
	11944  -  ResidentSetSize of job (KB)
...
005 (983513.000.000) 2024-04-26 03:47:50 Job terminated.
	(1) Normal termination (return value 0)
		Usr 0 00:44:29, Sys 0 00:00:00  -  Run Remote Usage
		Usr 0 00:00:00, Sys 0 00:00:00  -  Run Local Usage
		Usr 0 00:44:29, Sys 0 00:00:00  -  Total Remote Usage
		Usr 0 00:00:00, Sys 0 00:00:00  -  Total Local Usage
	0  -  Run Bytes Sent By Job
	0  -  Run Bytes Received By Job
	0  -  Total Bytes Sent By Job
	0  -  Total Bytes Received By Job
	Partitionable Resources :    Usage  Request Allocated 
	   Cpus                 :     1.00        1         1 
	   Disk (KB)            :     1           1  18498544 
	   Memory (MB)          :    12          27     24186 

	Job terminated of its own accord at 2024-04-26T08:47:50Z.
...
000 (983884.000.000) 2024-04-26 05:06:18 Job submitted from host: <128.83.120.183:9618?addrs=128.83.120.183-9618&alias=darmok.cs.utexas.edu&noUDP&sock=schedd_1353_9fba>
...
001 (983884.000.000) 2024-04-26 05:06:38 Job executing on host: <128.83.139.143:9618?addrs=128.83.139.143-9618&alias=angrist-16.cs.utexas.edu&noUDP&sock=startd_1598_ac6e>
...
006 (983884.000.000) 2024-04-26 05:06:46 Image size of job updated: 36300
	12  -  MemoryUsage of job (MB)
	11740  -  ResidentSetSize of job (KB)
...
006 (983884.000.000) 2024-04-26 05:07:01 Image size of job updated: 36428
	12  -  MemoryUsage of job (MB)
	11740  -  ResidentSetSize of job (KB)
...
005 (983884.000.000) 2024-04-26 05:07:01 Job terminated.
	(1) Normal termination (return value 0)
		Usr 0 00:00:23, Sys 0 00:00:00  -  Run Remote Usage
		Usr 0 00:00:00, Sys 0 00:00:00  -  Run Local Usage
		Usr 0 00:00:23, Sys 0 00:00:00  -  Total Remote Usage
		Usr 0 00:00:00, Sys 0 00:00:00  -  Total Local Usage
	0  -  Run Bytes Sent By Job
	0  -  Run Bytes Received By Job
	0  -  Total Bytes Sent By Job
	0  -  Total Bytes Received By Job
	Partitionable Resources :    Usage  Request Allocated 
	   Cpus                 :                 1         1 
	   Disk (KB)            :        1        1  10853596 
	   Memory (MB)          :       12        1      4026 

	Job terminated of its own accord at 2024-04-26T10:07:01Z.
...
