000 (982872.000.000) 2024-04-25 20:09:01 Job submitted from host: <128.83.120.183:9618?addrs=128.83.120.183-9618&alias=darmok.cs.utexas.edu&noUDP&sock=schedd_1353_9fba>
...
001 (982872.000.000) 2024-04-25 20:09:14 Job executing on host: <128.83.144.147:9618?addrs=128.83.144.147-9618&alias=oliphaunt-1.cs.utexas.edu&noUDP&sock=startd_1578_f489>
...
006 (982872.000.000) 2024-04-25 20:09:23 Image size of job updated: 36296
	12  -  MemoryUsage of job (MB)
	11768  -  ResidentSetSize of job (KB)
...
006 (982872.000.000) 2024-04-25 20:10:04 Image size of job updated: 36428
	12  -  MemoryUsage of job (MB)
	11768  -  ResidentSetSize of job (KB)
...
005 (982872.000.000) 2024-04-25 20:10:04 Job terminated.
	(1) Normal termination (return value 0)
		Usr 0 00:00:49, Sys 0 00:00:00  -  Run Remote Usage
		Usr 0 00:00:00, Sys 0 00:00:00  -  Run Local Usage
		Usr 0 00:00:49, Sys 0 00:00:00  -  Total Remote Usage
		Usr 0 00:00:00, Sys 0 00:00:00  -  Total Local Usage
	0  -  Run Bytes Sent By Job
	0  -  Run Bytes Received By Job
	0  -  Total Bytes Sent By Job
	0  -  Total Bytes Received By Job
	Partitionable Resources :    Usage  Request Allocated 
	   Cpus                 :                 1         1 
	   Disk (KB)            :        1        1  18498544 
	   Memory (MB)          :       12        1     24186 

	Job terminated of its own accord at 2024-04-26T01:10:04Z.
...
000 (983457.000.000) 2024-04-25 22:30:08 Job submitted from host: <128.83.120.183:9618?addrs=128.83.120.183-9618&alias=darmok.cs.utexas.edu&noUDP&sock=schedd_1353_9fba>
...
001 (983457.000.000) 2024-04-25 22:30:30 Job executing on host: <128.83.144.147:9618?addrs=128.83.144.147-9618&alias=oliphaunt-1.cs.utexas.edu&noUDP&sock=startd_1578_f489>
...
006 (983457.000.000) 2024-04-25 22:30:38 Image size of job updated: 36296
	12  -  MemoryUsage of job (MB)
	11712  -  ResidentSetSize of job (KB)
...
006 (983457.000.000) 2024-04-25 22:35:38 Image size of job updated: 36800
	12  -  MemoryUsage of job (MB)
	12164  -  ResidentSetSize of job (KB)
...
005 (983457.000.000) 2024-04-25 22:40:28 Job terminated.
	(1) Normal termination (return value 0)
		Usr 0 00:09:56, Sys 0 00:00:00  -  Run Remote Usage
		Usr 0 00:00:00, Sys 0 00:00:00  -  Run Local Usage
		Usr 0 00:09:56, Sys 0 00:00:00  -  Total Remote Usage
		Usr 0 00:00:00, Sys 0 00:00:00  -  Total Local Usage
	0  -  Run Bytes Sent By Job
	0  -  Run Bytes Received By Job
	0  -  Total Bytes Sent By Job
	0  -  Total Bytes Received By Job
	Partitionable Resources :    Usage  Request Allocated 
	   Cpus                 :     1.00        1         1 
	   Disk (KB)            :     1           1  18498544 
	   Memory (MB)          :    12          97     24186 

	Job terminated of its own accord at 2024-04-26T03:40:27Z.
...
000 (983510.000.000) 2024-04-26 03:02:56 Job submitted from host: <128.83.120.183:9618?addrs=128.83.120.183-9618&alias=darmok.cs.utexas.edu&noUDP&sock=schedd_1353_9fba>
...
001 (983510.000.000) 2024-04-26 03:03:22 Job executing on host: <128.83.130.161:9618?addrs=128.83.130.161-9618&alias=oliphaunt-2.cs.utexas.edu&noUDP&sock=startd_1594_ee0d>
...
006 (983510.000.000) 2024-04-26 03:03:30 Image size of job updated: 36296
	12  -  MemoryUsage of job (MB)
	11744  -  ResidentSetSize of job (KB)
...
006 (983510.000.000) 2024-04-26 03:08:30 Image size of job updated: 36804
	12  -  MemoryUsage of job (MB)
	12132  -  ResidentSetSize of job (KB)
...
006 (983510.000.000) 2024-04-26 03:13:31 Image size of job updated: 37064
	13  -  MemoryUsage of job (MB)
	12508  -  ResidentSetSize of job (KB)
...
006 (983510.000.000) 2024-04-26 03:18:31 Image size of job updated: 37192
	13  -  MemoryUsage of job (MB)
	12592  -  ResidentSetSize of job (KB)
...
006 (983510.000.000) 2024-04-26 03:23:31 Image size of job updated: 37192
	13  -  MemoryUsage of job (MB)
	12608  -  ResidentSetSize of job (KB)
...
006 (983510.000.000) 2024-04-26 03:38:33 Image size of job updated: 37192
	13  -  MemoryUsage of job (MB)
	12612  -  ResidentSetSize of job (KB)
...
006 (983510.000.000) 2024-04-26 03:43:33 Image size of job updated: 37192
	13  -  MemoryUsage of job (MB)
	12616  -  ResidentSetSize of job (KB)
...
006 (983510.000.000) 2024-04-26 04:03:36 Image size of job updated: 37192
	13  -  MemoryUsage of job (MB)
	12624  -  ResidentSetSize of job (KB)
...
006 (983510.000.000) 2024-04-26 04:08:37 Image size of job updated: 37192
	13  -  MemoryUsage of job (MB)
	12628  -  ResidentSetSize of job (KB)
...
005 (983510.000.000) 2024-04-26 04:16:05 Job terminated.
	(1) Normal termination (return value 0)
		Usr 0 01:12:42, Sys 0 00:00:00  -  Run Remote Usage
		Usr 0 00:00:00, Sys 0 00:00:00  -  Run Local Usage
		Usr 0 01:12:42, Sys 0 00:00:00  -  Total Remote Usage
		Usr 0 00:00:00, Sys 0 00:00:00  -  Total Local Usage
	0  -  Run Bytes Sent By Job
	0  -  Run Bytes Received By Job
	0  -  Total Bytes Sent By Job
	0  -  Total Bytes Received By Job
	Partitionable Resources :    Usage  Request Allocated 
	   Cpus                 :     1.00        1         1 
	   Disk (KB)            :     1           1  18498544 
	   Memory (MB)          :    13          13     24186 

	Job terminated of its own accord at 2024-04-26T09:16:05Z.
...
000 (983881.000.000) 2024-04-26 05:06:18 Job submitted from host: <128.83.120.183:9618?addrs=128.83.120.183-9618&alias=darmok.cs.utexas.edu&noUDP&sock=schedd_1353_9fba>
...
001 (983881.000.000) 2024-04-26 05:06:36 Job executing on host: <128.83.139.147:9618?addrs=128.83.139.147-9618&alias=angrist-20.cs.utexas.edu&noUDP&sock=startd_1592_8edc>
...
006 (983881.000.000) 2024-04-26 05:06:45 Image size of job updated: 36432
	12  -  MemoryUsage of job (MB)
	11808  -  ResidentSetSize of job (KB)
...
005 (983881.000.000) 2024-04-26 05:07:09 Job terminated.
	(1) Normal termination (return value 0)
		Usr 0 00:00:32, Sys 0 00:00:00  -  Run Remote Usage
		Usr 0 00:00:00, Sys 0 00:00:00  -  Run Local Usage
		Usr 0 00:00:32, Sys 0 00:00:00  -  Total Remote Usage
		Usr 0 00:00:00, Sys 0 00:00:00  -  Total Local Usage
	0  -  Run Bytes Sent By Job
	0  -  Run Bytes Received By Job
	0  -  Total Bytes Sent By Job
	0  -  Total Bytes Received By Job
	Partitionable Resources :    Usage  Request Allocated 
	   Cpus                 :                 1         1 
	   Disk (KB)            :        1        1  10853596 
	   Memory (MB)          :       12        1      4026 

	Job terminated of its own accord at 2024-04-26T10:07:09Z.
...
