000 (982874.000.000) 2024-04-25 20:09:02 Job submitted from host: <128.83.120.183:9618?addrs=128.83.120.183-9618&alias=darmok.cs.utexas.edu&noUDP&sock=schedd_1353_9fba>
...
001 (982874.000.000) 2024-04-25 20:09:15 Job executing on host: <128.83.130.161:9618?addrs=128.83.130.161-9618&alias=oliphaunt-2.cs.utexas.edu&noUDP&sock=startd_1594_ee0d>
...
006 (982874.000.000) 2024-04-25 20:09:23 Image size of job updated: 36300
	12  -  MemoryUsage of job (MB)
	11724  -  ResidentSetSize of job (KB)
...
006 (982874.000.000) 2024-04-25 20:09:39 Image size of job updated: 36432
	12  -  MemoryUsage of job (MB)
	11724  -  ResidentSetSize of job (KB)
...
005 (982874.000.000) 2024-04-25 20:09:40 Job terminated.
	(1) Normal termination (return value 0)
		Usr 0 00:00:24, Sys 0 00:00:00  -  Run Remote Usage
		Usr 0 00:00:00, Sys 0 00:00:00  -  Run Local Usage
		Usr 0 00:00:24, Sys 0 00:00:00  -  Total Remote Usage
		Usr 0 00:00:00, Sys 0 00:00:00  -  Total Local Usage
	0  -  Run Bytes Sent By Job
	0  -  Run Bytes Received By Job
	0  -  Total Bytes Sent By Job
	0  -  Total Bytes Received By Job
	Partitionable Resources :    Usage  Request Allocated 
	   Cpus                 :                 1         1 
	   Disk (KB)            :        1        1  18498544 
	   Memory (MB)          :       12        1     24186 

	Job terminated of its own accord at 2024-04-26T01:09:39Z.
...
000 (983459.000.000) 2024-04-25 22:30:09 Job submitted from host: <128.83.120.183:9618?addrs=128.83.120.183-9618&alias=darmok.cs.utexas.edu&noUDP&sock=schedd_1353_9fba>
...
001 (983459.000.000) 2024-04-25 22:30:32 Job executing on host: <128.83.144.147:9618?addrs=128.83.144.147-9618&alias=oliphaunt-1.cs.utexas.edu&noUDP&sock=startd_1578_f489>
...
006 (983459.000.000) 2024-04-25 22:30:40 Image size of job updated: 36300
	12  -  MemoryUsage of job (MB)
	11668  -  ResidentSetSize of job (KB)
...
006 (983459.000.000) 2024-04-25 22:34:41 Image size of job updated: 36552
	12  -  MemoryUsage of job (MB)
	11668  -  ResidentSetSize of job (KB)
...
005 (983459.000.000) 2024-04-25 22:34:41 Job terminated.
	(1) Normal termination (return value 0)
		Usr 0 00:04:09, Sys 0 00:00:00  -  Run Remote Usage
		Usr 0 00:00:00, Sys 0 00:00:00  -  Run Local Usage
		Usr 0 00:04:09, Sys 0 00:00:00  -  Total Remote Usage
		Usr 0 00:00:00, Sys 0 00:00:00  -  Total Local Usage
	0  -  Run Bytes Sent By Job
	0  -  Run Bytes Received By Job
	0  -  Total Bytes Sent By Job
	0  -  Total Bytes Received By Job
	Partitionable Resources :    Usage  Request Allocated 
	   Cpus                 :     1.00        1         1 
	   Disk (KB)            :     1           1  18498544 
	   Memory (MB)          :    12         167     24186 

	Job terminated of its own accord at 2024-04-26T03:34:41Z.
...
000 (983512.000.000) 2024-04-26 03:02:56 Job submitted from host: <128.83.120.183:9618?addrs=128.83.120.183-9618&alias=darmok.cs.utexas.edu&noUDP&sock=schedd_1353_9fba>
...
001 (983512.000.000) 2024-04-26 03:03:19 Job executing on host: <128.83.144.147:9618?addrs=128.83.144.147-9618&alias=oliphaunt-1.cs.utexas.edu&noUDP&sock=startd_1578_f489>
...
006 (983512.000.000) 2024-04-26 03:03:28 Image size of job updated: 36296
	12  -  MemoryUsage of job (MB)
	11680  -  ResidentSetSize of job (KB)
...
006 (983512.000.000) 2024-04-26 03:08:29 Image size of job updated: 36424
	12  -  MemoryUsage of job (MB)
	11848  -  ResidentSetSize of job (KB)
...
006 (983512.000.000) 2024-04-26 03:13:30 Image size of job updated: 36424
	12  -  MemoryUsage of job (MB)
	11868  -  ResidentSetSize of job (KB)
...
006 (983512.000.000) 2024-04-26 03:18:30 Image size of job updated: 36548
	12  -  MemoryUsage of job (MB)
	11936  -  ResidentSetSize of job (KB)
...
006 (983512.000.000) 2024-04-26 03:23:31 Image size of job updated: 36548
	12  -  MemoryUsage of job (MB)
	11948  -  ResidentSetSize of job (KB)
...
006 (983512.000.000) 2024-04-26 03:33:32 Image size of job updated: 36548
	12  -  MemoryUsage of job (MB)
	11952  -  ResidentSetSize of job (KB)
...
006 (983512.000.000) 2024-04-26 03:38:32 Image size of job updated: 36548
	12  -  MemoryUsage of job (MB)
	11956  -  ResidentSetSize of job (KB)
...
005 (983512.000.000) 2024-04-26 03:47:36 Job terminated.
	(1) Normal termination (return value 0)
		Usr 0 00:44:14, Sys 0 00:00:00  -  Run Remote Usage
		Usr 0 00:00:00, Sys 0 00:00:00  -  Run Local Usage
		Usr 0 00:44:14, Sys 0 00:00:00  -  Total Remote Usage
		Usr 0 00:00:00, Sys 0 00:00:00  -  Total Local Usage
	0  -  Run Bytes Sent By Job
	0  -  Run Bytes Received By Job
	0  -  Total Bytes Sent By Job
	0  -  Total Bytes Received By Job
	Partitionable Resources :    Usage  Request Allocated 
	   Cpus                 :     1.00        1         1 
	   Disk (KB)            :     1           1  18498544 
	   Memory (MB)          :    12          24     24186 

	Job terminated of its own accord at 2024-04-26T08:47:36Z.
...
000 (983883.000.000) 2024-04-26 05:06:18 Job submitted from host: <128.83.120.183:9618?addrs=128.83.120.183-9618&alias=darmok.cs.utexas.edu&noUDP&sock=schedd_1353_9fba>
...
001 (983883.000.000) 2024-04-26 05:06:39 Job executing on host: <128.83.139.142:9618?addrs=128.83.139.142-9618&alias=angrist-15.cs.utexas.edu&noUDP&sock=startd_1598_ac6e>
...
006 (983883.000.000) 2024-04-26 05:06:47 Image size of job updated: 36296
	12  -  MemoryUsage of job (MB)
	11732  -  ResidentSetSize of job (KB)
...
006 (983883.000.000) 2024-04-26 05:06:54 Image size of job updated: 36428
	12  -  MemoryUsage of job (MB)
	11732  -  ResidentSetSize of job (KB)
...
005 (983883.000.000) 2024-04-26 05:06:55 Job terminated.
	(1) Normal termination (return value 0)
		Usr 0 00:00:15, Sys 0 00:00:00  -  Run Remote Usage
		Usr 0 00:00:00, Sys 0 00:00:00  -  Run Local Usage
		Usr 0 00:00:15, Sys 0 00:00:00  -  Total Remote Usage
		Usr 0 00:00:00, Sys 0 00:00:00  -  Total Local Usage
	0  -  Run Bytes Sent By Job
	0  -  Run Bytes Received By Job
	0  -  Total Bytes Sent By Job
	0  -  Total Bytes Received By Job
	Partitionable Resources :    Usage  Request Allocated 
	   Cpus                 :                 1         1 
	   Disk (KB)            :        1        1  10853596 
	   Memory (MB)          :       12        1      4026 

	Job terminated of its own accord at 2024-04-26T10:06:54Z.
...
