000 (982840.000.000) 2024-04-25 20:08:56 Job submitted from host: <128.83.120.183:9618?addrs=128.83.120.183-9618&alias=darmok.cs.utexas.edu&noUDP&sock=schedd_1353_9fba>
...
001 (982840.000.000) 2024-04-25 20:09:12 Job executing on host: <128.83.130.161:9618?addrs=128.83.130.161-9618&alias=oliphaunt-2.cs.utexas.edu&noUDP&sock=startd_1594_ee0d>
...
006 (982840.000.000) 2024-04-25 20:09:21 Image size of job updated: 36296
	12  -  MemoryUsage of job (MB)
	11668  -  ResidentSetSize of job (KB)
...
005 (982840.000.000) 2024-04-25 20:09:28 Job terminated.
	(1) Normal termination (return value 0)
		Usr 0 00:00:15, Sys 0 00:00:00  -  Run Remote Usage
		Usr 0 00:00:00, Sys 0 00:00:00  -  Run Local Usage
		Usr 0 00:00:15, Sys 0 00:00:00  -  Total Remote Usage
		Usr 0 00:00:00, Sys 0 00:00:00  -  Total Local Usage
	0  -  Run Bytes Sent By Job
	0  -  Run Bytes Received By Job
	0  -  Total Bytes Sent By Job
	0  -  Total Bytes Received By Job
	Partitionable Resources :    Usage  Request Allocated 
	   Cpus                 :                 1         1 
	   Disk (KB)            :        1        1  18498544 
	   Memory (MB)          :       12        1     24186 

	Job terminated of its own accord at 2024-04-26T01:09:28Z.
...
000 (983425.000.000) 2024-04-25 22:30:03 Job submitted from host: <128.83.120.183:9618?addrs=128.83.120.183-9618&alias=darmok.cs.utexas.edu&noUDP&sock=schedd_1353_9fba>
...
001 (983425.000.000) 2024-04-25 22:30:07 Job executing on host: <128.83.130.161:9618?addrs=128.83.130.161-9618&alias=oliphaunt-2.cs.utexas.edu&noUDP&sock=startd_1594_ee0d>
...
006 (983425.000.000) 2024-04-25 22:30:15 Image size of job updated: 36296
	12  -  MemoryUsage of job (MB)
	11660  -  ResidentSetSize of job (KB)
...
006 (983425.000.000) 2024-04-25 22:34:04 Image size of job updated: 36424
	12  -  MemoryUsage of job (MB)
	11660  -  ResidentSetSize of job (KB)
...
005 (983425.000.000) 2024-04-25 22:34:05 Job terminated.
	(1) Normal termination (return value 0)
		Usr 0 00:03:57, Sys 0 00:00:00  -  Run Remote Usage
		Usr 0 00:00:00, Sys 0 00:00:00  -  Run Local Usage
		Usr 0 00:03:57, Sys 0 00:00:00  -  Total Remote Usage
		Usr 0 00:00:00, Sys 0 00:00:00  -  Total Local Usage
	0  -  Run Bytes Sent By Job
	0  -  Run Bytes Received By Job
	0  -  Total Bytes Sent By Job
	0  -  Total Bytes Received By Job
	Partitionable Resources :    Usage  Request Allocated 
	   Cpus                 :     1.00        1         1 
	   Disk (KB)            :     1           1  18498544 
	   Memory (MB)          :    12         253     24186 

	Job terminated of its own accord at 2024-04-26T03:34:04Z.
...
000 (983478.000.000) 2024-04-26 03:02:51 Job submitted from host: <128.83.120.183:9618?addrs=128.83.120.183-9618&alias=darmok.cs.utexas.edu&noUDP&sock=schedd_1353_9fba>
...
001 (983478.000.000) 2024-04-26 03:02:53 Job executing on host: <128.83.130.161:9618?addrs=128.83.130.161-9618&alias=oliphaunt-2.cs.utexas.edu&noUDP&sock=startd_1594_ee0d>
...
006 (983478.000.000) 2024-04-26 03:03:02 Image size of job updated: 36300
	12  -  MemoryUsage of job (MB)
	11660  -  ResidentSetSize of job (KB)
...
006 (983478.000.000) 2024-04-26 03:08:03 Image size of job updated: 36300
	12  -  MemoryUsage of job (MB)
	11736  -  ResidentSetSize of job (KB)
...
006 (983478.000.000) 2024-04-26 03:13:04 Image size of job updated: 36428
	12  -  MemoryUsage of job (MB)
	11748  -  ResidentSetSize of job (KB)
...
006 (983478.000.000) 2024-04-26 03:18:04 Image size of job updated: 36428
	12  -  MemoryUsage of job (MB)
	11796  -  ResidentSetSize of job (KB)
...
006 (983478.000.000) 2024-04-26 03:23:05 Image size of job updated: 36428
	12  -  MemoryUsage of job (MB)
	11820  -  ResidentSetSize of job (KB)
...
006 (983478.000.000) 2024-04-26 03:28:06 Image size of job updated: 36428
	12  -  MemoryUsage of job (MB)
	11828  -  ResidentSetSize of job (KB)
...
006 (983478.000.000) 2024-04-26 03:33:06 Image size of job updated: 36428
	12  -  MemoryUsage of job (MB)
	11836  -  ResidentSetSize of job (KB)
...
005 (983478.000.000) 2024-04-26 03:36:13 Job terminated.
	(1) Normal termination (return value 0)
		Usr 0 00:33:16, Sys 0 00:00:00  -  Run Remote Usage
		Usr 0 00:00:00, Sys 0 00:00:00  -  Run Local Usage
		Usr 0 00:33:16, Sys 0 00:00:00  -  Total Remote Usage
		Usr 0 00:00:00, Sys 0 00:00:00  -  Total Local Usage
	0  -  Run Bytes Sent By Job
	0  -  Run Bytes Received By Job
	0  -  Total Bytes Sent By Job
	0  -  Total Bytes Received By Job
	Partitionable Resources :    Usage  Request Allocated 
	   Cpus                 :     1.00        1         1 
	   Disk (KB)            :     1           1  18498544 
	   Memory (MB)          :    12           1     24186 

	Job terminated of its own accord at 2024-04-26T08:36:10Z.
...
000 (983849.000.000) 2024-04-26 05:06:13 Job submitted from host: <128.83.120.183:9618?addrs=128.83.120.183-9618&alias=darmok.cs.utexas.edu&noUDP&sock=schedd_1353_9fba>
...
001 (983849.000.000) 2024-04-26 05:06:15 Job executing on host: <128.83.139.142:9618?addrs=128.83.139.142-9618&alias=angrist-15.cs.utexas.edu&noUDP&sock=startd_1598_ac6e>
...
006 (983849.000.000) 2024-04-26 05:06:23 Image size of job updated: 36300
	12  -  MemoryUsage of job (MB)
	11680  -  ResidentSetSize of job (KB)
...
005 (983849.000.000) 2024-04-26 05:06:24 Job terminated.
	(1) Normal termination (return value 0)
		Usr 0 00:00:09, Sys 0 00:00:00  -  Run Remote Usage
		Usr 0 00:00:00, Sys 0 00:00:00  -  Run Local Usage
		Usr 0 00:00:09, Sys 0 00:00:00  -  Total Remote Usage
		Usr 0 00:00:00, Sys 0 00:00:00  -  Total Local Usage
	0  -  Run Bytes Sent By Job
	0  -  Run Bytes Received By Job
	0  -  Total Bytes Sent By Job
	0  -  Total Bytes Received By Job
	Partitionable Resources :    Usage  Request Allocated 
	   Cpus                 :                 1         1 
	   Disk (KB)            :        1        1  10853596 
	   Memory (MB)          :       12        1      4026 

	Job terminated of its own accord at 2024-04-26T10:06:24Z.
...
