000 (981654.000.000) 2024-04-25 16:51:00 Job submitted from host: <128.83.120.183:9618?addrs=128.83.120.183-9618&alias=darmok.cs.utexas.edu&noUDP&sock=schedd_1353_9fba>
...
001 (981654.000.000) 2024-04-25 16:51:11 Job executing on host: <128.83.144.89:9618?addrs=128.83.144.89-9618&alias=fellbeast-4.cs.utexas.edu&noUDP&sock=startd_7065_94b1>
...
006 (981654.000.000) 2024-04-25 16:51:20 Image size of job updated: 36568
	12  -  MemoryUsage of job (MB)
	11924  -  ResidentSetSize of job (KB)
...
006 (981654.000.000) 2024-04-25 16:52:39 Image size of job updated: 36700
	12  -  MemoryUsage of job (MB)
	11924  -  ResidentSetSize of job (KB)
...
005 (981654.000.000) 2024-04-25 16:52:39 Job terminated.
	(1) Normal termination (return value 0)
		Usr 0 00:01:27, Sys 0 00:00:00  -  Run Remote Usage
		Usr 0 00:00:00, Sys 0 00:00:00  -  Run Local Usage
		Usr 0 00:01:27, Sys 0 00:00:00  -  Total Remote Usage
		Usr 0 00:00:00, Sys 0 00:00:00  -  Total Local Usage
	0  -  Run Bytes Sent By Job
	0  -  Run Bytes Received By Job
	0  -  Total Bytes Sent By Job
	0  -  Total Bytes Received By Job
	Partitionable Resources :    Usage  Request Allocated 
	   Cpus                 :                 1         1 
	   Disk (KB)            :        1        1   1592191 
	   Memory (MB)          :       12        1      3220 

	Job terminated of its own accord at 2024-04-25T21:52:39Z.
...
