000 (981650.000.000) 2024-04-25 16:51:00 Job submitted from host: <128.83.120.183:9618?addrs=128.83.120.183-9618&alias=darmok.cs.utexas.edu&noUDP&sock=schedd_1353_9fba>
...
001 (981650.000.000) 2024-04-25 16:51:10 Job executing on host: <128.83.144.85:9618?addrs=128.83.144.85-9618&alias=fellbeast-2.cs.utexas.edu&noUDP&sock=startd_4105_445c>
...
006 (981650.000.000) 2024-04-25 16:51:19 Image size of job updated: 36816
	13  -  MemoryUsage of job (MB)
	12296  -  ResidentSetSize of job (KB)
...
006 (981650.000.000) 2024-04-25 16:52:41 Image size of job updated: 37444
	13  -  MemoryUsage of job (MB)
	12296  -  ResidentSetSize of job (KB)
...
005 (981650.000.000) 2024-04-25 16:52:42 Job terminated.
	(1) Normal termination (return value 0)
		Usr 0 00:01:30, Sys 0 00:00:00  -  Run Remote Usage
		Usr 0 00:00:00, Sys 0 00:00:00  -  Run Local Usage
		Usr 0 00:01:30, Sys 0 00:00:00  -  Total Remote Usage
		Usr 0 00:00:00, Sys 0 00:00:00  -  Total Local Usage
	0  -  Run Bytes Sent By Job
	0  -  Run Bytes Received By Job
	0  -  Total Bytes Sent By Job
	0  -  Total Bytes Received By Job
	Partitionable Resources :    Usage  Request Allocated 
	   Cpus                 :                 1         1 
	   Disk (KB)            :        1        1   1592191 
	   Memory (MB)          :       13        1      3220 

	Job terminated of its own accord at 2024-04-25T21:52:41Z.
...
