000 (983748.000.000) 2024-04-26 04:56:22 Job submitted from host: <128.83.120.183:9618?addrs=128.83.120.183-9618&alias=darmok.cs.utexas.edu&noUDP&sock=schedd_1353_9fba>
...
001 (983748.000.000) 2024-04-26 04:56:42 Job executing on host: <128.83.139.142:9618?addrs=128.83.139.142-9618&alias=angrist-15.cs.utexas.edu&noUDP&sock=startd_1598_ac6e>
...
006 (983748.000.000) 2024-04-26 04:56:51 Image size of job updated: 125768
	99  -  MemoryUsage of job (MB)
	100704  -  ResidentSetSize of job (KB)
...
006 (983748.000.000) 2024-04-26 04:57:58 Image size of job updated: 132228
	99  -  MemoryUsage of job (MB)
	100704  -  ResidentSetSize of job (KB)
...
005 (983748.000.000) 2024-04-26 04:57:58 Job terminated.
	(1) Normal termination (return value 0)
		Usr 0 00:01:15, Sys 0 00:00:00  -  Run Remote Usage
		Usr 0 00:00:00, Sys 0 00:00:00  -  Run Local Usage
		Usr 0 00:01:15, Sys 0 00:00:00  -  Total Remote Usage
		Usr 0 00:00:00, Sys 0 00:00:00  -  Total Local Usage
	0  -  Run Bytes Sent By Job
	0  -  Run Bytes Received By Job
	0  -  Total Bytes Sent By Job
	0  -  Total Bytes Received By Job
	Partitionable Resources :    Usage  Request Allocated 
	   Cpus                 :                 1         1 
	   Disk (KB)            :        1        1  10853596 
	   Memory (MB)          :       99        1      4026 

	Job terminated of its own accord at 2024-04-26T09:57:58Z.
...
