000 (983772.000.000) 2024-04-26 04:56:26 Job submitted from host: <128.83.120.183:9618?addrs=128.83.120.183-9618&alias=darmok.cs.utexas.edu&noUDP&sock=schedd_1353_9fba>
...
001 (983772.000.000) 2024-04-26 04:56:46 Job executing on host: <128.83.139.142:9618?addrs=128.83.139.142-9618&alias=angrist-15.cs.utexas.edu&noUDP&sock=startd_1598_ac6e>
...
006 (983772.000.000) 2024-04-26 04:56:54 Image size of job updated: 137248
	110  -  MemoryUsage of job (MB)
	112192  -  ResidentSetSize of job (KB)
...
006 (983772.000.000) 2024-04-26 04:57:38 Image size of job updated: 164732
	110  -  MemoryUsage of job (MB)
	112192  -  ResidentSetSize of job (KB)
...
005 (983772.000.000) 2024-04-26 04:57:39 Job terminated.
	(1) Normal termination (return value 0)
		Usr 0 00:00:52, Sys 0 00:00:00  -  Run Remote Usage
		Usr 0 00:00:00, Sys 0 00:00:00  -  Run Local Usage
		Usr 0 00:00:52, Sys 0 00:00:00  -  Total Remote Usage
		Usr 0 00:00:00, Sys 0 00:00:00  -  Total Local Usage
	0  -  Run Bytes Sent By Job
	0  -  Run Bytes Received By Job
	0  -  Total Bytes Sent By Job
	0  -  Total Bytes Received By Job
	Partitionable Resources :    Usage  Request Allocated 
	   Cpus                 :                 1         1 
	   Disk (KB)            :        1        1  10853596 
	   Memory (MB)          :      110        1      4026 

	Job terminated of its own accord at 2024-04-26T09:57:38Z.
...
