000 (983766.000.000) 2024-04-26 04:56:25 Job submitted from host: <128.83.120.183:9618?addrs=128.83.120.183-9618&alias=darmok.cs.utexas.edu&noUDP&sock=schedd_1353_9fba>
...
001 (983766.000.000) 2024-04-26 04:56:44 Job executing on host: <128.83.139.145:9618?addrs=128.83.139.145-9618&alias=angrist-18.cs.utexas.edu&noUDP&sock=startd_1595_9da5>
...
006 (983766.000.000) 2024-04-26 04:56:53 Image size of job updated: 130520
	103  -  MemoryUsage of job (MB)
	105392  -  ResidentSetSize of job (KB)
...
006 (983766.000.000) 2024-04-26 04:58:52 Image size of job updated: 132856
	103  -  MemoryUsage of job (MB)
	105392  -  ResidentSetSize of job (KB)
...
005 (983766.000.000) 2024-04-26 04:58:52 Job terminated.
	(1) Normal termination (return value 0)
		Usr 0 00:02:07, Sys 0 00:00:00  -  Run Remote Usage
		Usr 0 00:00:00, Sys 0 00:00:00  -  Run Local Usage
		Usr 0 00:02:07, Sys 0 00:00:00  -  Total Remote Usage
		Usr 0 00:00:00, Sys 0 00:00:00  -  Total Local Usage
	0  -  Run Bytes Sent By Job
	0  -  Run Bytes Received By Job
	0  -  Total Bytes Sent By Job
	0  -  Total Bytes Received By Job
	Partitionable Resources :    Usage  Request Allocated 
	   Cpus                 :                 1         1 
	   Disk (KB)            :        1        1  10853596 
	   Memory (MB)          :      103        1      4026 

	Job terminated of its own accord at 2024-04-26T09:58:52Z.
...
