000 (983759.000.000) 2024-04-26 04:56:24 Job submitted from host: <128.83.120.183:9618?addrs=128.83.120.183-9618&alias=darmok.cs.utexas.edu&noUDP&sock=schedd_1353_9fba>
...
001 (983759.000.000) 2024-04-26 04:56:44 Job executing on host: <128.83.139.147:9618?addrs=128.83.139.147-9618&alias=angrist-20.cs.utexas.edu&noUDP&sock=startd_1592_8edc>
...
006 (983759.000.000) 2024-04-26 04:56:52 Image size of job updated: 133032
	109  -  MemoryUsage of job (MB)
	111440  -  ResidentSetSize of job (KB)
...
006 (983759.000.000) 2024-04-26 04:57:20 Image size of job updated: 139760
	109  -  MemoryUsage of job (MB)
	111440  -  ResidentSetSize of job (KB)
...
005 (983759.000.000) 2024-04-26 04:57:20 Job terminated.
	(1) Normal termination (return value 0)
		Usr 0 00:00:35, Sys 0 00:00:00  -  Run Remote Usage
		Usr 0 00:00:00, Sys 0 00:00:00  -  Run Local Usage
		Usr 0 00:00:35, Sys 0 00:00:00  -  Total Remote Usage
		Usr 0 00:00:00, Sys 0 00:00:00  -  Total Local Usage
	0  -  Run Bytes Sent By Job
	0  -  Run Bytes Received By Job
	0  -  Total Bytes Sent By Job
	0  -  Total Bytes Received By Job
	Partitionable Resources :    Usage  Request Allocated 
	   Cpus                 :                 1         1 
	   Disk (KB)            :        1        1  10853596 
	   Memory (MB)          :      109        1      4026 

	Job terminated of its own accord at 2024-04-26T09:57:20Z.
...
