000 (983773.000.000) 2024-04-26 04:56:26 Job submitted from host: <128.83.120.183:9618?addrs=128.83.120.183-9618&alias=darmok.cs.utexas.edu&noUDP&sock=schedd_1353_9fba>
...
001 (983773.000.000) 2024-04-26 04:56:45 Job executing on host: <128.83.144.240:9618?addrs=128.83.144.240-9618&alias=angrist-13.cs.utexas.edu&noUDP&sock=startd_1643_8a31>
...
006 (983773.000.000) 2024-04-26 04:56:53 Image size of job updated: 139708
	137  -  MemoryUsage of job (MB)
	139708  -  ResidentSetSize of job (KB)
...
006 (983773.000.000) 2024-04-26 04:57:34 Image size of job updated: 181452
	137  -  MemoryUsage of job (MB)
	139708  -  ResidentSetSize of job (KB)
...
005 (983773.000.000) 2024-04-26 04:57:36 Job terminated.
	(1) Normal termination (return value 0)
		Usr 0 00:00:49, Sys 0 00:00:00  -  Run Remote Usage
		Usr 0 00:00:00, Sys 0 00:00:00  -  Run Local Usage
		Usr 0 00:00:49, Sys 0 00:00:00  -  Total Remote Usage
		Usr 0 00:00:00, Sys 0 00:00:00  -  Total Local Usage
	0  -  Run Bytes Sent By Job
	0  -  Run Bytes Received By Job
	0  -  Total Bytes Sent By Job
	0  -  Total Bytes Received By Job
	Partitionable Resources :    Usage  Request Allocated 
	   Cpus                 :                 1         1 
	   Disk (KB)            :        1        1  10853596 
	   Memory (MB)          :      137        1      4026 

	Job terminated of its own accord at 2024-04-26T09:57:34Z.
...
