000 (981796.000.000) 2024-04-25 16:53:03 Job submitted from host: <128.83.120.183:9618?addrs=128.83.120.183-9618&alias=darmok.cs.utexas.edu&noUDP&sock=schedd_1353_9fba>
...
001 (981796.000.000) 2024-04-25 16:53:10 Job executing on host: <128.83.144.211:9618?addrs=128.83.144.211-9618&alias=angrist-12.cs.utexas.edu&noUDP&sock=startd_1592_8edc>
...
006 (981796.000.000) 2024-04-25 16:53:18 Image size of job updated: 11696
	12  -  MemoryUsage of job (MB)
	11696  -  ResidentSetSize of job (KB)
...
006 (981796.000.000) 2024-04-25 16:56:04 Image size of job updated: 36436
	12  -  MemoryUsage of job (MB)
	11696  -  ResidentSetSize of job (KB)
...
005 (981796.000.000) 2024-04-25 16:56:04 Job terminated.
	(1) Normal termination (return value 0)
		Usr 0 00:02:53, Sys 0 00:00:00  -  Run Remote Usage
		Usr 0 00:00:00, Sys 0 00:00:00  -  Run Local Usage
		Usr 0 00:02:53, Sys 0 00:00:00  -  Total Remote Usage
		Usr 0 00:00:00, Sys 0 00:00:00  -  Total Local Usage
	0  -  Run Bytes Sent By Job
	0  -  Run Bytes Received By Job
	0  -  Total Bytes Sent By Job
	0  -  Total Bytes Received By Job
	Partitionable Resources :    Usage  Request Allocated 
	   Cpus                 :     1.00        1         1 
	   Disk (KB)            :     1           1  10853596 
	   Memory (MB)          :    12           1      4026 

	Job terminated of its own accord at 2024-04-25T21:56:04Z.
...
