000 (983132.000.000) 2024-04-25 20:11:02 Job submitted from host: <128.83.120.183:9618?addrs=128.83.120.183-9618&alias=darmok.cs.utexas.edu&noUDP&sock=schedd_1353_9fba>
...
001 (983132.000.000) 2024-04-25 20:11:17 Job executing on host: <128.83.139.143:9618?addrs=128.83.139.143-9618&alias=angrist-16.cs.utexas.edu&noUDP&sock=startd_1598_ac6e>
...
006 (983132.000.000) 2024-04-25 20:11:25 Image size of job updated: 36296
	12  -  MemoryUsage of job (MB)
	11812  -  ResidentSetSize of job (KB)
...
006 (983132.000.000) 2024-04-25 20:11:34 Image size of job updated: 36416
	12  -  MemoryUsage of job (MB)
	11812  -  ResidentSetSize of job (KB)
...
005 (983132.000.000) 2024-04-25 20:11:34 Job terminated.
	(1) Normal termination (return value 0)
		Usr 0 00:00:17, Sys 0 00:00:00  -  Run Remote Usage
		Usr 0 00:00:00, Sys 0 00:00:00  -  Run Local Usage
		Usr 0 00:00:17, Sys 0 00:00:00  -  Total Remote Usage
		Usr 0 00:00:00, Sys 0 00:00:00  -  Total Local Usage
	0  -  Run Bytes Sent By Job
	0  -  Run Bytes Received By Job
	0  -  Total Bytes Sent By Job
	0  -  Total Bytes Received By Job
	Partitionable Resources :    Usage  Request Allocated 
	   Cpus                 :                 1         1 
	   Disk (KB)            :        1        1  10853596 
	   Memory (MB)          :       12        1      4026 

	Job terminated of its own accord at 2024-04-26T01:11:34Z.
...
000 (984035.000.000) 2024-04-26 05:07:56 Job submitted from host: <128.83.120.183:9618?addrs=128.83.120.183-9618&alias=darmok.cs.utexas.edu&noUDP&sock=schedd_1353_9fba>
...
001 (984035.000.000) 2024-04-26 05:08:13 Job executing on host: <128.83.139.145:9618?addrs=128.83.139.145-9618&alias=angrist-18.cs.utexas.edu&noUDP&sock=startd_1595_9da5>
...
006 (984035.000.000) 2024-04-26 05:08:22 Image size of job updated: 36416
	12  -  MemoryUsage of job (MB)
	11824  -  ResidentSetSize of job (KB)
...
006 (984035.000.000) 2024-04-26 05:08:29 Image size of job updated: 36544
	12  -  MemoryUsage of job (MB)
	11824  -  ResidentSetSize of job (KB)
...
005 (984035.000.000) 2024-04-26 05:08:30 Job terminated.
	(1) Normal termination (return value 0)
		Usr 0 00:00:15, Sys 0 00:00:00  -  Run Remote Usage
		Usr 0 00:00:00, Sys 0 00:00:00  -  Run Local Usage
		Usr 0 00:00:15, Sys 0 00:00:00  -  Total Remote Usage
		Usr 0 00:00:00, Sys 0 00:00:00  -  Total Local Usage
	0  -  Run Bytes Sent By Job
	0  -  Run Bytes Received By Job
	0  -  Total Bytes Sent By Job
	0  -  Total Bytes Received By Job
	Partitionable Resources :    Usage  Request Allocated 
	   Cpus                 :                 1         1 
	   Disk (KB)            :        1        1  10853596 
	   Memory (MB)          :       12        1      4026 

	Job terminated of its own accord at 2024-04-26T10:08:29Z.
...
