000 (983118.000.000) 2024-04-25 20:11:00 Job submitted from host: <128.83.120.183:9618?addrs=128.83.120.183-9618&alias=darmok.cs.utexas.edu&noUDP&sock=schedd_1353_9fba>
...
001 (983118.000.000) 2024-04-25 20:11:10 Job executing on host: <128.83.130.161:9618?addrs=128.83.130.161-9618&alias=oliphaunt-2.cs.utexas.edu&noUDP&sock=startd_1594_ee0d>
...
006 (983118.000.000) 2024-04-25 20:11:19 Image size of job updated: 36296
	12  -  MemoryUsage of job (MB)
	11728  -  ResidentSetSize of job (KB)
...
006 (983118.000.000) 2024-04-25 20:12:10 Image size of job updated: 36428
	12  -  MemoryUsage of job (MB)
	11728  -  ResidentSetSize of job (KB)
...
005 (983118.000.000) 2024-04-25 20:12:10 Job terminated.
	(1) Normal termination (return value 0)
		Usr 0 00:00:59, Sys 0 00:00:00  -  Run Remote Usage
		Usr 0 00:00:00, Sys 0 00:00:00  -  Run Local Usage
		Usr 0 00:00:59, Sys 0 00:00:00  -  Total Remote Usage
		Usr 0 00:00:00, Sys 0 00:00:00  -  Total Local Usage
	0  -  Run Bytes Sent By Job
	0  -  Run Bytes Received By Job
	0  -  Total Bytes Sent By Job
	0  -  Total Bytes Received By Job
	Partitionable Resources :    Usage  Request Allocated 
	   Cpus                 :     1.00        1         1 
	   Disk (KB)            :     1           1  18498544 
	   Memory (MB)          :    12           1     24186 

	Job terminated of its own accord at 2024-04-26T01:12:10Z.
...
000 (984021.000.000) 2024-04-26 05:07:53 Job submitted from host: <128.83.120.183:9618?addrs=128.83.120.183-9618&alias=darmok.cs.utexas.edu&noUDP&sock=schedd_1353_9fba>
...
001 (984021.000.000) 2024-04-26 05:08:13 Job executing on host: <128.83.144.147:9618?addrs=128.83.144.147-9618&alias=oliphaunt-1.cs.utexas.edu&noUDP&sock=startd_1578_f489>
...
006 (984021.000.000) 2024-04-26 05:08:22 Image size of job updated: 36300
	12  -  MemoryUsage of job (MB)
	11732  -  ResidentSetSize of job (KB)
...
006 (984021.000.000) 2024-04-26 05:09:18 Image size of job updated: 36428
	12  -  MemoryUsage of job (MB)
	11732  -  ResidentSetSize of job (KB)
...
005 (984021.000.000) 2024-04-26 05:09:18 Job terminated.
	(1) Normal termination (return value 0)
		Usr 0 00:01:04, Sys 0 00:00:00  -  Run Remote Usage
		Usr 0 00:00:00, Sys 0 00:00:00  -  Run Local Usage
		Usr 0 00:01:04, Sys 0 00:00:00  -  Total Remote Usage
		Usr 0 00:00:00, Sys 0 00:00:00  -  Total Local Usage
	0  -  Run Bytes Sent By Job
	0  -  Run Bytes Received By Job
	0  -  Total Bytes Sent By Job
	0  -  Total Bytes Received By Job
	Partitionable Resources :    Usage  Request Allocated 
	   Cpus                 :                 1         1 
	   Disk (KB)            :        1        1  18498544 
	   Memory (MB)          :       12        1     24186 

	Job terminated of its own accord at 2024-04-26T10:09:18Z.
...
