000 (983141.000.000) 2024-04-25 20:11:03 Job submitted from host: <128.83.120.183:9618?addrs=128.83.120.183-9618&alias=darmok.cs.utexas.edu&noUDP&sock=schedd_1353_9fba>
...
001 (983141.000.000) 2024-04-25 20:11:18 Job executing on host: <128.83.139.142:9618?addrs=128.83.139.142-9618&alias=angrist-15.cs.utexas.edu&noUDP&sock=startd_1598_ac6e>
...
006 (983141.000.000) 2024-04-25 20:11:27 Image size of job updated: 11792
	12  -  MemoryUsage of job (MB)
	11792  -  ResidentSetSize of job (KB)
...
006 (983141.000.000) 2024-04-25 20:11:39 Image size of job updated: 36432
	12  -  MemoryUsage of job (MB)
	11792  -  ResidentSetSize of job (KB)
...
005 (983141.000.000) 2024-04-25 20:11:39 Job terminated.
	(1) Normal termination (return value 0)
		Usr 0 00:00:20, Sys 0 00:00:00  -  Run Remote Usage
		Usr 0 00:00:00, Sys 0 00:00:00  -  Run Local Usage
		Usr 0 00:00:20, Sys 0 00:00:00  -  Total Remote Usage
		Usr 0 00:00:00, Sys 0 00:00:00  -  Total Local Usage
	0  -  Run Bytes Sent By Job
	0  -  Run Bytes Received By Job
	0  -  Total Bytes Sent By Job
	0  -  Total Bytes Received By Job
	Partitionable Resources :    Usage  Request Allocated 
	   Cpus                 :                 1         1 
	   Disk (KB)            :        1        1  10853596 
	   Memory (MB)          :       12        1      4026 

	Job terminated of its own accord at 2024-04-26T01:11:39Z.
...
000 (984044.000.000) 2024-04-26 05:07:57 Job submitted from host: <128.83.120.183:9618?addrs=128.83.120.183-9618&alias=darmok.cs.utexas.edu&noUDP&sock=schedd_1353_9fba>
...
001 (984044.000.000) 2024-04-26 05:08:14 Job executing on host: <128.83.139.150:9618?addrs=128.83.139.150-9618&alias=angrist-23.cs.utexas.edu&noUDP&sock=startd_1604_c9ff>
...
006 (984044.000.000) 2024-04-26 05:08:22 Image size of job updated: 36428
	12  -  MemoryUsage of job (MB)
	11796  -  ResidentSetSize of job (KB)
...
005 (984044.000.000) 2024-04-26 05:08:32 Job terminated.
	(1) Normal termination (return value 0)
		Usr 0 00:00:17, Sys 0 00:00:00  -  Run Remote Usage
		Usr 0 00:00:00, Sys 0 00:00:00  -  Run Local Usage
		Usr 0 00:00:17, Sys 0 00:00:00  -  Total Remote Usage
		Usr 0 00:00:00, Sys 0 00:00:00  -  Total Local Usage
	0  -  Run Bytes Sent By Job
	0  -  Run Bytes Received By Job
	0  -  Total Bytes Sent By Job
	0  -  Total Bytes Received By Job
	Partitionable Resources :    Usage  Request Allocated 
	   Cpus                 :                 1         1 
	   Disk (KB)            :        1        1  10853594 
	   Memory (MB)          :       12        1      4026 

	Job terminated of its own accord at 2024-04-26T10:08:32Z.
...
