000 (983128.000.000) 2024-04-25 20:11:02 Job submitted from host: <128.83.120.183:9618?addrs=128.83.120.183-9618&alias=darmok.cs.utexas.edu&noUDP&sock=schedd_1353_9fba>
...
001 (983128.000.000) 2024-04-25 20:11:18 Job executing on host: <128.83.139.147:9618?addrs=128.83.139.147-9618&alias=angrist-20.cs.utexas.edu&noUDP&sock=startd_1592_8edc>
...
006 (983128.000.000) 2024-04-25 20:11:26 Image size of job updated: 36824
	13  -  MemoryUsage of job (MB)
	13276  -  ResidentSetSize of job (KB)
...
006 (983128.000.000) 2024-04-25 20:13:08 Image size of job updated: 38596
	13  -  MemoryUsage of job (MB)
	13276  -  ResidentSetSize of job (KB)
...
005 (983128.000.000) 2024-04-25 20:13:08 Job terminated.
	(1) Normal termination (return value 0)
		Usr 0 00:01:49, Sys 0 00:00:00  -  Run Remote Usage
		Usr 0 00:00:00, Sys 0 00:00:00  -  Run Local Usage
		Usr 0 00:01:49, Sys 0 00:00:00  -  Total Remote Usage
		Usr 0 00:00:00, Sys 0 00:00:00  -  Total Local Usage
	0  -  Run Bytes Sent By Job
	0  -  Run Bytes Received By Job
	0  -  Total Bytes Sent By Job
	0  -  Total Bytes Received By Job
	Partitionable Resources :    Usage  Request Allocated 
	   Cpus                 :                 1         1 
	   Disk (KB)            :        1        1  10853596 
	   Memory (MB)          :       13        1      4026 

	Job terminated of its own accord at 2024-04-26T01:13:08Z.
...
000 (984031.000.000) 2024-04-26 05:07:55 Job submitted from host: <128.83.120.183:9618?addrs=128.83.120.183-9618&alias=darmok.cs.utexas.edu&noUDP&sock=schedd_1353_9fba>
...
001 (984031.000.000) 2024-04-26 05:08:14 Job executing on host: <128.83.139.142:9618?addrs=128.83.139.142-9618&alias=angrist-15.cs.utexas.edu&noUDP&sock=startd_1598_ac6e>
...
006 (984031.000.000) 2024-04-26 05:08:23 Image size of job updated: 37204
	13  -  MemoryUsage of job (MB)
	13252  -  ResidentSetSize of job (KB)
...
006 (984031.000.000) 2024-04-26 05:10:38 Image size of job updated: 38712
	13  -  MemoryUsage of job (MB)
	13252  -  ResidentSetSize of job (KB)
...
005 (984031.000.000) 2024-04-26 05:10:38 Job terminated.
	(1) Normal termination (return value 0)
		Usr 0 00:02:23, Sys 0 00:00:00  -  Run Remote Usage
		Usr 0 00:00:00, Sys 0 00:00:00  -  Run Local Usage
		Usr 0 00:02:23, Sys 0 00:00:00  -  Total Remote Usage
		Usr 0 00:00:00, Sys 0 00:00:00  -  Total Local Usage
	0  -  Run Bytes Sent By Job
	0  -  Run Bytes Received By Job
	0  -  Total Bytes Sent By Job
	0  -  Total Bytes Received By Job
	Partitionable Resources :    Usage  Request Allocated 
	   Cpus                 :     1.00        1         1 
	   Disk (KB)            :     1           1  10853596 
	   Memory (MB)          :    13           1      4026 

	Job terminated of its own accord at 2024-04-26T10:10:38Z.
...
