000 (982978.000.000) 2024-04-25 20:09:56 Job submitted from host: <128.83.120.183:9618?addrs=128.83.120.183-9618&alias=darmok.cs.utexas.edu&noUDP&sock=schedd_1353_9fba>
...
001 (982978.000.000) 2024-04-25 20:10:08 Job executing on host: <128.83.144.147:9618?addrs=128.83.144.147-9618&alias=oliphaunt-1.cs.utexas.edu&noUDP&sock=startd_1578_f489>
...
006 (982978.000.000) 2024-04-25 20:10:17 Image size of job updated: 36440
	12  -  MemoryUsage of job (MB)
	11784  -  ResidentSetSize of job (KB)
...
005 (982978.000.000) 2024-04-25 20:11:14 Job terminated.
	(1) Normal termination (return value 0)
		Usr 0 00:01:05, Sys 0 00:00:00  -  Run Remote Usage
		Usr 0 00:00:00, Sys 0 00:00:00  -  Run Local Usage
		Usr 0 00:01:05, Sys 0 00:00:00  -  Total Remote Usage
		Usr 0 00:00:00, Sys 0 00:00:00  -  Total Local Usage
	0  -  Run Bytes Sent By Job
	0  -  Run Bytes Received By Job
	0  -  Total Bytes Sent By Job
	0  -  Total Bytes Received By Job
	Partitionable Resources :    Usage  Request Allocated 
	   Cpus                 :                 1         1 
	   Disk (KB)            :        1        1  18498544 
	   Memory (MB)          :       12        1     24186 

	Job terminated of its own accord at 2024-04-26T01:11:14Z.
...
000 (983616.000.000) 2024-04-26 03:03:26 Job submitted from host: <128.83.120.183:9618?addrs=128.83.120.183-9618&alias=darmok.cs.utexas.edu&noUDP&sock=schedd_1353_9fba>
...
001 (983616.000.000) 2024-04-26 03:03:43 Job executing on host: <128.83.144.240:9618?addrs=128.83.144.240-9618&alias=angrist-13.cs.utexas.edu&noUDP&sock=startd_1643_8a31>
...
006 (983616.000.000) 2024-04-26 03:03:52 Image size of job updated: 36304
	12  -  MemoryUsage of job (MB)
	11752  -  ResidentSetSize of job (KB)
...
006 (983616.000.000) 2024-04-26 03:08:53 Image size of job updated: 36820
	12  -  MemoryUsage of job (MB)
	12132  -  ResidentSetSize of job (KB)
...
006 (983616.000.000) 2024-04-26 03:13:54 Image size of job updated: 37076
	13  -  MemoryUsage of job (MB)
	12496  -  ResidentSetSize of job (KB)
...
006 (983616.000.000) 2024-04-26 03:18:54 Image size of job updated: 37204
	13  -  MemoryUsage of job (MB)
	12592  -  ResidentSetSize of job (KB)
...
006 (983616.000.000) 2024-04-26 03:23:54 Image size of job updated: 37204
	13  -  MemoryUsage of job (MB)
	12608  -  ResidentSetSize of job (KB)
...
006 (983616.000.000) 2024-04-26 03:38:56 Image size of job updated: 37204
	13  -  MemoryUsage of job (MB)
	12612  -  ResidentSetSize of job (KB)
...
006 (983616.000.000) 2024-04-26 03:43:57 Image size of job updated: 37204
	13  -  MemoryUsage of job (MB)
	12616  -  ResidentSetSize of job (KB)
...
006 (983616.000.000) 2024-04-26 04:08:59 Image size of job updated: 37204
	13  -  MemoryUsage of job (MB)
	12620  -  ResidentSetSize of job (KB)
...
006 (983616.000.000) 2024-04-26 04:13:59 Image size of job updated: 37204
	13  -  MemoryUsage of job (MB)
	12624  -  ResidentSetSize of job (KB)
...
006 (983616.000.000) 2024-04-26 04:24:01 Image size of job updated: 37204
	13  -  MemoryUsage of job (MB)
	12632  -  ResidentSetSize of job (KB)
...
005 (983616.000.000) 2024-04-26 04:27:26 Job terminated.
	(1) Normal termination (return value 0)
		Usr 0 01:23:41, Sys 0 00:00:00  -  Run Remote Usage
		Usr 0 00:00:00, Sys 0 00:00:00  -  Run Local Usage
		Usr 0 01:23:41, Sys 0 00:00:00  -  Total Remote Usage
		Usr 0 00:00:00, Sys 0 00:00:00  -  Total Local Usage
	0  -  Run Bytes Sent By Job
	0  -  Run Bytes Received By Job
	0  -  Total Bytes Sent By Job
	0  -  Total Bytes Received By Job
	Partitionable Resources :    Usage  Request Allocated 
	   Cpus                 :     1.00        1         1 
	   Disk (KB)            :     1           1  10853596 
	   Memory (MB)          :    13         152      4026 

	Job terminated of its own accord at 2024-04-26T09:27:26Z.
...
000 (983987.000.000) 2024-04-26 05:06:47 Job submitted from host: <128.83.120.183:9618?addrs=128.83.120.183-9618&alias=darmok.cs.utexas.edu&noUDP&sock=schedd_1353_9fba>
...
001 (983987.000.000) 2024-04-26 05:06:57 Job executing on host: <128.83.139.146:9618?addrs=128.83.139.146-9618&alias=angrist-19.cs.utexas.edu&noUDP&sock=startd_1594_ee0d>
...
006 (983987.000.000) 2024-04-26 05:07:06 Image size of job updated: 36436
	12  -  MemoryUsage of job (MB)
	11796  -  ResidentSetSize of job (KB)
...
005 (983987.000.000) 2024-04-26 05:07:32 Job terminated.
	(1) Normal termination (return value 0)
		Usr 0 00:00:34, Sys 0 00:00:00  -  Run Remote Usage
		Usr 0 00:00:00, Sys 0 00:00:00  -  Run Local Usage
		Usr 0 00:00:34, Sys 0 00:00:00  -  Total Remote Usage
		Usr 0 00:00:00, Sys 0 00:00:00  -  Total Local Usage
	0  -  Run Bytes Sent By Job
	0  -  Run Bytes Received By Job
	0  -  Total Bytes Sent By Job
	0  -  Total Bytes Received By Job
	Partitionable Resources :    Usage  Request Allocated 
	   Cpus                 :                 1         1 
	   Disk (KB)            :        1        1  10853596 
	   Memory (MB)          :       12        1      4026 

	Job terminated of its own accord at 2024-04-26T10:07:32Z.
...
