000 (982954.000.000) 2024-04-25 20:09:52 Job submitted from host: <128.83.120.183:9618?addrs=128.83.120.183-9618&alias=darmok.cs.utexas.edu&noUDP&sock=schedd_1353_9fba>
...
001 (982954.000.000) 2024-04-25 20:09:55 Job executing on host: <128.83.130.161:9618?addrs=128.83.130.161-9618&alias=oliphaunt-2.cs.utexas.edu&noUDP&sock=startd_1594_ee0d>
...
006 (982954.000.000) 2024-04-25 20:10:04 Image size of job updated: 36304
	12  -  MemoryUsage of job (MB)
	11736  -  ResidentSetSize of job (KB)
...
006 (982954.000.000) 2024-04-25 20:10:36 Image size of job updated: 36432
	12  -  MemoryUsage of job (MB)
	11736  -  ResidentSetSize of job (KB)
...
005 (982954.000.000) 2024-04-25 20:10:36 Job terminated.
	(1) Normal termination (return value 0)
		Usr 0 00:00:40, Sys 0 00:00:00  -  Run Remote Usage
		Usr 0 00:00:00, Sys 0 00:00:00  -  Run Local Usage
		Usr 0 00:00:40, Sys 0 00:00:00  -  Total Remote Usage
		Usr 0 00:00:00, Sys 0 00:00:00  -  Total Local Usage
	0  -  Run Bytes Sent By Job
	0  -  Run Bytes Received By Job
	0  -  Total Bytes Sent By Job
	0  -  Total Bytes Received By Job
	Partitionable Resources :    Usage  Request Allocated 
	   Cpus                 :                 1         1 
	   Disk (KB)            :        1        1  18498544 
	   Memory (MB)          :       12        1     24186 

	Job terminated of its own accord at 2024-04-26T01:10:36Z.
...
000 (983592.000.000) 2024-04-26 03:03:22 Job submitted from host: <128.83.120.183:9618?addrs=128.83.120.183-9618&alias=darmok.cs.utexas.edu&noUDP&sock=schedd_1353_9fba>
...
001 (983592.000.000) 2024-04-26 03:03:37 Job executing on host: <128.83.139.143:9618?addrs=128.83.139.143-9618&alias=angrist-16.cs.utexas.edu&noUDP&sock=startd_1598_ac6e>
...
006 (983592.000.000) 2024-04-26 03:03:46 Image size of job updated: 36308
	12  -  MemoryUsage of job (MB)
	11680  -  ResidentSetSize of job (KB)
...
006 (983592.000.000) 2024-04-26 03:08:47 Image size of job updated: 39184
	15  -  MemoryUsage of job (MB)
	14596  -  ResidentSetSize of job (KB)
...
006 (983592.000.000) 2024-04-26 03:13:47 Image size of job updated: 41500
	17  -  MemoryUsage of job (MB)
	16904  -  ResidentSetSize of job (KB)
...
006 (983592.000.000) 2024-04-26 03:18:47 Image size of job updated: 42012
	18  -  MemoryUsage of job (MB)
	17420  -  ResidentSetSize of job (KB)
...
006 (983592.000.000) 2024-04-26 03:23:48 Image size of job updated: 42140
	18  -  MemoryUsage of job (MB)
	17464  -  ResidentSetSize of job (KB)
...
006 (983592.000.000) 2024-04-26 03:28:49 Image size of job updated: 42140
	18  -  MemoryUsage of job (MB)
	17512  -  ResidentSetSize of job (KB)
...
006 (983592.000.000) 2024-04-26 03:33:49 Image size of job updated: 42140
	18  -  MemoryUsage of job (MB)
	17560  -  ResidentSetSize of job (KB)
...
006 (983592.000.000) 2024-04-26 03:38:49 Image size of job updated: 42268
	18  -  MemoryUsage of job (MB)
	17612  -  ResidentSetSize of job (KB)
...
006 (983592.000.000) 2024-04-26 03:43:50 Image size of job updated: 42268
	18  -  MemoryUsage of job (MB)
	17664  -  ResidentSetSize of job (KB)
...
006 (983592.000.000) 2024-04-26 03:48:50 Image size of job updated: 42396
	18  -  MemoryUsage of job (MB)
	17728  -  ResidentSetSize of job (KB)
...
006 (983592.000.000) 2024-04-26 03:53:50 Image size of job updated: 42396
	18  -  MemoryUsage of job (MB)
	17796  -  ResidentSetSize of job (KB)
...
006 (983592.000.000) 2024-04-26 03:58:51 Image size of job updated: 42524
	18  -  MemoryUsage of job (MB)
	17860  -  ResidentSetSize of job (KB)
...
006 (983592.000.000) 2024-04-26 04:03:52 Image size of job updated: 42524
	18  -  MemoryUsage of job (MB)
	17928  -  ResidentSetSize of job (KB)
...
006 (983592.000.000) 2024-04-26 04:08:52 Image size of job updated: 42652
	18  -  MemoryUsage of job (MB)
	17992  -  ResidentSetSize of job (KB)
...
006 (983592.000.000) 2024-04-26 04:13:52 Image size of job updated: 42652
	18  -  MemoryUsage of job (MB)
	18056  -  ResidentSetSize of job (KB)
...
006 (983592.000.000) 2024-04-26 04:18:53 Image size of job updated: 42780
	18  -  MemoryUsage of job (MB)
	18132  -  ResidentSetSize of job (KB)
...
006 (983592.000.000) 2024-04-26 04:23:53 Image size of job updated: 42908
	18  -  MemoryUsage of job (MB)
	18216  -  ResidentSetSize of job (KB)
...
006 (983592.000.000) 2024-04-26 04:28:53 Image size of job updated: 42908
	18  -  MemoryUsage of job (MB)
	18300  -  ResidentSetSize of job (KB)
...
006 (983592.000.000) 2024-04-26 04:33:54 Image size of job updated: 43036
	18  -  MemoryUsage of job (MB)
	18388  -  ResidentSetSize of job (KB)
...
006 (983592.000.000) 2024-04-26 04:38:54 Image size of job updated: 43036
	19  -  MemoryUsage of job (MB)
	18472  -  ResidentSetSize of job (KB)
...
006 (983592.000.000) 2024-04-26 04:43:54 Image size of job updated: 43164
	19  -  MemoryUsage of job (MB)
	18556  -  ResidentSetSize of job (KB)
...
006 (983592.000.000) 2024-04-26 04:48:55 Image size of job updated: 43292
	19  -  MemoryUsage of job (MB)
	18644  -  ResidentSetSize of job (KB)
...
006 (983592.000.000) 2024-04-26 04:53:56 Image size of job updated: 43420
	19  -  MemoryUsage of job (MB)
	18728  -  ResidentSetSize of job (KB)
...
006 (983592.000.000) 2024-04-26 04:58:56 Image size of job updated: 43420
	19  -  MemoryUsage of job (MB)
	18816  -  ResidentSetSize of job (KB)
...
006 (983592.000.000) 2024-04-26 05:03:57 Image size of job updated: 43544
	19  -  MemoryUsage of job (MB)
	18892  -  ResidentSetSize of job (KB)
...
000 (983963.000.000) 2024-04-26 05:06:44 Job submitted from host: <128.83.120.183:9618?addrs=128.83.120.183-9618&alias=darmok.cs.utexas.edu&noUDP&sock=schedd_1353_9fba>
...
001 (983963.000.000) 2024-04-26 05:06:52 Job executing on host: <128.83.139.147:9618?addrs=128.83.139.147-9618&alias=angrist-20.cs.utexas.edu&noUDP&sock=startd_1592_8edc>
...
006 (983963.000.000) 2024-04-26 05:07:00 Image size of job updated: 36304
	12  -  MemoryUsage of job (MB)
	11740  -  ResidentSetSize of job (KB)
...
006 (983963.000.000) 2024-04-26 05:07:24 Image size of job updated: 36432
	12  -  MemoryUsage of job (MB)
	11740  -  ResidentSetSize of job (KB)
...
005 (983963.000.000) 2024-04-26 05:07:24 Job terminated.
	(1) Normal termination (return value 0)
		Usr 0 00:00:32, Sys 0 00:00:00  -  Run Remote Usage
		Usr 0 00:00:00, Sys 0 00:00:00  -  Run Local Usage
		Usr 0 00:00:32, Sys 0 00:00:00  -  Total Remote Usage
		Usr 0 00:00:00, Sys 0 00:00:00  -  Total Local Usage
	0  -  Run Bytes Sent By Job
	0  -  Run Bytes Received By Job
	0  -  Total Bytes Sent By Job
	0  -  Total Bytes Received By Job
	Partitionable Resources :    Usage  Request Allocated 
	   Cpus                 :                 1         1 
	   Disk (KB)            :        1        1  10853596 
	   Memory (MB)          :       12        1      4026 

	Job terminated of its own accord at 2024-04-26T10:07:24Z.
...
006 (983592.000.000) 2024-04-26 05:08:58 Image size of job updated: 43544
	19  -  MemoryUsage of job (MB)
	18972  -  ResidentSetSize of job (KB)
...
006 (983592.000.000) 2024-04-26 05:13:58 Image size of job updated: 43672
	19  -  MemoryUsage of job (MB)
	19064  -  ResidentSetSize of job (KB)
...
005 (983592.000.000) 2024-04-26 05:14:35 Job terminated.
	(1) Normal termination (return value 0)
		Usr 0 02:10:57, Sys 0 00:00:00  -  Run Remote Usage
		Usr 0 00:00:00, Sys 0 00:00:00  -  Run Local Usage
		Usr 0 02:10:57, Sys 0 00:00:00  -  Total Remote Usage
		Usr 0 00:00:00, Sys 0 00:00:00  -  Total Local Usage
	0  -  Run Bytes Sent By Job
	0  -  Run Bytes Received By Job
	0  -  Total Bytes Sent By Job
	0  -  Total Bytes Received By Job
	Partitionable Resources :    Usage  Request Allocated 
	   Cpus                 :     1.00        1         1 
	   Disk (KB)            :     1           1  10853596 
	   Memory (MB)          :    19         700      4026 

	Job terminated of its own accord at 2024-04-26T10:14:35Z.
...
