000 (982990.000.000) 2024-04-25 20:09:58 Job submitted from host: <128.83.120.183:9618?addrs=128.83.120.183-9618&alias=darmok.cs.utexas.edu&noUDP&sock=schedd_1353_9fba>
...
001 (982990.000.000) 2024-04-25 20:10:15 Job executing on host: <128.83.130.161:9618?addrs=128.83.130.161-9618&alias=oliphaunt-2.cs.utexas.edu&noUDP&sock=startd_1594_ee0d>
...
006 (982990.000.000) 2024-04-25 20:10:24 Image size of job updated: 36312
	12  -  MemoryUsage of job (MB)
	11800  -  ResidentSetSize of job (KB)
...
006 (982990.000.000) 2024-04-25 20:10:35 Image size of job updated: 36436
	12  -  MemoryUsage of job (MB)
	11800  -  ResidentSetSize of job (KB)
...
005 (982990.000.000) 2024-04-25 20:10:35 Job terminated.
	(1) Normal termination (return value 0)
		Usr 0 00:00:19, Sys 0 00:00:00  -  Run Remote Usage
		Usr 0 00:00:00, Sys 0 00:00:00  -  Run Local Usage
		Usr 0 00:00:19, Sys 0 00:00:00  -  Total Remote Usage
		Usr 0 00:00:00, Sys 0 00:00:00  -  Total Local Usage
	0  -  Run Bytes Sent By Job
	0  -  Run Bytes Received By Job
	0  -  Total Bytes Sent By Job
	0  -  Total Bytes Received By Job
	Partitionable Resources :    Usage  Request Allocated 
	   Cpus                 :                 1         1 
	   Disk (KB)            :        1        1  18498544 
	   Memory (MB)          :       12        1     24186 

	Job terminated of its own accord at 2024-04-26T01:10:35Z.
...
000 (983628.000.000) 2024-04-26 03:03:28 Job submitted from host: <128.83.120.183:9618?addrs=128.83.120.183-9618&alias=darmok.cs.utexas.edu&noUDP&sock=schedd_1353_9fba>
...
001 (983628.000.000) 2024-04-26 03:03:42 Job executing on host: <128.83.139.142:9618?addrs=128.83.139.142-9618&alias=angrist-15.cs.utexas.edu&noUDP&sock=startd_1598_ac6e>
...
006 (983628.000.000) 2024-04-26 03:03:51 Image size of job updated: 36308
	12  -  MemoryUsage of job (MB)
	11736  -  ResidentSetSize of job (KB)
...
006 (983628.000.000) 2024-04-26 03:08:52 Image size of job updated: 36824
	12  -  MemoryUsage of job (MB)
	12132  -  ResidentSetSize of job (KB)
...
006 (983628.000.000) 2024-04-26 03:13:53 Image size of job updated: 37080
	13  -  MemoryUsage of job (MB)
	12472  -  ResidentSetSize of job (KB)
...
006 (983628.000.000) 2024-04-26 03:18:53 Image size of job updated: 37464
	13  -  MemoryUsage of job (MB)
	12792  -  ResidentSetSize of job (KB)
...
006 (983628.000.000) 2024-04-26 03:23:54 Image size of job updated: 37584
	13  -  MemoryUsage of job (MB)
	12972  -  ResidentSetSize of job (KB)
...
006 (983628.000.000) 2024-04-26 03:28:56 Image size of job updated: 37828
	13  -  MemoryUsage of job (MB)
	13160  -  ResidentSetSize of job (KB)
...
006 (983628.000.000) 2024-04-26 03:33:56 Image size of job updated: 37952
	14  -  MemoryUsage of job (MB)
	13348  -  ResidentSetSize of job (KB)
...
006 (983628.000.000) 2024-04-26 03:38:56 Image size of job updated: 38204
	14  -  MemoryUsage of job (MB)
	13564  -  ResidentSetSize of job (KB)
...
006 (983628.000.000) 2024-04-26 03:41:08 Image size of job updated: 38328
	14  -  MemoryUsage of job (MB)
	13564  -  ResidentSetSize of job (KB)
...
005 (983628.000.000) 2024-04-26 03:41:09 Job terminated.
	(1) Normal termination (return value 0)
		Usr 0 00:37:25, Sys 0 00:00:00  -  Run Remote Usage
		Usr 0 00:00:00, Sys 0 00:00:00  -  Run Local Usage
		Usr 0 00:37:25, Sys 0 00:00:00  -  Total Remote Usage
		Usr 0 00:00:00, Sys 0 00:00:00  -  Total Local Usage
	0  -  Run Bytes Sent By Job
	0  -  Run Bytes Received By Job
	0  -  Total Bytes Sent By Job
	0  -  Total Bytes Received By Job
	Partitionable Resources :    Usage  Request Allocated 
	   Cpus                 :     1.00        1         1 
	   Disk (KB)            :     1           1  10853596 
	   Memory (MB)          :    14         272      4026 

	Job terminated of its own accord at 2024-04-26T08:41:08Z.
...
000 (983999.000.000) 2024-04-26 05:06:51 Job submitted from host: <128.83.120.183:9618?addrs=128.83.120.183-9618&alias=darmok.cs.utexas.edu&noUDP&sock=schedd_1353_9fba>
...
001 (983999.000.000) 2024-04-26 05:06:58 Job executing on host: <128.83.139.143:9618?addrs=128.83.139.143-9618&alias=angrist-16.cs.utexas.edu&noUDP&sock=startd_1598_ac6e>
...
006 (983999.000.000) 2024-04-26 05:07:06 Image size of job updated: 36308
	12  -  MemoryUsage of job (MB)
	11796  -  ResidentSetSize of job (KB)
...
006 (983999.000.000) 2024-04-26 05:07:09 Image size of job updated: 36432
	12  -  MemoryUsage of job (MB)
	11796  -  ResidentSetSize of job (KB)
...
005 (983999.000.000) 2024-04-26 05:07:09 Job terminated.
	(1) Normal termination (return value 0)
		Usr 0 00:00:10, Sys 0 00:00:00  -  Run Remote Usage
		Usr 0 00:00:00, Sys 0 00:00:00  -  Run Local Usage
		Usr 0 00:00:10, Sys 0 00:00:00  -  Total Remote Usage
		Usr 0 00:00:00, Sys 0 00:00:00  -  Total Local Usage
	0  -  Run Bytes Sent By Job
	0  -  Run Bytes Received By Job
	0  -  Total Bytes Sent By Job
	0  -  Total Bytes Received By Job
	Partitionable Resources :    Usage  Request Allocated 
	   Cpus                 :                 1         1 
	   Disk (KB)            :        1        1  10853596 
	   Memory (MB)          :       12        1      4026 

	Job terminated of its own accord at 2024-04-26T10:07:09Z.
...
