000 (982985.000.000) 2024-04-25 20:09:57 Job submitted from host: <128.83.120.183:9618?addrs=128.83.120.183-9618&alias=darmok.cs.utexas.edu&noUDP&sock=schedd_1353_9fba>
...
001 (982985.000.000) 2024-04-25 20:10:11 Job executing on host: <128.83.144.147:9618?addrs=128.83.144.147-9618&alias=oliphaunt-1.cs.utexas.edu&noUDP&sock=startd_1578_f489>
...
006 (982985.000.000) 2024-04-25 20:10:19 Image size of job updated: 36436
	12  -  MemoryUsage of job (MB)
	11756  -  ResidentSetSize of job (KB)
...
005 (982985.000.000) 2024-04-25 20:11:21 Job terminated.
	(1) Normal termination (return value 0)
		Usr 0 00:01:10, Sys 0 00:00:00  -  Run Remote Usage
		Usr 0 00:00:00, Sys 0 00:00:00  -  Run Local Usage
		Usr 0 00:01:10, Sys 0 00:00:00  -  Total Remote Usage
		Usr 0 00:00:00, Sys 0 00:00:00  -  Total Local Usage
	0  -  Run Bytes Sent By Job
	0  -  Run Bytes Received By Job
	0  -  Total Bytes Sent By Job
	0  -  Total Bytes Received By Job
	Partitionable Resources :    Usage  Request Allocated 
	   Cpus                 :                 1         1 
	   Disk (KB)            :        1        1  18498544 
	   Memory (MB)          :       12        1     24186 

	Job terminated of its own accord at 2024-04-26T01:11:21Z.
...
000 (983623.000.000) 2024-04-26 03:03:27 Job submitted from host: <128.83.120.183:9618?addrs=128.83.120.183-9618&alias=darmok.cs.utexas.edu&noUDP&sock=schedd_1353_9fba>
...
001 (983623.000.000) 2024-04-26 03:03:40 Job executing on host: <128.83.139.141:9618?addrs=128.83.139.141-9618&alias=angrist-14.cs.utexas.edu&noUDP&sock=startd_1625_317d>
...
006 (983623.000.000) 2024-04-26 03:03:49 Image size of job updated: 36308
	12  -  MemoryUsage of job (MB)
	11696  -  ResidentSetSize of job (KB)
...
006 (983623.000.000) 2024-04-26 03:08:50 Image size of job updated: 36692
	12  -  MemoryUsage of job (MB)
	12040  -  ResidentSetSize of job (KB)
...
006 (983623.000.000) 2024-04-26 03:13:51 Image size of job updated: 36824
	12  -  MemoryUsage of job (MB)
	12144  -  ResidentSetSize of job (KB)
...
006 (983623.000.000) 2024-04-26 03:18:51 Image size of job updated: 36824
	12  -  MemoryUsage of job (MB)
	12244  -  ResidentSetSize of job (KB)
...
006 (983623.000.000) 2024-04-26 03:23:52 Image size of job updated: 36920
	12  -  MemoryUsage of job (MB)
	12284  -  ResidentSetSize of job (KB)
...
006 (983623.000.000) 2024-04-26 03:28:53 Image size of job updated: 36920
	13  -  MemoryUsage of job (MB)
	12328  -  ResidentSetSize of job (KB)
...
006 (983623.000.000) 2024-04-26 03:33:53 Image size of job updated: 37016
	13  -  MemoryUsage of job (MB)
	12380  -  ResidentSetSize of job (KB)
...
005 (983623.000.000) 2024-04-26 03:34:33 Job terminated.
	(1) Normal termination (return value 0)
		Usr 0 00:30:51, Sys 0 00:00:00  -  Run Remote Usage
		Usr 0 00:00:00, Sys 0 00:00:00  -  Run Local Usage
		Usr 0 00:30:51, Sys 0 00:00:00  -  Total Remote Usage
		Usr 0 00:00:00, Sys 0 00:00:00  -  Total Local Usage
	0  -  Run Bytes Sent By Job
	0  -  Run Bytes Received By Job
	0  -  Total Bytes Sent By Job
	0  -  Total Bytes Received By Job
	Partitionable Resources :    Usage  Request Allocated 
	   Cpus                 :     1.00        1         1 
	   Disk (KB)            :     1           1  10853596 
	   Memory (MB)          :    13         145      4026 

	Job terminated of its own accord at 2024-04-26T08:34:33Z.
...
000 (983994.000.000) 2024-04-26 05:06:51 Job submitted from host: <128.83.120.183:9618?addrs=128.83.120.183-9618&alias=darmok.cs.utexas.edu&noUDP&sock=schedd_1353_9fba>
...
001 (983994.000.000) 2024-04-26 05:06:58 Job executing on host: <128.83.139.145:9618?addrs=128.83.139.145-9618&alias=angrist-18.cs.utexas.edu&noUDP&sock=startd_1595_9da5>
...
006 (983994.000.000) 2024-04-26 05:07:07 Image size of job updated: 36308
	12  -  MemoryUsage of job (MB)
	11760  -  ResidentSetSize of job (KB)
...
006 (983994.000.000) 2024-04-26 05:07:44 Image size of job updated: 36440
	12  -  MemoryUsage of job (MB)
	11760  -  ResidentSetSize of job (KB)
...
005 (983994.000.000) 2024-04-26 05:07:44 Job terminated.
	(1) Normal termination (return value 0)
		Usr 0 00:00:45, Sys 0 00:00:00  -  Run Remote Usage
		Usr 0 00:00:00, Sys 0 00:00:00  -  Run Local Usage
		Usr 0 00:00:45, Sys 0 00:00:00  -  Total Remote Usage
		Usr 0 00:00:00, Sys 0 00:00:00  -  Total Local Usage
	0  -  Run Bytes Sent By Job
	0  -  Run Bytes Received By Job
	0  -  Total Bytes Sent By Job
	0  -  Total Bytes Received By Job
	Partitionable Resources :    Usage  Request Allocated 
	   Cpus                 :                 1         1 
	   Disk (KB)            :        1        1  10853596 
	   Memory (MB)          :       12        1      4026 

	Job terminated of its own accord at 2024-04-26T10:07:44Z.
...
