000 (982974.000.000) 2024-04-25 20:09:55 Job submitted from host: <128.83.120.183:9618?addrs=128.83.120.183-9618&alias=darmok.cs.utexas.edu&noUDP&sock=schedd_1353_9fba>
...
001 (982974.000.000) 2024-04-25 20:10:07 Job executing on host: <128.83.139.150:9618?addrs=128.83.139.150-9618&alias=angrist-23.cs.utexas.edu&noUDP&sock=startd_1604_c9ff>
...
006 (982974.000.000) 2024-04-25 20:10:16 Image size of job updated: 37628
	13  -  MemoryUsage of job (MB)
	13048  -  ResidentSetSize of job (KB)
...
006 (982974.000.000) 2024-04-25 20:10:42 Image size of job updated: 37760
	13  -  MemoryUsage of job (MB)
	13048  -  ResidentSetSize of job (KB)
...
005 (982974.000.000) 2024-04-25 20:10:42 Job terminated.
	(1) Normal termination (return value 0)
		Usr 0 00:00:34, Sys 0 00:00:00  -  Run Remote Usage
		Usr 0 00:00:00, Sys 0 00:00:00  -  Run Local Usage
		Usr 0 00:00:34, Sys 0 00:00:00  -  Total Remote Usage
		Usr 0 00:00:00, Sys 0 00:00:00  -  Total Local Usage
	0  -  Run Bytes Sent By Job
	0  -  Run Bytes Received By Job
	0  -  Total Bytes Sent By Job
	0  -  Total Bytes Received By Job
	Partitionable Resources :    Usage  Request Allocated 
	   Cpus                 :                 1         1 
	   Disk (KB)            :        1        1  10853594 
	   Memory (MB)          :       13        1      4026 

	Job terminated of its own accord at 2024-04-26T01:10:42Z.
...
000 (983612.000.000) 2024-04-26 03:03:25 Job submitted from host: <128.83.120.183:9618?addrs=128.83.120.183-9618&alias=darmok.cs.utexas.edu&noUDP&sock=schedd_1353_9fba>
...
001 (983612.000.000) 2024-04-26 03:03:39 Job executing on host: <128.83.144.168:9618?addrs=128.83.144.168-9618&alias=angrist-10.cs.utexas.edu&noUDP&sock=startd_1611_9729>
...
006 (983612.000.000) 2024-04-26 03:03:47 Image size of job updated: 13036
	13  -  MemoryUsage of job (MB)
	13036  -  ResidentSetSize of job (KB)
...
006 (983612.000.000) 2024-04-26 03:08:47 Image size of job updated: 37624
	13  -  MemoryUsage of job (MB)
	13048  -  ResidentSetSize of job (KB)
...
006 (983612.000.000) 2024-04-26 03:13:47 Image size of job updated: 37752
	13  -  MemoryUsage of job (MB)
	13064  -  ResidentSetSize of job (KB)
...
006 (983612.000.000) 2024-04-26 03:18:48 Image size of job updated: 37752
	13  -  MemoryUsage of job (MB)
	13124  -  ResidentSetSize of job (KB)
...
006 (983612.000.000) 2024-04-26 03:23:48 Image size of job updated: 37752
	13  -  MemoryUsage of job (MB)
	13132  -  ResidentSetSize of job (KB)
...
006 (983612.000.000) 2024-04-26 03:28:48 Image size of job updated: 37752
	13  -  MemoryUsage of job (MB)
	13136  -  ResidentSetSize of job (KB)
...
006 (983612.000.000) 2024-04-26 03:33:50 Image size of job updated: 37752
	13  -  MemoryUsage of job (MB)
	13140  -  ResidentSetSize of job (KB)
...
006 (983612.000.000) 2024-04-26 03:38:50 Image size of job updated: 37752
	13  -  MemoryUsage of job (MB)
	13148  -  ResidentSetSize of job (KB)
...
006 (983612.000.000) 2024-04-26 03:48:51 Image size of job updated: 37752
	13  -  MemoryUsage of job (MB)
	13152  -  ResidentSetSize of job (KB)
...
006 (983612.000.000) 2024-04-26 03:53:52 Image size of job updated: 37752
	13  -  MemoryUsage of job (MB)
	13156  -  ResidentSetSize of job (KB)
...
005 (983612.000.000) 2024-04-26 03:55:28 Job terminated.
	(1) Normal termination (return value 0)
		Usr 0 00:51:48, Sys 0 00:00:00  -  Run Remote Usage
		Usr 0 00:00:00, Sys 0 00:00:00  -  Run Local Usage
		Usr 0 00:51:48, Sys 0 00:00:00  -  Total Remote Usage
		Usr 0 00:00:00, Sys 0 00:00:00  -  Total Local Usage
	0  -  Run Bytes Sent By Job
	0  -  Run Bytes Received By Job
	0  -  Total Bytes Sent By Job
	0  -  Total Bytes Received By Job
	Partitionable Resources :    Usage  Request Allocated 
	   Cpus                 :     1.00        1         1 
	   Disk (KB)            :     1           1  10853596 
	   Memory (MB)          :    13          92      4026 

	Job terminated of its own accord at 2024-04-26T08:55:28Z.
...
000 (983983.000.000) 2024-04-26 05:06:47 Job submitted from host: <128.83.120.183:9618?addrs=128.83.120.183-9618&alias=darmok.cs.utexas.edu&noUDP&sock=schedd_1353_9fba>
...
001 (983983.000.000) 2024-04-26 05:06:57 Job executing on host: <128.83.139.150:9618?addrs=128.83.139.150-9618&alias=angrist-23.cs.utexas.edu&noUDP&sock=startd_1604_c9ff>
...
006 (983983.000.000) 2024-04-26 05:07:05 Image size of job updated: 37628
	13  -  MemoryUsage of job (MB)
	13056  -  ResidentSetSize of job (KB)
...
006 (983983.000.000) 2024-04-26 05:07:22 Image size of job updated: 37760
	13  -  MemoryUsage of job (MB)
	13056  -  ResidentSetSize of job (KB)
...
005 (983983.000.000) 2024-04-26 05:07:22 Job terminated.
	(1) Normal termination (return value 0)
		Usr 0 00:00:25, Sys 0 00:00:00  -  Run Remote Usage
		Usr 0 00:00:00, Sys 0 00:00:00  -  Run Local Usage
		Usr 0 00:00:25, Sys 0 00:00:00  -  Total Remote Usage
		Usr 0 00:00:00, Sys 0 00:00:00  -  Total Local Usage
	0  -  Run Bytes Sent By Job
	0  -  Run Bytes Received By Job
	0  -  Total Bytes Sent By Job
	0  -  Total Bytes Received By Job
	Partitionable Resources :    Usage  Request Allocated 
	   Cpus                 :                 1         1 
	   Disk (KB)            :        1        1  10853594 
	   Memory (MB)          :       13        1      4026 

	Job terminated of its own accord at 2024-04-26T10:07:22Z.
...
