000 (982949.000.000) 2024-04-25 20:09:51 Job submitted from host: <128.83.120.183:9618?addrs=128.83.120.183-9618&alias=darmok.cs.utexas.edu&noUDP&sock=schedd_1353_9fba>
...
001 (982949.000.000) 2024-04-25 20:09:53 Job executing on host: <128.83.144.168:9618?addrs=128.83.144.168-9618&alias=angrist-10.cs.utexas.edu&noUDP&sock=startd_1611_9729>
...
006 (982949.000.000) 2024-04-25 20:10:01 Image size of job updated: 36304
	12  -  MemoryUsage of job (MB)
	11752  -  ResidentSetSize of job (KB)
...
005 (982949.000.000) 2024-04-25 20:10:08 Job terminated.
	(1) Normal termination (return value 0)
		Usr 0 00:00:14, Sys 0 00:00:00  -  Run Remote Usage
		Usr 0 00:00:00, Sys 0 00:00:00  -  Run Local Usage
		Usr 0 00:00:14, Sys 0 00:00:00  -  Total Remote Usage
		Usr 0 00:00:00, Sys 0 00:00:00  -  Total Local Usage
	0  -  Run Bytes Sent By Job
	0  -  Run Bytes Received By Job
	0  -  Total Bytes Sent By Job
	0  -  Total Bytes Received By Job
	Partitionable Resources :    Usage  Request Allocated 
	   Cpus                 :                 1         1 
	   Disk (KB)            :        1        1  10853596 
	   Memory (MB)          :       12        1      4026 

	Job terminated of its own accord at 2024-04-26T01:10:08Z.
...
000 (983587.000.000) 2024-04-26 03:03:20 Job submitted from host: <128.83.120.183:9618?addrs=128.83.120.183-9618&alias=darmok.cs.utexas.edu&noUDP&sock=schedd_1353_9fba>
...
001 (983587.000.000) 2024-04-26 03:03:41 Job executing on host: <128.83.139.150:9618?addrs=128.83.139.150-9618&alias=angrist-23.cs.utexas.edu&noUDP&sock=startd_1604_c9ff>
...
006 (983587.000.000) 2024-04-26 03:03:49 Image size of job updated: 36308
	12  -  MemoryUsage of job (MB)
	11680  -  ResidentSetSize of job (KB)
...
006 (983587.000.000) 2024-04-26 03:08:49 Image size of job updated: 36696
	12  -  MemoryUsage of job (MB)
	12024  -  ResidentSetSize of job (KB)
...
006 (983587.000.000) 2024-04-26 03:13:50 Image size of job updated: 36952
	13  -  MemoryUsage of job (MB)
	12380  -  ResidentSetSize of job (KB)
...
006 (983587.000.000) 2024-04-26 03:18:50 Image size of job updated: 37336
	13  -  MemoryUsage of job (MB)
	12656  -  ResidentSetSize of job (KB)
...
006 (983587.000.000) 2024-04-26 03:23:50 Image size of job updated: 37456
	13  -  MemoryUsage of job (MB)
	12840  -  ResidentSetSize of job (KB)
...
006 (983587.000.000) 2024-04-26 03:28:51 Image size of job updated: 37580
	13  -  MemoryUsage of job (MB)
	12960  -  ResidentSetSize of job (KB)
...
006 (983587.000.000) 2024-04-26 03:33:52 Image size of job updated: 37708
	13  -  MemoryUsage of job (MB)
	13076  -  ResidentSetSize of job (KB)
...
006 (983587.000.000) 2024-04-26 03:38:52 Image size of job updated: 37836
	13  -  MemoryUsage of job (MB)
	13196  -  ResidentSetSize of job (KB)
...
006 (983587.000.000) 2024-04-26 03:43:53 Image size of job updated: 37960
	14  -  MemoryUsage of job (MB)
	13320  -  ResidentSetSize of job (KB)
...
006 (983587.000.000) 2024-04-26 03:48:54 Image size of job updated: 38088
	14  -  MemoryUsage of job (MB)
	13448  -  ResidentSetSize of job (KB)
...
006 (983587.000.000) 2024-04-26 03:53:54 Image size of job updated: 38216
	14  -  MemoryUsage of job (MB)
	13576  -  ResidentSetSize of job (KB)
...
006 (983587.000.000) 2024-04-26 03:58:54 Image size of job updated: 38340
	14  -  MemoryUsage of job (MB)
	13712  -  ResidentSetSize of job (KB)
...
005 (983587.000.000) 2024-04-26 04:00:41 Job terminated.
	(1) Normal termination (return value 0)
		Usr 0 00:56:58, Sys 0 00:00:00  -  Run Remote Usage
		Usr 0 00:00:00, Sys 0 00:00:00  -  Run Local Usage
		Usr 0 00:56:58, Sys 0 00:00:00  -  Total Remote Usage
		Usr 0 00:00:00, Sys 0 00:00:00  -  Total Local Usage
	0  -  Run Bytes Sent By Job
	0  -  Run Bytes Received By Job
	0  -  Total Bytes Sent By Job
	0  -  Total Bytes Received By Job
	Partitionable Resources :    Usage  Request Allocated 
	   Cpus                 :     1.00        1         1 
	   Disk (KB)            :     1           1  10853594 
	   Memory (MB)          :    14        1258      4026 

	Job terminated of its own accord at 2024-04-26T09:00:41Z.
...
000 (983958.000.000) 2024-04-26 05:06:44 Job submitted from host: <128.83.120.183:9618?addrs=128.83.120.183-9618&alias=darmok.cs.utexas.edu&noUDP&sock=schedd_1353_9fba>
...
001 (983958.000.000) 2024-04-26 05:06:51 Job executing on host: <128.83.144.168:9618?addrs=128.83.144.168-9618&alias=angrist-10.cs.utexas.edu&noUDP&sock=startd_1611_9729>
...
006 (983958.000.000) 2024-04-26 05:06:59 Image size of job updated: 36436
	12  -  MemoryUsage of job (MB)
	11748  -  ResidentSetSize of job (KB)
...
005 (983958.000.000) 2024-04-26 05:07:05 Job terminated.
	(1) Normal termination (return value 0)
		Usr 0 00:00:13, Sys 0 00:00:00  -  Run Remote Usage
		Usr 0 00:00:00, Sys 0 00:00:00  -  Run Local Usage
		Usr 0 00:00:13, Sys 0 00:00:00  -  Total Remote Usage
		Usr 0 00:00:00, Sys 0 00:00:00  -  Total Local Usage
	0  -  Run Bytes Sent By Job
	0  -  Run Bytes Received By Job
	0  -  Total Bytes Sent By Job
	0  -  Total Bytes Received By Job
	Partitionable Resources :    Usage  Request Allocated 
	   Cpus                 :                 1         1 
	   Disk (KB)            :        1        1  10853596 
	   Memory (MB)          :       12        1      4026 

	Job terminated of its own accord at 2024-04-26T10:07:05Z.
...
