000 (982975.000.000) 2024-04-25 20:09:55 Job submitted from host: <128.83.120.183:9618?addrs=128.83.120.183-9618&alias=darmok.cs.utexas.edu&noUDP&sock=schedd_1353_9fba>
...
001 (982975.000.000) 2024-04-25 20:10:07 Job executing on host: <128.83.144.240:9618?addrs=128.83.144.240-9618&alias=angrist-13.cs.utexas.edu&noUDP&sock=startd_1643_8a31>
...
006 (982975.000.000) 2024-04-25 20:10:15 Image size of job updated: 36432
	12  -  MemoryUsage of job (MB)
	11976  -  ResidentSetSize of job (KB)
...
006 (982975.000.000) 2024-04-25 20:10:32 Image size of job updated: 36688
	12  -  MemoryUsage of job (MB)
	11976  -  ResidentSetSize of job (KB)
...
005 (982975.000.000) 2024-04-25 20:10:33 Job terminated.
	(1) Normal termination (return value 0)
		Usr 0 00:00:25, Sys 0 00:00:00  -  Run Remote Usage
		Usr 0 00:00:00, Sys 0 00:00:00  -  Run Local Usage
		Usr 0 00:00:25, Sys 0 00:00:00  -  Total Remote Usage
		Usr 0 00:00:00, Sys 0 00:00:00  -  Total Local Usage
	0  -  Run Bytes Sent By Job
	0  -  Run Bytes Received By Job
	0  -  Total Bytes Sent By Job
	0  -  Total Bytes Received By Job
	Partitionable Resources :    Usage  Request Allocated 
	   Cpus                 :                 1         1 
	   Disk (KB)            :        1        1  10853596 
	   Memory (MB)          :       12        1      4026 

	Job terminated of its own accord at 2024-04-26T01:10:32Z.
...
000 (983613.000.000) 2024-04-26 03:03:26 Job submitted from host: <128.83.120.183:9618?addrs=128.83.120.183-9618&alias=darmok.cs.utexas.edu&noUDP&sock=schedd_1353_9fba>
...
001 (983613.000.000) 2024-04-26 03:03:37 Job executing on host: <128.83.144.211:9618?addrs=128.83.144.211-9618&alias=angrist-12.cs.utexas.edu&noUDP&sock=startd_1592_8edc>
...
006 (983613.000.000) 2024-04-26 03:03:46 Image size of job updated: 36436
	12  -  MemoryUsage of job (MB)
	12012  -  ResidentSetSize of job (KB)
...
006 (983613.000.000) 2024-04-26 03:08:47 Image size of job updated: 38600
	14  -  MemoryUsage of job (MB)
	13960  -  ResidentSetSize of job (KB)
...
006 (983613.000.000) 2024-04-26 03:13:47 Image size of job updated: 39112
	15  -  MemoryUsage of job (MB)
	14524  -  ResidentSetSize of job (KB)
...
006 (983613.000.000) 2024-04-26 03:18:48 Image size of job updated: 39352
	15  -  MemoryUsage of job (MB)
	14676  -  ResidentSetSize of job (KB)
...
006 (983613.000.000) 2024-04-26 03:23:49 Image size of job updated: 39352
	15  -  MemoryUsage of job (MB)
	14724  -  ResidentSetSize of job (KB)
...
006 (983613.000.000) 2024-04-26 03:28:49 Image size of job updated: 39352
	15  -  MemoryUsage of job (MB)
	14764  -  ResidentSetSize of job (KB)
...
006 (983613.000.000) 2024-04-26 03:33:49 Image size of job updated: 39352
	15  -  MemoryUsage of job (MB)
	14776  -  ResidentSetSize of job (KB)
...
006 (983613.000.000) 2024-04-26 03:38:50 Image size of job updated: 39472
	15  -  MemoryUsage of job (MB)
	14800  -  ResidentSetSize of job (KB)
...
006 (983613.000.000) 2024-04-26 03:43:51 Image size of job updated: 39472
	15  -  MemoryUsage of job (MB)
	14820  -  ResidentSetSize of job (KB)
...
006 (983613.000.000) 2024-04-26 03:48:51 Image size of job updated: 39472
	15  -  MemoryUsage of job (MB)
	14828  -  ResidentSetSize of job (KB)
...
006 (983613.000.000) 2024-04-26 03:53:52 Image size of job updated: 39472
	15  -  MemoryUsage of job (MB)
	14852  -  ResidentSetSize of job (KB)
...
006 (983613.000.000) 2024-04-26 03:58:53 Image size of job updated: 39472
	15  -  MemoryUsage of job (MB)
	14856  -  ResidentSetSize of job (KB)
...
006 (983613.000.000) 2024-04-26 04:03:53 Image size of job updated: 39472
	15  -  MemoryUsage of job (MB)
	14884  -  ResidentSetSize of job (KB)
...
006 (983613.000.000) 2024-04-26 04:08:53 Image size of job updated: 39472
	15  -  MemoryUsage of job (MB)
	14904  -  ResidentSetSize of job (KB)
...
006 (983613.000.000) 2024-04-26 04:13:54 Image size of job updated: 39592
	15  -  MemoryUsage of job (MB)
	14924  -  ResidentSetSize of job (KB)
...
005 (983613.000.000) 2024-04-26 04:16:48 Job terminated.
	(1) Normal termination (return value 0)
		Usr 0 01:13:09, Sys 0 00:00:00  -  Run Remote Usage
		Usr 0 00:00:00, Sys 0 00:00:00  -  Run Local Usage
		Usr 0 01:13:09, Sys 0 00:00:00  -  Total Remote Usage
		Usr 0 00:00:00, Sys 0 00:00:00  -  Total Local Usage
	0  -  Run Bytes Sent By Job
	0  -  Run Bytes Received By Job
	0  -  Total Bytes Sent By Job
	0  -  Total Bytes Received By Job
	Partitionable Resources :    Usage  Request Allocated 
	   Cpus                 :     1.00        1         1 
	   Disk (KB)            :     1           1  10853596 
	   Memory (MB)          :    15         674      4026 

	Job terminated of its own accord at 2024-04-26T09:16:47Z.
...
000 (983984.000.000) 2024-04-26 05:06:47 Job submitted from host: <128.83.120.183:9618?addrs=128.83.120.183-9618&alias=darmok.cs.utexas.edu&noUDP&sock=schedd_1353_9fba>
...
001 (983984.000.000) 2024-04-26 05:06:57 Job executing on host: <128.83.144.211:9618?addrs=128.83.144.211-9618&alias=angrist-12.cs.utexas.edu&noUDP&sock=startd_1592_8edc>
...
006 (983984.000.000) 2024-04-26 05:07:05 Image size of job updated: 36560
	12  -  MemoryUsage of job (MB)
	11968  -  ResidentSetSize of job (KB)
...
006 (983984.000.000) 2024-04-26 05:07:21 Image size of job updated: 36688
	12  -  MemoryUsage of job (MB)
	11968  -  ResidentSetSize of job (KB)
...
005 (983984.000.000) 2024-04-26 05:07:21 Job terminated.
	(1) Normal termination (return value 0)
		Usr 0 00:00:23, Sys 0 00:00:00  -  Run Remote Usage
		Usr 0 00:00:00, Sys 0 00:00:00  -  Run Local Usage
		Usr 0 00:00:23, Sys 0 00:00:00  -  Total Remote Usage
		Usr 0 00:00:00, Sys 0 00:00:00  -  Total Local Usage
	0  -  Run Bytes Sent By Job
	0  -  Run Bytes Received By Job
	0  -  Total Bytes Sent By Job
	0  -  Total Bytes Received By Job
	Partitionable Resources :    Usage  Request Allocated 
	   Cpus                 :                 1         1 
	   Disk (KB)            :        1        1  10853596 
	   Memory (MB)          :       12        1      4026 

	Job terminated of its own accord at 2024-04-26T10:07:21Z.
...
