000 (982961.000.000) 2024-04-25 20:09:53 Job submitted from host: <128.83.120.183:9618?addrs=128.83.120.183-9618&alias=darmok.cs.utexas.edu&noUDP&sock=schedd_1353_9fba>
...
001 (982961.000.000) 2024-04-25 20:09:59 Job executing on host: <128.83.144.147:9618?addrs=128.83.144.147-9618&alias=oliphaunt-1.cs.utexas.edu&noUDP&sock=startd_1578_f489>
...
006 (982961.000.000) 2024-04-25 20:10:08 Image size of job updated: 36440
	12  -  MemoryUsage of job (MB)
	11756  -  ResidentSetSize of job (KB)
...
005 (982961.000.000) 2024-04-25 20:10:57 Job terminated.
	(1) Normal termination (return value 0)
		Usr 0 00:00:57, Sys 0 00:00:00  -  Run Remote Usage
		Usr 0 00:00:00, Sys 0 00:00:00  -  Run Local Usage
		Usr 0 00:00:57, Sys 0 00:00:00  -  Total Remote Usage
		Usr 0 00:00:00, Sys 0 00:00:00  -  Total Local Usage
	0  -  Run Bytes Sent By Job
	0  -  Run Bytes Received By Job
	0  -  Total Bytes Sent By Job
	0  -  Total Bytes Received By Job
	Partitionable Resources :    Usage  Request Allocated 
	   Cpus                 :                 1         1 
	   Disk (KB)            :        1        1  18498544 
	   Memory (MB)          :       12        1     24186 

	Job terminated of its own accord at 2024-04-26T01:10:57Z.
...
000 (983599.000.000) 2024-04-26 03:03:24 Job submitted from host: <128.83.120.183:9618?addrs=128.83.120.183-9618&alias=darmok.cs.utexas.edu&noUDP&sock=schedd_1353_9fba>
...
001 (983599.000.000) 2024-04-26 03:03:41 Job executing on host: <128.83.144.211:9618?addrs=128.83.144.211-9618&alias=angrist-12.cs.utexas.edu&noUDP&sock=startd_1592_8edc>
...
006 (983599.000.000) 2024-04-26 03:03:49 Image size of job updated: 36304
	12  -  MemoryUsage of job (MB)
	11708  -  ResidentSetSize of job (KB)
...
006 (983599.000.000) 2024-04-26 03:08:49 Image size of job updated: 36944
	13  -  MemoryUsage of job (MB)
	12384  -  ResidentSetSize of job (KB)
...
006 (983599.000.000) 2024-04-26 03:13:51 Image size of job updated: 37600
	13  -  MemoryUsage of job (MB)
	13008  -  ResidentSetSize of job (KB)
...
006 (983599.000.000) 2024-04-26 03:18:51 Image size of job updated: 38120
	14  -  MemoryUsage of job (MB)
	13464  -  ResidentSetSize of job (KB)
...
006 (983599.000.000) 2024-04-26 03:23:51 Image size of job updated: 38120
	14  -  MemoryUsage of job (MB)
	13540  -  ResidentSetSize of job (KB)
...
006 (983599.000.000) 2024-04-26 03:28:52 Image size of job updated: 38248
	14  -  MemoryUsage of job (MB)
	13604  -  ResidentSetSize of job (KB)
...
006 (983599.000.000) 2024-04-26 03:33:53 Image size of job updated: 38248
	14  -  MemoryUsage of job (MB)
	13676  -  ResidentSetSize of job (KB)
...
006 (983599.000.000) 2024-04-26 03:38:53 Image size of job updated: 38376
	14  -  MemoryUsage of job (MB)
	13752  -  ResidentSetSize of job (KB)
...
006 (983599.000.000) 2024-04-26 03:43:53 Image size of job updated: 38504
	14  -  MemoryUsage of job (MB)
	13844  -  ResidentSetSize of job (KB)
...
006 (983599.000.000) 2024-04-26 03:48:55 Image size of job updated: 38504
	14  -  MemoryUsage of job (MB)
	13932  -  ResidentSetSize of job (KB)
...
006 (983599.000.000) 2024-04-26 03:53:55 Image size of job updated: 38632
	14  -  MemoryUsage of job (MB)
	14036  -  ResidentSetSize of job (KB)
...
006 (983599.000.000) 2024-04-26 03:58:55 Image size of job updated: 38760
	14  -  MemoryUsage of job (MB)
	14180  -  ResidentSetSize of job (KB)
...
006 (983599.000.000) 2024-04-26 04:03:56 Image size of job updated: 38888
	14  -  MemoryUsage of job (MB)
	14316  -  ResidentSetSize of job (KB)
...
006 (983599.000.000) 2024-04-26 04:08:57 Image size of job updated: 39016
	15  -  MemoryUsage of job (MB)
	14448  -  ResidentSetSize of job (KB)
...
006 (983599.000.000) 2024-04-26 04:13:57 Image size of job updated: 39272
	15  -  MemoryUsage of job (MB)
	14596  -  ResidentSetSize of job (KB)
...
006 (983599.000.000) 2024-04-26 04:18:57 Image size of job updated: 39400
	15  -  MemoryUsage of job (MB)
	14748  -  ResidentSetSize of job (KB)
...
006 (983599.000.000) 2024-04-26 04:23:58 Image size of job updated: 39528
	15  -  MemoryUsage of job (MB)
	14896  -  ResidentSetSize of job (KB)
...
006 (983599.000.000) 2024-04-26 04:28:15 Image size of job updated: 39656
	15  -  MemoryUsage of job (MB)
	14896  -  ResidentSetSize of job (KB)
...
005 (983599.000.000) 2024-04-26 04:28:15 Job terminated.
	(1) Normal termination (return value 0)
		Usr 0 01:24:33, Sys 0 00:00:00  -  Run Remote Usage
		Usr 0 00:00:00, Sys 0 00:00:00  -  Run Local Usage
		Usr 0 01:24:33, Sys 0 00:00:00  -  Total Remote Usage
		Usr 0 00:00:00, Sys 0 00:00:00  -  Total Local Usage
	0  -  Run Bytes Sent By Job
	0  -  Run Bytes Received By Job
	0  -  Total Bytes Sent By Job
	0  -  Total Bytes Received By Job
	Partitionable Resources :    Usage  Request Allocated 
	   Cpus                 :     1.00        1         1 
	   Disk (KB)            :     1           1  10853596 
	   Memory (MB)          :    15         301      4026 

	Job terminated of its own accord at 2024-04-26T09:28:15Z.
...
000 (983970.000.000) 2024-04-26 05:06:45 Job submitted from host: <128.83.120.183:9618?addrs=128.83.120.183-9618&alias=darmok.cs.utexas.edu&noUDP&sock=schedd_1353_9fba>
...
001 (983970.000.000) 2024-04-26 05:06:54 Job executing on host: <128.83.139.145:9618?addrs=128.83.139.145-9618&alias=angrist-18.cs.utexas.edu&noUDP&sock=startd_1595_9da5>
...
006 (983970.000.000) 2024-04-26 05:07:02 Image size of job updated: 36308
	12  -  MemoryUsage of job (MB)
	11704  -  ResidentSetSize of job (KB)
...
006 (983970.000.000) 2024-04-26 05:07:31 Image size of job updated: 36440
	12  -  MemoryUsage of job (MB)
	11704  -  ResidentSetSize of job (KB)
...
005 (983970.000.000) 2024-04-26 05:07:31 Job terminated.
	(1) Normal termination (return value 0)
		Usr 0 00:00:36, Sys 0 00:00:00  -  Run Remote Usage
		Usr 0 00:00:00, Sys 0 00:00:00  -  Run Local Usage
		Usr 0 00:00:36, Sys 0 00:00:00  -  Total Remote Usage
		Usr 0 00:00:00, Sys 0 00:00:00  -  Total Local Usage
	0  -  Run Bytes Sent By Job
	0  -  Run Bytes Received By Job
	0  -  Total Bytes Sent By Job
	0  -  Total Bytes Received By Job
	Partitionable Resources :    Usage  Request Allocated 
	   Cpus                 :                 1         1 
	   Disk (KB)            :        1        1  10853596 
	   Memory (MB)          :       12        1      4026 

	Job terminated of its own accord at 2024-04-26T10:07:31Z.
...
