000 (982987.000.000) 2024-04-25 20:09:57 Job submitted from host: <128.83.120.183:9618?addrs=128.83.120.183-9618&alias=darmok.cs.utexas.edu&noUDP&sock=schedd_1353_9fba>
...
001 (982987.000.000) 2024-04-25 20:10:13 Job executing on host: <128.83.139.150:9618?addrs=128.83.139.150-9618&alias=angrist-23.cs.utexas.edu&noUDP&sock=startd_1604_c9ff>
...
006 (982987.000.000) 2024-04-25 20:10:22 Image size of job updated: 36304
	12  -  MemoryUsage of job (MB)
	11760  -  ResidentSetSize of job (KB)
...
005 (982987.000.000) 2024-04-25 20:10:34 Job terminated.
	(1) Normal termination (return value 0)
		Usr 0 00:00:18, Sys 0 00:00:00  -  Run Remote Usage
		Usr 0 00:00:00, Sys 0 00:00:00  -  Run Local Usage
		Usr 0 00:00:18, Sys 0 00:00:00  -  Total Remote Usage
		Usr 0 00:00:00, Sys 0 00:00:00  -  Total Local Usage
	0  -  Run Bytes Sent By Job
	0  -  Run Bytes Received By Job
	0  -  Total Bytes Sent By Job
	0  -  Total Bytes Received By Job
	Partitionable Resources :    Usage  Request Allocated 
	   Cpus                 :                 1         1 
	   Disk (KB)            :        1        1  10853594 
	   Memory (MB)          :       12        1      4026 

	Job terminated of its own accord at 2024-04-26T01:10:32Z.
...
000 (983625.000.000) 2024-04-26 03:03:27 Job submitted from host: <128.83.120.183:9618?addrs=128.83.120.183-9618&alias=darmok.cs.utexas.edu&noUDP&sock=schedd_1353_9fba>
...
001 (983625.000.000) 2024-04-26 03:03:40 Job executing on host: <128.83.139.143:9618?addrs=128.83.139.143-9618&alias=angrist-16.cs.utexas.edu&noUDP&sock=startd_1598_ac6e>
...
006 (983625.000.000) 2024-04-26 03:03:48 Image size of job updated: 36308
	12  -  MemoryUsage of job (MB)
	11724  -  ResidentSetSize of job (KB)
...
006 (983625.000.000) 2024-04-26 03:08:48 Image size of job updated: 37580
	13  -  MemoryUsage of job (MB)
	12984  -  ResidentSetSize of job (KB)
...
006 (983625.000.000) 2024-04-26 03:13:49 Image size of job updated: 38216
	14  -  MemoryUsage of job (MB)
	13580  -  ResidentSetSize of job (KB)
...
006 (983625.000.000) 2024-04-26 03:18:49 Image size of job updated: 38728
	14  -  MemoryUsage of job (MB)
	14148  -  ResidentSetSize of job (KB)
...
006 (983625.000.000) 2024-04-26 03:23:49 Image size of job updated: 38840
	14  -  MemoryUsage of job (MB)
	14224  -  ResidentSetSize of job (KB)
...
006 (983625.000.000) 2024-04-26 03:28:51 Image size of job updated: 39064
	15  -  MemoryUsage of job (MB)
	14484  -  ResidentSetSize of job (KB)
...
006 (983625.000.000) 2024-04-26 03:33:51 Image size of job updated: 39276
	15  -  MemoryUsage of job (MB)
	14704  -  ResidentSetSize of job (KB)
...
006 (983625.000.000) 2024-04-26 03:38:51 Image size of job updated: 39504
	15  -  MemoryUsage of job (MB)
	14916  -  ResidentSetSize of job (KB)
...
006 (983625.000.000) 2024-04-26 03:42:46 Image size of job updated: 39616
	15  -  MemoryUsage of job (MB)
	14916  -  ResidentSetSize of job (KB)
...
005 (983625.000.000) 2024-04-26 03:42:47 Job terminated.
	(1) Normal termination (return value 0)
		Usr 0 00:39:06, Sys 0 00:00:00  -  Run Remote Usage
		Usr 0 00:00:00, Sys 0 00:00:00  -  Run Local Usage
		Usr 0 00:39:06, Sys 0 00:00:00  -  Total Remote Usage
		Usr 0 00:00:00, Sys 0 00:00:00  -  Total Local Usage
	0  -  Run Bytes Sent By Job
	0  -  Run Bytes Received By Job
	0  -  Total Bytes Sent By Job
	0  -  Total Bytes Received By Job
	Partitionable Resources :    Usage  Request Allocated 
	   Cpus                 :     1.00        1         1 
	   Disk (KB)            :     1           1  10853596 
	   Memory (MB)          :    15         112      4026 

	Job terminated of its own accord at 2024-04-26T08:42:46Z.
...
000 (983996.000.000) 2024-04-26 05:06:51 Job submitted from host: <128.83.120.183:9618?addrs=128.83.120.183-9618&alias=darmok.cs.utexas.edu&noUDP&sock=schedd_1353_9fba>
...
001 (983996.000.000) 2024-04-26 05:06:58 Job executing on host: <128.83.139.150:9618?addrs=128.83.139.150-9618&alias=angrist-23.cs.utexas.edu&noUDP&sock=startd_1604_c9ff>
...
006 (983996.000.000) 2024-04-26 05:07:07 Image size of job updated: 36428
	12  -  MemoryUsage of job (MB)
	11792  -  ResidentSetSize of job (KB)
...
005 (983996.000.000) 2024-04-26 05:07:14 Job terminated.
	(1) Normal termination (return value 0)
		Usr 0 00:00:15, Sys 0 00:00:00  -  Run Remote Usage
		Usr 0 00:00:00, Sys 0 00:00:00  -  Run Local Usage
		Usr 0 00:00:15, Sys 0 00:00:00  -  Total Remote Usage
		Usr 0 00:00:00, Sys 0 00:00:00  -  Total Local Usage
	0  -  Run Bytes Sent By Job
	0  -  Run Bytes Received By Job
	0  -  Total Bytes Sent By Job
	0  -  Total Bytes Received By Job
	Partitionable Resources :    Usage  Request Allocated 
	   Cpus                 :                 1         1 
	   Disk (KB)            :        1        1  10853594 
	   Memory (MB)          :       12        1      4026 

	Job terminated of its own accord at 2024-04-26T10:07:14Z.
...
