000 (982943.000.000) 2024-04-25 20:09:50 Job submitted from host: <128.83.120.183:9618?addrs=128.83.120.183-9618&alias=darmok.cs.utexas.edu&noUDP&sock=schedd_1353_9fba>
...
001 (982943.000.000) 2024-04-25 20:09:51 Job executing on host: <128.83.144.240:9618?addrs=128.83.144.240-9618&alias=angrist-13.cs.utexas.edu&noUDP&sock=startd_1643_8a31>
...
006 (982943.000.000) 2024-04-25 20:09:59 Image size of job updated: 36304
	12  -  MemoryUsage of job (MB)
	11736  -  ResidentSetSize of job (KB)
...
006 (982943.000.000) 2024-04-25 20:10:17 Image size of job updated: 36428
	12  -  MemoryUsage of job (MB)
	11736  -  ResidentSetSize of job (KB)
...
005 (982943.000.000) 2024-04-25 20:10:17 Job terminated.
	(1) Normal termination (return value 0)
		Usr 0 00:00:26, Sys 0 00:00:00  -  Run Remote Usage
		Usr 0 00:00:00, Sys 0 00:00:00  -  Run Local Usage
		Usr 0 00:00:26, Sys 0 00:00:00  -  Total Remote Usage
		Usr 0 00:00:00, Sys 0 00:00:00  -  Total Local Usage
	0  -  Run Bytes Sent By Job
	0  -  Run Bytes Received By Job
	0  -  Total Bytes Sent By Job
	0  -  Total Bytes Received By Job
	Partitionable Resources :    Usage  Request Allocated 
	   Cpus                 :                 1         1 
	   Disk (KB)            :        1        1  10853596 
	   Memory (MB)          :       12        1      4026 

	Job terminated of its own accord at 2024-04-26T01:10:17Z.
...
000 (983581.000.000) 2024-04-26 03:03:18 Job submitted from host: <128.83.120.183:9618?addrs=128.83.120.183-9618&alias=darmok.cs.utexas.edu&noUDP&sock=schedd_1353_9fba>
...
001 (983581.000.000) 2024-04-26 03:03:39 Job executing on host: <128.83.139.142:9618?addrs=128.83.139.142-9618&alias=angrist-15.cs.utexas.edu&noUDP&sock=startd_1598_ac6e>
...
006 (983581.000.000) 2024-04-26 03:03:48 Image size of job updated: 36304
	12  -  MemoryUsage of job (MB)
	11680  -  ResidentSetSize of job (KB)
...
006 (983581.000.000) 2024-04-26 03:08:49 Image size of job updated: 37084
	13  -  MemoryUsage of job (MB)
	12476  -  ResidentSetSize of job (KB)
...
006 (983581.000.000) 2024-04-26 03:13:49 Image size of job updated: 37864
	13  -  MemoryUsage of job (MB)
	13284  -  ResidentSetSize of job (KB)
...
006 (983581.000.000) 2024-04-26 03:18:50 Image size of job updated: 38644
	14  -  MemoryUsage of job (MB)
	14056  -  ResidentSetSize of job (KB)
...
006 (983581.000.000) 2024-04-26 03:23:51 Image size of job updated: 38900
	14  -  MemoryUsage of job (MB)
	14220  -  ResidentSetSize of job (KB)
...
006 (983581.000.000) 2024-04-26 03:28:51 Image size of job updated: 39028
	15  -  MemoryUsage of job (MB)
	14368  -  ResidentSetSize of job (KB)
...
006 (983581.000.000) 2024-04-26 03:33:51 Image size of job updated: 39152
	15  -  MemoryUsage of job (MB)
	14524  -  ResidentSetSize of job (KB)
...
006 (983581.000.000) 2024-04-26 03:38:52 Image size of job updated: 39264
	15  -  MemoryUsage of job (MB)
	14700  -  ResidentSetSize of job (KB)
...
006 (983581.000.000) 2024-04-26 03:43:53 Image size of job updated: 39500
	15  -  MemoryUsage of job (MB)
	14932  -  ResidentSetSize of job (KB)
...
006 (983581.000.000) 2024-04-26 03:48:53 Image size of job updated: 39836
	15  -  MemoryUsage of job (MB)
	15204  -  ResidentSetSize of job (KB)
...
006 (983581.000.000) 2024-04-26 03:53:54 Image size of job updated: 40064
	16  -  MemoryUsage of job (MB)
	15468  -  ResidentSetSize of job (KB)
...
006 (983581.000.000) 2024-04-26 03:58:55 Image size of job updated: 40288
	16  -  MemoryUsage of job (MB)
	15704  -  ResidentSetSize of job (KB)
...
006 (983581.000.000) 2024-04-26 04:03:55 Image size of job updated: 40628
	16  -  MemoryUsage of job (MB)
	16004  -  ResidentSetSize of job (KB)
...
006 (983581.000.000) 2024-04-26 04:08:55 Image size of job updated: 40840
	16  -  MemoryUsage of job (MB)
	16284  -  ResidentSetSize of job (KB)
...
006 (983581.000.000) 2024-04-26 04:09:58 Image size of job updated: 40956
	16  -  MemoryUsage of job (MB)
	16284  -  ResidentSetSize of job (KB)
...
005 (983581.000.000) 2024-04-26 04:09:58 Job terminated.
	(1) Normal termination (return value 0)
		Usr 0 01:06:18, Sys 0 00:00:00  -  Run Remote Usage
		Usr 0 00:00:00, Sys 0 00:00:00  -  Run Local Usage
		Usr 0 01:06:18, Sys 0 00:00:00  -  Total Remote Usage
		Usr 0 00:00:00, Sys 0 00:00:00  -  Total Local Usage
	0  -  Run Bytes Sent By Job
	0  -  Run Bytes Received By Job
	0  -  Total Bytes Sent By Job
	0  -  Total Bytes Received By Job
	Partitionable Resources :    Usage  Request Allocated 
	   Cpus                 :     1.00        1         1 
	   Disk (KB)            :     1           1  10853596 
	   Memory (MB)          :    16         275      4026 

	Job terminated of its own accord at 2024-04-26T09:09:58Z.
...
000 (983952.000.000) 2024-04-26 05:06:43 Job submitted from host: <128.83.120.183:9618?addrs=128.83.120.183-9618&alias=darmok.cs.utexas.edu&noUDP&sock=schedd_1353_9fba>
...
001 (983952.000.000) 2024-04-26 05:06:43 Job executing on host: <128.83.130.161:9618?addrs=128.83.130.161-9618&alias=oliphaunt-2.cs.utexas.edu&noUDP&sock=startd_1594_ee0d>
...
006 (983952.000.000) 2024-04-26 05:06:51 Image size of job updated: 36308
	12  -  MemoryUsage of job (MB)
	11680  -  ResidentSetSize of job (KB)
...
006 (983952.000.000) 2024-04-26 05:07:38 Image size of job updated: 36432
	12  -  MemoryUsage of job (MB)
	11680  -  ResidentSetSize of job (KB)
...
005 (983952.000.000) 2024-04-26 05:07:39 Job terminated.
	(1) Normal termination (return value 0)
		Usr 0 00:00:54, Sys 0 00:00:00  -  Run Remote Usage
		Usr 0 00:00:00, Sys 0 00:00:00  -  Run Local Usage
		Usr 0 00:00:54, Sys 0 00:00:00  -  Total Remote Usage
		Usr 0 00:00:00, Sys 0 00:00:00  -  Total Local Usage
	0  -  Run Bytes Sent By Job
	0  -  Run Bytes Received By Job
	0  -  Total Bytes Sent By Job
	0  -  Total Bytes Received By Job
	Partitionable Resources :    Usage  Request Allocated 
	   Cpus                 :                 1         1 
	   Disk (KB)            :        1        1  18498544 
	   Memory (MB)          :       12        1     24186 

	Job terminated of its own accord at 2024-04-26T10:07:38Z.
...
