000 (982992.000.000) 2024-04-25 20:09:58 Job submitted from host: <128.83.120.183:9618?addrs=128.83.120.183-9618&alias=darmok.cs.utexas.edu&noUDP&sock=schedd_1353_9fba>
...
001 (982992.000.000) 2024-04-25 20:10:15 Job executing on host: <128.83.130.161:9618?addrs=128.83.130.161-9618&alias=oliphaunt-2.cs.utexas.edu&noUDP&sock=startd_1594_ee0d>
...
006 (982992.000.000) 2024-04-25 20:10:24 Image size of job updated: 36304
	12  -  MemoryUsage of job (MB)
	11744  -  ResidentSetSize of job (KB)
...
006 (982992.000.000) 2024-04-25 20:10:34 Image size of job updated: 36428
	12  -  MemoryUsage of job (MB)
	11744  -  ResidentSetSize of job (KB)
...
005 (982992.000.000) 2024-04-25 20:10:34 Job terminated.
	(1) Normal termination (return value 0)
		Usr 0 00:00:18, Sys 0 00:00:00  -  Run Remote Usage
		Usr 0 00:00:00, Sys 0 00:00:00  -  Run Local Usage
		Usr 0 00:00:18, Sys 0 00:00:00  -  Total Remote Usage
		Usr 0 00:00:00, Sys 0 00:00:00  -  Total Local Usage
	0  -  Run Bytes Sent By Job
	0  -  Run Bytes Received By Job
	0  -  Total Bytes Sent By Job
	0  -  Total Bytes Received By Job
	Partitionable Resources :    Usage  Request Allocated 
	   Cpus                 :                 1         1 
	   Disk (KB)            :        1        1  18498544 
	   Memory (MB)          :       12        1     24186 

	Job terminated of its own accord at 2024-04-26T01:10:34Z.
...
000 (983630.000.000) 2024-04-26 03:03:29 Job submitted from host: <128.83.120.183:9618?addrs=128.83.120.183-9618&alias=darmok.cs.utexas.edu&noUDP&sock=schedd_1353_9fba>
...
001 (983630.000.000) 2024-04-26 03:03:42 Job executing on host: <128.83.139.142:9618?addrs=128.83.139.142-9618&alias=angrist-15.cs.utexas.edu&noUDP&sock=startd_1598_ac6e>
...
006 (983630.000.000) 2024-04-26 03:03:51 Image size of job updated: 36304
	12  -  MemoryUsage of job (MB)
	11696  -  ResidentSetSize of job (KB)
...
006 (983630.000.000) 2024-04-26 03:08:52 Image size of job updated: 36432
	12  -  MemoryUsage of job (MB)
	11820  -  ResidentSetSize of job (KB)
...
006 (983630.000.000) 2024-04-26 03:13:52 Image size of job updated: 36556
	12  -  MemoryUsage of job (MB)
	11972  -  ResidentSetSize of job (KB)
...
006 (983630.000.000) 2024-04-26 03:18:52 Image size of job updated: 36812
	12  -  MemoryUsage of job (MB)
	12128  -  ResidentSetSize of job (KB)
...
006 (983630.000.000) 2024-04-26 03:23:53 Image size of job updated: 36812
	12  -  MemoryUsage of job (MB)
	12228  -  ResidentSetSize of job (KB)
...
006 (983630.000.000) 2024-04-26 03:28:54 Image size of job updated: 36936
	12  -  MemoryUsage of job (MB)
	12284  -  ResidentSetSize of job (KB)
...
005 (983630.000.000) 2024-04-26 03:31:15 Job terminated.
	(1) Normal termination (return value 0)
		Usr 0 00:27:30, Sys 0 00:00:00  -  Run Remote Usage
		Usr 0 00:00:00, Sys 0 00:00:00  -  Run Local Usage
		Usr 0 00:27:30, Sys 0 00:00:00  -  Total Remote Usage
		Usr 0 00:00:00, Sys 0 00:00:00  -  Total Local Usage
	0  -  Run Bytes Sent By Job
	0  -  Run Bytes Received By Job
	0  -  Total Bytes Sent By Job
	0  -  Total Bytes Received By Job
	Partitionable Resources :    Usage  Request Allocated 
	   Cpus                 :     1.00        1         1 
	   Disk (KB)            :     1           1  10853596 
	   Memory (MB)          :    12         318      4026 

	Job terminated of its own accord at 2024-04-26T08:31:14Z.
...
000 (984001.000.000) 2024-04-26 05:06:52 Job submitted from host: <128.83.120.183:9618?addrs=128.83.120.183-9618&alias=darmok.cs.utexas.edu&noUDP&sock=schedd_1353_9fba>
...
001 (984001.000.000) 2024-04-26 05:06:58 Job executing on host: <128.83.139.147:9618?addrs=128.83.139.147-9618&alias=angrist-20.cs.utexas.edu&noUDP&sock=startd_1592_8edc>
...
006 (984001.000.000) 2024-04-26 05:07:06 Image size of job updated: 11752
	12  -  MemoryUsage of job (MB)
	11752  -  ResidentSetSize of job (KB)
...
005 (984001.000.000) 2024-04-26 05:07:09 Job terminated.
	(1) Normal termination (return value 0)
		Usr 0 00:00:11, Sys 0 00:00:00  -  Run Remote Usage
		Usr 0 00:00:00, Sys 0 00:00:00  -  Run Local Usage
		Usr 0 00:00:11, Sys 0 00:00:00  -  Total Remote Usage
		Usr 0 00:00:00, Sys 0 00:00:00  -  Total Local Usage
	0  -  Run Bytes Sent By Job
	0  -  Run Bytes Received By Job
	0  -  Total Bytes Sent By Job
	0  -  Total Bytes Received By Job
	Partitionable Resources :    Usage  Request Allocated 
	   Cpus                 :                 1         1 
	   Disk (KB)            :        1        1  10853596 
	   Memory (MB)          :       12        1      4026 

	Job terminated of its own accord at 2024-04-26T10:07:09Z.
...
