000 (982989.000.000) 2024-04-25 20:09:58 Job submitted from host: <128.83.120.183:9618?addrs=128.83.120.183-9618&alias=darmok.cs.utexas.edu&noUDP&sock=schedd_1353_9fba>
...
001 (982989.000.000) 2024-04-25 20:10:15 Job executing on host: <128.83.130.161:9618?addrs=128.83.130.161-9618&alias=oliphaunt-2.cs.utexas.edu&noUDP&sock=startd_1594_ee0d>
...
006 (982989.000.000) 2024-04-25 20:10:24 Image size of job updated: 36568
	12  -  MemoryUsage of job (MB)
	11984  -  ResidentSetSize of job (KB)
...
005 (982989.000.000) 2024-04-25 20:10:54 Job terminated.
	(1) Normal termination (return value 0)
		Usr 0 00:00:38, Sys 0 00:00:00  -  Run Remote Usage
		Usr 0 00:00:00, Sys 0 00:00:00  -  Run Local Usage
		Usr 0 00:00:38, Sys 0 00:00:00  -  Total Remote Usage
		Usr 0 00:00:00, Sys 0 00:00:00  -  Total Local Usage
	0  -  Run Bytes Sent By Job
	0  -  Run Bytes Received By Job
	0  -  Total Bytes Sent By Job
	0  -  Total Bytes Received By Job
	Partitionable Resources :    Usage  Request Allocated 
	   Cpus                 :                 1         1 
	   Disk (KB)            :        1        1  18498544 
	   Memory (MB)          :       12        1     24186 

	Job terminated of its own accord at 2024-04-26T01:10:54Z.
...
000 (983627.000.000) 2024-04-26 03:03:27 Job submitted from host: <128.83.120.183:9618?addrs=128.83.120.183-9618&alias=darmok.cs.utexas.edu&noUDP&sock=schedd_1353_9fba>
...
001 (983627.000.000) 2024-04-26 03:03:43 Job executing on host: <128.83.144.240:9618?addrs=128.83.144.240-9618&alias=angrist-13.cs.utexas.edu&noUDP&sock=startd_1643_8a31>
...
006 (983627.000.000) 2024-04-26 03:03:51 Image size of job updated: 36564
	12  -  MemoryUsage of job (MB)
	11980  -  ResidentSetSize of job (KB)
...
006 (983627.000.000) 2024-04-26 03:08:51 Image size of job updated: 37856
	13  -  MemoryUsage of job (MB)
	13232  -  ResidentSetSize of job (KB)
...
006 (983627.000.000) 2024-04-26 03:13:51 Image size of job updated: 38112
	14  -  MemoryUsage of job (MB)
	13560  -  ResidentSetSize of job (KB)
...
006 (983627.000.000) 2024-04-26 03:18:52 Image size of job updated: 38368
	14  -  MemoryUsage of job (MB)
	13736  -  ResidentSetSize of job (KB)
...
006 (983627.000.000) 2024-04-26 03:23:53 Image size of job updated: 38368
	14  -  MemoryUsage of job (MB)
	13748  -  ResidentSetSize of job (KB)
...
006 (983627.000.000) 2024-04-26 03:28:53 Image size of job updated: 38368
	14  -  MemoryUsage of job (MB)
	13772  -  ResidentSetSize of job (KB)
...
006 (983627.000.000) 2024-04-26 03:33:54 Image size of job updated: 38368
	14  -  MemoryUsage of job (MB)
	13796  -  ResidentSetSize of job (KB)
...
006 (983627.000.000) 2024-04-26 03:38:55 Image size of job updated: 38480
	14  -  MemoryUsage of job (MB)
	13808  -  ResidentSetSize of job (KB)
...
006 (983627.000.000) 2024-04-26 03:43:55 Image size of job updated: 38480
	14  -  MemoryUsage of job (MB)
	13840  -  ResidentSetSize of job (KB)
...
006 (983627.000.000) 2024-04-26 03:48:55 Image size of job updated: 38480
	14  -  MemoryUsage of job (MB)
	13860  -  ResidentSetSize of job (KB)
...
006 (983627.000.000) 2024-04-26 03:53:56 Image size of job updated: 38480
	14  -  MemoryUsage of job (MB)
	13876  -  ResidentSetSize of job (KB)
...
006 (983627.000.000) 2024-04-26 03:58:57 Image size of job updated: 38480
	14  -  MemoryUsage of job (MB)
	13892  -  ResidentSetSize of job (KB)
...
006 (983627.000.000) 2024-04-26 04:03:57 Image size of job updated: 38608
	14  -  MemoryUsage of job (MB)
	13932  -  ResidentSetSize of job (KB)
...
006 (983627.000.000) 2024-04-26 04:08:58 Image size of job updated: 38608
	14  -  MemoryUsage of job (MB)
	13956  -  ResidentSetSize of job (KB)
...
005 (983627.000.000) 2024-04-26 04:09:16 Job terminated.
	(1) Normal termination (return value 0)
		Usr 0 01:05:32, Sys 0 00:00:00  -  Run Remote Usage
		Usr 0 00:00:00, Sys 0 00:00:00  -  Run Local Usage
		Usr 0 01:05:32, Sys 0 00:00:00  -  Total Remote Usage
		Usr 0 00:00:00, Sys 0 00:00:00  -  Total Local Usage
	0  -  Run Bytes Sent By Job
	0  -  Run Bytes Received By Job
	0  -  Total Bytes Sent By Job
	0  -  Total Bytes Received By Job
	Partitionable Resources :    Usage  Request Allocated 
	   Cpus                 :     1.00        1         1 
	   Disk (KB)            :     1           1  10853596 
	   Memory (MB)          :    14          94      4026 

	Job terminated of its own accord at 2024-04-26T09:09:16Z.
...
000 (983998.000.000) 2024-04-26 05:06:51 Job submitted from host: <128.83.120.183:9618?addrs=128.83.120.183-9618&alias=darmok.cs.utexas.edu&noUDP&sock=schedd_1353_9fba>
...
001 (983998.000.000) 2024-04-26 05:06:58 Job executing on host: <128.83.139.142:9618?addrs=128.83.139.142-9618&alias=angrist-15.cs.utexas.edu&noUDP&sock=startd_1598_ac6e>
...
006 (983998.000.000) 2024-04-26 05:07:07 Image size of job updated: 36564
	12  -  MemoryUsage of job (MB)
	11984  -  ResidentSetSize of job (KB)
...
005 (983998.000.000) 2024-04-26 05:07:22 Job terminated.
	(1) Normal termination (return value 0)
		Usr 0 00:00:22, Sys 0 00:00:00  -  Run Remote Usage
		Usr 0 00:00:00, Sys 0 00:00:00  -  Run Local Usage
		Usr 0 00:00:22, Sys 0 00:00:00  -  Total Remote Usage
		Usr 0 00:00:00, Sys 0 00:00:00  -  Total Local Usage
	0  -  Run Bytes Sent By Job
	0  -  Run Bytes Received By Job
	0  -  Total Bytes Sent By Job
	0  -  Total Bytes Received By Job
	Partitionable Resources :    Usage  Request Allocated 
	   Cpus                 :                 1         1 
	   Disk (KB)            :        1        1  10853596 
	   Memory (MB)          :       12        1      4026 

	Job terminated of its own accord at 2024-04-26T10:07:21Z.
...
