000 (982966.000.000) 2024-04-25 20:09:54 Job submitted from host: <128.83.120.183:9618?addrs=128.83.120.183-9618&alias=darmok.cs.utexas.edu&noUDP&sock=schedd_1353_9fba>
...
001 (982966.000.000) 2024-04-25 20:10:04 Job executing on host: <128.83.144.147:9618?addrs=128.83.144.147-9618&alias=oliphaunt-1.cs.utexas.edu&noUDP&sock=startd_1578_f489>
...
006 (982966.000.000) 2024-04-25 20:10:12 Image size of job updated: 36300
	12  -  MemoryUsage of job (MB)
	11696  -  ResidentSetSize of job (KB)
...
005 (982966.000.000) 2024-04-25 20:10:32 Job terminated.
	(1) Normal termination (return value 0)
		Usr 0 00:00:28, Sys 0 00:00:00  -  Run Remote Usage
		Usr 0 00:00:00, Sys 0 00:00:00  -  Run Local Usage
		Usr 0 00:00:28, Sys 0 00:00:00  -  Total Remote Usage
		Usr 0 00:00:00, Sys 0 00:00:00  -  Total Local Usage
	0  -  Run Bytes Sent By Job
	0  -  Run Bytes Received By Job
	0  -  Total Bytes Sent By Job
	0  -  Total Bytes Received By Job
	Partitionable Resources :    Usage  Request Allocated 
	   Cpus                 :                 1         1 
	   Disk (KB)            :        1        1  18498544 
	   Memory (MB)          :       12        1     24186 

	Job terminated of its own accord at 2024-04-26T01:10:32Z.
...
000 (983604.000.000) 2024-04-26 03:03:24 Job submitted from host: <128.83.120.183:9618?addrs=128.83.120.183-9618&alias=darmok.cs.utexas.edu&noUDP&sock=schedd_1353_9fba>
...
001 (983604.000.000) 2024-04-26 03:03:38 Job executing on host: <128.83.144.168:9618?addrs=128.83.144.168-9618&alias=angrist-10.cs.utexas.edu&noUDP&sock=startd_1611_9729>
...
006 (983604.000.000) 2024-04-26 03:03:47 Image size of job updated: 36308
	12  -  MemoryUsage of job (MB)
	11660  -  ResidentSetSize of job (KB)
...
006 (983604.000.000) 2024-04-26 03:08:48 Image size of job updated: 36820
	12  -  MemoryUsage of job (MB)
	12188  -  ResidentSetSize of job (KB)
...
006 (983604.000.000) 2024-04-26 03:13:48 Image size of job updated: 36820
	12  -  MemoryUsage of job (MB)
	12192  -  ResidentSetSize of job (KB)
...
006 (983604.000.000) 2024-04-26 03:18:49 Image size of job updated: 36820
	12  -  MemoryUsage of job (MB)
	12204  -  ResidentSetSize of job (KB)
...
006 (983604.000.000) 2024-04-26 03:23:50 Image size of job updated: 36820
	12  -  MemoryUsage of job (MB)
	12240  -  ResidentSetSize of job (KB)
...
006 (983604.000.000) 2024-04-26 03:58:54 Image size of job updated: 36820
	12  -  MemoryUsage of job (MB)
	12244  -  ResidentSetSize of job (KB)
...
006 (983604.000.000) 2024-04-26 04:13:55 Image size of job updated: 36948
	12  -  MemoryUsage of job (MB)
	12248  -  ResidentSetSize of job (KB)
...
005 (983604.000.000) 2024-04-26 04:14:03 Job terminated.
	(1) Normal termination (return value 0)
		Usr 0 01:10:23, Sys 0 00:00:00  -  Run Remote Usage
		Usr 0 00:00:00, Sys 0 00:00:00  -  Run Local Usage
		Usr 0 01:10:23, Sys 0 00:00:00  -  Total Remote Usage
		Usr 0 00:00:00, Sys 0 00:00:00  -  Total Local Usage
	0  -  Run Bytes Sent By Job
	0  -  Run Bytes Received By Job
	0  -  Total Bytes Sent By Job
	0  -  Total Bytes Received By Job
	Partitionable Resources :    Usage  Request Allocated 
	   Cpus                 :     1.00        1         1 
	   Disk (KB)            :     1           1  10853596 
	   Memory (MB)          :    12         162      4026 

	Job terminated of its own accord at 2024-04-26T09:14:03Z.
...
000 (983975.000.000) 2024-04-26 05:06:46 Job submitted from host: <128.83.120.183:9618?addrs=128.83.120.183-9618&alias=darmok.cs.utexas.edu&noUDP&sock=schedd_1353_9fba>
...
001 (983975.000.000) 2024-04-26 05:06:56 Job executing on host: <128.83.139.142:9618?addrs=128.83.139.142-9618&alias=angrist-15.cs.utexas.edu&noUDP&sock=startd_1598_ac6e>
...
006 (983975.000.000) 2024-04-26 05:07:04 Image size of job updated: 36308
	12  -  MemoryUsage of job (MB)
	11704  -  ResidentSetSize of job (KB)
...
005 (983975.000.000) 2024-04-26 05:07:21 Job terminated.
	(1) Normal termination (return value 0)
		Usr 0 00:00:23, Sys 0 00:00:00  -  Run Remote Usage
		Usr 0 00:00:00, Sys 0 00:00:00  -  Run Local Usage
		Usr 0 00:00:23, Sys 0 00:00:00  -  Total Remote Usage
		Usr 0 00:00:00, Sys 0 00:00:00  -  Total Local Usage
	0  -  Run Bytes Sent By Job
	0  -  Run Bytes Received By Job
	0  -  Total Bytes Sent By Job
	0  -  Total Bytes Received By Job
	Partitionable Resources :    Usage  Request Allocated 
	   Cpus                 :                 1         1 
	   Disk (KB)            :        1        1  10853596 
	   Memory (MB)          :       12        1      4026 

	Job terminated of its own accord at 2024-04-26T10:07:20Z.
...
