000 (982984.000.000) 2024-04-25 20:09:57 Job submitted from host: <128.83.120.183:9618?addrs=128.83.120.183-9618&alias=darmok.cs.utexas.edu&noUDP&sock=schedd_1353_9fba>
...
001 (982984.000.000) 2024-04-25 20:10:08 Job executing on host: <128.83.139.142:9618?addrs=128.83.139.142-9618&alias=angrist-15.cs.utexas.edu&noUDP&sock=startd_1598_ac6e>
...
006 (982984.000.000) 2024-04-25 20:10:17 Image size of job updated: 36304
	12  -  MemoryUsage of job (MB)
	11740  -  ResidentSetSize of job (KB)
...
006 (982984.000.000) 2024-04-25 20:10:20 Image size of job updated: 36432
	12  -  MemoryUsage of job (MB)
	11740  -  ResidentSetSize of job (KB)
...
005 (982984.000.000) 2024-04-25 20:10:21 Job terminated.
	(1) Normal termination (return value 0)
		Usr 0 00:00:11, Sys 0 00:00:00  -  Run Remote Usage
		Usr 0 00:00:00, Sys 0 00:00:00  -  Run Local Usage
		Usr 0 00:00:11, Sys 0 00:00:00  -  Total Remote Usage
		Usr 0 00:00:00, Sys 0 00:00:00  -  Total Local Usage
	0  -  Run Bytes Sent By Job
	0  -  Run Bytes Received By Job
	0  -  Total Bytes Sent By Job
	0  -  Total Bytes Received By Job
	Partitionable Resources :    Usage  Request Allocated 
	   Cpus                 :                 1         1 
	   Disk (KB)            :        1        1  10853596 
	   Memory (MB)          :       12        1      4026 

	Job terminated of its own accord at 2024-04-26T01:10:20Z.
...
000 (983622.000.000) 2024-04-26 03:03:27 Job submitted from host: <128.83.120.183:9618?addrs=128.83.120.183-9618&alias=darmok.cs.utexas.edu&noUDP&sock=schedd_1353_9fba>
...
001 (983622.000.000) 2024-04-26 03:03:40 Job executing on host: <128.83.139.147:9618?addrs=128.83.139.147-9618&alias=angrist-20.cs.utexas.edu&noUDP&sock=startd_1592_8edc>
...
006 (983622.000.000) 2024-04-26 03:03:49 Image size of job updated: 36304
	12  -  MemoryUsage of job (MB)
	11692  -  ResidentSetSize of job (KB)
...
006 (983622.000.000) 2024-04-26 03:08:50 Image size of job updated: 36304
	12  -  MemoryUsage of job (MB)
	11732  -  ResidentSetSize of job (KB)
...
006 (983622.000.000) 2024-04-26 03:13:51 Image size of job updated: 36432
	12  -  MemoryUsage of job (MB)
	11760  -  ResidentSetSize of job (KB)
...
006 (983622.000.000) 2024-04-26 03:18:51 Image size of job updated: 36432
	12  -  MemoryUsage of job (MB)
	11832  -  ResidentSetSize of job (KB)
...
006 (983622.000.000) 2024-04-26 03:23:51 Image size of job updated: 36432
	12  -  MemoryUsage of job (MB)
	11852  -  ResidentSetSize of job (KB)
...
006 (983622.000.000) 2024-04-26 03:28:52 Image size of job updated: 36560
	12  -  MemoryUsage of job (MB)
	11872  -  ResidentSetSize of job (KB)
...
006 (983622.000.000) 2024-04-26 03:33:52 Image size of job updated: 36560
	12  -  MemoryUsage of job (MB)
	11952  -  ResidentSetSize of job (KB)
...
006 (983622.000.000) 2024-04-26 03:38:52 Image size of job updated: 36560
	12  -  MemoryUsage of job (MB)
	11984  -  ResidentSetSize of job (KB)
...
005 (983622.000.000) 2024-04-26 03:39:01 Job terminated.
	(1) Normal termination (return value 0)
		Usr 0 00:35:21, Sys 0 00:00:00  -  Run Remote Usage
		Usr 0 00:00:00, Sys 0 00:00:00  -  Run Local Usage
		Usr 0 00:35:21, Sys 0 00:00:00  -  Total Remote Usage
		Usr 0 00:00:00, Sys 0 00:00:00  -  Total Local Usage
	0  -  Run Bytes Sent By Job
	0  -  Run Bytes Received By Job
	0  -  Total Bytes Sent By Job
	0  -  Total Bytes Received By Job
	Partitionable Resources :    Usage  Request Allocated 
	   Cpus                 :     1.00        1         1 
	   Disk (KB)            :     1           1  10853596 
	   Memory (MB)          :    12         145      4026 

	Job terminated of its own accord at 2024-04-26T08:39:01Z.
...
000 (983993.000.000) 2024-04-26 05:06:50 Job submitted from host: <128.83.120.183:9618?addrs=128.83.120.183-9618&alias=darmok.cs.utexas.edu&noUDP&sock=schedd_1353_9fba>
...
001 (983993.000.000) 2024-04-26 05:06:59 Job executing on host: <128.83.139.146:9618?addrs=128.83.139.146-9618&alias=angrist-19.cs.utexas.edu&noUDP&sock=startd_1594_ee0d>
...
006 (983993.000.000) 2024-04-26 05:07:07 Image size of job updated: 36308
	12  -  MemoryUsage of job (MB)
	11740  -  ResidentSetSize of job (KB)
...
006 (983993.000.000) 2024-04-26 05:07:10 Image size of job updated: 36436
	12  -  MemoryUsage of job (MB)
	11740  -  ResidentSetSize of job (KB)
...
005 (983993.000.000) 2024-04-26 05:07:10 Job terminated.
	(1) Normal termination (return value 0)
		Usr 0 00:00:10, Sys 0 00:00:00  -  Run Remote Usage
		Usr 0 00:00:00, Sys 0 00:00:00  -  Run Local Usage
		Usr 0 00:00:10, Sys 0 00:00:00  -  Total Remote Usage
		Usr 0 00:00:00, Sys 0 00:00:00  -  Total Local Usage
	0  -  Run Bytes Sent By Job
	0  -  Run Bytes Received By Job
	0  -  Total Bytes Sent By Job
	0  -  Total Bytes Received By Job
	Partitionable Resources :    Usage  Request Allocated 
	   Cpus                 :                 1         1 
	   Disk (KB)            :        1        1  10853596 
	   Memory (MB)          :       12        1      4026 

	Job terminated of its own accord at 2024-04-26T10:07:10Z.
...
