000 (982941.000.000) 2024-04-25 20:09:49 Job submitted from host: <128.83.120.183:9618?addrs=128.83.120.183-9618&alias=darmok.cs.utexas.edu&noUDP&sock=schedd_1353_9fba>
...
001 (982941.000.000) 2024-04-25 20:09:53 Job executing on host: <128.83.144.147:9618?addrs=128.83.144.147-9618&alias=oliphaunt-1.cs.utexas.edu&noUDP&sock=startd_1578_f489>
...
006 (982941.000.000) 2024-04-25 20:10:01 Image size of job updated: 36436
	12  -  MemoryUsage of job (MB)
	11776  -  ResidentSetSize of job (KB)
...
005 (982941.000.000) 2024-04-25 20:10:16 Job terminated.
	(1) Normal termination (return value 0)
		Usr 0 00:00:22, Sys 0 00:00:00  -  Run Remote Usage
		Usr 0 00:00:00, Sys 0 00:00:00  -  Run Local Usage
		Usr 0 00:00:22, Sys 0 00:00:00  -  Total Remote Usage
		Usr 0 00:00:00, Sys 0 00:00:00  -  Total Local Usage
	0  -  Run Bytes Sent By Job
	0  -  Run Bytes Received By Job
	0  -  Total Bytes Sent By Job
	0  -  Total Bytes Received By Job
	Partitionable Resources :    Usage  Request Allocated 
	   Cpus                 :                 1         1 
	   Disk (KB)            :        1        1  18498544 
	   Memory (MB)          :       12        1     24186 

	Job terminated of its own accord at 2024-04-26T01:10:16Z.
...
000 (983579.000.000) 2024-04-26 03:03:17 Job submitted from host: <128.83.120.183:9618?addrs=128.83.120.183-9618&alias=darmok.cs.utexas.edu&noUDP&sock=schedd_1353_9fba>
...
001 (983579.000.000) 2024-04-26 03:03:39 Job executing on host: <128.83.139.150:9618?addrs=128.83.139.150-9618&alias=angrist-23.cs.utexas.edu&noUDP&sock=startd_1604_c9ff>
...
006 (983579.000.000) 2024-04-26 03:03:48 Image size of job updated: 36308
	12  -  MemoryUsage of job (MB)
	11760  -  ResidentSetSize of job (KB)
...
006 (983579.000.000) 2024-04-26 03:08:49 Image size of job updated: 36564
	12  -  MemoryUsage of job (MB)
	11896  -  ResidentSetSize of job (KB)
...
006 (983579.000.000) 2024-04-26 03:13:49 Image size of job updated: 36696
	12  -  MemoryUsage of job (MB)
	12016  -  ResidentSetSize of job (KB)
...
006 (983579.000.000) 2024-04-26 03:18:49 Image size of job updated: 36696
	12  -  MemoryUsage of job (MB)
	12056  -  ResidentSetSize of job (KB)
...
006 (983579.000.000) 2024-04-26 03:23:50 Image size of job updated: 36696
	12  -  MemoryUsage of job (MB)
	12064  -  ResidentSetSize of job (KB)
...
006 (983579.000.000) 2024-04-26 03:28:51 Image size of job updated: 36696
	12  -  MemoryUsage of job (MB)
	12068  -  ResidentSetSize of job (KB)
...
006 (983579.000.000) 2024-04-26 04:03:55 Image size of job updated: 36696
	12  -  MemoryUsage of job (MB)
	12100  -  ResidentSetSize of job (KB)
...
005 (983579.000.000) 2024-04-26 04:04:06 Job terminated.
	(1) Normal termination (return value 0)
		Usr 0 01:00:23, Sys 0 00:00:00  -  Run Remote Usage
		Usr 0 00:00:00, Sys 0 00:00:00  -  Run Local Usage
		Usr 0 01:00:23, Sys 0 00:00:00  -  Total Remote Usage
		Usr 0 00:00:00, Sys 0 00:00:00  -  Total Local Usage
	0  -  Run Bytes Sent By Job
	0  -  Run Bytes Received By Job
	0  -  Total Bytes Sent By Job
	0  -  Total Bytes Received By Job
	Partitionable Resources :    Usage  Request Allocated 
	   Cpus                 :     1.00        1         1 
	   Disk (KB)            :     1           1  10853594 
	   Memory (MB)          :    12         103      4026 

	Job terminated of its own accord at 2024-04-26T09:04:05Z.
...
000 (983950.000.000) 2024-04-26 05:06:42 Job submitted from host: <128.83.120.183:9618?addrs=128.83.120.183-9618&alias=darmok.cs.utexas.edu&noUDP&sock=schedd_1353_9fba>
...
001 (983950.000.000) 2024-04-26 05:06:43 Job executing on host: <128.83.144.147:9618?addrs=128.83.144.147-9618&alias=oliphaunt-1.cs.utexas.edu&noUDP&sock=startd_1578_f489>
...
006 (983950.000.000) 2024-04-26 05:06:51 Image size of job updated: 36440
	12  -  MemoryUsage of job (MB)
	11752  -  ResidentSetSize of job (KB)
...
005 (983950.000.000) 2024-04-26 05:07:27 Job terminated.
	(1) Normal termination (return value 0)
		Usr 0 00:00:43, Sys 0 00:00:00  -  Run Remote Usage
		Usr 0 00:00:00, Sys 0 00:00:00  -  Run Local Usage
		Usr 0 00:00:43, Sys 0 00:00:00  -  Total Remote Usage
		Usr 0 00:00:00, Sys 0 00:00:00  -  Total Local Usage
	0  -  Run Bytes Sent By Job
	0  -  Run Bytes Received By Job
	0  -  Total Bytes Sent By Job
	0  -  Total Bytes Received By Job
	Partitionable Resources :    Usage  Request Allocated 
	   Cpus                 :                 1         1 
	   Disk (KB)            :        1        1  18498544 
	   Memory (MB)          :       12        1     24186 

	Job terminated of its own accord at 2024-04-26T10:07:27Z.
...
