000 (982963.000.000) 2024-04-25 20:09:54 Job submitted from host: <128.83.120.183:9618?addrs=128.83.120.183-9618&alias=darmok.cs.utexas.edu&noUDP&sock=schedd_1353_9fba>
...
001 (982963.000.000) 2024-04-25 20:10:01 Job executing on host: <128.83.130.161:9618?addrs=128.83.130.161-9618&alias=oliphaunt-2.cs.utexas.edu&noUDP&sock=startd_1594_ee0d>
...
006 (982963.000.000) 2024-04-25 20:10:10 Image size of job updated: 36432
	12  -  MemoryUsage of job (MB)
	11764  -  ResidentSetSize of job (KB)
...
005 (982963.000.000) 2024-04-25 20:10:36 Job terminated.
	(1) Normal termination (return value 0)
		Usr 0 00:00:33, Sys 0 00:00:00  -  Run Remote Usage
		Usr 0 00:00:00, Sys 0 00:00:00  -  Run Local Usage
		Usr 0 00:00:33, Sys 0 00:00:00  -  Total Remote Usage
		Usr 0 00:00:00, Sys 0 00:00:00  -  Total Local Usage
	0  -  Run Bytes Sent By Job
	0  -  Run Bytes Received By Job
	0  -  Total Bytes Sent By Job
	0  -  Total Bytes Received By Job
	Partitionable Resources :    Usage  Request Allocated 
	   Cpus                 :                 1         1 
	   Disk (KB)            :        1        1  18498544 
	   Memory (MB)          :       12        1     24186 

	Job terminated of its own accord at 2024-04-26T01:10:35Z.
...
000 (983601.000.000) 2024-04-26 03:03:24 Job submitted from host: <128.83.120.183:9618?addrs=128.83.120.183-9618&alias=darmok.cs.utexas.edu&noUDP&sock=schedd_1353_9fba>
...
001 (983601.000.000) 2024-04-26 03:03:41 Job executing on host: <128.83.139.143:9618?addrs=128.83.139.143-9618&alias=angrist-16.cs.utexas.edu&noUDP&sock=startd_1598_ac6e>
...
006 (983601.000.000) 2024-04-26 03:03:49 Image size of job updated: 36304
	12  -  MemoryUsage of job (MB)
	11688  -  ResidentSetSize of job (KB)
...
006 (983601.000.000) 2024-04-26 03:08:49 Image size of job updated: 36688
	12  -  MemoryUsage of job (MB)
	12112  -  ResidentSetSize of job (KB)
...
006 (983601.000.000) 2024-04-26 03:13:50 Image size of job updated: 37208
	13  -  MemoryUsage of job (MB)
	12576  -  ResidentSetSize of job (KB)
...
006 (983601.000.000) 2024-04-26 03:18:51 Image size of job updated: 37340
	13  -  MemoryUsage of job (MB)
	12660  -  ResidentSetSize of job (KB)
...
006 (983601.000.000) 2024-04-26 03:23:51 Image size of job updated: 37340
	13  -  MemoryUsage of job (MB)
	12680  -  ResidentSetSize of job (KB)
...
006 (983601.000.000) 2024-04-26 03:28:51 Image size of job updated: 37340
	13  -  MemoryUsage of job (MB)
	12736  -  ResidentSetSize of job (KB)
...
006 (983601.000.000) 2024-04-26 03:33:52 Image size of job updated: 37468
	13  -  MemoryUsage of job (MB)
	12788  -  ResidentSetSize of job (KB)
...
006 (983601.000.000) 2024-04-26 03:38:53 Image size of job updated: 37468
	13  -  MemoryUsage of job (MB)
	12848  -  ResidentSetSize of job (KB)
...
006 (983601.000.000) 2024-04-26 03:43:53 Image size of job updated: 37596
	13  -  MemoryUsage of job (MB)
	12916  -  ResidentSetSize of job (KB)
...
006 (983601.000.000) 2024-04-26 03:48:54 Image size of job updated: 37596
	13  -  MemoryUsage of job (MB)
	12968  -  ResidentSetSize of job (KB)
...
006 (983601.000.000) 2024-04-26 03:53:55 Image size of job updated: 37596
	13  -  MemoryUsage of job (MB)
	12996  -  ResidentSetSize of job (KB)
...
006 (983601.000.000) 2024-04-26 03:58:55 Image size of job updated: 37596
	13  -  MemoryUsage of job (MB)
	13020  -  ResidentSetSize of job (KB)
...
006 (983601.000.000) 2024-04-26 04:03:55 Image size of job updated: 37596
	13  -  MemoryUsage of job (MB)
	13028  -  ResidentSetSize of job (KB)
...
006 (983601.000.000) 2024-04-26 04:08:56 Image size of job updated: 37724
	13  -  MemoryUsage of job (MB)
	13048  -  ResidentSetSize of job (KB)
...
006 (983601.000.000) 2024-04-26 04:13:57 Image size of job updated: 37724
	13  -  MemoryUsage of job (MB)
	13052  -  ResidentSetSize of job (KB)
...
006 (983601.000.000) 2024-04-26 04:18:57 Image size of job updated: 37724
	13  -  MemoryUsage of job (MB)
	13072  -  ResidentSetSize of job (KB)
...
005 (983601.000.000) 2024-04-26 04:26:52 Job terminated.
	(1) Normal termination (return value 0)
		Usr 0 01:23:10, Sys 0 00:00:00  -  Run Remote Usage
		Usr 0 00:00:00, Sys 0 00:00:00  -  Run Local Usage
		Usr 0 01:23:10, Sys 0 00:00:00  -  Total Remote Usage
		Usr 0 00:00:00, Sys 0 00:00:00  -  Total Local Usage
	0  -  Run Bytes Sent By Job
	0  -  Run Bytes Received By Job
	0  -  Total Bytes Sent By Job
	0  -  Total Bytes Received By Job
	Partitionable Resources :    Usage  Request Allocated 
	   Cpus                 :     1.00        1         1 
	   Disk (KB)            :     1           1  10853596 
	   Memory (MB)          :    13         299      4026 

	Job terminated of its own accord at 2024-04-26T09:26:52Z.
...
000 (983972.000.000) 2024-04-26 05:06:46 Job submitted from host: <128.83.120.183:9618?addrs=128.83.120.183-9618&alias=darmok.cs.utexas.edu&noUDP&sock=schedd_1353_9fba>
...
001 (983972.000.000) 2024-04-26 05:06:54 Job executing on host: <128.83.139.142:9618?addrs=128.83.139.142-9618&alias=angrist-15.cs.utexas.edu&noUDP&sock=startd_1598_ac6e>
...
006 (983972.000.000) 2024-04-26 05:07:03 Image size of job updated: 36308
	12  -  MemoryUsage of job (MB)
	11756  -  ResidentSetSize of job (KB)
...
006 (983972.000.000) 2024-04-26 05:07:29 Image size of job updated: 36440
	12  -  MemoryUsage of job (MB)
	11756  -  ResidentSetSize of job (KB)
...
005 (983972.000.000) 2024-04-26 05:07:29 Job terminated.
	(1) Normal termination (return value 0)
		Usr 0 00:00:35, Sys 0 00:00:00  -  Run Remote Usage
		Usr 0 00:00:00, Sys 0 00:00:00  -  Run Local Usage
		Usr 0 00:00:35, Sys 0 00:00:00  -  Total Remote Usage
		Usr 0 00:00:00, Sys 0 00:00:00  -  Total Local Usage
	0  -  Run Bytes Sent By Job
	0  -  Run Bytes Received By Job
	0  -  Total Bytes Sent By Job
	0  -  Total Bytes Received By Job
	Partitionable Resources :    Usage  Request Allocated 
	   Cpus                 :                 1         1 
	   Disk (KB)            :        1        1  10853596 
	   Memory (MB)          :       12        1      4026 

	Job terminated of its own accord at 2024-04-26T10:07:29Z.
...
