000 (982988.000.000) 2024-04-25 20:09:57 Job submitted from host: <128.83.120.183:9618?addrs=128.83.120.183-9618&alias=darmok.cs.utexas.edu&noUDP&sock=schedd_1353_9fba>
...
001 (982988.000.000) 2024-04-25 20:10:14 Job executing on host: <128.83.130.161:9618?addrs=128.83.130.161-9618&alias=oliphaunt-2.cs.utexas.edu&noUDP&sock=startd_1594_ee0d>
...
006 (982988.000.000) 2024-04-25 20:10:22 Image size of job updated: 36432
	12  -  MemoryUsage of job (MB)
	11816  -  ResidentSetSize of job (KB)
...
005 (982988.000.000) 2024-04-25 20:10:38 Job terminated.
	(1) Normal termination (return value 0)
		Usr 0 00:00:22, Sys 0 00:00:00  -  Run Remote Usage
		Usr 0 00:00:00, Sys 0 00:00:00  -  Run Local Usage
		Usr 0 00:00:22, Sys 0 00:00:00  -  Total Remote Usage
		Usr 0 00:00:00, Sys 0 00:00:00  -  Total Local Usage
	0  -  Run Bytes Sent By Job
	0  -  Run Bytes Received By Job
	0  -  Total Bytes Sent By Job
	0  -  Total Bytes Received By Job
	Partitionable Resources :    Usage  Request Allocated 
	   Cpus                 :                 1         1 
	   Disk (KB)            :        1        1  18498544 
	   Memory (MB)          :       12        1     24186 

	Job terminated of its own accord at 2024-04-26T01:10:36Z.
...
000 (983626.000.000) 2024-04-26 03:03:27 Job submitted from host: <128.83.120.183:9618?addrs=128.83.120.183-9618&alias=darmok.cs.utexas.edu&noUDP&sock=schedd_1353_9fba>
...
001 (983626.000.000) 2024-04-26 03:03:45 Job executing on host: <128.83.139.150:9618?addrs=128.83.139.150-9618&alias=angrist-23.cs.utexas.edu&noUDP&sock=startd_1604_c9ff>
...
006 (983626.000.000) 2024-04-26 03:03:53 Image size of job updated: 36436
	12  -  MemoryUsage of job (MB)
	11768  -  ResidentSetSize of job (KB)
...
006 (983626.000.000) 2024-04-26 03:08:53 Image size of job updated: 36564
	12  -  MemoryUsage of job (MB)
	12000  -  ResidentSetSize of job (KB)
...
006 (983626.000.000) 2024-04-26 03:13:54 Image size of job updated: 36956
	13  -  MemoryUsage of job (MB)
	12308  -  ResidentSetSize of job (KB)
...
006 (983626.000.000) 2024-04-26 03:18:55 Image size of job updated: 37216
	13  -  MemoryUsage of job (MB)
	12580  -  ResidentSetSize of job (KB)
...
006 (983626.000.000) 2024-04-26 03:23:55 Image size of job updated: 37436
	13  -  MemoryUsage of job (MB)
	12772  -  ResidentSetSize of job (KB)
...
006 (983626.000.000) 2024-04-26 03:28:55 Image size of job updated: 37564
	13  -  MemoryUsage of job (MB)
	12948  -  ResidentSetSize of job (KB)
...
006 (983626.000.000) 2024-04-26 03:33:56 Image size of job updated: 37772
	13  -  MemoryUsage of job (MB)
	13200  -  ResidentSetSize of job (KB)
...
006 (983626.000.000) 2024-04-26 03:38:57 Image size of job updated: 38196
	14  -  MemoryUsage of job (MB)
	13636  -  ResidentSetSize of job (KB)
...
006 (983626.000.000) 2024-04-26 03:43:57 Image size of job updated: 39068
	15  -  MemoryUsage of job (MB)
	14408  -  ResidentSetSize of job (KB)
...
005 (983626.000.000) 2024-04-26 03:44:42 Job terminated.
	(1) Normal termination (return value 0)
		Usr 0 00:40:56, Sys 0 00:00:00  -  Run Remote Usage
		Usr 0 00:00:00, Sys 0 00:00:00  -  Run Local Usage
		Usr 0 00:40:56, Sys 0 00:00:00  -  Total Remote Usage
		Usr 0 00:00:00, Sys 0 00:00:00  -  Total Local Usage
	0  -  Run Bytes Sent By Job
	0  -  Run Bytes Received By Job
	0  -  Total Bytes Sent By Job
	0  -  Total Bytes Received By Job
	Partitionable Resources :    Usage  Request Allocated 
	   Cpus                 :     1.00        1         1 
	   Disk (KB)            :     1           1  10853594 
	   Memory (MB)          :    15         435      4026 

	Job terminated of its own accord at 2024-04-26T08:44:42Z.
...
000 (983997.000.000) 2024-04-26 05:06:51 Job submitted from host: <128.83.120.183:9618?addrs=128.83.120.183-9618&alias=darmok.cs.utexas.edu&noUDP&sock=schedd_1353_9fba>
...
001 (983997.000.000) 2024-04-26 05:06:58 Job executing on host: <128.83.139.146:9618?addrs=128.83.139.146-9618&alias=angrist-19.cs.utexas.edu&noUDP&sock=startd_1594_ee0d>
...
006 (983997.000.000) 2024-04-26 05:07:07 Image size of job updated: 36432
	12  -  MemoryUsage of job (MB)
	11820  -  ResidentSetSize of job (KB)
...
005 (983997.000.000) 2024-04-26 05:07:12 Job terminated.
	(1) Normal termination (return value 0)
		Usr 0 00:00:13, Sys 0 00:00:00  -  Run Remote Usage
		Usr 0 00:00:00, Sys 0 00:00:00  -  Run Local Usage
		Usr 0 00:00:13, Sys 0 00:00:00  -  Total Remote Usage
		Usr 0 00:00:00, Sys 0 00:00:00  -  Total Local Usage
	0  -  Run Bytes Sent By Job
	0  -  Run Bytes Received By Job
	0  -  Total Bytes Sent By Job
	0  -  Total Bytes Received By Job
	Partitionable Resources :    Usage  Request Allocated 
	   Cpus                 :                 1         1 
	   Disk (KB)            :        1        1  10853596 
	   Memory (MB)          :       12        1      4026 

	Job terminated of its own accord at 2024-04-26T10:07:12Z.
...
