000 (982979.000.000) 2024-04-25 20:09:56 Job submitted from host: <128.83.120.183:9618?addrs=128.83.120.183-9618&alias=darmok.cs.utexas.edu&noUDP&sock=schedd_1353_9fba>
...
001 (982979.000.000) 2024-04-25 20:10:07 Job executing on host: <128.83.139.142:9618?addrs=128.83.139.142-9618&alias=angrist-15.cs.utexas.edu&noUDP&sock=startd_1598_ac6e>
...
006 (982979.000.000) 2024-04-25 20:10:16 Image size of job updated: 36436
	12  -  MemoryUsage of job (MB)
	11796  -  ResidentSetSize of job (KB)
...
005 (982979.000.000) 2024-04-25 20:10:43 Job terminated.
	(1) Normal termination (return value 0)
		Usr 0 00:00:35, Sys 0 00:00:00  -  Run Remote Usage
		Usr 0 00:00:00, Sys 0 00:00:00  -  Run Local Usage
		Usr 0 00:00:35, Sys 0 00:00:00  -  Total Remote Usage
		Usr 0 00:00:00, Sys 0 00:00:00  -  Total Local Usage
	0  -  Run Bytes Sent By Job
	0  -  Run Bytes Received By Job
	0  -  Total Bytes Sent By Job
	0  -  Total Bytes Received By Job
	Partitionable Resources :    Usage  Request Allocated 
	   Cpus                 :                 1         1 
	   Disk (KB)            :        1        1  10853596 
	   Memory (MB)          :       12        1      4026 

	Job terminated of its own accord at 2024-04-26T01:10:43Z.
...
000 (983617.000.000) 2024-04-26 03:03:26 Job submitted from host: <128.83.120.183:9618?addrs=128.83.120.183-9618&alias=darmok.cs.utexas.edu&noUDP&sock=schedd_1353_9fba>
...
001 (983617.000.000) 2024-04-26 03:03:43 Job executing on host: <128.83.139.145:9618?addrs=128.83.139.145-9618&alias=angrist-18.cs.utexas.edu&noUDP&sock=startd_1595_9da5>
...
006 (983617.000.000) 2024-04-26 03:03:51 Image size of job updated: 36308
	12  -  MemoryUsage of job (MB)
	11752  -  ResidentSetSize of job (KB)
...
006 (983617.000.000) 2024-04-26 03:08:51 Image size of job updated: 36700
	12  -  MemoryUsage of job (MB)
	12084  -  ResidentSetSize of job (KB)
...
006 (983617.000.000) 2024-04-26 03:13:52 Image size of job updated: 37092
	13  -  MemoryUsage of job (MB)
	12504  -  ResidentSetSize of job (KB)
...
006 (983617.000.000) 2024-04-26 03:18:52 Image size of job updated: 37224
	13  -  MemoryUsage of job (MB)
	12560  -  ResidentSetSize of job (KB)
...
006 (983617.000.000) 2024-04-26 03:28:53 Image size of job updated: 37224
	13  -  MemoryUsage of job (MB)
	12564  -  ResidentSetSize of job (KB)
...
006 (983617.000.000) 2024-04-26 03:33:54 Image size of job updated: 37224
	13  -  MemoryUsage of job (MB)
	12568  -  ResidentSetSize of job (KB)
...
006 (983617.000.000) 2024-04-26 03:48:56 Image size of job updated: 37224
	13  -  MemoryUsage of job (MB)
	12572  -  ResidentSetSize of job (KB)
...
006 (983617.000.000) 2024-04-26 03:58:56 Image size of job updated: 37224
	13  -  MemoryUsage of job (MB)
	12584  -  ResidentSetSize of job (KB)
...
006 (983617.000.000) 2024-04-26 04:08:58 Image size of job updated: 37224
	13  -  MemoryUsage of job (MB)
	12588  -  ResidentSetSize of job (KB)
...
005 (983617.000.000) 2024-04-26 04:17:40 Job terminated.
	(1) Normal termination (return value 0)
		Usr 0 01:13:56, Sys 0 00:00:00  -  Run Remote Usage
		Usr 0 00:00:00, Sys 0 00:00:00  -  Run Local Usage
		Usr 0 01:13:56, Sys 0 00:00:00  -  Total Remote Usage
		Usr 0 00:00:00, Sys 0 00:00:00  -  Total Local Usage
	0  -  Run Bytes Sent By Job
	0  -  Run Bytes Received By Job
	0  -  Total Bytes Sent By Job
	0  -  Total Bytes Received By Job
	Partitionable Resources :    Usage  Request Allocated 
	   Cpus                 :     1.00        1         1 
	   Disk (KB)            :     1           1  10853596 
	   Memory (MB)          :    13          29      4026 

	Job terminated of its own accord at 2024-04-26T09:17:40Z.
...
000 (983988.000.000) 2024-04-26 05:06:49 Job submitted from host: <128.83.120.183:9618?addrs=128.83.120.183-9618&alias=darmok.cs.utexas.edu&noUDP&sock=schedd_1353_9fba>
...
001 (983988.000.000) 2024-04-26 05:06:57 Job executing on host: <128.83.139.141:9618?addrs=128.83.139.141-9618&alias=angrist-14.cs.utexas.edu&noUDP&sock=startd_1625_317d>
...
006 (983988.000.000) 2024-04-26 05:07:06 Image size of job updated: 36436
	12  -  MemoryUsage of job (MB)
	11792  -  ResidentSetSize of job (KB)
...
005 (983988.000.000) 2024-04-26 05:07:33 Job terminated.
	(1) Normal termination (return value 0)
		Usr 0 00:00:35, Sys 0 00:00:00  -  Run Remote Usage
		Usr 0 00:00:00, Sys 0 00:00:00  -  Run Local Usage
		Usr 0 00:00:35, Sys 0 00:00:00  -  Total Remote Usage
		Usr 0 00:00:00, Sys 0 00:00:00  -  Total Local Usage
	0  -  Run Bytes Sent By Job
	0  -  Run Bytes Received By Job
	0  -  Total Bytes Sent By Job
	0  -  Total Bytes Received By Job
	Partitionable Resources :    Usage  Request Allocated 
	   Cpus                 :                 1         1 
	   Disk (KB)            :        1        1  10853596 
	   Memory (MB)          :       12        1      4026 

	Job terminated of its own accord at 2024-04-26T10:07:33Z.
...
