000 (982976.000.000) 2024-04-25 20:09:56 Job submitted from host: <128.83.120.183:9618?addrs=128.83.120.183-9618&alias=darmok.cs.utexas.edu&noUDP&sock=schedd_1353_9fba>
...
001 (982976.000.000) 2024-04-25 20:10:07 Job executing on host: <128.83.139.142:9618?addrs=128.83.139.142-9618&alias=angrist-15.cs.utexas.edu&noUDP&sock=startd_1598_ac6e>
...
006 (982976.000.000) 2024-04-25 20:10:15 Image size of job updated: 37360
	13  -  MemoryUsage of job (MB)
	12720  -  ResidentSetSize of job (KB)
...
005 (982976.000.000) 2024-04-25 20:10:30 Job terminated.
	(1) Normal termination (return value 0)
		Usr 0 00:00:22, Sys 0 00:00:00  -  Run Remote Usage
		Usr 0 00:00:00, Sys 0 00:00:00  -  Run Local Usage
		Usr 0 00:00:22, Sys 0 00:00:00  -  Total Remote Usage
		Usr 0 00:00:00, Sys 0 00:00:00  -  Total Local Usage
	0  -  Run Bytes Sent By Job
	0  -  Run Bytes Received By Job
	0  -  Total Bytes Sent By Job
	0  -  Total Bytes Received By Job
	Partitionable Resources :    Usage  Request Allocated 
	   Cpus                 :                 1         1 
	   Disk (KB)            :        1        1  10853596 
	   Memory (MB)          :       13        1      4026 

	Job terminated of its own accord at 2024-04-26T01:10:30Z.
...
000 (983614.000.000) 2024-04-26 03:03:26 Job submitted from host: <128.83.120.183:9618?addrs=128.83.120.183-9618&alias=darmok.cs.utexas.edu&noUDP&sock=schedd_1353_9fba>
...
001 (983614.000.000) 2024-04-26 03:03:42 Job executing on host: <128.83.144.240:9618?addrs=128.83.144.240-9618&alias=angrist-13.cs.utexas.edu&noUDP&sock=startd_1643_8a31>
...
006 (983614.000.000) 2024-04-26 03:03:51 Image size of job updated: 37360
	13  -  MemoryUsage of job (MB)
	12712  -  ResidentSetSize of job (KB)
...
006 (983614.000.000) 2024-04-26 03:08:52 Image size of job updated: 37360
	13  -  MemoryUsage of job (MB)
	12740  -  ResidentSetSize of job (KB)
...
006 (983614.000.000) 2024-04-26 03:13:52 Image size of job updated: 37360
	13  -  MemoryUsage of job (MB)
	12760  -  ResidentSetSize of job (KB)
...
006 (983614.000.000) 2024-04-26 03:18:53 Image size of job updated: 37488
	13  -  MemoryUsage of job (MB)
	12816  -  ResidentSetSize of job (KB)
...
006 (983614.000.000) 2024-04-26 03:23:54 Image size of job updated: 37488
	13  -  MemoryUsage of job (MB)
	12824  -  ResidentSetSize of job (KB)
...
006 (983614.000.000) 2024-04-26 03:28:54 Image size of job updated: 37488
	13  -  MemoryUsage of job (MB)
	12828  -  ResidentSetSize of job (KB)
...
006 (983614.000.000) 2024-04-26 03:38:55 Image size of job updated: 37488
	13  -  MemoryUsage of job (MB)
	12836  -  ResidentSetSize of job (KB)
...
006 (983614.000.000) 2024-04-26 03:43:56 Image size of job updated: 37488
	13  -  MemoryUsage of job (MB)
	12840  -  ResidentSetSize of job (KB)
...
006 (983614.000.000) 2024-04-26 03:48:56 Image size of job updated: 37488
	13  -  MemoryUsage of job (MB)
	12844  -  ResidentSetSize of job (KB)
...
005 (983614.000.000) 2024-04-26 03:53:29 Job terminated.
	(1) Normal termination (return value 0)
		Usr 0 00:49:45, Sys 0 00:00:00  -  Run Remote Usage
		Usr 0 00:00:00, Sys 0 00:00:00  -  Run Local Usage
		Usr 0 00:49:45, Sys 0 00:00:00  -  Total Remote Usage
		Usr 0 00:00:00, Sys 0 00:00:00  -  Total Local Usage
	0  -  Run Bytes Sent By Job
	0  -  Run Bytes Received By Job
	0  -  Total Bytes Sent By Job
	0  -  Total Bytes Received By Job
	Partitionable Resources :    Usage  Request Allocated 
	   Cpus                 :     1.00        1         1 
	   Disk (KB)            :     1           1  10853596 
	   Memory (MB)          :    13          53      4026 

	Job terminated of its own accord at 2024-04-26T08:53:29Z.
...
000 (983985.000.000) 2024-04-26 05:06:47 Job submitted from host: <128.83.120.183:9618?addrs=128.83.120.183-9618&alias=darmok.cs.utexas.edu&noUDP&sock=schedd_1353_9fba>
...
001 (983985.000.000) 2024-04-26 05:06:57 Job executing on host: <128.83.139.143:9618?addrs=128.83.139.143-9618&alias=angrist-16.cs.utexas.edu&noUDP&sock=startd_1598_ac6e>
...
006 (983985.000.000) 2024-04-26 05:07:05 Image size of job updated: 37360
	13  -  MemoryUsage of job (MB)
	12756  -  ResidentSetSize of job (KB)
...
005 (983985.000.000) 2024-04-26 05:07:13 Job terminated.
	(1) Normal termination (return value 0)
		Usr 0 00:00:15, Sys 0 00:00:00  -  Run Remote Usage
		Usr 0 00:00:00, Sys 0 00:00:00  -  Run Local Usage
		Usr 0 00:00:15, Sys 0 00:00:00  -  Total Remote Usage
		Usr 0 00:00:00, Sys 0 00:00:00  -  Total Local Usage
	0  -  Run Bytes Sent By Job
	0  -  Run Bytes Received By Job
	0  -  Total Bytes Sent By Job
	0  -  Total Bytes Received By Job
	Partitionable Resources :    Usage  Request Allocated 
	   Cpus                 :                 1         1 
	   Disk (KB)            :        1        1  10853596 
	   Memory (MB)          :       13        1      4026 

	Job terminated of its own accord at 2024-04-26T10:07:13Z.
...
