000 (982965.000.000) 2024-04-25 20:09:54 Job submitted from host: <128.83.120.183:9618?addrs=128.83.120.183-9618&alias=darmok.cs.utexas.edu&noUDP&sock=schedd_1353_9fba>
...
001 (982965.000.000) 2024-04-25 20:10:02 Job executing on host: <128.83.144.147:9618?addrs=128.83.144.147-9618&alias=oliphaunt-1.cs.utexas.edu&noUDP&sock=startd_1578_f489>
...
006 (982965.000.000) 2024-04-25 20:10:11 Image size of job updated: 36304
	12  -  MemoryUsage of job (MB)
	11708  -  ResidentSetSize of job (KB)
...
005 (982965.000.000) 2024-04-25 20:10:46 Job terminated.
	(1) Normal termination (return value 0)
		Usr 0 00:00:43, Sys 0 00:00:00  -  Run Remote Usage
		Usr 0 00:00:00, Sys 0 00:00:00  -  Run Local Usage
		Usr 0 00:00:43, Sys 0 00:00:00  -  Total Remote Usage
		Usr 0 00:00:00, Sys 0 00:00:00  -  Total Local Usage
	0  -  Run Bytes Sent By Job
	0  -  Run Bytes Received By Job
	0  -  Total Bytes Sent By Job
	0  -  Total Bytes Received By Job
	Partitionable Resources :    Usage  Request Allocated 
	   Cpus                 :                 1         1 
	   Disk (KB)            :        1        1  18498544 
	   Memory (MB)          :       12        1     24186 

	Job terminated of its own accord at 2024-04-26T01:10:46Z.
...
000 (983603.000.000) 2024-04-26 03:03:24 Job submitted from host: <128.83.120.183:9618?addrs=128.83.120.183-9618&alias=darmok.cs.utexas.edu&noUDP&sock=schedd_1353_9fba>
...
001 (983603.000.000) 2024-04-26 03:03:42 Job executing on host: <128.83.144.240:9618?addrs=128.83.144.240-9618&alias=angrist-13.cs.utexas.edu&noUDP&sock=startd_1643_8a31>
...
006 (983603.000.000) 2024-04-26 03:03:51 Image size of job updated: 36304
	12  -  MemoryUsage of job (MB)
	11668  -  ResidentSetSize of job (KB)
...
006 (983603.000.000) 2024-04-26 03:08:52 Image size of job updated: 36804
	12  -  MemoryUsage of job (MB)
	12196  -  ResidentSetSize of job (KB)
...
006 (983603.000.000) 2024-04-26 03:13:52 Image size of job updated: 36804
	12  -  MemoryUsage of job (MB)
	12200  -  ResidentSetSize of job (KB)
...
006 (983603.000.000) 2024-04-26 03:18:52 Image size of job updated: 36936
	12  -  MemoryUsage of job (MB)
	12268  -  ResidentSetSize of job (KB)
...
005 (983603.000.000) 2024-04-26 04:05:12 Job terminated.
	(1) Normal termination (return value 0)
		Usr 0 01:01:27, Sys 0 00:00:00  -  Run Remote Usage
		Usr 0 00:00:00, Sys 0 00:00:00  -  Run Local Usage
		Usr 0 01:01:27, Sys 0 00:00:00  -  Total Remote Usage
		Usr 0 00:00:00, Sys 0 00:00:00  -  Total Local Usage
	0  -  Run Bytes Sent By Job
	0  -  Run Bytes Received By Job
	0  -  Total Bytes Sent By Job
	0  -  Total Bytes Received By Job
	Partitionable Resources :    Usage  Request Allocated 
	   Cpus                 :     1.00        1         1 
	   Disk (KB)            :     1           1  10853596 
	   Memory (MB)          :    12        1109      4026 

	Job terminated of its own accord at 2024-04-26T09:05:12Z.
...
000 (983974.000.000) 2024-04-26 05:06:46 Job submitted from host: <128.83.120.183:9618?addrs=128.83.120.183-9618&alias=darmok.cs.utexas.edu&noUDP&sock=schedd_1353_9fba>
...
001 (983974.000.000) 2024-04-26 05:06:55 Job executing on host: <128.83.139.146:9618?addrs=128.83.139.146-9618&alias=angrist-19.cs.utexas.edu&noUDP&sock=startd_1594_ee0d>
...
006 (983974.000.000) 2024-04-26 05:07:03 Image size of job updated: 36308
	12  -  MemoryUsage of job (MB)
	11704  -  ResidentSetSize of job (KB)
...
005 (983974.000.000) 2024-04-26 05:07:22 Job terminated.
	(1) Normal termination (return value 0)
		Usr 0 00:00:27, Sys 0 00:00:00  -  Run Remote Usage
		Usr 0 00:00:00, Sys 0 00:00:00  -  Run Local Usage
		Usr 0 00:00:27, Sys 0 00:00:00  -  Total Remote Usage
		Usr 0 00:00:00, Sys 0 00:00:00  -  Total Local Usage
	0  -  Run Bytes Sent By Job
	0  -  Run Bytes Received By Job
	0  -  Total Bytes Sent By Job
	0  -  Total Bytes Received By Job
	Partitionable Resources :    Usage  Request Allocated 
	   Cpus                 :                 1         1 
	   Disk (KB)            :        1        1  10853596 
	   Memory (MB)          :       12        1      4026 

	Job terminated of its own accord at 2024-04-26T10:07:22Z.
...
