000 (982980.000.000) 2024-04-25 20:09:56 Job submitted from host: <128.83.120.183:9618?addrs=128.83.120.183-9618&alias=darmok.cs.utexas.edu&noUDP&sock=schedd_1353_9fba>
...
001 (982980.000.000) 2024-04-25 20:10:07 Job executing on host: <128.83.144.147:9618?addrs=128.83.144.147-9618&alias=oliphaunt-1.cs.utexas.edu&noUDP&sock=startd_1578_f489>
...
006 (982980.000.000) 2024-04-25 20:10:16 Image size of job updated: 36308
	12  -  MemoryUsage of job (MB)
	11728  -  ResidentSetSize of job (KB)
...
006 (982980.000.000) 2024-04-25 20:10:35 Image size of job updated: 36436
	12  -  MemoryUsage of job (MB)
	11728  -  ResidentSetSize of job (KB)
...
005 (982980.000.000) 2024-04-25 20:10:35 Job terminated.
	(1) Normal termination (return value 0)
		Usr 0 00:00:27, Sys 0 00:00:00  -  Run Remote Usage
		Usr 0 00:00:00, Sys 0 00:00:00  -  Run Local Usage
		Usr 0 00:00:27, Sys 0 00:00:00  -  Total Remote Usage
		Usr 0 00:00:00, Sys 0 00:00:00  -  Total Local Usage
	0  -  Run Bytes Sent By Job
	0  -  Run Bytes Received By Job
	0  -  Total Bytes Sent By Job
	0  -  Total Bytes Received By Job
	Partitionable Resources :    Usage  Request Allocated 
	   Cpus                 :                 1         1 
	   Disk (KB)            :        1        1  18498544 
	   Memory (MB)          :       12        1     24186 

	Job terminated of its own accord at 2024-04-26T01:10:35Z.
...
000 (983618.000.000) 2024-04-26 03:03:26 Job submitted from host: <128.83.120.183:9618?addrs=128.83.120.183-9618&alias=darmok.cs.utexas.edu&noUDP&sock=schedd_1353_9fba>
...
001 (983618.000.000) 2024-04-26 03:03:42 Job executing on host: <128.83.139.145:9618?addrs=128.83.139.145-9618&alias=angrist-18.cs.utexas.edu&noUDP&sock=startd_1595_9da5>
...
006 (983618.000.000) 2024-04-26 03:03:50 Image size of job updated: 36308
	12  -  MemoryUsage of job (MB)
	11664  -  ResidentSetSize of job (KB)
...
006 (983618.000.000) 2024-04-26 03:08:50 Image size of job updated: 36436
	12  -  MemoryUsage of job (MB)
	11836  -  ResidentSetSize of job (KB)
...
006 (983618.000.000) 2024-04-26 03:13:51 Image size of job updated: 36436
	12  -  MemoryUsage of job (MB)
	11856  -  ResidentSetSize of job (KB)
...
006 (983618.000.000) 2024-04-26 03:18:52 Image size of job updated: 36568
	12  -  MemoryUsage of job (MB)
	11920  -  ResidentSetSize of job (KB)
...
006 (983618.000.000) 2024-04-26 03:23:52 Image size of job updated: 36568
	12  -  MemoryUsage of job (MB)
	11928  -  ResidentSetSize of job (KB)
...
006 (983618.000.000) 2024-04-26 03:28:52 Image size of job updated: 36568
	12  -  MemoryUsage of job (MB)
	11936  -  ResidentSetSize of job (KB)
...
006 (983618.000.000) 2024-04-26 03:43:53 Image size of job updated: 36568
	12  -  MemoryUsage of job (MB)
	11940  -  ResidentSetSize of job (KB)
...
005 (983618.000.000) 2024-04-26 03:47:34 Job terminated.
	(1) Normal termination (return value 0)
		Usr 0 00:43:51, Sys 0 00:00:00  -  Run Remote Usage
		Usr 0 00:00:00, Sys 0 00:00:00  -  Run Local Usage
		Usr 0 00:43:51, Sys 0 00:00:00  -  Total Remote Usage
		Usr 0 00:00:00, Sys 0 00:00:00  -  Total Local Usage
	0  -  Run Bytes Sent By Job
	0  -  Run Bytes Received By Job
	0  -  Total Bytes Sent By Job
	0  -  Total Bytes Received By Job
	Partitionable Resources :    Usage  Request Allocated 
	   Cpus                 :     1.00        1         1 
	   Disk (KB)            :     1           1  10853596 
	   Memory (MB)          :    12         891      4026 

	Job terminated of its own accord at 2024-04-26T08:47:34Z.
...
000 (983989.000.000) 2024-04-26 05:06:50 Job submitted from host: <128.83.120.183:9618?addrs=128.83.120.183-9618&alias=darmok.cs.utexas.edu&noUDP&sock=schedd_1353_9fba>
...
001 (983989.000.000) 2024-04-26 05:06:57 Job executing on host: <128.83.144.168:9618?addrs=128.83.144.168-9618&alias=angrist-10.cs.utexas.edu&noUDP&sock=startd_1611_9729>
...
006 (983989.000.000) 2024-04-26 05:07:06 Image size of job updated: 36308
	12  -  MemoryUsage of job (MB)
	11732  -  ResidentSetSize of job (KB)
...
005 (983989.000.000) 2024-04-26 05:07:12 Job terminated.
	(1) Normal termination (return value 0)
		Usr 0 00:00:14, Sys 0 00:00:00  -  Run Remote Usage
		Usr 0 00:00:00, Sys 0 00:00:00  -  Run Local Usage
		Usr 0 00:00:14, Sys 0 00:00:00  -  Total Remote Usage
		Usr 0 00:00:00, Sys 0 00:00:00  -  Total Local Usage
	0  -  Run Bytes Sent By Job
	0  -  Run Bytes Received By Job
	0  -  Total Bytes Sent By Job
	0  -  Total Bytes Received By Job
	Partitionable Resources :    Usage  Request Allocated 
	   Cpus                 :                 1         1 
	   Disk (KB)            :        1        1  10853596 
	   Memory (MB)          :       12        1      4026 

	Job terminated of its own accord at 2024-04-26T10:07:12Z.
...
