000 (982952.000.000) 2024-04-25 20:09:52 Job submitted from host: <128.83.120.183:9618?addrs=128.83.120.183-9618&alias=darmok.cs.utexas.edu&noUDP&sock=schedd_1353_9fba>
...
001 (982952.000.000) 2024-04-25 20:09:53 Job executing on host: <128.83.130.161:9618?addrs=128.83.130.161-9618&alias=oliphaunt-2.cs.utexas.edu&noUDP&sock=startd_1594_ee0d>
...
006 (982952.000.000) 2024-04-25 20:10:01 Image size of job updated: 36304
	12  -  MemoryUsage of job (MB)
	11696  -  ResidentSetSize of job (KB)
...
005 (982952.000.000) 2024-04-25 20:10:03 Job terminated.
	(1) Normal termination (return value 0)
		Usr 0 00:00:10, Sys 0 00:00:00  -  Run Remote Usage
		Usr 0 00:00:00, Sys 0 00:00:00  -  Run Local Usage
		Usr 0 00:00:10, Sys 0 00:00:00  -  Total Remote Usage
		Usr 0 00:00:00, Sys 0 00:00:00  -  Total Local Usage
	0  -  Run Bytes Sent By Job
	0  -  Run Bytes Received By Job
	0  -  Total Bytes Sent By Job
	0  -  Total Bytes Received By Job
	Partitionable Resources :    Usage  Request Allocated 
	   Cpus                 :                 1         1 
	   Disk (KB)            :        1        1  18498544 
	   Memory (MB)          :       12        1     24186 

	Job terminated of its own accord at 2024-04-26T01:10:03Z.
...
000 (983590.000.000) 2024-04-26 03:03:21 Job submitted from host: <128.83.120.183:9618?addrs=128.83.120.183-9618&alias=darmok.cs.utexas.edu&noUDP&sock=schedd_1353_9fba>
...
001 (983590.000.000) 2024-04-26 03:03:37 Job executing on host: <128.83.139.141:9618?addrs=128.83.139.141-9618&alias=angrist-14.cs.utexas.edu&noUDP&sock=startd_1625_317d>
...
006 (983590.000.000) 2024-04-26 03:03:46 Image size of job updated: 36304
	12  -  MemoryUsage of job (MB)
	11664  -  ResidentSetSize of job (KB)
...
006 (983590.000.000) 2024-04-26 03:08:47 Image size of job updated: 36432
	12  -  MemoryUsage of job (MB)
	11744  -  ResidentSetSize of job (KB)
...
006 (983590.000.000) 2024-04-26 03:13:48 Image size of job updated: 36432
	12  -  MemoryUsage of job (MB)
	11772  -  ResidentSetSize of job (KB)
...
006 (983590.000.000) 2024-04-26 03:18:48 Image size of job updated: 36432
	12  -  MemoryUsage of job (MB)
	11844  -  ResidentSetSize of job (KB)
...
006 (983590.000.000) 2024-04-26 03:23:49 Image size of job updated: 36432
	12  -  MemoryUsage of job (MB)
	11860  -  ResidentSetSize of job (KB)
...
006 (983590.000.000) 2024-04-26 03:28:50 Image size of job updated: 36556
	12  -  MemoryUsage of job (MB)
	11880  -  ResidentSetSize of job (KB)
...
005 (983590.000.000) 2024-04-26 03:32:57 Job terminated.
	(1) Normal termination (return value 0)
		Usr 0 00:29:18, Sys 0 00:00:00  -  Run Remote Usage
		Usr 0 00:00:00, Sys 0 00:00:00  -  Run Local Usage
		Usr 0 00:29:18, Sys 0 00:00:00  -  Total Remote Usage
		Usr 0 00:00:00, Sys 0 00:00:00  -  Total Local Usage
	0  -  Run Bytes Sent By Job
	0  -  Run Bytes Received By Job
	0  -  Total Bytes Sent By Job
	0  -  Total Bytes Received By Job
	Partitionable Resources :    Usage  Request Allocated 
	   Cpus                 :     1.00        1         1 
	   Disk (KB)            :     1           1  10853596 
	   Memory (MB)          :    12           1      4026 

	Job terminated of its own accord at 2024-04-26T08:32:56Z.
...
000 (983961.000.000) 2024-04-26 05:06:44 Job submitted from host: <128.83.120.183:9618?addrs=128.83.120.183-9618&alias=darmok.cs.utexas.edu&noUDP&sock=schedd_1353_9fba>
...
001 (983961.000.000) 2024-04-26 05:06:51 Job executing on host: <128.83.139.141:9618?addrs=128.83.139.141-9618&alias=angrist-14.cs.utexas.edu&noUDP&sock=startd_1625_317d>
...
006 (983961.000.000) 2024-04-26 05:06:59 Image size of job updated: 36304
	12  -  MemoryUsage of job (MB)
	11664  -  ResidentSetSize of job (KB)
...
005 (983961.000.000) 2024-04-26 05:07:05 Job terminated.
	(1) Normal termination (return value 0)
		Usr 0 00:00:14, Sys 0 00:00:00  -  Run Remote Usage
		Usr 0 00:00:00, Sys 0 00:00:00  -  Run Local Usage
		Usr 0 00:00:14, Sys 0 00:00:00  -  Total Remote Usage
		Usr 0 00:00:00, Sys 0 00:00:00  -  Total Local Usage
	0  -  Run Bytes Sent By Job
	0  -  Run Bytes Received By Job
	0  -  Total Bytes Sent By Job
	0  -  Total Bytes Received By Job
	Partitionable Resources :    Usage  Request Allocated 
	   Cpus                 :                 1         1 
	   Disk (KB)            :        1        1  10853596 
	   Memory (MB)          :       12        1      4026 

	Job terminated of its own accord at 2024-04-26T10:07:05Z.
...
