000 (982971.000.000) 2024-04-25 20:09:55 Job submitted from host: <128.83.120.183:9618?addrs=128.83.120.183-9618&alias=darmok.cs.utexas.edu&noUDP&sock=schedd_1353_9fba>
...
001 (982971.000.000) 2024-04-25 20:10:05 Job executing on host: <128.83.144.147:9618?addrs=128.83.144.147-9618&alias=oliphaunt-1.cs.utexas.edu&noUDP&sock=startd_1578_f489>
...
006 (982971.000.000) 2024-04-25 20:10:13 Image size of job updated: 36436
	12  -  MemoryUsage of job (MB)
	11816  -  ResidentSetSize of job (KB)
...
006 (982971.000.000) 2024-04-25 20:10:28 Image size of job updated: 36564
	12  -  MemoryUsage of job (MB)
	11816  -  ResidentSetSize of job (KB)
...
005 (982971.000.000) 2024-04-25 20:10:29 Job terminated.
	(1) Normal termination (return value 0)
		Usr 0 00:00:22, Sys 0 00:00:00  -  Run Remote Usage
		Usr 0 00:00:00, Sys 0 00:00:00  -  Run Local Usage
		Usr 0 00:00:22, Sys 0 00:00:00  -  Total Remote Usage
		Usr 0 00:00:00, Sys 0 00:00:00  -  Total Local Usage
	0  -  Run Bytes Sent By Job
	0  -  Run Bytes Received By Job
	0  -  Total Bytes Sent By Job
	0  -  Total Bytes Received By Job
	Partitionable Resources :    Usage  Request Allocated 
	   Cpus                 :                 1         1 
	   Disk (KB)            :        1        1  18498544 
	   Memory (MB)          :       12        1     24186 

	Job terminated of its own accord at 2024-04-26T01:10:28Z.
...
000 (983609.000.000) 2024-04-26 03:03:25 Job submitted from host: <128.83.120.183:9618?addrs=128.83.120.183-9618&alias=darmok.cs.utexas.edu&noUDP&sock=schedd_1353_9fba>
...
001 (983609.000.000) 2024-04-26 03:03:44 Job executing on host: <128.83.139.150:9618?addrs=128.83.139.150-9618&alias=angrist-23.cs.utexas.edu&noUDP&sock=startd_1604_c9ff>
...
006 (983609.000.000) 2024-04-26 03:03:52 Image size of job updated: 36304
	12  -  MemoryUsage of job (MB)
	11752  -  ResidentSetSize of job (KB)
...
006 (983609.000.000) 2024-04-26 03:08:52 Image size of job updated: 40656
	16  -  MemoryUsage of job (MB)
	16184  -  ResidentSetSize of job (KB)
...
006 (983609.000.000) 2024-04-26 03:13:52 Image size of job updated: 42452
	18  -  MemoryUsage of job (MB)
	17852  -  ResidentSetSize of job (KB)
...
006 (983609.000.000) 2024-04-26 03:18:53 Image size of job updated: 42580
	18  -  MemoryUsage of job (MB)
	17964  -  ResidentSetSize of job (KB)
...
006 (983609.000.000) 2024-04-26 03:23:54 Image size of job updated: 42580
	18  -  MemoryUsage of job (MB)
	17984  -  ResidentSetSize of job (KB)
...
006 (983609.000.000) 2024-04-26 03:28:54 Image size of job updated: 42708
	18  -  MemoryUsage of job (MB)
	18028  -  ResidentSetSize of job (KB)
...
006 (983609.000.000) 2024-04-26 03:33:55 Image size of job updated: 42708
	18  -  MemoryUsage of job (MB)
	18088  -  ResidentSetSize of job (KB)
...
006 (983609.000.000) 2024-04-26 03:38:56 Image size of job updated: 42836
	18  -  MemoryUsage of job (MB)
	18148  -  ResidentSetSize of job (KB)
...
006 (983609.000.000) 2024-04-26 03:43:56 Image size of job updated: 42968
	18  -  MemoryUsage of job (MB)
	18280  -  ResidentSetSize of job (KB)
...
006 (983609.000.000) 2024-04-26 03:58:58 Image size of job updated: 42968
	18  -  MemoryUsage of job (MB)
	18300  -  ResidentSetSize of job (KB)
...
006 (983609.000.000) 2024-04-26 04:03:58 Image size of job updated: 43100
	19  -  MemoryUsage of job (MB)
	18440  -  ResidentSetSize of job (KB)
...
006 (983609.000.000) 2024-04-26 04:08:59 Image size of job updated: 43100
	19  -  MemoryUsage of job (MB)
	18444  -  ResidentSetSize of job (KB)
...
005 (983609.000.000) 2024-04-26 04:20:02 Job terminated.
	(1) Normal termination (return value 0)
		Usr 0 01:16:15, Sys 0 00:00:00  -  Run Remote Usage
		Usr 0 00:00:00, Sys 0 00:00:00  -  Run Local Usage
		Usr 0 01:16:15, Sys 0 00:00:00  -  Total Remote Usage
		Usr 0 00:00:00, Sys 0 00:00:00  -  Total Local Usage
	0  -  Run Bytes Sent By Job
	0  -  Run Bytes Received By Job
	0  -  Total Bytes Sent By Job
	0  -  Total Bytes Received By Job
	Partitionable Resources :    Usage  Request Allocated 
	   Cpus                 :     1.00        1         1 
	   Disk (KB)            :     1           1  10853594 
	   Memory (MB)          :    19        1682      4026 

	Job terminated of its own accord at 2024-04-26T09:20:01Z.
...
000 (983980.000.000) 2024-04-26 05:06:47 Job submitted from host: <128.83.120.183:9618?addrs=128.83.120.183-9618&alias=darmok.cs.utexas.edu&noUDP&sock=schedd_1353_9fba>
...
001 (983980.000.000) 2024-04-26 05:06:56 Job executing on host: <128.83.144.211:9618?addrs=128.83.144.211-9618&alias=angrist-12.cs.utexas.edu&noUDP&sock=startd_1592_8edc>
...
006 (983980.000.000) 2024-04-26 05:07:05 Image size of job updated: 36432
	12  -  MemoryUsage of job (MB)
	11824  -  ResidentSetSize of job (KB)
...
006 (983980.000.000) 2024-04-26 05:07:16 Image size of job updated: 36560
	12  -  MemoryUsage of job (MB)
	11824  -  ResidentSetSize of job (KB)
...
005 (983980.000.000) 2024-04-26 05:07:17 Job terminated.
	(1) Normal termination (return value 0)
		Usr 0 00:00:20, Sys 0 00:00:00  -  Run Remote Usage
		Usr 0 00:00:00, Sys 0 00:00:00  -  Run Local Usage
		Usr 0 00:00:20, Sys 0 00:00:00  -  Total Remote Usage
		Usr 0 00:00:00, Sys 0 00:00:00  -  Total Local Usage
	0  -  Run Bytes Sent By Job
	0  -  Run Bytes Received By Job
	0  -  Total Bytes Sent By Job
	0  -  Total Bytes Received By Job
	Partitionable Resources :    Usage  Request Allocated 
	   Cpus                 :                 1         1 
	   Disk (KB)            :        1        1  10853596 
	   Memory (MB)          :       12        1      4026 

	Job terminated of its own accord at 2024-04-26T10:07:16Z.
...
