000 (982956.000.000) 2024-04-25 20:09:53 Job submitted from host: <128.83.120.183:9618?addrs=128.83.120.183-9618&alias=darmok.cs.utexas.edu&noUDP&sock=schedd_1353_9fba>
...
001 (982956.000.000) 2024-04-25 20:09:56 Job executing on host: <128.83.144.168:9618?addrs=128.83.144.168-9618&alias=angrist-10.cs.utexas.edu&noUDP&sock=startd_1611_9729>
...
006 (982956.000.000) 2024-04-25 20:10:05 Image size of job updated: 11660
	12  -  MemoryUsage of job (MB)
	11660  -  ResidentSetSize of job (KB)
...
006 (982956.000.000) 2024-04-25 20:10:11 Image size of job updated: 36308
	12  -  MemoryUsage of job (MB)
	11660  -  ResidentSetSize of job (KB)
...
005 (982956.000.000) 2024-04-25 20:10:11 Job terminated.
	(1) Normal termination (return value 0)
		Usr 0 00:00:14, Sys 0 00:00:00  -  Run Remote Usage
		Usr 0 00:00:00, Sys 0 00:00:00  -  Run Local Usage
		Usr 0 00:00:14, Sys 0 00:00:00  -  Total Remote Usage
		Usr 0 00:00:00, Sys 0 00:00:00  -  Total Local Usage
	0  -  Run Bytes Sent By Job
	0  -  Run Bytes Received By Job
	0  -  Total Bytes Sent By Job
	0  -  Total Bytes Received By Job
	Partitionable Resources :    Usage  Request Allocated 
	   Cpus                 :                 1         1 
	   Disk (KB)            :        1        1  10853596 
	   Memory (MB)          :       12        1      4026 

	Job terminated of its own accord at 2024-04-26T01:10:11Z.
...
000 (983594.000.000) 2024-04-26 03:03:23 Job submitted from host: <128.83.120.183:9618?addrs=128.83.120.183-9618&alias=darmok.cs.utexas.edu&noUDP&sock=schedd_1353_9fba>
...
001 (983594.000.000) 2024-04-26 03:03:41 Job executing on host: <128.83.144.240:9618?addrs=128.83.144.240-9618&alias=angrist-13.cs.utexas.edu&noUDP&sock=startd_1643_8a31>
...
006 (983594.000.000) 2024-04-26 03:03:50 Image size of job updated: 36304
	12  -  MemoryUsage of job (MB)
	11652  -  ResidentSetSize of job (KB)
...
006 (983594.000.000) 2024-04-26 03:08:51 Image size of job updated: 42684
	18  -  MemoryUsage of job (MB)
	18008  -  ResidentSetSize of job (KB)
...
006 (983594.000.000) 2024-04-26 03:13:52 Image size of job updated: 42816
	18  -  MemoryUsage of job (MB)
	18200  -  ResidentSetSize of job (KB)
...
006 (983594.000.000) 2024-04-26 03:18:52 Image size of job updated: 42948
	18  -  MemoryUsage of job (MB)
	18356  -  ResidentSetSize of job (KB)
...
006 (983594.000.000) 2024-04-26 03:23:52 Image size of job updated: 43076
	18  -  MemoryUsage of job (MB)
	18412  -  ResidentSetSize of job (KB)
...
006 (983594.000.000) 2024-04-26 03:28:54 Image size of job updated: 43076
	19  -  MemoryUsage of job (MB)
	18444  -  ResidentSetSize of job (KB)
...
006 (983594.000.000) 2024-04-26 03:33:54 Image size of job updated: 43204
	19  -  MemoryUsage of job (MB)
	18540  -  ResidentSetSize of job (KB)
...
006 (983594.000.000) 2024-04-26 03:38:54 Image size of job updated: 43204
	19  -  MemoryUsage of job (MB)
	18628  -  ResidentSetSize of job (KB)
...
006 (983594.000.000) 2024-04-26 03:43:55 Image size of job updated: 43332
	19  -  MemoryUsage of job (MB)
	18752  -  ResidentSetSize of job (KB)
...
006 (983594.000.000) 2024-04-26 03:48:56 Image size of job updated: 43460
	19  -  MemoryUsage of job (MB)
	18880  -  ResidentSetSize of job (KB)
...
006 (983594.000.000) 2024-04-26 03:53:56 Image size of job updated: 43588
	19  -  MemoryUsage of job (MB)
	19016  -  ResidentSetSize of job (KB)
...
006 (983594.000.000) 2024-04-26 03:58:56 Image size of job updated: 43716
	19  -  MemoryUsage of job (MB)
	19136  -  ResidentSetSize of job (KB)
...
006 (983594.000.000) 2024-04-26 04:03:57 Image size of job updated: 43844
	19  -  MemoryUsage of job (MB)
	19196  -  ResidentSetSize of job (KB)
...
006 (983594.000.000) 2024-04-26 04:08:58 Image size of job updated: 43844
	19  -  MemoryUsage of job (MB)
	19264  -  ResidentSetSize of job (KB)
...
006 (983594.000.000) 2024-04-26 04:13:58 Image size of job updated: 43972
	19  -  MemoryUsage of job (MB)
	19328  -  ResidentSetSize of job (KB)
...
006 (983594.000.000) 2024-04-26 04:18:59 Image size of job updated: 43972
	19  -  MemoryUsage of job (MB)
	19404  -  ResidentSetSize of job (KB)
...
006 (983594.000.000) 2024-04-26 04:24:00 Image size of job updated: 44100
	20  -  MemoryUsage of job (MB)
	19472  -  ResidentSetSize of job (KB)
...
006 (983594.000.000) 2024-04-26 04:29:00 Image size of job updated: 44228
	20  -  MemoryUsage of job (MB)
	19552  -  ResidentSetSize of job (KB)
...
006 (983594.000.000) 2024-04-26 04:34:00 Image size of job updated: 44228
	20  -  MemoryUsage of job (MB)
	19632  -  ResidentSetSize of job (KB)
...
006 (983594.000.000) 2024-04-26 04:36:16 Image size of job updated: 44356
	20  -  MemoryUsage of job (MB)
	19632  -  ResidentSetSize of job (KB)
...
005 (983594.000.000) 2024-04-26 04:36:16 Job terminated.
	(1) Normal termination (return value 0)
		Usr 0 01:32:33, Sys 0 00:00:00  -  Run Remote Usage
		Usr 0 00:00:00, Sys 0 00:00:00  -  Run Local Usage
		Usr 0 01:32:33, Sys 0 00:00:00  -  Total Remote Usage
		Usr 0 00:00:00, Sys 0 00:00:00  -  Total Local Usage
	0  -  Run Bytes Sent By Job
	0  -  Run Bytes Received By Job
	0  -  Total Bytes Sent By Job
	0  -  Total Bytes Received By Job
	Partitionable Resources :    Usage  Request Allocated 
	   Cpus                 :     1.00        1         1 
	   Disk (KB)            :     1           1  10853596 
	   Memory (MB)          :    20          30      4026 

	Job terminated of its own accord at 2024-04-26T09:36:16Z.
...
000 (983965.000.000) 2024-04-26 05:06:45 Job submitted from host: <128.83.120.183:9618?addrs=128.83.120.183-9618&alias=darmok.cs.utexas.edu&noUDP&sock=schedd_1353_9fba>
...
001 (983965.000.000) 2024-04-26 05:06:52 Job executing on host: <128.83.144.168:9618?addrs=128.83.144.168-9618&alias=angrist-10.cs.utexas.edu&noUDP&sock=startd_1611_9729>
...
006 (983965.000.000) 2024-04-26 05:07:01 Image size of job updated: 36304
	12  -  MemoryUsage of job (MB)
	11656  -  ResidentSetSize of job (KB)
...
005 (983965.000.000) 2024-04-26 05:07:03 Job terminated.
	(1) Normal termination (return value 0)
		Usr 0 00:00:09, Sys 0 00:00:00  -  Run Remote Usage
		Usr 0 00:00:00, Sys 0 00:00:00  -  Run Local Usage
		Usr 0 00:00:09, Sys 0 00:00:00  -  Total Remote Usage
		Usr 0 00:00:00, Sys 0 00:00:00  -  Total Local Usage
	0  -  Run Bytes Sent By Job
	0  -  Run Bytes Received By Job
	0  -  Total Bytes Sent By Job
	0  -  Total Bytes Received By Job
	Partitionable Resources :    Usage  Request Allocated 
	   Cpus                 :                 1         1 
	   Disk (KB)            :        1        1  10853596 
	   Memory (MB)          :       12        1      4026 

	Job terminated of its own accord at 2024-04-26T10:07:02Z.
...
