000 (982951.000.000) 2024-04-25 20:09:52 Job submitted from host: <128.83.120.183:9618?addrs=128.83.120.183-9618&alias=darmok.cs.utexas.edu&noUDP&sock=schedd_1353_9fba>
...
001 (982951.000.000) 2024-04-25 20:09:52 Job executing on host: <128.83.130.161:9618?addrs=128.83.130.161-9618&alias=oliphaunt-2.cs.utexas.edu&noUDP&sock=startd_1594_ee0d>
...
006 (982951.000.000) 2024-04-25 20:10:01 Image size of job updated: 36436
	12  -  MemoryUsage of job (MB)
	11776  -  ResidentSetSize of job (KB)
...
006 (982951.000.000) 2024-04-25 20:11:10 Image size of job updated: 36564
	12  -  MemoryUsage of job (MB)
	11776  -  ResidentSetSize of job (KB)
...
005 (982951.000.000) 2024-04-25 20:11:10 Job terminated.
	(1) Normal termination (return value 0)
		Usr 0 00:01:17, Sys 0 00:00:00  -  Run Remote Usage
		Usr 0 00:00:00, Sys 0 00:00:00  -  Run Local Usage
		Usr 0 00:01:17, Sys 0 00:00:00  -  Total Remote Usage
		Usr 0 00:00:00, Sys 0 00:00:00  -  Total Local Usage
	0  -  Run Bytes Sent By Job
	0  -  Run Bytes Received By Job
	0  -  Total Bytes Sent By Job
	0  -  Total Bytes Received By Job
	Partitionable Resources :    Usage  Request Allocated 
	   Cpus                 :                 1         1 
	   Disk (KB)            :        1        1  18498544 
	   Memory (MB)          :       12        1     24186 

	Job terminated of its own accord at 2024-04-26T01:11:10Z.
...
000 (983589.000.000) 2024-04-26 03:03:21 Job submitted from host: <128.83.120.183:9618?addrs=128.83.120.183-9618&alias=darmok.cs.utexas.edu&noUDP&sock=schedd_1353_9fba>
...
001 (983589.000.000) 2024-04-26 03:03:42 Job executing on host: <128.83.139.147:9618?addrs=128.83.139.147-9618&alias=angrist-20.cs.utexas.edu&noUDP&sock=startd_1592_8edc>
...
006 (983589.000.000) 2024-04-26 03:03:50 Image size of job updated: 36308
	12  -  MemoryUsage of job (MB)
	11764  -  ResidentSetSize of job (KB)
...
006 (983589.000.000) 2024-04-26 03:08:50 Image size of job updated: 37212
	13  -  MemoryUsage of job (MB)
	12540  -  ResidentSetSize of job (KB)
...
006 (983589.000.000) 2024-04-26 03:13:51 Image size of job updated: 37212
	13  -  MemoryUsage of job (MB)
	12544  -  ResidentSetSize of job (KB)
...
006 (983589.000.000) 2024-04-26 03:18:52 Image size of job updated: 37212
	13  -  MemoryUsage of job (MB)
	12580  -  ResidentSetSize of job (KB)
...
006 (983589.000.000) 2024-04-26 03:28:53 Image size of job updated: 37212
	13  -  MemoryUsage of job (MB)
	12592  -  ResidentSetSize of job (KB)
...
006 (983589.000.000) 2024-04-26 03:38:54 Image size of job updated: 37212
	13  -  MemoryUsage of job (MB)
	12612  -  ResidentSetSize of job (KB)
...
006 (983589.000.000) 2024-04-26 03:43:54 Image size of job updated: 37332
	13  -  MemoryUsage of job (MB)
	12652  -  ResidentSetSize of job (KB)
...
006 (983589.000.000) 2024-04-26 03:48:55 Image size of job updated: 37332
	13  -  MemoryUsage of job (MB)
	12660  -  ResidentSetSize of job (KB)
...
006 (983589.000.000) 2024-04-26 03:53:56 Image size of job updated: 37332
	13  -  MemoryUsage of job (MB)
	12692  -  ResidentSetSize of job (KB)
...
006 (983589.000.000) 2024-04-26 03:58:56 Image size of job updated: 37332
	13  -  MemoryUsage of job (MB)
	12716  -  ResidentSetSize of job (KB)
...
006 (983589.000.000) 2024-04-26 04:03:57 Image size of job updated: 37332
	13  -  MemoryUsage of job (MB)
	12740  -  ResidentSetSize of job (KB)
...
005 (983589.000.000) 2024-04-26 04:13:44 Job terminated.
	(1) Normal termination (return value 0)
		Usr 0 01:10:01, Sys 0 00:00:00  -  Run Remote Usage
		Usr 0 00:00:00, Sys 0 00:00:00  -  Run Local Usage
		Usr 0 01:10:01, Sys 0 00:00:00  -  Total Remote Usage
		Usr 0 00:00:00, Sys 0 00:00:00  -  Total Local Usage
	0  -  Run Bytes Sent By Job
	0  -  Run Bytes Received By Job
	0  -  Total Bytes Sent By Job
	0  -  Total Bytes Received By Job
	Partitionable Resources :    Usage  Request Allocated 
	   Cpus                 :     1.00        1         1 
	   Disk (KB)            :     1           1  10853596 
	   Memory (MB)          :    13          93      4026 

	Job terminated of its own accord at 2024-04-26T09:13:44Z.
...
000 (983960.000.000) 2024-04-26 05:06:44 Job submitted from host: <128.83.120.183:9618?addrs=128.83.120.183-9618&alias=darmok.cs.utexas.edu&noUDP&sock=schedd_1353_9fba>
...
001 (983960.000.000) 2024-04-26 05:06:50 Job executing on host: <128.83.139.147:9618?addrs=128.83.139.147-9618&alias=angrist-20.cs.utexas.edu&noUDP&sock=startd_1592_8edc>
...
006 (983960.000.000) 2024-04-26 05:06:59 Image size of job updated: 36440
	12  -  MemoryUsage of job (MB)
	11776  -  ResidentSetSize of job (KB)
...
006 (983960.000.000) 2024-04-26 05:07:39 Image size of job updated: 36568
	12  -  MemoryUsage of job (MB)
	11776  -  ResidentSetSize of job (KB)
...
005 (983960.000.000) 2024-04-26 05:07:39 Job terminated.
	(1) Normal termination (return value 0)
		Usr 0 00:00:48, Sys 0 00:00:00  -  Run Remote Usage
		Usr 0 00:00:00, Sys 0 00:00:00  -  Run Local Usage
		Usr 0 00:00:48, Sys 0 00:00:00  -  Total Remote Usage
		Usr 0 00:00:00, Sys 0 00:00:00  -  Total Local Usage
	0  -  Run Bytes Sent By Job
	0  -  Run Bytes Received By Job
	0  -  Total Bytes Sent By Job
	0  -  Total Bytes Received By Job
	Partitionable Resources :    Usage  Request Allocated 
	   Cpus                 :                 1         1 
	   Disk (KB)            :        1        1  10853596 
	   Memory (MB)          :       12        1      4026 

	Job terminated of its own accord at 2024-04-26T10:07:39Z.
...
