000 (982981.000.000) 2024-04-25 20:09:56 Job submitted from host: <128.83.120.183:9618?addrs=128.83.120.183-9618&alias=darmok.cs.utexas.edu&noUDP&sock=schedd_1353_9fba>
...
001 (982981.000.000) 2024-04-25 20:10:08 Job executing on host: <128.83.144.168:9618?addrs=128.83.144.168-9618&alias=angrist-10.cs.utexas.edu&noUDP&sock=startd_1611_9729>
...
006 (982981.000.000) 2024-04-25 20:10:16 Image size of job updated: 36304
	12  -  MemoryUsage of job (MB)
	11740  -  ResidentSetSize of job (KB)
...
006 (982981.000.000) 2024-04-25 20:10:36 Image size of job updated: 36428
	12  -  MemoryUsage of job (MB)
	11740  -  ResidentSetSize of job (KB)
...
005 (982981.000.000) 2024-04-25 20:10:36 Job terminated.
	(1) Normal termination (return value 0)
		Usr 0 00:00:28, Sys 0 00:00:00  -  Run Remote Usage
		Usr 0 00:00:00, Sys 0 00:00:00  -  Run Local Usage
		Usr 0 00:00:28, Sys 0 00:00:00  -  Total Remote Usage
		Usr 0 00:00:00, Sys 0 00:00:00  -  Total Local Usage
	0  -  Run Bytes Sent By Job
	0  -  Run Bytes Received By Job
	0  -  Total Bytes Sent By Job
	0  -  Total Bytes Received By Job
	Partitionable Resources :    Usage  Request Allocated 
	   Cpus                 :                 1         1 
	   Disk (KB)            :        1        1  10853596 
	   Memory (MB)          :       12        1      4026 

	Job terminated of its own accord at 2024-04-26T01:10:36Z.
...
000 (983619.000.000) 2024-04-26 03:03:26 Job submitted from host: <128.83.120.183:9618?addrs=128.83.120.183-9618&alias=darmok.cs.utexas.edu&noUDP&sock=schedd_1353_9fba>
...
001 (983619.000.000) 2024-04-26 03:03:41 Job executing on host: <128.83.139.141:9618?addrs=128.83.139.141-9618&alias=angrist-14.cs.utexas.edu&noUDP&sock=startd_1625_317d>
...
006 (983619.000.000) 2024-04-26 03:03:49 Image size of job updated: 36308
	12  -  MemoryUsage of job (MB)
	11672  -  ResidentSetSize of job (KB)
...
006 (983619.000.000) 2024-04-26 03:08:49 Image size of job updated: 36436
	12  -  MemoryUsage of job (MB)
	11840  -  ResidentSetSize of job (KB)
...
006 (983619.000.000) 2024-04-26 03:13:50 Image size of job updated: 36436
	12  -  MemoryUsage of job (MB)
	11844  -  ResidentSetSize of job (KB)
...
006 (983619.000.000) 2024-04-26 03:18:50 Image size of job updated: 36568
	12  -  MemoryUsage of job (MB)
	11908  -  ResidentSetSize of job (KB)
...
006 (983619.000.000) 2024-04-26 03:23:50 Image size of job updated: 36568
	12  -  MemoryUsage of job (MB)
	11916  -  ResidentSetSize of job (KB)
...
006 (983619.000.000) 2024-04-26 03:33:52 Image size of job updated: 36568
	12  -  MemoryUsage of job (MB)
	11920  -  ResidentSetSize of job (KB)
...
006 (983619.000.000) 2024-04-26 03:43:52 Image size of job updated: 36568
	12  -  MemoryUsage of job (MB)
	11924  -  ResidentSetSize of job (KB)
...
006 (983619.000.000) 2024-04-26 03:48:53 Image size of job updated: 36568
	12  -  MemoryUsage of job (MB)
	11948  -  ResidentSetSize of job (KB)
...
005 (983619.000.000) 2024-04-26 03:52:03 Job terminated.
	(1) Normal termination (return value 0)
		Usr 0 00:48:21, Sys 0 00:00:00  -  Run Remote Usage
		Usr 0 00:00:00, Sys 0 00:00:00  -  Run Local Usage
		Usr 0 00:48:21, Sys 0 00:00:00  -  Total Remote Usage
		Usr 0 00:00:00, Sys 0 00:00:00  -  Total Local Usage
	0  -  Run Bytes Sent By Job
	0  -  Run Bytes Received By Job
	0  -  Total Bytes Sent By Job
	0  -  Total Bytes Received By Job
	Partitionable Resources :    Usage  Request Allocated 
	   Cpus                 :     1.00        1         1 
	   Disk (KB)            :     1           1  10853596 
	   Memory (MB)          :    12         192      4026 

	Job terminated of its own accord at 2024-04-26T08:52:03Z.
...
000 (983990.000.000) 2024-04-26 05:06:50 Job submitted from host: <128.83.120.183:9618?addrs=128.83.120.183-9618&alias=darmok.cs.utexas.edu&noUDP&sock=schedd_1353_9fba>
...
001 (983990.000.000) 2024-04-26 05:06:58 Job executing on host: <128.83.139.142:9618?addrs=128.83.139.142-9618&alias=angrist-15.cs.utexas.edu&noUDP&sock=startd_1598_ac6e>
...
006 (983990.000.000) 2024-04-26 05:07:07 Image size of job updated: 36308
	12  -  MemoryUsage of job (MB)
	11724  -  ResidentSetSize of job (KB)
...
006 (983990.000.000) 2024-04-26 05:07:28 Image size of job updated: 36436
	12  -  MemoryUsage of job (MB)
	11724  -  ResidentSetSize of job (KB)
...
005 (983990.000.000) 2024-04-26 05:07:28 Job terminated.
	(1) Normal termination (return value 0)
		Usr 0 00:00:29, Sys 0 00:00:00  -  Run Remote Usage
		Usr 0 00:00:00, Sys 0 00:00:00  -  Run Local Usage
		Usr 0 00:00:29, Sys 0 00:00:00  -  Total Remote Usage
		Usr 0 00:00:00, Sys 0 00:00:00  -  Total Local Usage
	0  -  Run Bytes Sent By Job
	0  -  Run Bytes Received By Job
	0  -  Total Bytes Sent By Job
	0  -  Total Bytes Received By Job
	Partitionable Resources :    Usage  Request Allocated 
	   Cpus                 :                 1         1 
	   Disk (KB)            :        1        1  10853596 
	   Memory (MB)          :       12        1      4026 

	Job terminated of its own accord at 2024-04-26T10:07:28Z.
...
