000 (981671.000.000) 2024-04-25 16:51:21 Job submitted from host: <128.83.120.183:9618?addrs=128.83.120.183-9618&alias=darmok.cs.utexas.edu&noUDP&sock=schedd_1353_9fba>
...
001 (981671.000.000) 2024-04-25 16:51:27 Job executing on host: <128.83.144.147:9618?addrs=128.83.144.147-9618&alias=oliphaunt-1.cs.utexas.edu&noUDP&sock=startd_1578_f489>
...
006 (981671.000.000) 2024-04-25 16:51:35 Image size of job updated: 36296
	12  -  MemoryUsage of job (MB)
	11684  -  ResidentSetSize of job (KB)
...
006 (981671.000.000) 2024-04-25 16:56:22 Image size of job updated: 36556
	12  -  MemoryUsage of job (MB)
	11684  -  ResidentSetSize of job (KB)
...
005 (981671.000.000) 2024-04-25 16:56:22 Job terminated.
	(1) Normal termination (return value 0)
		Usr 0 00:04:55, Sys 0 00:00:00  -  Run Remote Usage
		Usr 0 00:00:00, Sys 0 00:00:00  -  Run Local Usage
		Usr 0 00:04:55, Sys 0 00:00:00  -  Total Remote Usage
		Usr 0 00:00:00, Sys 0 00:00:00  -  Total Local Usage
	0  -  Run Bytes Sent By Job
	0  -  Run Bytes Received By Job
	0  -  Total Bytes Sent By Job
	0  -  Total Bytes Received By Job
	Partitionable Resources :    Usage  Request Allocated 
	   Cpus                 :     1.02        1         1 
	   Disk (KB)            :     1           1  18498544 
	   Memory (MB)          :    12           1     24186 

	Job terminated of its own accord at 2024-04-25T21:56:22Z.
...
