000 (981697.000.000) 2024-04-25 16:51:24 Job submitted from host: <128.83.120.183:9618?addrs=128.83.120.183-9618&alias=darmok.cs.utexas.edu&noUDP&sock=schedd_1353_9fba>
...
001 (981697.000.000) 2024-04-25 16:51:32 Job executing on host: <128.83.144.87:9618?addrs=128.83.144.87-9618&alias=fellbeast-3.cs.utexas.edu&noUDP&sock=startd_3840_7fc3>
...
006 (981697.000.000) 2024-04-25 16:51:40 Image size of job updated: 38776
	14  -  MemoryUsage of job (MB)
	14100  -  ResidentSetSize of job (KB)
...
006 (981697.000.000) 2024-04-25 16:56:13 Image size of job updated: 39736
	14  -  MemoryUsage of job (MB)
	14100  -  ResidentSetSize of job (KB)
...
005 (981697.000.000) 2024-04-25 16:56:20 Job terminated.
	(1) Normal termination (return value 0)
		Usr 0 00:04:41, Sys 0 00:00:00  -  Run Remote Usage
		Usr 0 00:00:00, Sys 0 00:00:00  -  Run Local Usage
		Usr 0 00:04:41, Sys 0 00:00:00  -  Total Remote Usage
		Usr 0 00:00:00, Sys 0 00:00:00  -  Total Local Usage
	0  -  Run Bytes Sent By Job
	0  -  Run Bytes Received By Job
	0  -  Total Bytes Sent By Job
	0  -  Total Bytes Received By Job
	Partitionable Resources :    Usage  Request Allocated 
	   Cpus                 :     1.00        1         1 
	   Disk (KB)            :     1           1   1592191 
	   Memory (MB)          :    14           1      3220 

	Job terminated of its own accord at 2024-04-25T21:56:13Z.
...
