000 (981842.000.000) 2024-04-25 16:53:26 Job submitted from host: <128.83.120.183:9618?addrs=128.83.120.183-9618&alias=darmok.cs.utexas.edu&noUDP&sock=schedd_1353_9fba>
...
001 (981842.000.000) 2024-04-25 16:53:45 Job executing on host: <128.83.144.85:9618?addrs=128.83.144.85-9618&alias=fellbeast-2.cs.utexas.edu&noUDP&sock=startd_4105_445c>
...
006 (981842.000.000) 2024-04-25 16:53:53 Image size of job updated: 36300
	12  -  MemoryUsage of job (MB)
	11676  -  ResidentSetSize of job (KB)
...
006 (981842.000.000) 2024-04-25 16:56:21 Image size of job updated: 36556
	12  -  MemoryUsage of job (MB)
	11676  -  ResidentSetSize of job (KB)
...
005 (981842.000.000) 2024-04-25 16:56:21 Job terminated.
	(1) Normal termination (return value 0)
		Usr 0 00:02:36, Sys 0 00:00:00  -  Run Remote Usage
		Usr 0 00:00:00, Sys 0 00:00:00  -  Run Local Usage
		Usr 0 00:02:36, Sys 0 00:00:00  -  Total Remote Usage
		Usr 0 00:00:00, Sys 0 00:00:00  -  Total Local Usage
	0  -  Run Bytes Sent By Job
	0  -  Run Bytes Received By Job
	0  -  Total Bytes Sent By Job
	0  -  Total Bytes Received By Job
	Partitionable Resources :    Usage  Request Allocated 
	   Cpus                 :     1.00        1         1 
	   Disk (KB)            :     1           1   1592191 
	   Memory (MB)          :    12           1      3220 

	Job terminated of its own accord at 2024-04-25T21:56:21Z.
...
