000 (983232.000.000) 2024-04-25 20:11:55 Job submitted from host: <128.83.120.183:9618?addrs=128.83.120.183-9618&alias=darmok.cs.utexas.edu&noUDP&sock=schedd_1353_9fba>
...
001 (983232.000.000) 2024-04-25 20:11:59 Job executing on host: <128.83.144.147:9618?addrs=128.83.144.147-9618&alias=oliphaunt-1.cs.utexas.edu&noUDP&sock=startd_1578_f489>
...
006 (983232.000.000) 2024-04-25 20:12:07 Image size of job updated: 36316
	12  -  MemoryUsage of job (MB)
	11712  -  ResidentSetSize of job (KB)
...
005 (983232.000.000) 2024-04-25 20:12:25 Job terminated.
	(1) Normal termination (return value 0)
		Usr 0 00:00:25, Sys 0 00:00:00  -  Run Remote Usage
		Usr 0 00:00:00, Sys 0 00:00:00  -  Run Local Usage
		Usr 0 00:00:25, Sys 0 00:00:00  -  Total Remote Usage
		Usr 0 00:00:00, Sys 0 00:00:00  -  Total Local Usage
	0  -  Run Bytes Sent By Job
	0  -  Run Bytes Received By Job
	0  -  Total Bytes Sent By Job
	0  -  Total Bytes Received By Job
	Partitionable Resources :    Usage  Request Allocated 
	   Cpus                 :                 1         1 
	   Disk (KB)            :        1        1  18498544 
	   Memory (MB)          :       12        1     24186 

	Job terminated of its own accord at 2024-04-26T01:12:25Z.
...
000 (984188.000.000) 2024-04-26 05:08:43 Job submitted from host: <128.83.120.183:9618?addrs=128.83.120.183-9618&alias=darmok.cs.utexas.edu&noUDP&sock=schedd_1353_9fba>
...
001 (984188.000.000) 2024-04-26 05:08:48 Job executing on host: <128.83.144.240:9618?addrs=128.83.144.240-9618&alias=angrist-13.cs.utexas.edu&noUDP&sock=startd_1643_8a31>
...
006 (984188.000.000) 2024-04-26 05:08:56 Image size of job updated: 36312
	12  -  MemoryUsage of job (MB)
	11720  -  ResidentSetSize of job (KB)
...
005 (984188.000.000) 2024-04-26 05:09:03 Job terminated.
	(1) Normal termination (return value 0)
		Usr 0 00:00:15, Sys 0 00:00:00  -  Run Remote Usage
		Usr 0 00:00:00, Sys 0 00:00:00  -  Run Local Usage
		Usr 0 00:00:15, Sys 0 00:00:00  -  Total Remote Usage
		Usr 0 00:00:00, Sys 0 00:00:00  -  Total Local Usage
	0  -  Run Bytes Sent By Job
	0  -  Run Bytes Received By Job
	0  -  Total Bytes Sent By Job
	0  -  Total Bytes Received By Job
	Partitionable Resources :    Usage  Request Allocated 
	   Cpus                 :                 1         1 
	   Disk (KB)            :        1        1  10853596 
	   Memory (MB)          :       12        1      4026 

	Job terminated of its own accord at 2024-04-26T10:09:03Z.
...
