000 (983233.000.000) 2024-04-25 20:11:55 Job submitted from host: <128.83.120.183:9618?addrs=128.83.120.183-9618&alias=darmok.cs.utexas.edu&noUDP&sock=schedd_1353_9fba>
...
001 (983233.000.000) 2024-04-25 20:12:00 Job executing on host: <128.83.144.147:9618?addrs=128.83.144.147-9618&alias=oliphaunt-1.cs.utexas.edu&noUDP&sock=startd_1578_f489>
...
006 (983233.000.000) 2024-04-25 20:12:09 Image size of job updated: 36444
	12  -  MemoryUsage of job (MB)
	11908  -  ResidentSetSize of job (KB)
...
006 (983233.000.000) 2024-04-25 20:14:05 Image size of job updated: 36700
	12  -  MemoryUsage of job (MB)
	11908  -  ResidentSetSize of job (KB)
...
005 (983233.000.000) 2024-04-25 20:14:05 Job terminated.
	(1) Normal termination (return value 0)
		Usr 0 00:02:04, Sys 0 00:00:00  -  Run Remote Usage
		Usr 0 00:00:00, Sys 0 00:00:00  -  Run Local Usage
		Usr 0 00:02:04, Sys 0 00:00:00  -  Total Remote Usage
		Usr 0 00:00:00, Sys 0 00:00:00  -  Total Local Usage
	0  -  Run Bytes Sent By Job
	0  -  Run Bytes Received By Job
	0  -  Total Bytes Sent By Job
	0  -  Total Bytes Received By Job
	Partitionable Resources :    Usage  Request Allocated 
	   Cpus                 :                 1         1 
	   Disk (KB)            :        1        1  18498544 
	   Memory (MB)          :       12        1     24186 

	Job terminated of its own accord at 2024-04-26T01:14:05Z.
...
000 (984189.000.000) 2024-04-26 05:08:44 Job submitted from host: <128.83.120.183:9618?addrs=128.83.120.183-9618&alias=darmok.cs.utexas.edu&noUDP&sock=schedd_1353_9fba>
...
001 (984189.000.000) 2024-04-26 05:08:48 Job executing on host: <128.83.139.146:9618?addrs=128.83.139.146-9618&alias=angrist-19.cs.utexas.edu&noUDP&sock=startd_1594_ee0d>
...
006 (984189.000.000) 2024-04-26 05:08:57 Image size of job updated: 36568
	12  -  MemoryUsage of job (MB)
	11944  -  ResidentSetSize of job (KB)
...
006 (984189.000.000) 2024-04-26 05:10:15 Image size of job updated: 36696
	12  -  MemoryUsage of job (MB)
	11944  -  ResidentSetSize of job (KB)
...
005 (984189.000.000) 2024-04-26 05:10:15 Job terminated.
	(1) Normal termination (return value 0)
		Usr 0 00:01:26, Sys 0 00:00:00  -  Run Remote Usage
		Usr 0 00:00:00, Sys 0 00:00:00  -  Run Local Usage
		Usr 0 00:01:26, Sys 0 00:00:00  -  Total Remote Usage
		Usr 0 00:00:00, Sys 0 00:00:00  -  Total Local Usage
	0  -  Run Bytes Sent By Job
	0  -  Run Bytes Received By Job
	0  -  Total Bytes Sent By Job
	0  -  Total Bytes Received By Job
	Partitionable Resources :    Usage  Request Allocated 
	   Cpus                 :     1.00        1         1 
	   Disk (KB)            :     1           1  10853596 
	   Memory (MB)          :    12           1      4026 

	Job terminated of its own accord at 2024-04-26T10:10:15Z.
...
