000 (983219.000.000) 2024-04-25 20:11:53 Job submitted from host: <128.83.120.183:9618?addrs=128.83.120.183-9618&alias=darmok.cs.utexas.edu&noUDP&sock=schedd_1353_9fba>
...
001 (983219.000.000) 2024-04-25 20:11:56 Job executing on host: <128.83.130.161:9618?addrs=128.83.130.161-9618&alias=oliphaunt-2.cs.utexas.edu&noUDP&sock=startd_1594_ee0d>
...
006 (983219.000.000) 2024-04-25 20:12:04 Image size of job updated: 36308
	12  -  MemoryUsage of job (MB)
	11684  -  ResidentSetSize of job (KB)
...
006 (983219.000.000) 2024-04-25 20:12:41 Image size of job updated: 36436
	12  -  MemoryUsage of job (MB)
	11684  -  ResidentSetSize of job (KB)
...
005 (983219.000.000) 2024-04-25 20:12:42 Job terminated.
	(1) Normal termination (return value 0)
		Usr 0 00:00:44, Sys 0 00:00:00  -  Run Remote Usage
		Usr 0 00:00:00, Sys 0 00:00:00  -  Run Local Usage
		Usr 0 00:00:44, Sys 0 00:00:00  -  Total Remote Usage
		Usr 0 00:00:00, Sys 0 00:00:00  -  Total Local Usage
	0  -  Run Bytes Sent By Job
	0  -  Run Bytes Received By Job
	0  -  Total Bytes Sent By Job
	0  -  Total Bytes Received By Job
	Partitionable Resources :    Usage  Request Allocated 
	   Cpus                 :                 1         1 
	   Disk (KB)            :        1        1  18498544 
	   Memory (MB)          :       12        1     24186 

	Job terminated of its own accord at 2024-04-26T01:12:41Z.
...
000 (984175.000.000) 2024-04-26 05:08:41 Job submitted from host: <128.83.120.183:9618?addrs=128.83.120.183-9618&alias=darmok.cs.utexas.edu&noUDP&sock=schedd_1353_9fba>
...
001 (984175.000.000) 2024-04-26 05:08:42 Job executing on host: <128.83.144.240:9618?addrs=128.83.144.240-9618&alias=angrist-13.cs.utexas.edu&noUDP&sock=startd_1643_8a31>
...
006 (984175.000.000) 2024-04-26 05:08:51 Image size of job updated: 36312
	12  -  MemoryUsage of job (MB)
	11744  -  ResidentSetSize of job (KB)
...
006 (984175.000.000) 2024-04-26 05:09:19 Image size of job updated: 36440
	12  -  MemoryUsage of job (MB)
	11744  -  ResidentSetSize of job (KB)
...
005 (984175.000.000) 2024-04-26 05:09:19 Job terminated.
	(1) Normal termination (return value 0)
		Usr 0 00:00:36, Sys 0 00:00:00  -  Run Remote Usage
		Usr 0 00:00:00, Sys 0 00:00:00  -  Run Local Usage
		Usr 0 00:00:36, Sys 0 00:00:00  -  Total Remote Usage
		Usr 0 00:00:00, Sys 0 00:00:00  -  Total Local Usage
	0  -  Run Bytes Sent By Job
	0  -  Run Bytes Received By Job
	0  -  Total Bytes Sent By Job
	0  -  Total Bytes Received By Job
	Partitionable Resources :    Usage  Request Allocated 
	   Cpus                 :                 1         1 
	   Disk (KB)            :        1        1  10853596 
	   Memory (MB)          :       12        1      4026 

	Job terminated of its own accord at 2024-04-26T10:09:19Z.
...
