000 (983235.000.000) 2024-04-25 20:11:56 Job submitted from host: <128.83.120.183:9618?addrs=128.83.120.183-9618&alias=darmok.cs.utexas.edu&noUDP&sock=schedd_1353_9fba>
...
001 (983235.000.000) 2024-04-25 20:12:02 Job executing on host: <128.83.144.147:9618?addrs=128.83.144.147-9618&alias=oliphaunt-1.cs.utexas.edu&noUDP&sock=startd_1578_f489>
...
006 (983235.000.000) 2024-04-25 20:12:11 Image size of job updated: 36316
	12  -  MemoryUsage of job (MB)
	11852  -  ResidentSetSize of job (KB)
...
006 (983235.000.000) 2024-04-25 20:13:13 Image size of job updated: 36560
	12  -  MemoryUsage of job (MB)
	11852  -  ResidentSetSize of job (KB)
...
005 (983235.000.000) 2024-04-25 20:13:13 Job terminated.
	(1) Normal termination (return value 0)
		Usr 0 00:01:10, Sys 0 00:00:00  -  Run Remote Usage
		Usr 0 00:00:00, Sys 0 00:00:00  -  Run Local Usage
		Usr 0 00:01:10, Sys 0 00:00:00  -  Total Remote Usage
		Usr 0 00:00:00, Sys 0 00:00:00  -  Total Local Usage
	0  -  Run Bytes Sent By Job
	0  -  Run Bytes Received By Job
	0  -  Total Bytes Sent By Job
	0  -  Total Bytes Received By Job
	Partitionable Resources :    Usage  Request Allocated 
	   Cpus                 :                 1         1 
	   Disk (KB)            :        1        1  18498544 
	   Memory (MB)          :       12        1     24186 

	Job terminated of its own accord at 2024-04-26T01:13:13Z.
...
000 (984191.000.000) 2024-04-26 05:08:44 Job submitted from host: <128.83.120.183:9618?addrs=128.83.120.183-9618&alias=darmok.cs.utexas.edu&noUDP&sock=schedd_1353_9fba>
...
001 (984191.000.000) 2024-04-26 05:08:49 Job executing on host: <128.83.144.168:9618?addrs=128.83.144.168-9618&alias=angrist-10.cs.utexas.edu&noUDP&sock=startd_1611_9729>
...
006 (984191.000.000) 2024-04-26 05:08:58 Image size of job updated: 36436
	12  -  MemoryUsage of job (MB)
	11912  -  ResidentSetSize of job (KB)
...
006 (984191.000.000) 2024-04-26 05:09:32 Image size of job updated: 36552
	12  -  MemoryUsage of job (MB)
	11912  -  ResidentSetSize of job (KB)
...
005 (984191.000.000) 2024-04-26 05:09:32 Job terminated.
	(1) Normal termination (return value 0)
		Usr 0 00:00:42, Sys 0 00:00:00  -  Run Remote Usage
		Usr 0 00:00:00, Sys 0 00:00:00  -  Run Local Usage
		Usr 0 00:00:42, Sys 0 00:00:00  -  Total Remote Usage
		Usr 0 00:00:00, Sys 0 00:00:00  -  Total Local Usage
	0  -  Run Bytes Sent By Job
	0  -  Run Bytes Received By Job
	0  -  Total Bytes Sent By Job
	0  -  Total Bytes Received By Job
	Partitionable Resources :    Usage  Request Allocated 
	   Cpus                 :                 1         1 
	   Disk (KB)            :        1        1  10853596 
	   Memory (MB)          :       12        1      4026 

	Job terminated of its own accord at 2024-04-26T10:09:32Z.
...
