000 (982904.000.000) 2024-04-25 20:09:10 Job submitted from host: <128.83.120.183:9618?addrs=128.83.120.183-9618&alias=darmok.cs.utexas.edu&noUDP&sock=schedd_1353_9fba>
...
001 (982904.000.000) 2024-04-25 20:09:13 Job executing on host: <128.83.139.143:9618?addrs=128.83.139.143-9618&alias=angrist-16.cs.utexas.edu&noUDP&sock=startd_1598_ac6e>
...
006 (982904.000.000) 2024-04-25 20:09:22 Image size of job updated: 11768
	12  -  MemoryUsage of job (MB)
	11768  -  ResidentSetSize of job (KB)
...
006 (982904.000.000) 2024-04-25 20:09:32 Image size of job updated: 36452
	12  -  MemoryUsage of job (MB)
	11768  -  ResidentSetSize of job (KB)
...
005 (982904.000.000) 2024-04-25 20:09:33 Job terminated.
	(1) Normal termination (return value 0)
		Usr 0 00:00:18, Sys 0 00:00:00  -  Run Remote Usage
		Usr 0 00:00:00, Sys 0 00:00:00  -  Run Local Usage
		Usr 0 00:00:18, Sys 0 00:00:00  -  Total Remote Usage
		Usr 0 00:00:00, Sys 0 00:00:00  -  Total Local Usage
	0  -  Run Bytes Sent By Job
	0  -  Run Bytes Received By Job
	0  -  Total Bytes Sent By Job
	0  -  Total Bytes Received By Job
	Partitionable Resources :    Usage  Request Allocated 
	   Cpus                 :                 1         1 
	   Disk (KB)            :        1        1  10853596 
	   Memory (MB)          :       12        1      4026 

	Job terminated of its own accord at 2024-04-26T01:09:32Z.
...
000 (983542.000.000) 2024-04-26 03:03:06 Job submitted from host: <128.83.120.183:9618?addrs=128.83.120.183-9618&alias=darmok.cs.utexas.edu&noUDP&sock=schedd_1353_9fba>
...
001 (983542.000.000) 2024-04-26 03:03:17 Job executing on host: <128.83.139.147:9618?addrs=128.83.139.147-9618&alias=angrist-20.cs.utexas.edu&noUDP&sock=startd_1592_8edc>
...
006 (983542.000.000) 2024-04-26 03:03:26 Image size of job updated: 36328
	12  -  MemoryUsage of job (MB)
	11712  -  ResidentSetSize of job (KB)
...
006 (983542.000.000) 2024-04-26 03:08:27 Image size of job updated: 36460
	12  -  MemoryUsage of job (MB)
	11820  -  ResidentSetSize of job (KB)
...
006 (983542.000.000) 2024-04-26 03:13:27 Image size of job updated: 36460
	12  -  MemoryUsage of job (MB)
	11832  -  ResidentSetSize of job (KB)
...
006 (983542.000.000) 2024-04-26 03:18:27 Image size of job updated: 36460
	12  -  MemoryUsage of job (MB)
	11876  -  ResidentSetSize of job (KB)
...
006 (983542.000.000) 2024-04-26 03:23:28 Image size of job updated: 36460
	12  -  MemoryUsage of job (MB)
	11892  -  ResidentSetSize of job (KB)
...
005 (983542.000.000) 2024-04-26 03:38:47 Job terminated.
	(1) Normal termination (return value 0)
		Usr 0 00:35:29, Sys 0 00:00:00  -  Run Remote Usage
		Usr 0 00:00:00, Sys 0 00:00:00  -  Run Local Usage
		Usr 0 00:35:29, Sys 0 00:00:00  -  Total Remote Usage
		Usr 0 00:00:00, Sys 0 00:00:00  -  Total Local Usage
	0  -  Run Bytes Sent By Job
	0  -  Run Bytes Received By Job
	0  -  Total Bytes Sent By Job
	0  -  Total Bytes Received By Job
	Partitionable Resources :    Usage  Request Allocated 
	   Cpus                 :     1.00        1         1 
	   Disk (KB)            :     1           1  10853596 
	   Memory (MB)          :    12          65      4026 

	Job terminated of its own accord at 2024-04-26T08:38:47Z.
...
000 (983913.000.000) 2024-04-26 05:06:27 Job submitted from host: <128.83.120.183:9618?addrs=128.83.120.183-9618&alias=darmok.cs.utexas.edu&noUDP&sock=schedd_1353_9fba>
...
001 (983913.000.000) 2024-04-26 05:06:39 Job executing on host: <128.83.139.141:9618?addrs=128.83.139.141-9618&alias=angrist-14.cs.utexas.edu&noUDP&sock=startd_1625_317d>
...
006 (983913.000.000) 2024-04-26 05:06:48 Image size of job updated: 36328
	12  -  MemoryUsage of job (MB)
	11784  -  ResidentSetSize of job (KB)
...
005 (983913.000.000) 2024-04-26 05:06:51 Job terminated.
	(1) Normal termination (return value 0)
		Usr 0 00:00:10, Sys 0 00:00:00  -  Run Remote Usage
		Usr 0 00:00:00, Sys 0 00:00:00  -  Run Local Usage
		Usr 0 00:00:10, Sys 0 00:00:00  -  Total Remote Usage
		Usr 0 00:00:00, Sys 0 00:00:00  -  Total Local Usage
	0  -  Run Bytes Sent By Job
	0  -  Run Bytes Received By Job
	0  -  Total Bytes Sent By Job
	0  -  Total Bytes Received By Job
	Partitionable Resources :    Usage  Request Allocated 
	   Cpus                 :                 1         1 
	   Disk (KB)            :        1        1  10853596 
	   Memory (MB)          :       12        1      4026 

	Job terminated of its own accord at 2024-04-26T10:06:49Z.
...
