000 (982901.000.000) 2024-04-25 20:09:09 Job submitted from host: <128.83.120.183:9618?addrs=128.83.120.183-9618&alias=darmok.cs.utexas.edu&noUDP&sock=schedd_1353_9fba>
...
001 (982901.000.000) 2024-04-25 20:09:13 Job executing on host: <128.83.139.143:9618?addrs=128.83.139.143-9618&alias=angrist-16.cs.utexas.edu&noUDP&sock=startd_1598_ac6e>
...
006 (982901.000.000) 2024-04-25 20:09:22 Image size of job updated: 36332
	12  -  MemoryUsage of job (MB)
	11784  -  ResidentSetSize of job (KB)
...
006 (982901.000.000) 2024-04-25 20:10:13 Image size of job updated: 36464
	12  -  MemoryUsage of job (MB)
	11784  -  ResidentSetSize of job (KB)
...
005 (982901.000.000) 2024-04-25 20:10:13 Job terminated.
	(1) Normal termination (return value 0)
		Usr 0 00:00:59, Sys 0 00:00:00  -  Run Remote Usage
		Usr 0 00:00:00, Sys 0 00:00:00  -  Run Local Usage
		Usr 0 00:00:59, Sys 0 00:00:00  -  Total Remote Usage
		Usr 0 00:00:00, Sys 0 00:00:00  -  Total Local Usage
	0  -  Run Bytes Sent By Job
	0  -  Run Bytes Received By Job
	0  -  Total Bytes Sent By Job
	0  -  Total Bytes Received By Job
	Partitionable Resources :    Usage  Request Allocated 
	   Cpus                 :     1.00        1         1 
	   Disk (KB)            :     1           1  10853596 
	   Memory (MB)          :    12           1      4026 

	Job terminated of its own accord at 2024-04-26T01:10:13Z.
...
000 (983539.000.000) 2024-04-26 03:03:06 Job submitted from host: <128.83.120.183:9618?addrs=128.83.120.183-9618&alias=darmok.cs.utexas.edu&noUDP&sock=schedd_1353_9fba>
...
001 (983539.000.000) 2024-04-26 03:03:16 Job executing on host: <128.83.139.147:9618?addrs=128.83.139.147-9618&alias=angrist-20.cs.utexas.edu&noUDP&sock=startd_1592_8edc>
...
006 (983539.000.000) 2024-04-26 03:03:24 Image size of job updated: 36328
	12  -  MemoryUsage of job (MB)
	11732  -  ResidentSetSize of job (KB)
...
006 (983539.000.000) 2024-04-26 03:08:24 Image size of job updated: 39320
	15  -  MemoryUsage of job (MB)
	14648  -  ResidentSetSize of job (KB)
...
006 (983539.000.000) 2024-04-26 03:13:25 Image size of job updated: 41632
	17  -  MemoryUsage of job (MB)
	17056  -  ResidentSetSize of job (KB)
...
006 (983539.000.000) 2024-04-26 03:18:26 Image size of job updated: 42144
	18  -  MemoryUsage of job (MB)
	17480  -  ResidentSetSize of job (KB)
...
006 (983539.000.000) 2024-04-26 03:23:26 Image size of job updated: 42144
	18  -  MemoryUsage of job (MB)
	17524  -  ResidentSetSize of job (KB)
...
006 (983539.000.000) 2024-04-26 03:28:26 Image size of job updated: 42144
	18  -  MemoryUsage of job (MB)
	17568  -  ResidentSetSize of job (KB)
...
006 (983539.000.000) 2024-04-26 03:33:27 Image size of job updated: 42272
	18  -  MemoryUsage of job (MB)
	17616  -  ResidentSetSize of job (KB)
...
006 (983539.000.000) 2024-04-26 03:38:28 Image size of job updated: 42272
	18  -  MemoryUsage of job (MB)
	17668  -  ResidentSetSize of job (KB)
...
006 (983539.000.000) 2024-04-26 03:43:28 Image size of job updated: 42400
	18  -  MemoryUsage of job (MB)
	17712  -  ResidentSetSize of job (KB)
...
006 (983539.000.000) 2024-04-26 03:48:29 Image size of job updated: 42400
	18  -  MemoryUsage of job (MB)
	17764  -  ResidentSetSize of job (KB)
...
006 (983539.000.000) 2024-04-26 03:53:30 Image size of job updated: 42400
	18  -  MemoryUsage of job (MB)
	17824  -  ResidentSetSize of job (KB)
...
006 (983539.000.000) 2024-04-26 03:58:30 Image size of job updated: 42528
	18  -  MemoryUsage of job (MB)
	17868  -  ResidentSetSize of job (KB)
...
006 (983539.000.000) 2024-04-26 04:03:30 Image size of job updated: 42528
	18  -  MemoryUsage of job (MB)
	17924  -  ResidentSetSize of job (KB)
...
006 (983539.000.000) 2024-04-26 04:08:31 Image size of job updated: 42656
	18  -  MemoryUsage of job (MB)
	17980  -  ResidentSetSize of job (KB)
...
006 (983539.000.000) 2024-04-26 04:13:31 Image size of job updated: 42656
	18  -  MemoryUsage of job (MB)
	18040  -  ResidentSetSize of job (KB)
...
006 (983539.000.000) 2024-04-26 04:18:31 Image size of job updated: 42784
	18  -  MemoryUsage of job (MB)
	18100  -  ResidentSetSize of job (KB)
...
006 (983539.000.000) 2024-04-26 04:23:32 Image size of job updated: 42784
	18  -  MemoryUsage of job (MB)
	18168  -  ResidentSetSize of job (KB)
...
006 (983539.000.000) 2024-04-26 04:28:33 Image size of job updated: 42908
	18  -  MemoryUsage of job (MB)
	18248  -  ResidentSetSize of job (KB)
...
006 (983539.000.000) 2024-04-26 04:33:33 Image size of job updated: 42908
	18  -  MemoryUsage of job (MB)
	18332  -  ResidentSetSize of job (KB)
...
006 (983539.000.000) 2024-04-26 04:38:33 Image size of job updated: 43036
	18  -  MemoryUsage of job (MB)
	18412  -  ResidentSetSize of job (KB)
...
006 (983539.000.000) 2024-04-26 04:43:34 Image size of job updated: 43164
	19  -  MemoryUsage of job (MB)
	18500  -  ResidentSetSize of job (KB)
...
006 (983539.000.000) 2024-04-26 04:48:34 Image size of job updated: 43164
	19  -  MemoryUsage of job (MB)
	18588  -  ResidentSetSize of job (KB)
...
006 (983539.000.000) 2024-04-26 04:53:34 Image size of job updated: 43292
	19  -  MemoryUsage of job (MB)
	18676  -  ResidentSetSize of job (KB)
...
006 (983539.000.000) 2024-04-26 04:58:35 Image size of job updated: 43420
	19  -  MemoryUsage of job (MB)
	18768  -  ResidentSetSize of job (KB)
...
006 (983539.000.000) 2024-04-26 05:03:36 Image size of job updated: 43420
	19  -  MemoryUsage of job (MB)
	18852  -  ResidentSetSize of job (KB)
...
000 (983910.000.000) 2024-04-26 05:06:26 Job submitted from host: <128.83.120.183:9618?addrs=128.83.120.183-9618&alias=darmok.cs.utexas.edu&noUDP&sock=schedd_1353_9fba>
...
001 (983910.000.000) 2024-04-26 05:06:39 Job executing on host: <128.83.139.145:9618?addrs=128.83.139.145-9618&alias=angrist-18.cs.utexas.edu&noUDP&sock=startd_1595_9da5>
...
006 (983910.000.000) 2024-04-26 05:06:48 Image size of job updated: 36464
	12  -  MemoryUsage of job (MB)
	11804  -  ResidentSetSize of job (KB)
...
005 (983910.000.000) 2024-04-26 05:07:13 Job terminated.
	(1) Normal termination (return value 0)
		Usr 0 00:00:34, Sys 0 00:00:00  -  Run Remote Usage
		Usr 0 00:00:00, Sys 0 00:00:00  -  Run Local Usage
		Usr 0 00:00:34, Sys 0 00:00:00  -  Total Remote Usage
		Usr 0 00:00:00, Sys 0 00:00:00  -  Total Local Usage
	0  -  Run Bytes Sent By Job
	0  -  Run Bytes Received By Job
	0  -  Total Bytes Sent By Job
	0  -  Total Bytes Received By Job
	Partitionable Resources :    Usage  Request Allocated 
	   Cpus                 :                 1         1 
	   Disk (KB)            :        1        1  10853596 
	   Memory (MB)          :       12        1      4026 

	Job terminated of its own accord at 2024-04-26T10:07:13Z.
...
006 (983539.000.000) 2024-04-26 05:08:36 Image size of job updated: 43548
	19  -  MemoryUsage of job (MB)
	18940  -  ResidentSetSize of job (KB)
...
006 (983539.000.000) 2024-04-26 05:13:37 Image size of job updated: 43676
	19  -  MemoryUsage of job (MB)
	19028  -  ResidentSetSize of job (KB)
...
006 (983539.000.000) 2024-04-26 05:18:38 Image size of job updated: 43804
	19  -  MemoryUsage of job (MB)
	19120  -  ResidentSetSize of job (KB)
...
005 (983539.000.000) 2024-04-26 05:18:56 Job terminated.
	(1) Normal termination (return value 0)
		Usr 0 02:15:38, Sys 0 00:00:00  -  Run Remote Usage
		Usr 0 00:00:00, Sys 0 00:00:00  -  Run Local Usage
		Usr 0 02:15:38, Sys 0 00:00:00  -  Total Remote Usage
		Usr 0 00:00:00, Sys 0 00:00:00  -  Total Local Usage
	0  -  Run Bytes Sent By Job
	0  -  Run Bytes Received By Job
	0  -  Total Bytes Sent By Job
	0  -  Total Bytes Received By Job
	Partitionable Resources :    Usage  Request Allocated 
	   Cpus                 :     1.00        1         1 
	   Disk (KB)            :     1           1  10853596 
	   Memory (MB)          :    19           1      4026 

	Job terminated of its own accord at 2024-04-26T10:18:56Z.
...
