000 (982932.000.000) 2024-04-25 20:09:18 Job submitted from host: <128.83.120.183:9618?addrs=128.83.120.183-9618&alias=darmok.cs.utexas.edu&noUDP&sock=schedd_1353_9fba>
...
001 (982932.000.000) 2024-04-25 20:09:32 Job executing on host: <128.83.144.147:9618?addrs=128.83.144.147-9618&alias=oliphaunt-1.cs.utexas.edu&noUDP&sock=startd_1578_f489>
...
006 (982932.000.000) 2024-04-25 20:09:40 Image size of job updated: 36332
	12  -  MemoryUsage of job (MB)
	11744  -  ResidentSetSize of job (KB)
...
006 (982932.000.000) 2024-04-25 20:10:36 Image size of job updated: 36464
	12  -  MemoryUsage of job (MB)
	11744  -  ResidentSetSize of job (KB)
...
005 (982932.000.000) 2024-04-25 20:10:36 Job terminated.
	(1) Normal termination (return value 0)
		Usr 0 00:01:04, Sys 0 00:00:00  -  Run Remote Usage
		Usr 0 00:00:00, Sys 0 00:00:00  -  Run Local Usage
		Usr 0 00:01:04, Sys 0 00:00:00  -  Total Remote Usage
		Usr 0 00:00:00, Sys 0 00:00:00  -  Total Local Usage
	0  -  Run Bytes Sent By Job
	0  -  Run Bytes Received By Job
	0  -  Total Bytes Sent By Job
	0  -  Total Bytes Received By Job
	Partitionable Resources :    Usage  Request Allocated 
	   Cpus                 :                 1         1 
	   Disk (KB)            :        1        1  18498544 
	   Memory (MB)          :       12        1     24186 

	Job terminated of its own accord at 2024-04-26T01:10:36Z.
...
000 (983570.000.000) 2024-04-26 03:03:10 Job submitted from host: <128.83.120.183:9618?addrs=128.83.120.183-9618&alias=darmok.cs.utexas.edu&noUDP&sock=schedd_1353_9fba>
...
001 (983570.000.000) 2024-04-26 03:03:19 Job executing on host: <128.83.139.146:9618?addrs=128.83.139.146-9618&alias=angrist-19.cs.utexas.edu&noUDP&sock=startd_1594_ee0d>
...
006 (983570.000.000) 2024-04-26 03:03:27 Image size of job updated: 11744
	12  -  MemoryUsage of job (MB)
	11744  -  ResidentSetSize of job (KB)
...
006 (983570.000.000) 2024-04-26 03:08:27 Image size of job updated: 36712
	12  -  MemoryUsage of job (MB)
	12092  -  ResidentSetSize of job (KB)
...
006 (983570.000.000) 2024-04-26 03:13:28 Image size of job updated: 36840
	12  -  MemoryUsage of job (MB)
	12192  -  ResidentSetSize of job (KB)
...
006 (983570.000.000) 2024-04-26 03:18:29 Image size of job updated: 36968
	13  -  MemoryUsage of job (MB)
	12296  -  ResidentSetSize of job (KB)
...
006 (983570.000.000) 2024-04-26 03:23:29 Image size of job updated: 36968
	13  -  MemoryUsage of job (MB)
	12340  -  ResidentSetSize of job (KB)
...
006 (983570.000.000) 2024-04-26 03:28:29 Image size of job updated: 36968
	13  -  MemoryUsage of job (MB)
	12384  -  ResidentSetSize of job (KB)
...
006 (983570.000.000) 2024-04-26 03:33:13 Image size of job updated: 37096
	13  -  MemoryUsage of job (MB)
	12384  -  ResidentSetSize of job (KB)
...
005 (983570.000.000) 2024-04-26 03:33:13 Job terminated.
	(1) Normal termination (return value 0)
		Usr 0 00:29:53, Sys 0 00:00:00  -  Run Remote Usage
		Usr 0 00:00:00, Sys 0 00:00:00  -  Run Local Usage
		Usr 0 00:29:53, Sys 0 00:00:00  -  Total Remote Usage
		Usr 0 00:00:00, Sys 0 00:00:00  -  Total Local Usage
	0  -  Run Bytes Sent By Job
	0  -  Run Bytes Received By Job
	0  -  Total Bytes Sent By Job
	0  -  Total Bytes Received By Job
	Partitionable Resources :    Usage  Request Allocated 
	   Cpus                 :     1.00        1         1 
	   Disk (KB)            :     1           1  10853596 
	   Memory (MB)          :    13           1      4026 

	Job terminated of its own accord at 2024-04-26T08:33:13Z.
...
000 (983941.000.000) 2024-04-26 05:06:31 Job submitted from host: <128.83.120.183:9618?addrs=128.83.120.183-9618&alias=darmok.cs.utexas.edu&noUDP&sock=schedd_1353_9fba>
...
001 (983941.000.000) 2024-04-26 05:06:43 Job executing on host: <128.83.144.240:9618?addrs=128.83.144.240-9618&alias=angrist-13.cs.utexas.edu&noUDP&sock=startd_1643_8a31>
...
006 (983941.000.000) 2024-04-26 05:06:52 Image size of job updated: 36460
	12  -  MemoryUsage of job (MB)
	11816  -  ResidentSetSize of job (KB)
...
005 (983941.000.000) 2024-04-26 05:07:35 Job terminated.
	(1) Normal termination (return value 0)
		Usr 0 00:00:51, Sys 0 00:00:00  -  Run Remote Usage
		Usr 0 00:00:00, Sys 0 00:00:00  -  Run Local Usage
		Usr 0 00:00:51, Sys 0 00:00:00  -  Total Remote Usage
		Usr 0 00:00:00, Sys 0 00:00:00  -  Total Local Usage
	0  -  Run Bytes Sent By Job
	0  -  Run Bytes Received By Job
	0  -  Total Bytes Sent By Job
	0  -  Total Bytes Received By Job
	Partitionable Resources :    Usage  Request Allocated 
	   Cpus                 :                 1         1 
	   Disk (KB)            :        1        1  10853596 
	   Memory (MB)          :       12        1      4026 

	Job terminated of its own accord at 2024-04-26T10:07:35Z.
...
