000 (982887.000.000) 2024-04-25 20:09:08 Job submitted from host: <128.83.120.183:9618?addrs=128.83.120.183-9618&alias=darmok.cs.utexas.edu&noUDP&sock=schedd_1353_9fba>
...
001 (982887.000.000) 2024-04-25 20:09:18 Job executing on host: <128.83.130.161:9618?addrs=128.83.130.161-9618&alias=oliphaunt-2.cs.utexas.edu&noUDP&sock=startd_1594_ee0d>
...
006 (982887.000.000) 2024-04-25 20:09:26 Image size of job updated: 11804
	12  -  MemoryUsage of job (MB)
	11804  -  ResidentSetSize of job (KB)
...
006 (982887.000.000) 2024-04-25 20:09:40 Image size of job updated: 36460
	12  -  MemoryUsage of job (MB)
	11804  -  ResidentSetSize of job (KB)
...
005 (982887.000.000) 2024-04-25 20:09:41 Job terminated.
	(1) Normal termination (return value 0)
		Usr 0 00:00:22, Sys 0 00:00:00  -  Run Remote Usage
		Usr 0 00:00:00, Sys 0 00:00:00  -  Run Local Usage
		Usr 0 00:00:22, Sys 0 00:00:00  -  Total Remote Usage
		Usr 0 00:00:00, Sys 0 00:00:00  -  Total Local Usage
	0  -  Run Bytes Sent By Job
	0  -  Run Bytes Received By Job
	0  -  Total Bytes Sent By Job
	0  -  Total Bytes Received By Job
	Partitionable Resources :    Usage  Request Allocated 
	   Cpus                 :                 1         1 
	   Disk (KB)            :        1        1  18498544 
	   Memory (MB)          :       12        1     24186 

	Job terminated of its own accord at 2024-04-26T01:09:40Z.
...
000 (983525.000.000) 2024-04-26 03:03:04 Job submitted from host: <128.83.120.183:9618?addrs=128.83.120.183-9618&alias=darmok.cs.utexas.edu&noUDP&sock=schedd_1353_9fba>
...
001 (983525.000.000) 2024-04-26 03:03:25 Job executing on host: <128.83.130.161:9618?addrs=128.83.130.161-9618&alias=oliphaunt-2.cs.utexas.edu&noUDP&sock=startd_1594_ee0d>
...
006 (983525.000.000) 2024-04-26 03:03:33 Image size of job updated: 20408
	12  -  MemoryUsage of job (MB)
	11804  -  ResidentSetSize of job (KB)
...
006 (983525.000.000) 2024-04-26 03:08:33 Image size of job updated: 36712
	12  -  MemoryUsage of job (MB)
	12048  -  ResidentSetSize of job (KB)
...
006 (983525.000.000) 2024-04-26 03:13:33 Image size of job updated: 36712
	12  -  MemoryUsage of job (MB)
	12052  -  ResidentSetSize of job (KB)
...
006 (983525.000.000) 2024-04-26 03:18:34 Image size of job updated: 36712
	12  -  MemoryUsage of job (MB)
	12096  -  ResidentSetSize of job (KB)
...
006 (983525.000.000) 2024-04-26 03:23:34 Image size of job updated: 36712
	12  -  MemoryUsage of job (MB)
	12100  -  ResidentSetSize of job (KB)
...
006 (983525.000.000) 2024-04-26 03:33:35 Image size of job updated: 36712
	12  -  MemoryUsage of job (MB)
	12104  -  ResidentSetSize of job (KB)
...
005 (983525.000.000) 2024-04-26 03:35:33 Job terminated.
	(1) Normal termination (return value 0)
		Usr 0 00:32:07, Sys 0 00:00:00  -  Run Remote Usage
		Usr 0 00:00:00, Sys 0 00:00:00  -  Run Local Usage
		Usr 0 00:32:07, Sys 0 00:00:00  -  Total Remote Usage
		Usr 0 00:00:00, Sys 0 00:00:00  -  Total Local Usage
	0  -  Run Bytes Sent By Job
	0  -  Run Bytes Received By Job
	0  -  Total Bytes Sent By Job
	0  -  Total Bytes Received By Job
	Partitionable Resources :    Usage  Request Allocated 
	   Cpus                 :     1.00        1         1 
	   Disk (KB)            :     1           1  18498544 
	   Memory (MB)          :    12          13     24186 

	Job terminated of its own accord at 2024-04-26T08:35:33Z.
...
000 (983896.000.000) 2024-04-26 05:06:25 Job submitted from host: <128.83.120.183:9618?addrs=128.83.120.183-9618&alias=darmok.cs.utexas.edu&noUDP&sock=schedd_1353_9fba>
...
001 (983896.000.000) 2024-04-26 05:06:38 Job executing on host: <128.83.139.143:9618?addrs=128.83.139.143-9618&alias=angrist-16.cs.utexas.edu&noUDP&sock=startd_1598_ac6e>
...
006 (983896.000.000) 2024-04-26 05:06:48 Image size of job updated: 36456
	12  -  MemoryUsage of job (MB)
	11868  -  ResidentSetSize of job (KB)
...
005 (983896.000.000) 2024-04-26 05:06:54 Job terminated.
	(1) Normal termination (return value 0)
		Usr 0 00:00:13, Sys 0 00:00:00  -  Run Remote Usage
		Usr 0 00:00:00, Sys 0 00:00:00  -  Run Local Usage
		Usr 0 00:00:13, Sys 0 00:00:00  -  Total Remote Usage
		Usr 0 00:00:00, Sys 0 00:00:00  -  Total Local Usage
	0  -  Run Bytes Sent By Job
	0  -  Run Bytes Received By Job
	0  -  Total Bytes Sent By Job
	0  -  Total Bytes Received By Job
	Partitionable Resources :    Usage  Request Allocated 
	   Cpus                 :                 1         1 
	   Disk (KB)            :        1        1  10853596 
	   Memory (MB)          :       12        1      4026 

	Job terminated of its own accord at 2024-04-26T10:06:52Z.
...
