000 (982888.000.000) 2024-04-25 20:09:08 Job submitted from host: <128.83.120.183:9618?addrs=128.83.120.183-9618&alias=darmok.cs.utexas.edu&noUDP&sock=schedd_1353_9fba>
...
001 (982888.000.000) 2024-04-25 20:09:16 Job executing on host: <128.83.144.147:9618?addrs=128.83.144.147-9618&alias=oliphaunt-1.cs.utexas.edu&noUDP&sock=startd_1578_f489>
...
006 (982888.000.000) 2024-04-25 20:09:24 Image size of job updated: 36464
	12  -  MemoryUsage of job (MB)
	11824  -  ResidentSetSize of job (KB)
...
005 (982888.000.000) 2024-04-25 20:09:49 Job terminated.
	(1) Normal termination (return value 0)
		Usr 0 00:00:33, Sys 0 00:00:00  -  Run Remote Usage
		Usr 0 00:00:00, Sys 0 00:00:00  -  Run Local Usage
		Usr 0 00:00:33, Sys 0 00:00:00  -  Total Remote Usage
		Usr 0 00:00:00, Sys 0 00:00:00  -  Total Local Usage
	0  -  Run Bytes Sent By Job
	0  -  Run Bytes Received By Job
	0  -  Total Bytes Sent By Job
	0  -  Total Bytes Received By Job
	Partitionable Resources :    Usage  Request Allocated 
	   Cpus                 :                 1         1 
	   Disk (KB)            :        1        1  18498544 
	   Memory (MB)          :       12        1     24186 

	Job terminated of its own accord at 2024-04-26T01:09:49Z.
...
000 (983526.000.000) 2024-04-26 03:03:04 Job submitted from host: <128.83.120.183:9618?addrs=128.83.120.183-9618&alias=darmok.cs.utexas.edu&noUDP&sock=schedd_1353_9fba>
...
001 (983526.000.000) 2024-04-26 03:03:21 Job executing on host: <128.83.144.147:9618?addrs=128.83.144.147-9618&alias=oliphaunt-1.cs.utexas.edu&noUDP&sock=startd_1578_f489>
...
006 (983526.000.000) 2024-04-26 03:03:30 Image size of job updated: 36460
	12  -  MemoryUsage of job (MB)
	11816  -  ResidentSetSize of job (KB)
...
006 (983526.000.000) 2024-04-26 03:08:31 Image size of job updated: 36588
	12  -  MemoryUsage of job (MB)
	11964  -  ResidentSetSize of job (KB)
...
006 (983526.000.000) 2024-04-26 03:13:32 Image size of job updated: 36716
	12  -  MemoryUsage of job (MB)
	12084  -  ResidentSetSize of job (KB)
...
006 (983526.000.000) 2024-04-26 03:18:32 Image size of job updated: 36716
	12  -  MemoryUsage of job (MB)
	12128  -  ResidentSetSize of job (KB)
...
006 (983526.000.000) 2024-04-26 03:23:33 Image size of job updated: 36716
	12  -  MemoryUsage of job (MB)
	12136  -  ResidentSetSize of job (KB)
...
006 (983526.000.000) 2024-04-26 03:38:34 Image size of job updated: 36716
	12  -  MemoryUsage of job (MB)
	12144  -  ResidentSetSize of job (KB)
...
006 (983526.000.000) 2024-04-26 03:48:36 Image size of job updated: 36840
	12  -  MemoryUsage of job (MB)
	12164  -  ResidentSetSize of job (KB)
...
005 (983526.000.000) 2024-04-26 03:51:37 Job terminated.
	(1) Normal termination (return value 0)
		Usr 0 00:48:14, Sys 0 00:00:00  -  Run Remote Usage
		Usr 0 00:00:00, Sys 0 00:00:00  -  Run Local Usage
		Usr 0 00:48:14, Sys 0 00:00:00  -  Total Remote Usage
		Usr 0 00:00:00, Sys 0 00:00:00  -  Total Local Usage
	0  -  Run Bytes Sent By Job
	0  -  Run Bytes Received By Job
	0  -  Total Bytes Sent By Job
	0  -  Total Bytes Received By Job
	Partitionable Resources :    Usage  Request Allocated 
	   Cpus                 :     1.00        1         1 
	   Disk (KB)            :     1           1  18498544 
	   Memory (MB)          :    12          42     24186 

	Job terminated of its own accord at 2024-04-26T08:51:36Z.
...
000 (983897.000.000) 2024-04-26 05:06:25 Job submitted from host: <128.83.120.183:9618?addrs=128.83.120.183-9618&alias=darmok.cs.utexas.edu&noUDP&sock=schedd_1353_9fba>
...
001 (983897.000.000) 2024-04-26 05:06:37 Job executing on host: <128.83.139.145:9618?addrs=128.83.139.145-9618&alias=angrist-18.cs.utexas.edu&noUDP&sock=startd_1595_9da5>
...
006 (983897.000.000) 2024-04-26 05:06:45 Image size of job updated: 36464
	12  -  MemoryUsage of job (MB)
	11824  -  ResidentSetSize of job (KB)
...
005 (983897.000.000) 2024-04-26 05:06:54 Job terminated.
	(1) Normal termination (return value 0)
		Usr 0 00:00:16, Sys 0 00:00:00  -  Run Remote Usage
		Usr 0 00:00:00, Sys 0 00:00:00  -  Run Local Usage
		Usr 0 00:00:16, Sys 0 00:00:00  -  Total Remote Usage
		Usr 0 00:00:00, Sys 0 00:00:00  -  Total Local Usage
	0  -  Run Bytes Sent By Job
	0  -  Run Bytes Received By Job
	0  -  Total Bytes Sent By Job
	0  -  Total Bytes Received By Job
	Partitionable Resources :    Usage  Request Allocated 
	   Cpus                 :                 1         1 
	   Disk (KB)            :        1        1  10853596 
	   Memory (MB)          :       12        1      4026 

	Job terminated of its own accord at 2024-04-26T10:06:54Z.
...
