000 (982899.000.000) 2024-04-25 20:09:09 Job submitted from host: <128.83.120.183:9618?addrs=128.83.120.183-9618&alias=darmok.cs.utexas.edu&noUDP&sock=schedd_1353_9fba>
...
001 (982899.000.000) 2024-04-25 20:09:13 Job executing on host: <128.83.144.211:9618?addrs=128.83.144.211-9618&alias=angrist-12.cs.utexas.edu&noUDP&sock=startd_1592_8edc>
...
006 (982899.000.000) 2024-04-25 20:09:22 Image size of job updated: 11768
	12  -  MemoryUsage of job (MB)
	11768  -  ResidentSetSize of job (KB)
...
006 (982899.000.000) 2024-04-25 20:09:30 Image size of job updated: 36332
	12  -  MemoryUsage of job (MB)
	11768  -  ResidentSetSize of job (KB)
...
005 (982899.000.000) 2024-04-25 20:09:31 Job terminated.
	(1) Normal termination (return value 0)
		Usr 0 00:00:16, Sys 0 00:00:00  -  Run Remote Usage
		Usr 0 00:00:00, Sys 0 00:00:00  -  Run Local Usage
		Usr 0 00:00:16, Sys 0 00:00:00  -  Total Remote Usage
		Usr 0 00:00:00, Sys 0 00:00:00  -  Total Local Usage
	0  -  Run Bytes Sent By Job
	0  -  Run Bytes Received By Job
	0  -  Total Bytes Sent By Job
	0  -  Total Bytes Received By Job
	Partitionable Resources :    Usage  Request Allocated 
	   Cpus                 :                 1         1 
	   Disk (KB)            :        1        1  10853596 
	   Memory (MB)          :       12        1      4026 

	Job terminated of its own accord at 2024-04-26T01:09:30Z.
...
000 (983537.000.000) 2024-04-26 03:03:05 Job submitted from host: <128.83.120.183:9618?addrs=128.83.120.183-9618&alias=darmok.cs.utexas.edu&noUDP&sock=schedd_1353_9fba>
...
001 (983537.000.000) 2024-04-26 03:03:15 Job executing on host: <128.83.139.145:9618?addrs=128.83.139.145-9618&alias=angrist-18.cs.utexas.edu&noUDP&sock=startd_1595_9da5>
...
006 (983537.000.000) 2024-04-26 03:03:24 Image size of job updated: 36328
	12  -  MemoryUsage of job (MB)
	11716  -  ResidentSetSize of job (KB)
...
006 (983537.000.000) 2024-04-26 03:08:25 Image size of job updated: 36456
	12  -  MemoryUsage of job (MB)
	11812  -  ResidentSetSize of job (KB)
...
006 (983537.000.000) 2024-04-26 03:13:25 Image size of job updated: 36456
	12  -  MemoryUsage of job (MB)
	11844  -  ResidentSetSize of job (KB)
...
006 (983537.000.000) 2024-04-26 03:18:25 Image size of job updated: 36584
	12  -  MemoryUsage of job (MB)
	11912  -  ResidentSetSize of job (KB)
...
006 (983537.000.000) 2024-04-26 03:23:26 Image size of job updated: 36584
	12  -  MemoryUsage of job (MB)
	11932  -  ResidentSetSize of job (KB)
...
006 (983537.000.000) 2024-04-26 03:28:27 Image size of job updated: 36584
	12  -  MemoryUsage of job (MB)
	11948  -  ResidentSetSize of job (KB)
...
005 (983537.000.000) 2024-04-26 03:29:43 Job terminated.
	(1) Normal termination (return value 0)
		Usr 0 00:26:27, Sys 0 00:00:00  -  Run Remote Usage
		Usr 0 00:00:00, Sys 0 00:00:00  -  Run Local Usage
		Usr 0 00:26:27, Sys 0 00:00:00  -  Total Remote Usage
		Usr 0 00:00:00, Sys 0 00:00:00  -  Total Local Usage
	0  -  Run Bytes Sent By Job
	0  -  Run Bytes Received By Job
	0  -  Total Bytes Sent By Job
	0  -  Total Bytes Received By Job
	Partitionable Resources :    Usage  Request Allocated 
	   Cpus                 :     1.00        1         1 
	   Disk (KB)            :     1           1  10853596 
	   Memory (MB)          :    12           1      4026 

	Job terminated of its own accord at 2024-04-26T08:29:43Z.
...
000 (983908.000.000) 2024-04-26 05:06:26 Job submitted from host: <128.83.120.183:9618?addrs=128.83.120.183-9618&alias=darmok.cs.utexas.edu&noUDP&sock=schedd_1353_9fba>
...
001 (983908.000.000) 2024-04-26 05:06:39 Job executing on host: <128.83.139.145:9618?addrs=128.83.139.145-9618&alias=angrist-18.cs.utexas.edu&noUDP&sock=startd_1595_9da5>
...
006 (983908.000.000) 2024-04-26 05:06:47 Image size of job updated: 36332
	12  -  MemoryUsage of job (MB)
	11768  -  ResidentSetSize of job (KB)
...
005 (983908.000.000) 2024-04-26 05:06:49 Job terminated.
	(1) Normal termination (return value 0)
		Usr 0 00:00:08, Sys 0 00:00:00  -  Run Remote Usage
		Usr 0 00:00:00, Sys 0 00:00:00  -  Run Local Usage
		Usr 0 00:00:08, Sys 0 00:00:00  -  Total Remote Usage
		Usr 0 00:00:00, Sys 0 00:00:00  -  Total Local Usage
	0  -  Run Bytes Sent By Job
	0  -  Run Bytes Received By Job
	0  -  Total Bytes Sent By Job
	0  -  Total Bytes Received By Job
	Partitionable Resources :    Usage  Request Allocated 
	   Cpus                 :                 1         1 
	   Disk (KB)            :        1        1  10853596 
	   Memory (MB)          :       12        1      4026 

	Job terminated of its own accord at 2024-04-26T10:06:48Z.
...
