000 (982900.000.000) 2024-04-25 20:09:09 Job submitted from host: <128.83.120.183:9618?addrs=128.83.120.183-9618&alias=darmok.cs.utexas.edu&noUDP&sock=schedd_1353_9fba>
...
001 (982900.000.000) 2024-04-25 20:09:17 Job executing on host: <128.83.139.142:9618?addrs=128.83.139.142-9618&alias=angrist-15.cs.utexas.edu&noUDP&sock=startd_1598_ac6e>
...
006 (982900.000.000) 2024-04-25 20:09:25 Image size of job updated: 11764
	12  -  MemoryUsage of job (MB)
	11764  -  ResidentSetSize of job (KB)
...
006 (982900.000.000) 2024-04-25 20:09:29 Image size of job updated: 36452
	12  -  MemoryUsage of job (MB)
	11764  -  ResidentSetSize of job (KB)
...
005 (982900.000.000) 2024-04-25 20:09:29 Job terminated.
	(1) Normal termination (return value 0)
		Usr 0 00:00:11, Sys 0 00:00:00  -  Run Remote Usage
		Usr 0 00:00:00, Sys 0 00:00:00  -  Run Local Usage
		Usr 0 00:00:11, Sys 0 00:00:00  -  Total Remote Usage
		Usr 0 00:00:00, Sys 0 00:00:00  -  Total Local Usage
	0  -  Run Bytes Sent By Job
	0  -  Run Bytes Received By Job
	0  -  Total Bytes Sent By Job
	0  -  Total Bytes Received By Job
	Partitionable Resources :    Usage  Request Allocated 
	   Cpus                 :                 1         1 
	   Disk (KB)            :        1        1  10853596 
	   Memory (MB)          :       12        1      4026 

	Job terminated of its own accord at 2024-04-26T01:09:29Z.
...
000 (983538.000.000) 2024-04-26 03:03:06 Job submitted from host: <128.83.120.183:9618?addrs=128.83.120.183-9618&alias=darmok.cs.utexas.edu&noUDP&sock=schedd_1353_9fba>
...
001 (983538.000.000) 2024-04-26 03:03:16 Job executing on host: <128.83.144.211:9618?addrs=128.83.144.211-9618&alias=angrist-12.cs.utexas.edu&noUDP&sock=startd_1592_8edc>
...
006 (983538.000.000) 2024-04-26 03:03:25 Image size of job updated: 36324
	12  -  MemoryUsage of job (MB)
	11736  -  ResidentSetSize of job (KB)
...
006 (983538.000.000) 2024-04-26 03:08:26 Image size of job updated: 36452
	12  -  MemoryUsage of job (MB)
	11812  -  ResidentSetSize of job (KB)
...
006 (983538.000.000) 2024-04-26 03:13:26 Image size of job updated: 36452
	12  -  MemoryUsage of job (MB)
	11840  -  ResidentSetSize of job (KB)
...
006 (983538.000.000) 2024-04-26 03:18:26 Image size of job updated: 36452
	12  -  MemoryUsage of job (MB)
	11868  -  ResidentSetSize of job (KB)
...
006 (983538.000.000) 2024-04-26 03:23:27 Image size of job updated: 36580
	12  -  MemoryUsage of job (MB)
	11948  -  ResidentSetSize of job (KB)
...
006 (983538.000.000) 2024-04-26 03:28:28 Image size of job updated: 36580
	12  -  MemoryUsage of job (MB)
	11984  -  ResidentSetSize of job (KB)
...
006 (983538.000.000) 2024-04-26 03:33:28 Image size of job updated: 36580
	12  -  MemoryUsage of job (MB)
	12016  -  ResidentSetSize of job (KB)
...
006 (983538.000.000) 2024-04-26 03:38:29 Image size of job updated: 36704
	12  -  MemoryUsage of job (MB)
	12048  -  ResidentSetSize of job (KB)
...
005 (983538.000.000) 2024-04-26 03:41:32 Job terminated.
	(1) Normal termination (return value 0)
		Usr 0 00:38:14, Sys 0 00:00:00  -  Run Remote Usage
		Usr 0 00:00:00, Sys 0 00:00:00  -  Run Local Usage
		Usr 0 00:38:14, Sys 0 00:00:00  -  Total Remote Usage
		Usr 0 00:00:00, Sys 0 00:00:00  -  Total Local Usage
	0  -  Run Bytes Sent By Job
	0  -  Run Bytes Received By Job
	0  -  Total Bytes Sent By Job
	0  -  Total Bytes Received By Job
	Partitionable Resources :    Usage  Request Allocated 
	   Cpus                 :     1.00        1         1 
	   Disk (KB)            :     1           1  10853596 
	   Memory (MB)          :    12           1      4026 

	Job terminated of its own accord at 2024-04-26T08:41:31Z.
...
000 (983909.000.000) 2024-04-26 05:06:26 Job submitted from host: <128.83.120.183:9618?addrs=128.83.120.183-9618&alias=darmok.cs.utexas.edu&noUDP&sock=schedd_1353_9fba>
...
001 (983909.000.000) 2024-04-26 05:06:37 Job executing on host: <128.83.139.146:9618?addrs=128.83.139.146-9618&alias=angrist-19.cs.utexas.edu&noUDP&sock=startd_1594_ee0d>
...
006 (983909.000.000) 2024-04-26 05:06:45 Image size of job updated: 36324
	12  -  MemoryUsage of job (MB)
	11768  -  ResidentSetSize of job (KB)
...
005 (983909.000.000) 2024-04-26 05:06:49 Job terminated.
	(1) Normal termination (return value 0)
		Usr 0 00:00:11, Sys 0 00:00:00  -  Run Remote Usage
		Usr 0 00:00:00, Sys 0 00:00:00  -  Run Local Usage
		Usr 0 00:00:11, Sys 0 00:00:00  -  Total Remote Usage
		Usr 0 00:00:00, Sys 0 00:00:00  -  Total Local Usage
	0  -  Run Bytes Sent By Job
	0  -  Run Bytes Received By Job
	0  -  Total Bytes Sent By Job
	0  -  Total Bytes Received By Job
	Partitionable Resources :    Usage  Request Allocated 
	   Cpus                 :                 1         1 
	   Disk (KB)            :        1        1  10853596 
	   Memory (MB)          :       12        1      4026 

	Job terminated of its own accord at 2024-04-26T10:06:49Z.
...
