000 (982925.000.000) 2024-04-25 20:09:17 Job submitted from host: <128.83.120.183:9618?addrs=128.83.120.183-9618&alias=darmok.cs.utexas.edu&noUDP&sock=schedd_1353_9fba>
...
001 (982925.000.000) 2024-04-25 20:09:33 Job executing on host: <128.83.139.142:9618?addrs=128.83.139.142-9618&alias=angrist-15.cs.utexas.edu&noUDP&sock=startd_1598_ac6e>
...
006 (982925.000.000) 2024-04-25 20:09:41 Image size of job updated: 36332
	12  -  MemoryUsage of job (MB)
	11848  -  ResidentSetSize of job (KB)
...
006 (982925.000.000) 2024-04-25 20:10:06 Image size of job updated: 36464
	12  -  MemoryUsage of job (MB)
	11848  -  ResidentSetSize of job (KB)
...
005 (982925.000.000) 2024-04-25 20:10:06 Job terminated.
	(1) Normal termination (return value 0)
		Usr 0 00:00:32, Sys 0 00:00:00  -  Run Remote Usage
		Usr 0 00:00:00, Sys 0 00:00:00  -  Run Local Usage
		Usr 0 00:00:32, Sys 0 00:00:00  -  Total Remote Usage
		Usr 0 00:00:00, Sys 0 00:00:00  -  Total Local Usage
	0  -  Run Bytes Sent By Job
	0  -  Run Bytes Received By Job
	0  -  Total Bytes Sent By Job
	0  -  Total Bytes Received By Job
	Partitionable Resources :    Usage  Request Allocated 
	   Cpus                 :                 1         1 
	   Disk (KB)            :        1        1  10853596 
	   Memory (MB)          :       12        1      4026 

	Job terminated of its own accord at 2024-04-26T01:10:06Z.
...
000 (983563.000.000) 2024-04-26 03:03:09 Job submitted from host: <128.83.120.183:9618?addrs=128.83.120.183-9618&alias=darmok.cs.utexas.edu&noUDP&sock=schedd_1353_9fba>
...
001 (983563.000.000) 2024-04-26 03:03:19 Job executing on host: <128.83.139.141:9618?addrs=128.83.139.141-9618&alias=angrist-14.cs.utexas.edu&noUDP&sock=startd_1625_317d>
...
006 (983563.000.000) 2024-04-26 03:03:28 Image size of job updated: 11756
	12  -  MemoryUsage of job (MB)
	11756  -  ResidentSetSize of job (KB)
...
006 (983563.000.000) 2024-04-26 03:08:28 Image size of job updated: 36844
	12  -  MemoryUsage of job (MB)
	12192  -  ResidentSetSize of job (KB)
...
006 (983563.000.000) 2024-04-26 03:13:28 Image size of job updated: 37240
	13  -  MemoryUsage of job (MB)
	12576  -  ResidentSetSize of job (KB)
...
006 (983563.000.000) 2024-04-26 03:18:29 Image size of job updated: 37240
	13  -  MemoryUsage of job (MB)
	12652  -  ResidentSetSize of job (KB)
...
006 (983563.000.000) 2024-04-26 03:23:30 Image size of job updated: 37240
	13  -  MemoryUsage of job (MB)
	12664  -  ResidentSetSize of job (KB)
...
006 (983563.000.000) 2024-04-26 03:33:30 Image size of job updated: 37240
	13  -  MemoryUsage of job (MB)
	12668  -  ResidentSetSize of job (KB)
...
006 (983563.000.000) 2024-04-26 03:43:31 Image size of job updated: 37240
	13  -  MemoryUsage of job (MB)
	12672  -  ResidentSetSize of job (KB)
...
006 (983563.000.000) 2024-04-26 03:53:32 Image size of job updated: 37240
	13  -  MemoryUsage of job (MB)
	12676  -  ResidentSetSize of job (KB)
...
006 (983563.000.000) 2024-04-26 04:08:33 Image size of job updated: 37240
	13  -  MemoryUsage of job (MB)
	12680  -  ResidentSetSize of job (KB)
...
006 (983563.000.000) 2024-04-26 04:13:34 Image size of job updated: 37368
	13  -  MemoryUsage of job (MB)
	12684  -  ResidentSetSize of job (KB)
...
005 (983563.000.000) 2024-04-26 04:21:21 Job terminated.
	(1) Normal termination (return value 0)
		Usr 0 01:18:01, Sys 0 00:00:00  -  Run Remote Usage
		Usr 0 00:00:00, Sys 0 00:00:00  -  Run Local Usage
		Usr 0 01:18:01, Sys 0 00:00:00  -  Total Remote Usage
		Usr 0 00:00:00, Sys 0 00:00:00  -  Total Local Usage
	0  -  Run Bytes Sent By Job
	0  -  Run Bytes Received By Job
	0  -  Total Bytes Sent By Job
	0  -  Total Bytes Received By Job
	Partitionable Resources :    Usage  Request Allocated 
	   Cpus                 :     1.00        1         1 
	   Disk (KB)            :     1           1  10853596 
	   Memory (MB)          :    13         136      4026 

	Job terminated of its own accord at 2024-04-26T09:21:21Z.
...
000 (983934.000.000) 2024-04-26 05:06:30 Job submitted from host: <128.83.120.183:9618?addrs=128.83.120.183-9618&alias=darmok.cs.utexas.edu&noUDP&sock=schedd_1353_9fba>
...
001 (983934.000.000) 2024-04-26 05:06:40 Job executing on host: <128.83.139.146:9618?addrs=128.83.139.146-9618&alias=angrist-19.cs.utexas.edu&noUDP&sock=startd_1594_ee0d>
...
006 (983934.000.000) 2024-04-26 05:06:49 Image size of job updated: 36328
	12  -  MemoryUsage of job (MB)
	11848  -  ResidentSetSize of job (KB)
...
006 (983934.000.000) 2024-04-26 05:07:14 Image size of job updated: 36460
	12  -  MemoryUsage of job (MB)
	11848  -  ResidentSetSize of job (KB)
...
005 (983934.000.000) 2024-04-26 05:07:14 Job terminated.
	(1) Normal termination (return value 0)
		Usr 0 00:00:33, Sys 0 00:00:00  -  Run Remote Usage
		Usr 0 00:00:00, Sys 0 00:00:00  -  Run Local Usage
		Usr 0 00:00:33, Sys 0 00:00:00  -  Total Remote Usage
		Usr 0 00:00:00, Sys 0 00:00:00  -  Total Local Usage
	0  -  Run Bytes Sent By Job
	0  -  Run Bytes Received By Job
	0  -  Total Bytes Sent By Job
	0  -  Total Bytes Received By Job
	Partitionable Resources :    Usage  Request Allocated 
	   Cpus                 :                 1         1 
	   Disk (KB)            :        1        1  10853596 
	   Memory (MB)          :       12        1      4026 

	Job terminated of its own accord at 2024-04-26T10:07:14Z.
...
