000 (982933.000.000) 2024-04-25 20:09:18 Job submitted from host: <128.83.120.183:9618?addrs=128.83.120.183-9618&alias=darmok.cs.utexas.edu&noUDP&sock=schedd_1353_9fba>
...
001 (982933.000.000) 2024-04-25 20:09:33 Job executing on host: <128.83.144.211:9618?addrs=128.83.144.211-9618&alias=angrist-12.cs.utexas.edu&noUDP&sock=startd_1592_8edc>
...
006 (982933.000.000) 2024-04-25 20:09:42 Image size of job updated: 36332
	12  -  MemoryUsage of job (MB)
	11752  -  ResidentSetSize of job (KB)
...
005 (982933.000.000) 2024-04-25 20:09:49 Job terminated.
	(1) Normal termination (return value 0)
		Usr 0 00:00:15, Sys 0 00:00:00  -  Run Remote Usage
		Usr 0 00:00:00, Sys 0 00:00:00  -  Run Local Usage
		Usr 0 00:00:15, Sys 0 00:00:00  -  Total Remote Usage
		Usr 0 00:00:00, Sys 0 00:00:00  -  Total Local Usage
	0  -  Run Bytes Sent By Job
	0  -  Run Bytes Received By Job
	0  -  Total Bytes Sent By Job
	0  -  Total Bytes Received By Job
	Partitionable Resources :    Usage  Request Allocated 
	   Cpus                 :        0        1         1 
	   Disk (KB)            :        1        1  10853596 
	   Memory (MB)          :       12        1      4026 

	Job terminated of its own accord at 2024-04-26T01:09:49Z.
...
000 (983571.000.000) 2024-04-26 03:03:10 Job submitted from host: <128.83.120.183:9618?addrs=128.83.120.183-9618&alias=darmok.cs.utexas.edu&noUDP&sock=schedd_1353_9fba>
...
001 (983571.000.000) 2024-04-26 03:03:20 Job executing on host: <128.83.139.147:9618?addrs=128.83.139.147-9618&alias=angrist-20.cs.utexas.edu&noUDP&sock=startd_1592_8edc>
...
006 (983571.000.000) 2024-04-26 03:03:29 Image size of job updated: 36332
	12  -  MemoryUsage of job (MB)
	11712  -  ResidentSetSize of job (KB)
...
006 (983571.000.000) 2024-04-26 03:08:30 Image size of job updated: 36588
	12  -  MemoryUsage of job (MB)
	11952  -  ResidentSetSize of job (KB)
...
006 (983571.000.000) 2024-04-26 03:13:30 Image size of job updated: 36844
	12  -  MemoryUsage of job (MB)
	12276  -  ResidentSetSize of job (KB)
...
006 (983571.000.000) 2024-04-26 03:18:30 Image size of job updated: 36972
	13  -  MemoryUsage of job (MB)
	12364  -  ResidentSetSize of job (KB)
...
006 (983571.000.000) 2024-04-26 03:23:31 Image size of job updated: 36972
	13  -  MemoryUsage of job (MB)
	12392  -  ResidentSetSize of job (KB)
...
006 (983571.000.000) 2024-04-26 03:28:32 Image size of job updated: 37224
	13  -  MemoryUsage of job (MB)
	12544  -  ResidentSetSize of job (KB)
...
006 (983571.000.000) 2024-04-26 03:33:32 Image size of job updated: 37344
	13  -  MemoryUsage of job (MB)
	12688  -  ResidentSetSize of job (KB)
...
006 (983571.000.000) 2024-04-26 03:38:32 Image size of job updated: 37456
	13  -  MemoryUsage of job (MB)
	12892  -  ResidentSetSize of job (KB)
...
006 (983571.000.000) 2024-04-26 03:43:33 Image size of job updated: 37580
	13  -  MemoryUsage of job (MB)
	12904  -  ResidentSetSize of job (KB)
...
006 (983571.000.000) 2024-04-26 03:53:33 Image size of job updated: 37580
	13  -  MemoryUsage of job (MB)
	12908  -  ResidentSetSize of job (KB)
...
005 (983571.000.000) 2024-04-26 03:57:02 Job terminated.
	(1) Normal termination (return value 0)
		Usr 0 00:53:40, Sys 0 00:00:00  -  Run Remote Usage
		Usr 0 00:00:00, Sys 0 00:00:00  -  Run Local Usage
		Usr 0 00:53:40, Sys 0 00:00:00  -  Total Remote Usage
		Usr 0 00:00:00, Sys 0 00:00:00  -  Total Local Usage
	0  -  Run Bytes Sent By Job
	0  -  Run Bytes Received By Job
	0  -  Total Bytes Sent By Job
	0  -  Total Bytes Received By Job
	Partitionable Resources :    Usage  Request Allocated 
	   Cpus                 :     1.00        1         1 
	   Disk (KB)            :     1           1  10853596 
	   Memory (MB)          :    13        2213      4026 

	Job terminated of its own accord at 2024-04-26T08:57:01Z.
...
000 (983942.000.000) 2024-04-26 05:06:31 Job submitted from host: <128.83.120.183:9618?addrs=128.83.120.183-9618&alias=darmok.cs.utexas.edu&noUDP&sock=schedd_1353_9fba>
...
001 (983942.000.000) 2024-04-26 05:06:41 Job executing on host: <128.83.139.147:9618?addrs=128.83.139.147-9618&alias=angrist-20.cs.utexas.edu&noUDP&sock=startd_1592_8edc>
...
006 (983942.000.000) 2024-04-26 05:06:49 Image size of job updated: 36328
	12  -  MemoryUsage of job (MB)
	11748  -  ResidentSetSize of job (KB)
...
005 (983942.000.000) 2024-04-26 05:06:50 Job terminated.
	(1) Normal termination (return value 0)
		Usr 0 00:00:08, Sys 0 00:00:00  -  Run Remote Usage
		Usr 0 00:00:00, Sys 0 00:00:00  -  Run Local Usage
		Usr 0 00:00:08, Sys 0 00:00:00  -  Total Remote Usage
		Usr 0 00:00:00, Sys 0 00:00:00  -  Total Local Usage
	0  -  Run Bytes Sent By Job
	0  -  Run Bytes Received By Job
	0  -  Total Bytes Sent By Job
	0  -  Total Bytes Received By Job
	Partitionable Resources :    Usage  Request Allocated 
	   Cpus                 :                 1         1 
	   Disk (KB)            :        1        1  10853596 
	   Memory (MB)          :       12        1      4026 

	Job terminated of its own accord at 2024-04-26T10:06:50Z.
...
