000 (982919.000.000) 2024-04-25 20:09:15 Job submitted from host: <128.83.120.183:9618?addrs=128.83.120.183-9618&alias=darmok.cs.utexas.edu&noUDP&sock=schedd_1353_9fba>
...
001 (982919.000.000) 2024-04-25 20:09:33 Job executing on host: <128.83.139.142:9618?addrs=128.83.139.142-9618&alias=angrist-15.cs.utexas.edu&noUDP&sock=startd_1598_ac6e>
...
006 (982919.000.000) 2024-04-25 20:09:42 Image size of job updated: 36332
	12  -  MemoryUsage of job (MB)
	11836  -  ResidentSetSize of job (KB)
...
006 (982919.000.000) 2024-04-25 20:10:06 Image size of job updated: 36456
	12  -  MemoryUsage of job (MB)
	11836  -  ResidentSetSize of job (KB)
...
005 (982919.000.000) 2024-04-25 20:10:06 Job terminated.
	(1) Normal termination (return value 0)
		Usr 0 00:00:32, Sys 0 00:00:00  -  Run Remote Usage
		Usr 0 00:00:00, Sys 0 00:00:00  -  Run Local Usage
		Usr 0 00:00:32, Sys 0 00:00:00  -  Total Remote Usage
		Usr 0 00:00:00, Sys 0 00:00:00  -  Total Local Usage
	0  -  Run Bytes Sent By Job
	0  -  Run Bytes Received By Job
	0  -  Total Bytes Sent By Job
	0  -  Total Bytes Received By Job
	Partitionable Resources :    Usage  Request Allocated 
	   Cpus                 :                 1         1 
	   Disk (KB)            :        1        1  10853596 
	   Memory (MB)          :       12        1      4026 

	Job terminated of its own accord at 2024-04-26T01:10:06Z.
...
000 (983557.000.000) 2024-04-26 03:03:08 Job submitted from host: <128.83.120.183:9618?addrs=128.83.120.183-9618&alias=darmok.cs.utexas.edu&noUDP&sock=schedd_1353_9fba>
...
001 (983557.000.000) 2024-04-26 03:03:18 Job executing on host: <128.83.144.240:9618?addrs=128.83.144.240-9618&alias=angrist-13.cs.utexas.edu&noUDP&sock=startd_1643_8a31>
...
006 (983557.000.000) 2024-04-26 03:03:27 Image size of job updated: 36324
	12  -  MemoryUsage of job (MB)
	11772  -  ResidentSetSize of job (KB)
...
006 (983557.000.000) 2024-04-26 03:08:28 Image size of job updated: 40940
	17  -  MemoryUsage of job (MB)
	16480  -  ResidentSetSize of job (KB)
...
006 (983557.000.000) 2024-04-26 03:13:28 Image size of job updated: 42732
	18  -  MemoryUsage of job (MB)
	18120  -  ResidentSetSize of job (KB)
...
006 (983557.000.000) 2024-04-26 03:18:28 Image size of job updated: 42860
	18  -  MemoryUsage of job (MB)
	18232  -  ResidentSetSize of job (KB)
...
006 (983557.000.000) 2024-04-26 03:23:29 Image size of job updated: 42860
	18  -  MemoryUsage of job (MB)
	18252  -  ResidentSetSize of job (KB)
...
006 (983557.000.000) 2024-04-26 03:28:30 Image size of job updated: 42860
	18  -  MemoryUsage of job (MB)
	18284  -  ResidentSetSize of job (KB)
...
006 (983557.000.000) 2024-04-26 03:33:30 Image size of job updated: 42988
	18  -  MemoryUsage of job (MB)
	18320  -  ResidentSetSize of job (KB)
...
006 (983557.000.000) 2024-04-26 03:38:30 Image size of job updated: 42988
	18  -  MemoryUsage of job (MB)
	18356  -  ResidentSetSize of job (KB)
...
006 (983557.000.000) 2024-04-26 04:03:33 Image size of job updated: 42988
	18  -  MemoryUsage of job (MB)
	18372  -  ResidentSetSize of job (KB)
...
005 (983557.000.000) 2024-04-26 04:14:02 Job terminated.
	(1) Normal termination (return value 0)
		Usr 0 01:10:40, Sys 0 00:00:00  -  Run Remote Usage
		Usr 0 00:00:00, Sys 0 00:00:00  -  Run Local Usage
		Usr 0 01:10:40, Sys 0 00:00:00  -  Total Remote Usage
		Usr 0 00:00:00, Sys 0 00:00:00  -  Total Local Usage
	0  -  Run Bytes Sent By Job
	0  -  Run Bytes Received By Job
	0  -  Total Bytes Sent By Job
	0  -  Total Bytes Received By Job
	Partitionable Resources :    Usage  Request Allocated 
	   Cpus                 :     1.00        1         1 
	   Disk (KB)            :     1           1  10853596 
	   Memory (MB)          :    18         188      4026 

	Job terminated of its own accord at 2024-04-26T09:14:02Z.
...
000 (983928.000.000) 2024-04-26 05:06:29 Job submitted from host: <128.83.120.183:9618?addrs=128.83.120.183-9618&alias=darmok.cs.utexas.edu&noUDP&sock=schedd_1353_9fba>
...
001 (983928.000.000) 2024-04-26 05:06:40 Job executing on host: <128.83.139.150:9618?addrs=128.83.139.150-9618&alias=angrist-23.cs.utexas.edu&noUDP&sock=startd_1604_c9ff>
...
006 (983928.000.000) 2024-04-26 05:06:49 Image size of job updated: 36328
	12  -  MemoryUsage of job (MB)
	11836  -  ResidentSetSize of job (KB)
...
006 (983928.000.000) 2024-04-26 05:07:07 Image size of job updated: 36452
	12  -  MemoryUsage of job (MB)
	11836  -  ResidentSetSize of job (KB)
...
005 (983928.000.000) 2024-04-26 05:07:07 Job terminated.
	(1) Normal termination (return value 0)
		Usr 0 00:00:26, Sys 0 00:00:00  -  Run Remote Usage
		Usr 0 00:00:00, Sys 0 00:00:00  -  Run Local Usage
		Usr 0 00:00:26, Sys 0 00:00:00  -  Total Remote Usage
		Usr 0 00:00:00, Sys 0 00:00:00  -  Total Local Usage
	0  -  Run Bytes Sent By Job
	0  -  Run Bytes Received By Job
	0  -  Total Bytes Sent By Job
	0  -  Total Bytes Received By Job
	Partitionable Resources :    Usage  Request Allocated 
	   Cpus                 :                 1         1 
	   Disk (KB)            :        1        1  10853594 
	   Memory (MB)          :       12        1      4026 

	Job terminated of its own accord at 2024-04-26T10:07:07Z.
...
