000 (982926.000.000) 2024-04-25 20:09:17 Job submitted from host: <128.83.120.183:9618?addrs=128.83.120.183-9618&alias=darmok.cs.utexas.edu&noUDP&sock=schedd_1353_9fba>
...
001 (982926.000.000) 2024-04-25 20:09:32 Job executing on host: <128.83.139.147:9618?addrs=128.83.139.147-9618&alias=angrist-20.cs.utexas.edu&noUDP&sock=startd_1592_8edc>
...
006 (982926.000.000) 2024-04-25 20:09:40 Image size of job updated: 11844
	12  -  MemoryUsage of job (MB)
	11844  -  ResidentSetSize of job (KB)
...
006 (982926.000.000) 2024-04-25 20:10:22 Image size of job updated: 36584
	12  -  MemoryUsage of job (MB)
	11844  -  ResidentSetSize of job (KB)
...
005 (982926.000.000) 2024-04-25 20:10:22 Job terminated.
	(1) Normal termination (return value 0)
		Usr 0 00:00:49, Sys 0 00:00:00  -  Run Remote Usage
		Usr 0 00:00:00, Sys 0 00:00:00  -  Run Local Usage
		Usr 0 00:00:49, Sys 0 00:00:00  -  Total Remote Usage
		Usr 0 00:00:00, Sys 0 00:00:00  -  Total Local Usage
	0  -  Run Bytes Sent By Job
	0  -  Run Bytes Received By Job
	0  -  Total Bytes Sent By Job
	0  -  Total Bytes Received By Job
	Partitionable Resources :    Usage  Request Allocated 
	   Cpus                 :     1.00        1         1 
	   Disk (KB)            :     1           1  10853596 
	   Memory (MB)          :    12           1      4026 

	Job terminated of its own accord at 2024-04-26T01:10:21Z.
...
000 (983564.000.000) 2024-04-26 03:03:09 Job submitted from host: <128.83.120.183:9618?addrs=128.83.120.183-9618&alias=darmok.cs.utexas.edu&noUDP&sock=schedd_1353_9fba>
...
001 (983564.000.000) 2024-04-26 03:03:21 Job executing on host: <128.83.139.142:9618?addrs=128.83.139.142-9618&alias=angrist-15.cs.utexas.edu&noUDP&sock=startd_1598_ac6e>
...
006 (983564.000.000) 2024-04-26 03:03:29 Image size of job updated: 36332
	12  -  MemoryUsage of job (MB)
	11800  -  ResidentSetSize of job (KB)
...
006 (983564.000.000) 2024-04-26 03:08:29 Image size of job updated: 36716
	12  -  MemoryUsage of job (MB)
	12144  -  ResidentSetSize of job (KB)
...
006 (983564.000.000) 2024-04-26 03:13:30 Image size of job updated: 37232
	13  -  MemoryUsage of job (MB)
	12560  -  ResidentSetSize of job (KB)
...
006 (983564.000.000) 2024-04-26 03:18:30 Image size of job updated: 37232
	13  -  MemoryUsage of job (MB)
	12612  -  ResidentSetSize of job (KB)
...
006 (983564.000.000) 2024-04-26 03:23:30 Image size of job updated: 37232
	13  -  MemoryUsage of job (MB)
	12616  -  ResidentSetSize of job (KB)
...
006 (983564.000.000) 2024-04-26 03:28:31 Image size of job updated: 37232
	13  -  MemoryUsage of job (MB)
	12620  -  ResidentSetSize of job (KB)
...
006 (983564.000.000) 2024-04-26 03:43:32 Image size of job updated: 37232
	13  -  MemoryUsage of job (MB)
	12624  -  ResidentSetSize of job (KB)
...
006 (983564.000.000) 2024-04-26 03:48:34 Image size of job updated: 37232
	13  -  MemoryUsage of job (MB)
	12628  -  ResidentSetSize of job (KB)
...
006 (983564.000.000) 2024-04-26 03:58:34 Image size of job updated: 37232
	13  -  MemoryUsage of job (MB)
	12636  -  ResidentSetSize of job (KB)
...
006 (983564.000.000) 2024-04-26 04:03:35 Image size of job updated: 37232
	13  -  MemoryUsage of job (MB)
	12640  -  ResidentSetSize of job (KB)
...
005 (983564.000.000) 2024-04-26 04:12:54 Job terminated.
	(1) Normal termination (return value 0)
		Usr 0 01:09:32, Sys 0 00:00:00  -  Run Remote Usage
		Usr 0 00:00:00, Sys 0 00:00:00  -  Run Local Usage
		Usr 0 01:09:32, Sys 0 00:00:00  -  Total Remote Usage
		Usr 0 00:00:00, Sys 0 00:00:00  -  Total Local Usage
	0  -  Run Bytes Sent By Job
	0  -  Run Bytes Received By Job
	0  -  Total Bytes Sent By Job
	0  -  Total Bytes Received By Job
	Partitionable Resources :    Usage  Request Allocated 
	   Cpus                 :     1.00        1         1 
	   Disk (KB)            :     1           1  10853596 
	   Memory (MB)          :    13         190      4026 

	Job terminated of its own accord at 2024-04-26T09:12:54Z.
...
000 (983935.000.000) 2024-04-26 05:06:30 Job submitted from host: <128.83.120.183:9618?addrs=128.83.120.183-9618&alias=darmok.cs.utexas.edu&noUDP&sock=schedd_1353_9fba>
...
001 (983935.000.000) 2024-04-26 05:06:45 Job executing on host: <128.83.139.145:9618?addrs=128.83.139.145-9618&alias=angrist-18.cs.utexas.edu&noUDP&sock=startd_1595_9da5>
...
006 (983935.000.000) 2024-04-26 05:06:54 Image size of job updated: 36456
	12  -  MemoryUsage of job (MB)
	11852  -  ResidentSetSize of job (KB)
...
005 (983935.000.000) 2024-04-26 05:07:20 Job terminated.
	(1) Normal termination (return value 0)
		Usr 0 00:00:34, Sys 0 00:00:00  -  Run Remote Usage
		Usr 0 00:00:00, Sys 0 00:00:00  -  Run Local Usage
		Usr 0 00:00:34, Sys 0 00:00:00  -  Total Remote Usage
		Usr 0 00:00:00, Sys 0 00:00:00  -  Total Local Usage
	0  -  Run Bytes Sent By Job
	0  -  Run Bytes Received By Job
	0  -  Total Bytes Sent By Job
	0  -  Total Bytes Received By Job
	Partitionable Resources :    Usage  Request Allocated 
	   Cpus                 :                 1         1 
	   Disk (KB)            :        1        1  10853596 
	   Memory (MB)          :       12        1      4026 

	Job terminated of its own accord at 2024-04-26T10:07:20Z.
...
