000 (982927.000.000) 2024-04-25 20:09:17 Job submitted from host: <128.83.120.183:9618?addrs=128.83.120.183-9618&alias=darmok.cs.utexas.edu&noUDP&sock=schedd_1353_9fba>
...
001 (982927.000.000) 2024-04-25 20:09:33 Job executing on host: <128.83.139.142:9618?addrs=128.83.139.142-9618&alias=angrist-15.cs.utexas.edu&noUDP&sock=startd_1598_ac6e>
...
006 (982927.000.000) 2024-04-25 20:09:41 Image size of job updated: 36328
	12  -  MemoryUsage of job (MB)
	11788  -  ResidentSetSize of job (KB)
...
006 (982927.000.000) 2024-04-25 20:09:51 Image size of job updated: 36460
	12  -  MemoryUsage of job (MB)
	11788  -  ResidentSetSize of job (KB)
...
005 (982927.000.000) 2024-04-25 20:09:51 Job terminated.
	(1) Normal termination (return value 0)
		Usr 0 00:00:18, Sys 0 00:00:00  -  Run Remote Usage
		Usr 0 00:00:00, Sys 0 00:00:00  -  Run Local Usage
		Usr 0 00:00:18, Sys 0 00:00:00  -  Total Remote Usage
		Usr 0 00:00:00, Sys 0 00:00:00  -  Total Local Usage
	0  -  Run Bytes Sent By Job
	0  -  Run Bytes Received By Job
	0  -  Total Bytes Sent By Job
	0  -  Total Bytes Received By Job
	Partitionable Resources :    Usage  Request Allocated 
	   Cpus                 :                 1         1 
	   Disk (KB)            :        1        1  10853596 
	   Memory (MB)          :       12        1      4026 

	Job terminated of its own accord at 2024-04-26T01:09:51Z.
...
000 (983565.000.000) 2024-04-26 03:03:09 Job submitted from host: <128.83.120.183:9618?addrs=128.83.120.183-9618&alias=darmok.cs.utexas.edu&noUDP&sock=schedd_1353_9fba>
...
001 (983565.000.000) 2024-04-26 03:03:21 Job executing on host: <128.83.139.143:9618?addrs=128.83.139.143-9618&alias=angrist-16.cs.utexas.edu&noUDP&sock=startd_1598_ac6e>
...
006 (983565.000.000) 2024-04-26 03:03:30 Image size of job updated: 36328
	12  -  MemoryUsage of job (MB)
	11724  -  ResidentSetSize of job (KB)
...
006 (983565.000.000) 2024-04-26 03:08:31 Image size of job updated: 36588
	12  -  MemoryUsage of job (MB)
	11908  -  ResidentSetSize of job (KB)
...
006 (983565.000.000) 2024-04-26 03:13:32 Image size of job updated: 36588
	12  -  MemoryUsage of job (MB)
	11916  -  ResidentSetSize of job (KB)
...
006 (983565.000.000) 2024-04-26 03:18:32 Image size of job updated: 36588
	12  -  MemoryUsage of job (MB)
	11996  -  ResidentSetSize of job (KB)
...
006 (983565.000.000) 2024-04-26 03:23:32 Image size of job updated: 36588
	12  -  MemoryUsage of job (MB)
	12004  -  ResidentSetSize of job (KB)
...
006 (983565.000.000) 2024-04-26 03:33:33 Image size of job updated: 36588
	12  -  MemoryUsage of job (MB)
	12008  -  ResidentSetSize of job (KB)
...
006 (983565.000.000) 2024-04-26 03:43:34 Image size of job updated: 36588
	12  -  MemoryUsage of job (MB)
	12012  -  ResidentSetSize of job (KB)
...
005 (983565.000.000) 2024-04-26 03:45:51 Job terminated.
	(1) Normal termination (return value 0)
		Usr 0 00:42:26, Sys 0 00:00:00  -  Run Remote Usage
		Usr 0 00:00:00, Sys 0 00:00:00  -  Run Local Usage
		Usr 0 00:42:26, Sys 0 00:00:00  -  Total Remote Usage
		Usr 0 00:00:00, Sys 0 00:00:00  -  Total Local Usage
	0  -  Run Bytes Sent By Job
	0  -  Run Bytes Received By Job
	0  -  Total Bytes Sent By Job
	0  -  Total Bytes Received By Job
	Partitionable Resources :    Usage  Request Allocated 
	   Cpus                 :     1.00        1         1 
	   Disk (KB)            :     1           1  10853596 
	   Memory (MB)          :    12          62      4026 

	Job terminated of its own accord at 2024-04-26T08:45:48Z.
...
000 (983936.000.000) 2024-04-26 05:06:30 Job submitted from host: <128.83.120.183:9618?addrs=128.83.120.183-9618&alias=darmok.cs.utexas.edu&noUDP&sock=schedd_1353_9fba>
...
001 (983936.000.000) 2024-04-26 05:06:41 Job executing on host: <128.83.139.146:9618?addrs=128.83.139.146-9618&alias=angrist-19.cs.utexas.edu&noUDP&sock=startd_1594_ee0d>
...
006 (983936.000.000) 2024-04-26 05:06:49 Image size of job updated: 36328
	12  -  MemoryUsage of job (MB)
	11784  -  ResidentSetSize of job (KB)
...
006 (983936.000.000) 2024-04-26 05:06:55 Image size of job updated: 36460
	12  -  MemoryUsage of job (MB)
	11784  -  ResidentSetSize of job (KB)
...
005 (983936.000.000) 2024-04-26 05:06:56 Job terminated.
	(1) Normal termination (return value 0)
		Usr 0 00:00:14, Sys 0 00:00:00  -  Run Remote Usage
		Usr 0 00:00:00, Sys 0 00:00:00  -  Run Local Usage
		Usr 0 00:00:14, Sys 0 00:00:00  -  Total Remote Usage
		Usr 0 00:00:00, Sys 0 00:00:00  -  Total Local Usage
	0  -  Run Bytes Sent By Job
	0  -  Run Bytes Received By Job
	0  -  Total Bytes Sent By Job
	0  -  Total Bytes Received By Job
	Partitionable Resources :    Usage  Request Allocated 
	   Cpus                 :                 1         1 
	   Disk (KB)            :        1        1  10853596 
	   Memory (MB)          :       12        1      4026 

	Job terminated of its own accord at 2024-04-26T10:06:55Z.
...
