000 (982936.000.000) 2024-04-25 20:09:19 Job submitted from host: <128.83.120.183:9618?addrs=128.83.120.183-9618&alias=darmok.cs.utexas.edu&noUDP&sock=schedd_1353_9fba>
...
001 (982936.000.000) 2024-04-25 20:09:33 Job executing on host: <128.83.144.168:9618?addrs=128.83.144.168-9618&alias=angrist-10.cs.utexas.edu&noUDP&sock=startd_1611_9729>
...
006 (982936.000.000) 2024-04-25 20:09:42 Image size of job updated: 36716
	12  -  MemoryUsage of job (MB)
	12108  -  ResidentSetSize of job (KB)
...
005 (982936.000.000) 2024-04-25 20:09:56 Job terminated.
	(1) Normal termination (return value 0)
		Usr 0 00:00:21, Sys 0 00:00:00  -  Run Remote Usage
		Usr 0 00:00:00, Sys 0 00:00:00  -  Run Local Usage
		Usr 0 00:00:21, Sys 0 00:00:00  -  Total Remote Usage
		Usr 0 00:00:00, Sys 0 00:00:00  -  Total Local Usage
	0  -  Run Bytes Sent By Job
	0  -  Run Bytes Received By Job
	0  -  Total Bytes Sent By Job
	0  -  Total Bytes Received By Job
	Partitionable Resources :    Usage  Request Allocated 
	   Cpus                 :                 1         1 
	   Disk (KB)            :        1        1  10853596 
	   Memory (MB)          :       12        1      4026 

	Job terminated of its own accord at 2024-04-26T01:09:55Z.
...
000 (983574.000.000) 2024-04-26 03:03:10 Job submitted from host: <128.83.120.183:9618?addrs=128.83.120.183-9618&alias=darmok.cs.utexas.edu&noUDP&sock=schedd_1353_9fba>
...
001 (983574.000.000) 2024-04-26 03:03:20 Job executing on host: <128.83.139.142:9618?addrs=128.83.139.142-9618&alias=angrist-15.cs.utexas.edu&noUDP&sock=startd_1598_ac6e>
...
006 (983574.000.000) 2024-04-26 03:03:29 Image size of job updated: 36716
	12  -  MemoryUsage of job (MB)
	12052  -  ResidentSetSize of job (KB)
...
006 (983574.000.000) 2024-04-26 03:08:30 Image size of job updated: 37868
	14  -  MemoryUsage of job (MB)
	13384  -  ResidentSetSize of job (KB)
...
006 (983574.000.000) 2024-04-26 03:13:30 Image size of job updated: 38380
	14  -  MemoryUsage of job (MB)
	13720  -  ResidentSetSize of job (KB)
...
006 (983574.000.000) 2024-04-26 03:18:30 Image size of job updated: 38380
	14  -  MemoryUsage of job (MB)
	13800  -  ResidentSetSize of job (KB)
...
006 (983574.000.000) 2024-04-26 03:23:31 Image size of job updated: 38380
	14  -  MemoryUsage of job (MB)
	13824  -  ResidentSetSize of job (KB)
...
006 (983574.000.000) 2024-04-26 03:28:31 Image size of job updated: 38492
	14  -  MemoryUsage of job (MB)
	13848  -  ResidentSetSize of job (KB)
...
006 (983574.000.000) 2024-04-26 03:33:31 Image size of job updated: 38492
	14  -  MemoryUsage of job (MB)
	13876  -  ResidentSetSize of job (KB)
...
006 (983574.000.000) 2024-04-26 03:38:32 Image size of job updated: 38492
	14  -  MemoryUsage of job (MB)
	13904  -  ResidentSetSize of job (KB)
...
006 (983574.000.000) 2024-04-26 03:43:33 Image size of job updated: 38492
	14  -  MemoryUsage of job (MB)
	13932  -  ResidentSetSize of job (KB)
...
006 (983574.000.000) 2024-04-26 03:48:33 Image size of job updated: 38604
	14  -  MemoryUsage of job (MB)
	13948  -  ResidentSetSize of job (KB)
...
006 (983574.000.000) 2024-04-26 03:53:33 Image size of job updated: 38604
	14  -  MemoryUsage of job (MB)
	13976  -  ResidentSetSize of job (KB)
...
006 (983574.000.000) 2024-04-26 03:58:34 Image size of job updated: 38604
	14  -  MemoryUsage of job (MB)
	14016  -  ResidentSetSize of job (KB)
...
005 (983574.000.000) 2024-04-26 04:00:30 Job terminated.
	(1) Normal termination (return value 0)
		Usr 0 00:57:08, Sys 0 00:00:00  -  Run Remote Usage
		Usr 0 00:00:00, Sys 0 00:00:00  -  Run Local Usage
		Usr 0 00:57:08, Sys 0 00:00:00  -  Total Remote Usage
		Usr 0 00:00:00, Sys 0 00:00:00  -  Total Local Usage
	0  -  Run Bytes Sent By Job
	0  -  Run Bytes Received By Job
	0  -  Total Bytes Sent By Job
	0  -  Total Bytes Received By Job
	Partitionable Resources :    Usage  Request Allocated 
	   Cpus                 :     1.00        1         1 
	   Disk (KB)            :     1           1  10853596 
	   Memory (MB)          :    14        1029      4026 

	Job terminated of its own accord at 2024-04-26T09:00:30Z.
...
000 (983945.000.000) 2024-04-26 05:06:31 Job submitted from host: <128.83.120.183:9618?addrs=128.83.120.183-9618&alias=darmok.cs.utexas.edu&noUDP&sock=schedd_1353_9fba>
...
001 (983945.000.000) 2024-04-26 05:06:43 Job executing on host: <128.83.139.146:9618?addrs=128.83.139.146-9618&alias=angrist-19.cs.utexas.edu&noUDP&sock=startd_1594_ee0d>
...
006 (983945.000.000) 2024-04-26 05:06:51 Image size of job updated: 36712
	12  -  MemoryUsage of job (MB)
	12112  -  ResidentSetSize of job (KB)
...
006 (983945.000.000) 2024-04-26 05:07:05 Image size of job updated: 36840
	12  -  MemoryUsage of job (MB)
	12112  -  ResidentSetSize of job (KB)
...
005 (983945.000.000) 2024-04-26 05:07:05 Job terminated.
	(1) Normal termination (return value 0)
		Usr 0 00:00:22, Sys 0 00:00:00  -  Run Remote Usage
		Usr 0 00:00:00, Sys 0 00:00:00  -  Run Local Usage
		Usr 0 00:00:22, Sys 0 00:00:00  -  Total Remote Usage
		Usr 0 00:00:00, Sys 0 00:00:00  -  Total Local Usage
	0  -  Run Bytes Sent By Job
	0  -  Run Bytes Received By Job
	0  -  Total Bytes Sent By Job
	0  -  Total Bytes Received By Job
	Partitionable Resources :    Usage  Request Allocated 
	   Cpus                 :                 1         1 
	   Disk (KB)            :        1        1  10853596 
	   Memory (MB)          :       12        1      4026 

	Job terminated of its own accord at 2024-04-26T10:07:05Z.
...
