000 (982937.000.000) 2024-04-25 20:09:19 Job submitted from host: <128.83.120.183:9618?addrs=128.83.120.183-9618&alias=darmok.cs.utexas.edu&noUDP&sock=schedd_1353_9fba>
...
001 (982937.000.000) 2024-04-25 20:09:34 Job executing on host: <128.83.139.143:9618?addrs=128.83.139.143-9618&alias=angrist-16.cs.utexas.edu&noUDP&sock=startd_1598_ac6e>
...
006 (982937.000.000) 2024-04-25 20:09:42 Image size of job updated: 11844
	12  -  MemoryUsage of job (MB)
	11844  -  ResidentSetSize of job (KB)
...
006 (982937.000.000) 2024-04-25 20:09:50 Image size of job updated: 36464
	12  -  MemoryUsage of job (MB)
	11844  -  ResidentSetSize of job (KB)
...
005 (982937.000.000) 2024-04-25 20:09:51 Job terminated.
	(1) Normal termination (return value 0)
		Usr 0 00:00:16, Sys 0 00:00:00  -  Run Remote Usage
		Usr 0 00:00:00, Sys 0 00:00:00  -  Run Local Usage
		Usr 0 00:00:16, Sys 0 00:00:00  -  Total Remote Usage
		Usr 0 00:00:00, Sys 0 00:00:00  -  Total Local Usage
	0  -  Run Bytes Sent By Job
	0  -  Run Bytes Received By Job
	0  -  Total Bytes Sent By Job
	0  -  Total Bytes Received By Job
	Partitionable Resources :    Usage  Request Allocated 
	   Cpus                 :                 1         1 
	   Disk (KB)            :        1        1  10853596 
	   Memory (MB)          :       12        1      4026 

	Job terminated of its own accord at 2024-04-26T01:09:51Z.
...
000 (983575.000.000) 2024-04-26 03:03:10 Job submitted from host: <128.83.120.183:9618?addrs=128.83.120.183-9618&alias=darmok.cs.utexas.edu&noUDP&sock=schedd_1353_9fba>
...
001 (983575.000.000) 2024-04-26 03:03:19 Job executing on host: <128.83.144.240:9618?addrs=128.83.144.240-9618&alias=angrist-13.cs.utexas.edu&noUDP&sock=startd_1643_8a31>
...
006 (983575.000.000) 2024-04-26 03:03:27 Image size of job updated: 11808
	12  -  MemoryUsage of job (MB)
	11808  -  ResidentSetSize of job (KB)
...
006 (983575.000.000) 2024-04-26 03:08:27 Image size of job updated: 36844
	12  -  MemoryUsage of job (MB)
	12184  -  ResidentSetSize of job (KB)
...
006 (983575.000.000) 2024-04-26 03:13:29 Image size of job updated: 37104
	13  -  MemoryUsage of job (MB)
	12520  -  ResidentSetSize of job (KB)
...
006 (983575.000.000) 2024-04-26 03:18:29 Image size of job updated: 37484
	13  -  MemoryUsage of job (MB)
	12844  -  ResidentSetSize of job (KB)
...
006 (983575.000.000) 2024-04-26 03:23:29 Image size of job updated: 37612
	13  -  MemoryUsage of job (MB)
	13004  -  ResidentSetSize of job (KB)
...
006 (983575.000.000) 2024-04-26 03:28:30 Image size of job updated: 37736
	13  -  MemoryUsage of job (MB)
	13180  -  ResidentSetSize of job (KB)
...
006 (983575.000.000) 2024-04-26 03:33:31 Image size of job updated: 37988
	14  -  MemoryUsage of job (MB)
	13352  -  ResidentSetSize of job (KB)
...
006 (983575.000.000) 2024-04-26 03:38:31 Image size of job updated: 38116
	14  -  MemoryUsage of job (MB)
	13528  -  ResidentSetSize of job (KB)
...
006 (983575.000.000) 2024-04-26 03:43:31 Image size of job updated: 38360
	14  -  MemoryUsage of job (MB)
	13712  -  ResidentSetSize of job (KB)
...
005 (983575.000.000) 2024-04-26 03:43:50 Job terminated.
	(1) Normal termination (return value 0)
		Usr 0 00:40:30, Sys 0 00:00:00  -  Run Remote Usage
		Usr 0 00:00:00, Sys 0 00:00:00  -  Run Local Usage
		Usr 0 00:40:30, Sys 0 00:00:00  -  Total Remote Usage
		Usr 0 00:00:00, Sys 0 00:00:00  -  Total Local Usage
	0  -  Run Bytes Sent By Job
	0  -  Run Bytes Received By Job
	0  -  Total Bytes Sent By Job
	0  -  Total Bytes Received By Job
	Partitionable Resources :    Usage  Request Allocated 
	   Cpus                 :     1.00        1         1 
	   Disk (KB)            :     1           1  10853596 
	   Memory (MB)          :    14         211      4026 

	Job terminated of its own accord at 2024-04-26T08:43:50Z.
...
000 (983946.000.000) 2024-04-26 05:06:31 Job submitted from host: <128.83.120.183:9618?addrs=128.83.120.183-9618&alias=darmok.cs.utexas.edu&noUDP&sock=schedd_1353_9fba>
...
001 (983946.000.000) 2024-04-26 05:06:41 Job executing on host: <128.83.144.211:9618?addrs=128.83.144.211-9618&alias=angrist-12.cs.utexas.edu&noUDP&sock=startd_1592_8edc>
...
006 (983946.000.000) 2024-04-26 05:06:49 Image size of job updated: 36464
	12  -  MemoryUsage of job (MB)
	11864  -  ResidentSetSize of job (KB)
...
005 (983946.000.000) 2024-04-26 05:06:53 Job terminated.
	(1) Normal termination (return value 0)
		Usr 0 00:00:10, Sys 0 00:00:00  -  Run Remote Usage
		Usr 0 00:00:00, Sys 0 00:00:00  -  Run Local Usage
		Usr 0 00:00:10, Sys 0 00:00:00  -  Total Remote Usage
		Usr 0 00:00:00, Sys 0 00:00:00  -  Total Local Usage
	0  -  Run Bytes Sent By Job
	0  -  Run Bytes Received By Job
	0  -  Total Bytes Sent By Job
	0  -  Total Bytes Received By Job
	Partitionable Resources :    Usage  Request Allocated 
	   Cpus                 :                 1         1 
	   Disk (KB)            :        1        1  10853596 
	   Memory (MB)          :       12        1      4026 

	Job terminated of its own accord at 2024-04-26T10:06:51Z.
...
