000 (982903.000.000) 2024-04-25 20:09:10 Job submitted from host: <128.83.120.183:9618?addrs=128.83.120.183-9618&alias=darmok.cs.utexas.edu&noUDP&sock=schedd_1353_9fba>
...
001 (982903.000.000) 2024-04-25 20:09:14 Job executing on host: <128.83.144.168:9618?addrs=128.83.144.168-9618&alias=angrist-10.cs.utexas.edu&noUDP&sock=startd_1611_9729>
...
006 (982903.000.000) 2024-04-25 20:09:23 Image size of job updated: 11724
	12  -  MemoryUsage of job (MB)
	11724  -  ResidentSetSize of job (KB)
...
005 (982903.000.000) 2024-04-25 20:09:24 Job terminated.
	(1) Normal termination (return value 0)
		Usr 0 00:00:09, Sys 0 00:00:00  -  Run Remote Usage
		Usr 0 00:00:00, Sys 0 00:00:00  -  Run Local Usage
		Usr 0 00:00:09, Sys 0 00:00:00  -  Total Remote Usage
		Usr 0 00:00:00, Sys 0 00:00:00  -  Total Local Usage
	0  -  Run Bytes Sent By Job
	0  -  Run Bytes Received By Job
	0  -  Total Bytes Sent By Job
	0  -  Total Bytes Received By Job
	Partitionable Resources :    Usage  Request Allocated 
	   Cpus                 :                 1         1 
	   Disk (KB)            :        1        1  10853596 
	   Memory (MB)          :       12        1      4026 

	Job terminated of its own accord at 2024-04-26T01:09:24Z.
...
000 (983541.000.000) 2024-04-26 03:03:06 Job submitted from host: <128.83.120.183:9618?addrs=128.83.120.183-9618&alias=darmok.cs.utexas.edu&noUDP&sock=schedd_1353_9fba>
...
001 (983541.000.000) 2024-04-26 03:03:16 Job executing on host: <128.83.139.147:9618?addrs=128.83.139.147-9618&alias=angrist-20.cs.utexas.edu&noUDP&sock=startd_1592_8edc>
...
006 (983541.000.000) 2024-04-26 03:03:24 Image size of job updated: 36328
	12  -  MemoryUsage of job (MB)
	11704  -  ResidentSetSize of job (KB)
...
006 (983541.000.000) 2024-04-26 03:08:24 Image size of job updated: 42700
	18  -  MemoryUsage of job (MB)
	18064  -  ResidentSetSize of job (KB)
...
006 (983541.000.000) 2024-04-26 03:13:25 Image size of job updated: 42832
	18  -  MemoryUsage of job (MB)
	18256  -  ResidentSetSize of job (KB)
...
006 (983541.000.000) 2024-04-26 03:18:26 Image size of job updated: 43092
	19  -  MemoryUsage of job (MB)
	18436  -  ResidentSetSize of job (KB)
...
006 (983541.000.000) 2024-04-26 03:23:26 Image size of job updated: 43092
	19  -  MemoryUsage of job (MB)
	18472  -  ResidentSetSize of job (KB)
...
006 (983541.000.000) 2024-04-26 03:28:27 Image size of job updated: 43220
	19  -  MemoryUsage of job (MB)
	18532  -  ResidentSetSize of job (KB)
...
006 (983541.000.000) 2024-04-26 03:33:28 Image size of job updated: 43220
	19  -  MemoryUsage of job (MB)
	18600  -  ResidentSetSize of job (KB)
...
006 (983541.000.000) 2024-04-26 03:38:28 Image size of job updated: 43348
	19  -  MemoryUsage of job (MB)
	18720  -  ResidentSetSize of job (KB)
...
006 (983541.000.000) 2024-04-26 03:43:28 Image size of job updated: 43476
	19  -  MemoryUsage of job (MB)
	18864  -  ResidentSetSize of job (KB)
...
006 (983541.000.000) 2024-04-26 03:48:29 Image size of job updated: 43604
	19  -  MemoryUsage of job (MB)
	19012  -  ResidentSetSize of job (KB)
...
006 (983541.000.000) 2024-04-26 03:53:30 Image size of job updated: 43728
	19  -  MemoryUsage of job (MB)
	19148  -  ResidentSetSize of job (KB)
...
006 (983541.000.000) 2024-04-26 03:58:30 Image size of job updated: 43856
	19  -  MemoryUsage of job (MB)
	19212  -  ResidentSetSize of job (KB)
...
006 (983541.000.000) 2024-04-26 04:03:31 Image size of job updated: 43856
	19  -  MemoryUsage of job (MB)
	19268  -  ResidentSetSize of job (KB)
...
006 (983541.000.000) 2024-04-26 04:08:32 Image size of job updated: 43980
	19  -  MemoryUsage of job (MB)
	19320  -  ResidentSetSize of job (KB)
...
006 (983541.000.000) 2024-04-26 04:13:32 Image size of job updated: 43980
	19  -  MemoryUsage of job (MB)
	19376  -  ResidentSetSize of job (KB)
...
006 (983541.000.000) 2024-04-26 04:18:32 Image size of job updated: 44108
	19  -  MemoryUsage of job (MB)
	19440  -  ResidentSetSize of job (KB)
...
006 (983541.000.000) 2024-04-26 04:23:33 Image size of job updated: 44108
	20  -  MemoryUsage of job (MB)
	19516  -  ResidentSetSize of job (KB)
...
006 (983541.000.000) 2024-04-26 04:28:33 Image size of job updated: 44236
	20  -  MemoryUsage of job (MB)
	19596  -  ResidentSetSize of job (KB)
...
006 (983541.000.000) 2024-04-26 04:33:33 Image size of job updated: 44236
	20  -  MemoryUsage of job (MB)
	19676  -  ResidentSetSize of job (KB)
...
006 (983541.000.000) 2024-04-26 04:37:02 Image size of job updated: 44364
	20  -  MemoryUsage of job (MB)
	19676  -  ResidentSetSize of job (KB)
...
005 (983541.000.000) 2024-04-26 04:37:02 Job terminated.
	(1) Normal termination (return value 0)
		Usr 0 01:33:44, Sys 0 00:00:00  -  Run Remote Usage
		Usr 0 00:00:00, Sys 0 00:00:00  -  Run Local Usage
		Usr 0 01:33:44, Sys 0 00:00:00  -  Total Remote Usage
		Usr 0 00:00:00, Sys 0 00:00:00  -  Total Local Usage
	0  -  Run Bytes Sent By Job
	0  -  Run Bytes Received By Job
	0  -  Total Bytes Sent By Job
	0  -  Total Bytes Received By Job
	Partitionable Resources :    Usage  Request Allocated 
	   Cpus                 :     1.00        1         1 
	   Disk (KB)            :     1           1  10853596 
	   Memory (MB)          :    20           1      4026 

	Job terminated of its own accord at 2024-04-26T09:37:02Z.
...
000 (983912.000.000) 2024-04-26 05:06:27 Job submitted from host: <128.83.120.183:9618?addrs=128.83.120.183-9618&alias=darmok.cs.utexas.edu&noUDP&sock=schedd_1353_9fba>
...
001 (983912.000.000) 2024-04-26 05:06:40 Job executing on host: <128.83.139.150:9618?addrs=128.83.139.150-9618&alias=angrist-23.cs.utexas.edu&noUDP&sock=startd_1604_c9ff>
...
006 (983912.000.000) 2024-04-26 05:06:49 Image size of job updated: 36332
	12  -  MemoryUsage of job (MB)
	11724  -  ResidentSetSize of job (KB)
...
005 (983912.000.000) 2024-04-26 05:06:51 Job terminated.
	(1) Normal termination (return value 0)
		Usr 0 00:00:09, Sys 0 00:00:00  -  Run Remote Usage
		Usr 0 00:00:00, Sys 0 00:00:00  -  Run Local Usage
		Usr 0 00:00:09, Sys 0 00:00:00  -  Total Remote Usage
		Usr 0 00:00:00, Sys 0 00:00:00  -  Total Local Usage
	0  -  Run Bytes Sent By Job
	0  -  Run Bytes Received By Job
	0  -  Total Bytes Sent By Job
	0  -  Total Bytes Received By Job
	Partitionable Resources :    Usage  Request Allocated 
	   Cpus                 :                 1         1 
	   Disk (KB)            :        1        1  10853594 
	   Memory (MB)          :       12        1      4026 

	Job terminated of its own accord at 2024-04-26T10:06:50Z.
...
