000 (982906.000.000) 2024-04-25 20:09:11 Job submitted from host: <128.83.120.183:9618?addrs=128.83.120.183-9618&alias=darmok.cs.utexas.edu&noUDP&sock=schedd_1353_9fba>
...
001 (982906.000.000) 2024-04-25 20:09:26 Job executing on host: <128.83.144.147:9618?addrs=128.83.144.147-9618&alias=oliphaunt-1.cs.utexas.edu&noUDP&sock=startd_1578_f489>
...
006 (982906.000.000) 2024-04-25 20:09:35 Image size of job updated: 36344
	12  -  MemoryUsage of job (MB)
	11784  -  ResidentSetSize of job (KB)
...
006 (982906.000.000) 2024-04-25 20:10:05 Image size of job updated: 36476
	12  -  MemoryUsage of job (MB)
	11784  -  ResidentSetSize of job (KB)
...
005 (982906.000.000) 2024-04-25 20:10:05 Job terminated.
	(1) Normal termination (return value 0)
		Usr 0 00:00:38, Sys 0 00:00:00  -  Run Remote Usage
		Usr 0 00:00:00, Sys 0 00:00:00  -  Run Local Usage
		Usr 0 00:00:38, Sys 0 00:00:00  -  Total Remote Usage
		Usr 0 00:00:00, Sys 0 00:00:00  -  Total Local Usage
	0  -  Run Bytes Sent By Job
	0  -  Run Bytes Received By Job
	0  -  Total Bytes Sent By Job
	0  -  Total Bytes Received By Job
	Partitionable Resources :    Usage  Request Allocated 
	   Cpus                 :                 1         1 
	   Disk (KB)            :        1        1  18498544 
	   Memory (MB)          :       12        1     24186 

	Job terminated of its own accord at 2024-04-26T01:10:05Z.
...
000 (983544.000.000) 2024-04-26 03:03:06 Job submitted from host: <128.83.120.183:9618?addrs=128.83.120.183-9618&alias=darmok.cs.utexas.edu&noUDP&sock=schedd_1353_9fba>
...
001 (983544.000.000) 2024-04-26 03:03:18 Job executing on host: <128.83.139.150:9618?addrs=128.83.139.150-9618&alias=angrist-23.cs.utexas.edu&noUDP&sock=startd_1604_c9ff>
...
006 (983544.000.000) 2024-04-26 03:03:26 Image size of job updated: 36348
	12  -  MemoryUsage of job (MB)
	11736  -  ResidentSetSize of job (KB)
...
006 (983544.000.000) 2024-04-26 03:08:26 Image size of job updated: 36992
	13  -  MemoryUsage of job (MB)
	12380  -  ResidentSetSize of job (KB)
...
006 (983544.000.000) 2024-04-26 03:13:26 Image size of job updated: 37772
	13  -  MemoryUsage of job (MB)
	13188  -  ResidentSetSize of job (KB)
...
006 (983544.000.000) 2024-04-26 03:18:27 Image size of job updated: 38292
	14  -  MemoryUsage of job (MB)
	13640  -  ResidentSetSize of job (KB)
...
006 (983544.000.000) 2024-04-26 03:23:28 Image size of job updated: 38292
	14  -  MemoryUsage of job (MB)
	13716  -  ResidentSetSize of job (KB)
...
006 (983544.000.000) 2024-04-26 03:28:28 Image size of job updated: 38420
	14  -  MemoryUsage of job (MB)
	13780  -  ResidentSetSize of job (KB)
...
006 (983544.000.000) 2024-04-26 03:33:29 Image size of job updated: 38420
	14  -  MemoryUsage of job (MB)
	13852  -  ResidentSetSize of job (KB)
...
006 (983544.000.000) 2024-04-26 03:38:30 Image size of job updated: 38548
	14  -  MemoryUsage of job (MB)
	13920  -  ResidentSetSize of job (KB)
...
006 (983544.000.000) 2024-04-26 03:43:30 Image size of job updated: 38676
	14  -  MemoryUsage of job (MB)
	13992  -  ResidentSetSize of job (KB)
...
006 (983544.000.000) 2024-04-26 03:48:30 Image size of job updated: 38676
	14  -  MemoryUsage of job (MB)
	14064  -  ResidentSetSize of job (KB)
...
006 (983544.000.000) 2024-04-26 03:53:31 Image size of job updated: 38804
	14  -  MemoryUsage of job (MB)
	14152  -  ResidentSetSize of job (KB)
...
006 (983544.000.000) 2024-04-26 03:58:32 Image size of job updated: 38804
	14  -  MemoryUsage of job (MB)
	14240  -  ResidentSetSize of job (KB)
...
006 (983544.000.000) 2024-04-26 04:03:32 Image size of job updated: 38932
	14  -  MemoryUsage of job (MB)
	14336  -  ResidentSetSize of job (KB)
...
006 (983544.000.000) 2024-04-26 04:08:33 Image size of job updated: 39064
	15  -  MemoryUsage of job (MB)
	14436  -  ResidentSetSize of job (KB)
...
006 (983544.000.000) 2024-04-26 04:13:34 Image size of job updated: 39192
	15  -  MemoryUsage of job (MB)
	14564  -  ResidentSetSize of job (KB)
...
006 (983544.000.000) 2024-04-26 04:18:34 Image size of job updated: 39320
	15  -  MemoryUsage of job (MB)
	14712  -  ResidentSetSize of job (KB)
...
006 (983544.000.000) 2024-04-26 04:23:34 Image size of job updated: 39448
	15  -  MemoryUsage of job (MB)
	14868  -  ResidentSetSize of job (KB)
...
006 (983544.000.000) 2024-04-26 04:28:35 Image size of job updated: 39580
	15  -  MemoryUsage of job (MB)
	15024  -  ResidentSetSize of job (KB)
...
006 (983544.000.000) 2024-04-26 04:33:36 Image size of job updated: 39836
	15  -  MemoryUsage of job (MB)
	15172  -  ResidentSetSize of job (KB)
...
006 (983544.000.000) 2024-04-26 04:38:36 Image size of job updated: 39964
	15  -  MemoryUsage of job (MB)
	15324  -  ResidentSetSize of job (KB)
...
005 (983544.000.000) 2024-04-26 04:40:27 Job terminated.
	(1) Normal termination (return value 0)
		Usr 0 01:37:08, Sys 0 00:00:00  -  Run Remote Usage
		Usr 0 00:00:00, Sys 0 00:00:00  -  Run Local Usage
		Usr 0 01:37:08, Sys 0 00:00:00  -  Total Remote Usage
		Usr 0 00:00:00, Sys 0 00:00:00  -  Total Local Usage
	0  -  Run Bytes Sent By Job
	0  -  Run Bytes Received By Job
	0  -  Total Bytes Sent By Job
	0  -  Total Bytes Received By Job
	Partitionable Resources :    Usage  Request Allocated 
	   Cpus                 :     1.00        1         1 
	   Disk (KB)            :     1           1  10853594 
	   Memory (MB)          :    15         140      4026 

	Job terminated of its own accord at 2024-04-26T09:40:27Z.
...
000 (983915.000.000) 2024-04-26 05:06:27 Job submitted from host: <128.83.120.183:9618?addrs=128.83.120.183-9618&alias=darmok.cs.utexas.edu&noUDP&sock=schedd_1353_9fba>
...
001 (983915.000.000) 2024-04-26 05:06:37 Job executing on host: <128.83.139.143:9618?addrs=128.83.139.143-9618&alias=angrist-16.cs.utexas.edu&noUDP&sock=startd_1598_ac6e>
...
006 (983915.000.000) 2024-04-26 05:06:46 Image size of job updated: 36348
	12  -  MemoryUsage of job (MB)
	11812  -  ResidentSetSize of job (KB)
...
006 (983915.000.000) 2024-04-26 05:07:09 Image size of job updated: 36480
	12  -  MemoryUsage of job (MB)
	11812  -  ResidentSetSize of job (KB)
...
005 (983915.000.000) 2024-04-26 05:07:09 Job terminated.
	(1) Normal termination (return value 0)
		Usr 0 00:00:31, Sys 0 00:00:00  -  Run Remote Usage
		Usr 0 00:00:00, Sys 0 00:00:00  -  Run Local Usage
		Usr 0 00:00:31, Sys 0 00:00:00  -  Total Remote Usage
		Usr 0 00:00:00, Sys 0 00:00:00  -  Total Local Usage
	0  -  Run Bytes Sent By Job
	0  -  Run Bytes Received By Job
	0  -  Total Bytes Sent By Job
	0  -  Total Bytes Received By Job
	Partitionable Resources :    Usage  Request Allocated 
	   Cpus                 :                 1         1 
	   Disk (KB)            :        1        1  10853596 
	   Memory (MB)          :       12        1      4026 

	Job terminated of its own accord at 2024-04-26T10:07:09Z.
...
