000 (982907.000.000) 2024-04-25 20:09:11 Job submitted from host: <128.83.120.183:9618?addrs=128.83.120.183-9618&alias=darmok.cs.utexas.edu&noUDP&sock=schedd_1353_9fba>
...
001 (982907.000.000) 2024-04-25 20:09:27 Job executing on host: <128.83.130.161:9618?addrs=128.83.130.161-9618&alias=oliphaunt-2.cs.utexas.edu&noUDP&sock=startd_1594_ee0d>
...
006 (982907.000.000) 2024-04-25 20:09:35 Image size of job updated: 36360
	12  -  MemoryUsage of job (MB)
	11780  -  ResidentSetSize of job (KB)
...
006 (982907.000.000) 2024-04-25 20:10:05 Image size of job updated: 36488
	12  -  MemoryUsage of job (MB)
	11780  -  ResidentSetSize of job (KB)
...
005 (982907.000.000) 2024-04-25 20:10:05 Job terminated.
	(1) Normal termination (return value 0)
		Usr 0 00:00:38, Sys 0 00:00:00  -  Run Remote Usage
		Usr 0 00:00:00, Sys 0 00:00:00  -  Run Local Usage
		Usr 0 00:00:38, Sys 0 00:00:00  -  Total Remote Usage
		Usr 0 00:00:00, Sys 0 00:00:00  -  Total Local Usage
	0  -  Run Bytes Sent By Job
	0  -  Run Bytes Received By Job
	0  -  Total Bytes Sent By Job
	0  -  Total Bytes Received By Job
	Partitionable Resources :    Usage  Request Allocated 
	   Cpus                 :                 1         1 
	   Disk (KB)            :        1        1  18498544 
	   Memory (MB)          :       12        1     24186 

	Job terminated of its own accord at 2024-04-26T01:10:05Z.
...
000 (983545.000.000) 2024-04-26 03:03:07 Job submitted from host: <128.83.120.183:9618?addrs=128.83.120.183-9618&alias=darmok.cs.utexas.edu&noUDP&sock=schedd_1353_9fba>
...
001 (983545.000.000) 2024-04-26 03:03:20 Job executing on host: <128.83.139.147:9618?addrs=128.83.139.147-9618&alias=angrist-20.cs.utexas.edu&noUDP&sock=startd_1592_8edc>
...
006 (983545.000.000) 2024-04-26 03:03:28 Image size of job updated: 36356
	12  -  MemoryUsage of job (MB)
	11748  -  ResidentSetSize of job (KB)
...
006 (983545.000.000) 2024-04-26 03:08:28 Image size of job updated: 37124
	13  -  MemoryUsage of job (MB)
	12572  -  ResidentSetSize of job (KB)
...
006 (983545.000.000) 2024-04-26 03:13:29 Image size of job updated: 37776
	13  -  MemoryUsage of job (MB)
	13212  -  ResidentSetSize of job (KB)
...
006 (983545.000.000) 2024-04-26 03:18:30 Image size of job updated: 38296
	14  -  MemoryUsage of job (MB)
	13700  -  ResidentSetSize of job (KB)
...
006 (983545.000.000) 2024-04-26 03:23:30 Image size of job updated: 38424
	14  -  MemoryUsage of job (MB)
	13764  -  ResidentSetSize of job (KB)
...
006 (983545.000.000) 2024-04-26 03:28:30 Image size of job updated: 38424
	14  -  MemoryUsage of job (MB)
	13840  -  ResidentSetSize of job (KB)
...
006 (983545.000.000) 2024-04-26 03:33:31 Image size of job updated: 38552
	14  -  MemoryUsage of job (MB)
	13904  -  ResidentSetSize of job (KB)
...
006 (983545.000.000) 2024-04-26 03:38:32 Image size of job updated: 38552
	14  -  MemoryUsage of job (MB)
	13996  -  ResidentSetSize of job (KB)
...
006 (983545.000.000) 2024-04-26 03:43:32 Image size of job updated: 38680
	14  -  MemoryUsage of job (MB)
	14088  -  ResidentSetSize of job (KB)
...
006 (983545.000.000) 2024-04-26 03:48:33 Image size of job updated: 38808
	14  -  MemoryUsage of job (MB)
	14176  -  ResidentSetSize of job (KB)
...
006 (983545.000.000) 2024-04-26 03:53:34 Image size of job updated: 38936
	14  -  MemoryUsage of job (MB)
	14280  -  ResidentSetSize of job (KB)
...
006 (983545.000.000) 2024-04-26 03:58:34 Image size of job updated: 38936
	15  -  MemoryUsage of job (MB)
	14376  -  ResidentSetSize of job (KB)
...
006 (983545.000.000) 2024-04-26 04:03:34 Image size of job updated: 39064
	15  -  MemoryUsage of job (MB)
	14472  -  ResidentSetSize of job (KB)
...
006 (983545.000.000) 2024-04-26 04:08:35 Image size of job updated: 39192
	15  -  MemoryUsage of job (MB)
	14560  -  ResidentSetSize of job (KB)
...
006 (983545.000.000) 2024-04-26 04:13:35 Image size of job updated: 39320
	15  -  MemoryUsage of job (MB)
	14668  -  ResidentSetSize of job (KB)
...
006 (983545.000.000) 2024-04-26 04:18:35 Image size of job updated: 39448
	15  -  MemoryUsage of job (MB)
	14776  -  ResidentSetSize of job (KB)
...
006 (983545.000.000) 2024-04-26 04:23:36 Image size of job updated: 39576
	15  -  MemoryUsage of job (MB)
	14896  -  ResidentSetSize of job (KB)
...
006 (983545.000.000) 2024-04-26 04:28:37 Image size of job updated: 39576
	15  -  MemoryUsage of job (MB)
	15024  -  ResidentSetSize of job (KB)
...
006 (983545.000.000) 2024-04-26 04:33:37 Image size of job updated: 39836
	15  -  MemoryUsage of job (MB)
	15176  -  ResidentSetSize of job (KB)
...
006 (983545.000.000) 2024-04-26 04:38:37 Image size of job updated: 39964
	15  -  MemoryUsage of job (MB)
	15332  -  ResidentSetSize of job (KB)
...
006 (983545.000.000) 2024-04-26 04:41:11 Image size of job updated: 40092
	15  -  MemoryUsage of job (MB)
	15332  -  ResidentSetSize of job (KB)
...
005 (983545.000.000) 2024-04-26 04:41:11 Job terminated.
	(1) Normal termination (return value 0)
		Usr 0 01:37:51, Sys 0 00:00:00  -  Run Remote Usage
		Usr 0 00:00:00, Sys 0 00:00:00  -  Run Local Usage
		Usr 0 01:37:51, Sys 0 00:00:00  -  Total Remote Usage
		Usr 0 00:00:00, Sys 0 00:00:00  -  Total Local Usage
	0  -  Run Bytes Sent By Job
	0  -  Run Bytes Received By Job
	0  -  Total Bytes Sent By Job
	0  -  Total Bytes Received By Job
	Partitionable Resources :    Usage  Request Allocated 
	   Cpus                 :     1.00        1         1 
	   Disk (KB)            :     1           1  10853596 
	   Memory (MB)          :    15           1      4026 

	Job terminated of its own accord at 2024-04-26T09:41:11Z.
...
000 (983916.000.000) 2024-04-26 05:06:27 Job submitted from host: <128.83.120.183:9618?addrs=128.83.120.183-9618&alias=darmok.cs.utexas.edu&noUDP&sock=schedd_1353_9fba>
...
001 (983916.000.000) 2024-04-26 05:06:40 Job executing on host: <128.83.139.147:9618?addrs=128.83.139.147-9618&alias=angrist-20.cs.utexas.edu&noUDP&sock=startd_1592_8edc>
...
006 (983916.000.000) 2024-04-26 05:06:49 Image size of job updated: 36356
	12  -  MemoryUsage of job (MB)
	11808  -  ResidentSetSize of job (KB)
...
006 (983916.000.000) 2024-04-26 05:07:12 Image size of job updated: 36484
	12  -  MemoryUsage of job (MB)
	11808  -  ResidentSetSize of job (KB)
...
005 (983916.000.000) 2024-04-26 05:07:13 Job terminated.
	(1) Normal termination (return value 0)
		Usr 0 00:00:31, Sys 0 00:00:00  -  Run Remote Usage
		Usr 0 00:00:00, Sys 0 00:00:00  -  Run Local Usage
		Usr 0 00:00:31, Sys 0 00:00:00  -  Total Remote Usage
		Usr 0 00:00:00, Sys 0 00:00:00  -  Total Local Usage
	0  -  Run Bytes Sent By Job
	0  -  Run Bytes Received By Job
	0  -  Total Bytes Sent By Job
	0  -  Total Bytes Received By Job
	Partitionable Resources :    Usage  Request Allocated 
	   Cpus                 :                 1         1 
	   Disk (KB)            :        1        1  10853596 
	   Memory (MB)          :       12        1      4026 

	Job terminated of its own accord at 2024-04-26T10:07:12Z.
...
