000 (982921.000.000) 2024-04-25 20:09:16 Job submitted from host: <128.83.120.183:9618?addrs=128.83.120.183-9618&alias=darmok.cs.utexas.edu&noUDP&sock=schedd_1353_9fba>
...
001 (982921.000.000) 2024-04-25 20:09:32 Job executing on host: <128.83.144.211:9618?addrs=128.83.144.211-9618&alias=angrist-12.cs.utexas.edu&noUDP&sock=startd_1592_8edc>
...
006 (982921.000.000) 2024-04-25 20:09:40 Image size of job updated: 36328
	13  -  MemoryUsage of job (MB)
	13112  -  ResidentSetSize of job (KB)
...
006 (982921.000.000) 2024-04-25 20:09:58 Image size of job updated: 37780
	13  -  MemoryUsage of job (MB)
	13112  -  ResidentSetSize of job (KB)
...
005 (982921.000.000) 2024-04-25 20:09:59 Job terminated.
	(1) Normal termination (return value 0)
		Usr 0 00:00:26, Sys 0 00:00:00  -  Run Remote Usage
		Usr 0 00:00:00, Sys 0 00:00:00  -  Run Local Usage
		Usr 0 00:00:26, Sys 0 00:00:00  -  Total Remote Usage
		Usr 0 00:00:00, Sys 0 00:00:00  -  Total Local Usage
	0  -  Run Bytes Sent By Job
	0  -  Run Bytes Received By Job
	0  -  Total Bytes Sent By Job
	0  -  Total Bytes Received By Job
	Partitionable Resources :    Usage  Request Allocated 
	   Cpus                 :     1.01        1         1 
	   Disk (KB)            :     1           1  10853596 
	   Memory (MB)          :    13           1      4026 

	Job terminated of its own accord at 2024-04-26T01:09:59Z.
...
000 (983559.000.000) 2024-04-26 03:03:08 Job submitted from host: <128.83.120.183:9618?addrs=128.83.120.183-9618&alias=darmok.cs.utexas.edu&noUDP&sock=schedd_1353_9fba>
...
001 (983559.000.000) 2024-04-26 03:03:18 Job executing on host: <128.83.139.141:9618?addrs=128.83.139.141-9618&alias=angrist-14.cs.utexas.edu&noUDP&sock=startd_1625_317d>
...
006 (983559.000.000) 2024-04-26 03:03:27 Image size of job updated: 36328
	13  -  MemoryUsage of job (MB)
	13092  -  ResidentSetSize of job (KB)
...
006 (983559.000.000) 2024-04-26 03:08:28 Image size of job updated: 37780
	13  -  MemoryUsage of job (MB)
	13112  -  ResidentSetSize of job (KB)
...
006 (983559.000.000) 2024-04-26 03:13:28 Image size of job updated: 37780
	13  -  MemoryUsage of job (MB)
	13128  -  ResidentSetSize of job (KB)
...
006 (983559.000.000) 2024-04-26 03:18:28 Image size of job updated: 37780
	13  -  MemoryUsage of job (MB)
	13196  -  ResidentSetSize of job (KB)
...
006 (983559.000.000) 2024-04-26 03:23:29 Image size of job updated: 37780
	13  -  MemoryUsage of job (MB)
	13200  -  ResidentSetSize of job (KB)
...
006 (983559.000.000) 2024-04-26 03:28:30 Image size of job updated: 37780
	13  -  MemoryUsage of job (MB)
	13208  -  ResidentSetSize of job (KB)
...
006 (983559.000.000) 2024-04-26 03:33:30 Image size of job updated: 37780
	13  -  MemoryUsage of job (MB)
	13212  -  ResidentSetSize of job (KB)
...
006 (983559.000.000) 2024-04-26 03:38:31 Image size of job updated: 37780
	13  -  MemoryUsage of job (MB)
	13216  -  ResidentSetSize of job (KB)
...
006 (983559.000.000) 2024-04-26 03:43:32 Image size of job updated: 37904
	13  -  MemoryUsage of job (MB)
	13220  -  ResidentSetSize of job (KB)
...
006 (983559.000.000) 2024-04-26 03:48:32 Image size of job updated: 37904
	13  -  MemoryUsage of job (MB)
	13224  -  ResidentSetSize of job (KB)
...
005 (983559.000.000) 2024-04-26 03:52:02 Job terminated.
	(1) Normal termination (return value 0)
		Usr 0 00:48:42, Sys 0 00:00:00  -  Run Remote Usage
		Usr 0 00:00:00, Sys 0 00:00:00  -  Run Local Usage
		Usr 0 00:48:42, Sys 0 00:00:00  -  Total Remote Usage
		Usr 0 00:00:00, Sys 0 00:00:00  -  Total Local Usage
	0  -  Run Bytes Sent By Job
	0  -  Run Bytes Received By Job
	0  -  Total Bytes Sent By Job
	0  -  Total Bytes Received By Job
	Partitionable Resources :    Usage  Request Allocated 
	   Cpus                 :     1.00        1         1 
	   Disk (KB)            :     1           1  10853596 
	   Memory (MB)          :    13         832      4026 

	Job terminated of its own accord at 2024-04-26T08:52:01Z.
...
000 (983930.000.000) 2024-04-26 05:06:29 Job submitted from host: <128.83.120.183:9618?addrs=128.83.120.183-9618&alias=darmok.cs.utexas.edu&noUDP&sock=schedd_1353_9fba>
...
001 (983930.000.000) 2024-04-26 05:06:40 Job executing on host: <128.83.144.168:9618?addrs=128.83.144.168-9618&alias=angrist-10.cs.utexas.edu&noUDP&sock=startd_1611_9729>
...
006 (983930.000.000) 2024-04-26 05:06:49 Image size of job updated: 37784
	13  -  MemoryUsage of job (MB)
	13140  -  ResidentSetSize of job (KB)
...
005 (983930.000.000) 2024-04-26 05:07:01 Job terminated.
	(1) Normal termination (return value 0)
		Usr 0 00:00:20, Sys 0 00:00:00  -  Run Remote Usage
		Usr 0 00:00:00, Sys 0 00:00:00  -  Run Local Usage
		Usr 0 00:00:20, Sys 0 00:00:00  -  Total Remote Usage
		Usr 0 00:00:00, Sys 0 00:00:00  -  Total Local Usage
	0  -  Run Bytes Sent By Job
	0  -  Run Bytes Received By Job
	0  -  Total Bytes Sent By Job
	0  -  Total Bytes Received By Job
	Partitionable Resources :    Usage  Request Allocated 
	   Cpus                 :                 1         1 
	   Disk (KB)            :        1        1  10853596 
	   Memory (MB)          :       13        1      4026 

	Job terminated of its own accord at 2024-04-26T10:07:01Z.
...
