000 (982922.000.000) 2024-04-25 20:09:17 Job submitted from host: <128.83.120.183:9618?addrs=128.83.120.183-9618&alias=darmok.cs.utexas.edu&noUDP&sock=schedd_1353_9fba>
...
001 (982922.000.000) 2024-04-25 20:09:33 Job executing on host: <128.83.144.211:9618?addrs=128.83.144.211-9618&alias=angrist-12.cs.utexas.edu&noUDP&sock=startd_1592_8edc>
...
006 (982922.000.000) 2024-04-25 20:09:41 Image size of job updated: 36332
	12  -  MemoryUsage of job (MB)
	12060  -  ResidentSetSize of job (KB)
...
006 (982922.000.000) 2024-04-25 20:09:58 Image size of job updated: 36848
	12  -  MemoryUsage of job (MB)
	12060  -  ResidentSetSize of job (KB)
...
005 (982922.000.000) 2024-04-25 20:09:58 Job terminated.
	(1) Normal termination (return value 0)
		Usr 0 00:00:25, Sys 0 00:00:00  -  Run Remote Usage
		Usr 0 00:00:00, Sys 0 00:00:00  -  Run Local Usage
		Usr 0 00:00:25, Sys 0 00:00:00  -  Total Remote Usage
		Usr 0 00:00:00, Sys 0 00:00:00  -  Total Local Usage
	0  -  Run Bytes Sent By Job
	0  -  Run Bytes Received By Job
	0  -  Total Bytes Sent By Job
	0  -  Total Bytes Received By Job
	Partitionable Resources :    Usage  Request Allocated 
	   Cpus                 :     0.42        1         1 
	   Disk (KB)            :     1           1  10853596 
	   Memory (MB)          :    12           1      4026 

	Job terminated of its own accord at 2024-04-26T01:09:58Z.
...
000 (983560.000.000) 2024-04-26 03:03:09 Job submitted from host: <128.83.120.183:9618?addrs=128.83.120.183-9618&alias=darmok.cs.utexas.edu&noUDP&sock=schedd_1353_9fba>
...
001 (983560.000.000) 2024-04-26 03:03:20 Job executing on host: <128.83.139.142:9618?addrs=128.83.139.142-9618&alias=angrist-15.cs.utexas.edu&noUDP&sock=startd_1598_ac6e>
...
006 (983560.000.000) 2024-04-26 03:03:28 Image size of job updated: 36456
	12  -  MemoryUsage of job (MB)
	12000  -  ResidentSetSize of job (KB)
...
006 (983560.000.000) 2024-04-26 03:08:28 Image size of job updated: 38636
	14  -  MemoryUsage of job (MB)
	14068  -  ResidentSetSize of job (KB)
...
006 (983560.000.000) 2024-04-26 03:13:29 Image size of job updated: 39276
	15  -  MemoryUsage of job (MB)
	14596  -  ResidentSetSize of job (KB)
...
006 (983560.000.000) 2024-04-26 03:18:30 Image size of job updated: 39400
	15  -  MemoryUsage of job (MB)
	14756  -  ResidentSetSize of job (KB)
...
006 (983560.000.000) 2024-04-26 03:23:30 Image size of job updated: 39400
	15  -  MemoryUsage of job (MB)
	14800  -  ResidentSetSize of job (KB)
...
006 (983560.000.000) 2024-04-26 03:28:31 Image size of job updated: 39524
	15  -  MemoryUsage of job (MB)
	14844  -  ResidentSetSize of job (KB)
...
006 (983560.000.000) 2024-04-26 03:33:32 Image size of job updated: 39524
	15  -  MemoryUsage of job (MB)
	14864  -  ResidentSetSize of job (KB)
...
006 (983560.000.000) 2024-04-26 03:38:32 Image size of job updated: 39524
	15  -  MemoryUsage of job (MB)
	14892  -  ResidentSetSize of job (KB)
...
006 (983560.000.000) 2024-04-26 03:43:32 Image size of job updated: 39524
	15  -  MemoryUsage of job (MB)
	14912  -  ResidentSetSize of job (KB)
...
006 (983560.000.000) 2024-04-26 03:48:33 Image size of job updated: 39524
	15  -  MemoryUsage of job (MB)
	14932  -  ResidentSetSize of job (KB)
...
006 (983560.000.000) 2024-04-26 03:53:34 Image size of job updated: 39524
	15  -  MemoryUsage of job (MB)
	14956  -  ResidentSetSize of job (KB)
...
006 (983560.000.000) 2024-04-26 03:58:34 Image size of job updated: 39644
	15  -  MemoryUsage of job (MB)
	14984  -  ResidentSetSize of job (KB)
...
005 (983560.000.000) 2024-04-26 04:03:13 Job terminated.
	(1) Normal termination (return value 0)
		Usr 0 00:59:51, Sys 0 00:00:00  -  Run Remote Usage
		Usr 0 00:00:00, Sys 0 00:00:00  -  Run Local Usage
		Usr 0 00:59:51, Sys 0 00:00:00  -  Total Remote Usage
		Usr 0 00:00:00, Sys 0 00:00:00  -  Total Local Usage
	0  -  Run Bytes Sent By Job
	0  -  Run Bytes Received By Job
	0  -  Total Bytes Sent By Job
	0  -  Total Bytes Received By Job
	Partitionable Resources :    Usage  Request Allocated 
	   Cpus                 :     1.00        1         1 
	   Disk (KB)            :     1           1  10853596 
	   Memory (MB)          :    15           1      4026 

	Job terminated of its own accord at 2024-04-26T09:03:13Z.
...
000 (983931.000.000) 2024-04-26 05:06:29 Job submitted from host: <128.83.120.183:9618?addrs=128.83.120.183-9618&alias=darmok.cs.utexas.edu&noUDP&sock=schedd_1353_9fba>
...
001 (983931.000.000) 2024-04-26 05:06:42 Job executing on host: <128.83.144.211:9618?addrs=128.83.144.211-9618&alias=angrist-12.cs.utexas.edu&noUDP&sock=startd_1592_8edc>
...
006 (983931.000.000) 2024-04-26 05:06:50 Image size of job updated: 36332
	12  -  MemoryUsage of job (MB)
	12088  -  ResidentSetSize of job (KB)
...
006 (983931.000.000) 2024-04-26 05:07:02 Image size of job updated: 36848
	12  -  MemoryUsage of job (MB)
	12088  -  ResidentSetSize of job (KB)
...
005 (983931.000.000) 2024-04-26 05:07:02 Job terminated.
	(1) Normal termination (return value 0)
		Usr 0 00:00:20, Sys 0 00:00:00  -  Run Remote Usage
		Usr 0 00:00:00, Sys 0 00:00:00  -  Run Local Usage
		Usr 0 00:00:20, Sys 0 00:00:00  -  Total Remote Usage
		Usr 0 00:00:00, Sys 0 00:00:00  -  Total Local Usage
	0  -  Run Bytes Sent By Job
	0  -  Run Bytes Received By Job
	0  -  Total Bytes Sent By Job
	0  -  Total Bytes Received By Job
	Partitionable Resources :    Usage  Request Allocated 
	   Cpus                 :                 1         1 
	   Disk (KB)            :        1        1  10853596 
	   Memory (MB)          :       12        1      4026 

	Job terminated of its own accord at 2024-04-26T10:07:02Z.
...
