000 (982929.000.000) 2024-04-25 20:09:18 Job submitted from host: <128.83.120.183:9618?addrs=128.83.120.183-9618&alias=darmok.cs.utexas.edu&noUDP&sock=schedd_1353_9fba>
...
001 (982929.000.000) 2024-04-25 20:09:33 Job executing on host: <128.83.144.240:9618?addrs=128.83.144.240-9618&alias=angrist-13.cs.utexas.edu&noUDP&sock=startd_1643_8a31>
...
006 (982929.000.000) 2024-04-25 20:09:42 Image size of job updated: 36456
	12  -  MemoryUsage of job (MB)
	11860  -  ResidentSetSize of job (KB)
...
006 (982929.000.000) 2024-04-25 20:09:51 Image size of job updated: 36584
	12  -  MemoryUsage of job (MB)
	11860  -  ResidentSetSize of job (KB)
...
005 (982929.000.000) 2024-04-25 20:09:52 Job terminated.
	(1) Normal termination (return value 0)
		Usr 0 00:00:18, Sys 0 00:00:00  -  Run Remote Usage
		Usr 0 00:00:00, Sys 0 00:00:00  -  Run Local Usage
		Usr 0 00:00:18, Sys 0 00:00:00  -  Total Remote Usage
		Usr 0 00:00:00, Sys 0 00:00:00  -  Total Local Usage
	0  -  Run Bytes Sent By Job
	0  -  Run Bytes Received By Job
	0  -  Total Bytes Sent By Job
	0  -  Total Bytes Received By Job
	Partitionable Resources :    Usage  Request Allocated 
	   Cpus                 :                 1         1 
	   Disk (KB)            :        1        1  10853596 
	   Memory (MB)          :       12        1      4026 

	Job terminated of its own accord at 2024-04-26T01:09:51Z.
...
000 (983567.000.000) 2024-04-26 03:03:09 Job submitted from host: <128.83.120.183:9618?addrs=128.83.120.183-9618&alias=darmok.cs.utexas.edu&noUDP&sock=schedd_1353_9fba>
...
001 (983567.000.000) 2024-04-26 03:03:19 Job executing on host: <128.83.144.240:9618?addrs=128.83.144.240-9618&alias=angrist-13.cs.utexas.edu&noUDP&sock=startd_1643_8a31>
...
006 (983567.000.000) 2024-04-26 03:03:27 Image size of job updated: 36328
	12  -  MemoryUsage of job (MB)
	11796  -  ResidentSetSize of job (KB)
...
006 (983567.000.000) 2024-04-26 03:08:27 Image size of job updated: 36588
	12  -  MemoryUsage of job (MB)
	11968  -  ResidentSetSize of job (KB)
...
006 (983567.000.000) 2024-04-26 03:13:27 Image size of job updated: 36588
	12  -  MemoryUsage of job (MB)
	12012  -  ResidentSetSize of job (KB)
...
006 (983567.000.000) 2024-04-26 03:18:28 Image size of job updated: 36716
	12  -  MemoryUsage of job (MB)
	12052  -  ResidentSetSize of job (KB)
...
006 (983567.000.000) 2024-04-26 03:23:29 Image size of job updated: 36716
	12  -  MemoryUsage of job (MB)
	12056  -  ResidentSetSize of job (KB)
...
006 (983567.000.000) 2024-04-26 03:28:29 Image size of job updated: 36716
	12  -  MemoryUsage of job (MB)
	12060  -  ResidentSetSize of job (KB)
...
006 (983567.000.000) 2024-04-26 03:33:30 Image size of job updated: 36716
	12  -  MemoryUsage of job (MB)
	12068  -  ResidentSetSize of job (KB)
...
005 (983567.000.000) 2024-04-26 03:53:10 Job terminated.
	(1) Normal termination (return value 0)
		Usr 0 00:49:50, Sys 0 00:00:00  -  Run Remote Usage
		Usr 0 00:00:00, Sys 0 00:00:00  -  Run Local Usage
		Usr 0 00:49:50, Sys 0 00:00:00  -  Total Remote Usage
		Usr 0 00:00:00, Sys 0 00:00:00  -  Total Local Usage
	0  -  Run Bytes Sent By Job
	0  -  Run Bytes Received By Job
	0  -  Total Bytes Sent By Job
	0  -  Total Bytes Received By Job
	Partitionable Resources :    Usage  Request Allocated 
	   Cpus                 :     1.00        1         1 
	   Disk (KB)            :     1           1  10853596 
	   Memory (MB)          :    12         256      4026 

	Job terminated of its own accord at 2024-04-26T08:53:10Z.
...
000 (983938.000.000) 2024-04-26 05:06:30 Job submitted from host: <128.83.120.183:9618?addrs=128.83.120.183-9618&alias=darmok.cs.utexas.edu&noUDP&sock=schedd_1353_9fba>
...
001 (983938.000.000) 2024-04-26 05:06:41 Job executing on host: <128.83.139.150:9618?addrs=128.83.139.150-9618&alias=angrist-23.cs.utexas.edu&noUDP&sock=startd_1604_c9ff>
...
006 (983938.000.000) 2024-04-26 05:06:49 Image size of job updated: 36332
	12  -  MemoryUsage of job (MB)
	11832  -  ResidentSetSize of job (KB)
...
006 (983938.000.000) 2024-04-26 05:07:04 Image size of job updated: 36460
	12  -  MemoryUsage of job (MB)
	11832  -  ResidentSetSize of job (KB)
...
005 (983938.000.000) 2024-04-26 05:07:05 Job terminated.
	(1) Normal termination (return value 0)
		Usr 0 00:00:23, Sys 0 00:00:00  -  Run Remote Usage
		Usr 0 00:00:00, Sys 0 00:00:00  -  Run Local Usage
		Usr 0 00:00:23, Sys 0 00:00:00  -  Total Remote Usage
		Usr 0 00:00:00, Sys 0 00:00:00  -  Total Local Usage
	0  -  Run Bytes Sent By Job
	0  -  Run Bytes Received By Job
	0  -  Total Bytes Sent By Job
	0  -  Total Bytes Received By Job
	Partitionable Resources :    Usage  Request Allocated 
	   Cpus                 :                 1         1 
	   Disk (KB)            :        1        1  10853594 
	   Memory (MB)          :       12        1      4026 

	Job terminated of its own accord at 2024-04-26T10:07:04Z.
...
