000 (982910.000.000) 2024-04-25 20:09:12 Job submitted from host: <128.83.120.183:9618?addrs=128.83.120.183-9618&alias=darmok.cs.utexas.edu&noUDP&sock=schedd_1353_9fba>
...
001 (982910.000.000) 2024-04-25 20:09:29 Job executing on host: <128.83.139.147:9618?addrs=128.83.139.147-9618&alias=angrist-20.cs.utexas.edu&noUDP&sock=startd_1592_8edc>
...
006 (982910.000.000) 2024-04-25 20:09:38 Image size of job updated: 36340
	12  -  MemoryUsage of job (MB)
	11808  -  ResidentSetSize of job (KB)
...
006 (982910.000.000) 2024-04-25 20:10:13 Image size of job updated: 36468
	12  -  MemoryUsage of job (MB)
	11808  -  ResidentSetSize of job (KB)
...
005 (982910.000.000) 2024-04-25 20:10:14 Job terminated.
	(1) Normal termination (return value 0)
		Usr 0 00:00:43, Sys 0 00:00:00  -  Run Remote Usage
		Usr 0 00:00:00, Sys 0 00:00:00  -  Run Local Usage
		Usr 0 00:00:43, Sys 0 00:00:00  -  Total Remote Usage
		Usr 0 00:00:00, Sys 0 00:00:00  -  Total Local Usage
	0  -  Run Bytes Sent By Job
	0  -  Run Bytes Received By Job
	0  -  Total Bytes Sent By Job
	0  -  Total Bytes Received By Job
	Partitionable Resources :    Usage  Request Allocated 
	   Cpus                 :                 1         1 
	   Disk (KB)            :        1        1  10853596 
	   Memory (MB)          :       12        1      4026 

	Job terminated of its own accord at 2024-04-26T01:10:13Z.
...
000 (983548.000.000) 2024-04-26 03:03:07 Job submitted from host: <128.83.120.183:9618?addrs=128.83.120.183-9618&alias=darmok.cs.utexas.edu&noUDP&sock=schedd_1353_9fba>
...
001 (983548.000.000) 2024-04-26 03:03:18 Job executing on host: <128.83.139.142:9618?addrs=128.83.139.142-9618&alias=angrist-15.cs.utexas.edu&noUDP&sock=startd_1598_ac6e>
...
006 (983548.000.000) 2024-04-26 03:03:26 Image size of job updated: 36340
	12  -  MemoryUsage of job (MB)
	11760  -  ResidentSetSize of job (KB)
...
006 (983548.000.000) 2024-04-26 03:08:26 Image size of job updated: 36852
	12  -  MemoryUsage of job (MB)
	12172  -  ResidentSetSize of job (KB)
...
006 (983548.000.000) 2024-04-26 03:13:27 Image size of job updated: 37240
	13  -  MemoryUsage of job (MB)
	12636  -  ResidentSetSize of job (KB)
...
006 (983548.000.000) 2024-04-26 03:18:28 Image size of job updated: 37240
	13  -  MemoryUsage of job (MB)
	12664  -  ResidentSetSize of job (KB)
...
006 (983548.000.000) 2024-04-26 03:23:28 Image size of job updated: 37372
	13  -  MemoryUsage of job (MB)
	12744  -  ResidentSetSize of job (KB)
...
006 (983548.000.000) 2024-04-26 03:28:29 Image size of job updated: 37372
	13  -  MemoryUsage of job (MB)
	12788  -  ResidentSetSize of job (KB)
...
006 (983548.000.000) 2024-04-26 03:33:30 Image size of job updated: 37496
	13  -  MemoryUsage of job (MB)
	12840  -  ResidentSetSize of job (KB)
...
006 (983548.000.000) 2024-04-26 03:38:30 Image size of job updated: 37496
	13  -  MemoryUsage of job (MB)
	12900  -  ResidentSetSize of job (KB)
...
006 (983548.000.000) 2024-04-26 03:43:30 Image size of job updated: 37624
	13  -  MemoryUsage of job (MB)
	12968  -  ResidentSetSize of job (KB)
...
006 (983548.000.000) 2024-04-26 03:48:31 Image size of job updated: 37624
	13  -  MemoryUsage of job (MB)
	13024  -  ResidentSetSize of job (KB)
...
006 (983548.000.000) 2024-04-26 03:53:31 Image size of job updated: 37624
	13  -  MemoryUsage of job (MB)
	13036  -  ResidentSetSize of job (KB)
...
006 (983548.000.000) 2024-04-26 03:58:31 Image size of job updated: 37748
	13  -  MemoryUsage of job (MB)
	13068  -  ResidentSetSize of job (KB)
...
006 (983548.000.000) 2024-04-26 04:03:32 Image size of job updated: 37748
	13  -  MemoryUsage of job (MB)
	13088  -  ResidentSetSize of job (KB)
...
006 (983548.000.000) 2024-04-26 04:08:33 Image size of job updated: 37748
	13  -  MemoryUsage of job (MB)
	13108  -  ResidentSetSize of job (KB)
...
006 (983548.000.000) 2024-04-26 04:13:33 Image size of job updated: 37748
	13  -  MemoryUsage of job (MB)
	13112  -  ResidentSetSize of job (KB)
...
006 (983548.000.000) 2024-04-26 04:18:34 Image size of job updated: 37748
	13  -  MemoryUsage of job (MB)
	13136  -  ResidentSetSize of job (KB)
...
006 (983548.000.000) 2024-04-26 04:23:35 Image size of job updated: 37748
	13  -  MemoryUsage of job (MB)
	13140  -  ResidentSetSize of job (KB)
...
005 (983548.000.000) 2024-04-26 04:26:05 Job terminated.
	(1) Normal termination (return value 0)
		Usr 0 01:22:46, Sys 0 00:00:00  -  Run Remote Usage
		Usr 0 00:00:00, Sys 0 00:00:00  -  Run Local Usage
		Usr 0 01:22:46, Sys 0 00:00:00  -  Total Remote Usage
		Usr 0 00:00:00, Sys 0 00:00:00  -  Total Local Usage
	0  -  Run Bytes Sent By Job
	0  -  Run Bytes Received By Job
	0  -  Total Bytes Sent By Job
	0  -  Total Bytes Received By Job
	Partitionable Resources :    Usage  Request Allocated 
	   Cpus                 :     1.00        1         1 
	   Disk (KB)            :     1           1  10853596 
	   Memory (MB)          :    13          59      4026 

	Job terminated of its own accord at 2024-04-26T09:26:05Z.
...
000 (983919.000.000) 2024-04-26 05:06:27 Job submitted from host: <128.83.120.183:9618?addrs=128.83.120.183-9618&alias=darmok.cs.utexas.edu&noUDP&sock=schedd_1353_9fba>
...
001 (983919.000.000) 2024-04-26 05:06:40 Job executing on host: <128.83.139.146:9618?addrs=128.83.139.146-9618&alias=angrist-19.cs.utexas.edu&noUDP&sock=startd_1594_ee0d>
...
006 (983919.000.000) 2024-04-26 05:06:48 Image size of job updated: 36344
	12  -  MemoryUsage of job (MB)
	11832  -  ResidentSetSize of job (KB)
...
006 (983919.000.000) 2024-04-26 05:07:03 Image size of job updated: 36472
	12  -  MemoryUsage of job (MB)
	11832  -  ResidentSetSize of job (KB)
...
005 (983919.000.000) 2024-04-26 05:07:03 Job terminated.
	(1) Normal termination (return value 0)
		Usr 0 00:00:23, Sys 0 00:00:00  -  Run Remote Usage
		Usr 0 00:00:00, Sys 0 00:00:00  -  Run Local Usage
		Usr 0 00:00:23, Sys 0 00:00:00  -  Total Remote Usage
		Usr 0 00:00:00, Sys 0 00:00:00  -  Total Local Usage
	0  -  Run Bytes Sent By Job
	0  -  Run Bytes Received By Job
	0  -  Total Bytes Sent By Job
	0  -  Total Bytes Received By Job
	Partitionable Resources :    Usage  Request Allocated 
	   Cpus                 :                 1         1 
	   Disk (KB)            :        1        1  10853596 
	   Memory (MB)          :       12        1      4026 

	Job terminated of its own accord at 2024-04-26T10:07:03Z.
...
