000 (981110.000.000) 2024-04-25 16:48:03 Job submitted from host: <128.83.120.183:9618?addrs=128.83.120.183-9618&alias=darmok.cs.utexas.edu&noUDP&sock=schedd_1353_9fba>
...
001 (981110.000.000) 2024-04-25 16:48:26 Job executing on host: <128.83.144.147:9618?addrs=128.83.144.147-9618&alias=oliphaunt-1.cs.utexas.edu&noUDP&sock=startd_1578_f489>
...
006 (981110.000.000) 2024-04-25 16:48:34 Image size of job updated: 36296
	12  -  MemoryUsage of job (MB)
	11668  -  ResidentSetSize of job (KB)
...
006 (981110.000.000) 2024-04-25 16:49:25 Image size of job updated: 36424
	12  -  MemoryUsage of job (MB)
	11668  -  ResidentSetSize of job (KB)
...
004 (981110.000.000) 2024-04-25 16:49:36 Job was evicted.
	(0) CPU times
		Usr 0 00:00:58, Sys 0 00:00:00  -  Run Remote Usage
		Usr 0 00:00:00, Sys 0 00:00:00  -  Run Local Usage
	0  -  Run Bytes Sent By Job
	0  -  Run Bytes Received By Job
	Partitionable Resources :    Usage  Request Allocated 
	   Cpus                 :                 1         1 
	   Disk (KB)            :        1        1  18498544 
	   Memory (MB)          :       12        1     24186 
...
009 (980633.000.000) 2024-04-25 16:49:37 Job was aborted.
	via condor_rm (by user sahilsc)
...
009 (981110.000.000) 2024-04-25 16:49:38 Job was aborted.
	via condor_rm (by user sahilsc)
...
000 (981269.000.000) 2024-04-25 16:49:54 Job submitted from host: <128.83.120.183:9618?addrs=128.83.120.183-9618&alias=darmok.cs.utexas.edu&noUDP&sock=schedd_1353_9fba>
...
001 (981269.000.000) 2024-04-25 16:50:07 Job executing on host: <128.83.144.147:9618?addrs=128.83.144.147-9618&alias=oliphaunt-1.cs.utexas.edu&noUDP&sock=startd_1578_f489>
...
006 (981269.000.000) 2024-04-25 16:50:15 Image size of job updated: 36296
	12  -  MemoryUsage of job (MB)
	11680  -  ResidentSetSize of job (KB)
...
006 (981269.000.000) 2024-04-25 16:54:36 Image size of job updated: 36552
	12  -  MemoryUsage of job (MB)
	11680  -  ResidentSetSize of job (KB)
...
005 (981269.000.000) 2024-04-25 16:54:37 Job terminated.
	(1) Normal termination (return value 0)
		Usr 0 00:04:29, Sys 0 00:00:00  -  Run Remote Usage
		Usr 0 00:00:00, Sys 0 00:00:00  -  Run Local Usage
		Usr 0 00:04:29, Sys 0 00:00:00  -  Total Remote Usage
		Usr 0 00:00:00, Sys 0 00:00:00  -  Total Local Usage
	0  -  Run Bytes Sent By Job
	0  -  Run Bytes Received By Job
	0  -  Total Bytes Sent By Job
	0  -  Total Bytes Received By Job
	Partitionable Resources :    Usage  Request Allocated 
	   Cpus                 :     0.99        1         1 
	   Disk (KB)            :     1           1  18498544 
	   Memory (MB)          :    12           1     24186 

	Job terminated of its own accord at 2024-04-25T21:54:36Z.
...
