000 (981122.000.000) 2024-04-25 16:48:05 Job submitted from host: <128.83.120.183:9618?addrs=128.83.120.183-9618&alias=darmok.cs.utexas.edu&noUDP&sock=schedd_1353_9fba>
...
001 (981122.000.000) 2024-04-25 16:48:25 Job executing on host: <128.83.144.147:9618?addrs=128.83.144.147-9618&alias=oliphaunt-1.cs.utexas.edu&noUDP&sock=startd_1578_f489>
...
006 (981122.000.000) 2024-04-25 16:48:34 Image size of job updated: 36296
	12  -  MemoryUsage of job (MB)
	11760  -  ResidentSetSize of job (KB)
...
009 (980645.000.000) 2024-04-25 16:49:24 Job was aborted.
	via condor_rm (by user sahilsc)

	Job terminated by itself at 2024-04-25T21:47:22Z (using method 0: OF_ITS_OWN_ACCORD).
...
006 (981122.000.000) 2024-04-25 16:49:26 Image size of job updated: 36680
	12  -  MemoryUsage of job (MB)
	11760  -  ResidentSetSize of job (KB)
...
004 (981122.000.000) 2024-04-25 16:49:29 Job was evicted.
	(0) CPU times
		Usr 0 00:01:00, Sys 0 00:00:00  -  Run Remote Usage
		Usr 0 00:00:00, Sys 0 00:00:00  -  Run Local Usage
	0  -  Run Bytes Sent By Job
	0  -  Run Bytes Received By Job
	Partitionable Resources :    Usage  Request Allocated 
	   Cpus                 :                 1         1 
	   Disk (KB)            :        1        1  18498544 
	   Memory (MB)          :       12        1     24186 
...
009 (981122.000.000) 2024-04-25 16:49:34 Job was aborted.
	via condor_rm (by user sahilsc)
...
000 (981281.000.000) 2024-04-25 16:49:56 Job submitted from host: <128.83.120.183:9618?addrs=128.83.120.183-9618&alias=darmok.cs.utexas.edu&noUDP&sock=schedd_1353_9fba>
...
001 (981281.000.000) 2024-04-25 16:50:07 Job executing on host: <128.83.144.147:9618?addrs=128.83.144.147-9618&alias=oliphaunt-1.cs.utexas.edu&noUDP&sock=startd_1578_f489>
...
006 (981281.000.000) 2024-04-25 16:50:16 Image size of job updated: 36428
	12  -  MemoryUsage of job (MB)
	11804  -  ResidentSetSize of job (KB)
...
006 (981281.000.000) 2024-04-25 16:55:17 Image size of job updated: 36812
	12  -  MemoryUsage of job (MB)
	12148  -  ResidentSetSize of job (KB)
...
005 (981281.000.000) 2024-04-25 16:55:21 Job terminated.
	(1) Normal termination (return value 0)
		Usr 0 00:05:13, Sys 0 00:00:00  -  Run Remote Usage
		Usr 0 00:00:00, Sys 0 00:00:00  -  Run Local Usage
		Usr 0 00:05:13, Sys 0 00:00:00  -  Total Remote Usage
		Usr 0 00:00:00, Sys 0 00:00:00  -  Total Local Usage
	0  -  Run Bytes Sent By Job
	0  -  Run Bytes Received By Job
	0  -  Total Bytes Sent By Job
	0  -  Total Bytes Received By Job
	Partitionable Resources :    Usage  Request Allocated 
	   Cpus                 :     0.99        1         1 
	   Disk (KB)            :     1           1  18498544 
	   Memory (MB)          :    12           1     24186 

	Job terminated of its own accord at 2024-04-25T21:55:21Z.
...
