000 (981087.000.000) 2024-04-25 16:48:00 Job submitted from host: <128.83.120.183:9618?addrs=128.83.120.183-9618&alias=darmok.cs.utexas.edu&noUDP&sock=schedd_1353_9fba>
...
001 (981087.000.000) 2024-04-25 16:48:01 Job executing on host: <128.83.130.161:9618?addrs=128.83.130.161-9618&alias=oliphaunt-2.cs.utexas.edu&noUDP&sock=startd_1594_ee0d>
...
006 (981087.000.000) 2024-04-25 16:48:10 Image size of job updated: 36300
	14  -  MemoryUsage of job (MB)
	13936  -  ResidentSetSize of job (KB)
...
006 (981087.000.000) 2024-04-25 16:49:25 Image size of job updated: 39124
	14  -  MemoryUsage of job (MB)
	13936  -  ResidentSetSize of job (KB)
...
004 (981087.000.000) 2024-04-25 16:49:30 Job was evicted.
	(0) CPU times
		Usr 0 00:01:23, Sys 0 00:00:00  -  Run Remote Usage
		Usr 0 00:00:00, Sys 0 00:00:00  -  Run Local Usage
	0  -  Run Bytes Sent By Job
	0  -  Run Bytes Received By Job
	Partitionable Resources :    Usage  Request Allocated 
	   Cpus                 :                 1         1 
	   Disk (KB)            :        1        1  18498544 
	   Memory (MB)          :       14        1     24186 
...
009 (980610.000.000) 2024-04-25 16:49:31 Job was aborted.
	via condor_rm (by user sahilsc)
...
009 (981087.000.000) 2024-04-25 16:49:33 Job was aborted.
	via condor_rm (by user sahilsc)
...
000 (981246.000.000) 2024-04-25 16:49:51 Job submitted from host: <128.83.120.183:9618?addrs=128.83.120.183-9618&alias=darmok.cs.utexas.edu&noUDP&sock=schedd_1353_9fba>
...
001 (981246.000.000) 2024-04-25 16:50:06 Job executing on host: <128.83.130.161:9618?addrs=128.83.130.161-9618&alias=oliphaunt-2.cs.utexas.edu&noUDP&sock=startd_1594_ee0d>
...
006 (981246.000.000) 2024-04-25 16:50:15 Image size of job updated: 36940
	13  -  MemoryUsage of job (MB)
	13096  -  ResidentSetSize of job (KB)
...
006 (981246.000.000) 2024-04-25 16:55:16 Image size of job updated: 39112
	15  -  MemoryUsage of job (MB)
	14480  -  ResidentSetSize of job (KB)
...
006 (981246.000.000) 2024-04-25 17:00:17 Image size of job updated: 39112
	15  -  MemoryUsage of job (MB)
	14492  -  ResidentSetSize of job (KB)
...
