000 (981113.000.000) 2024-04-25 16:48:04 Job submitted from host: <128.83.120.183:9618?addrs=128.83.120.183-9618&alias=darmok.cs.utexas.edu&noUDP&sock=schedd_1353_9fba>
...
001 (981113.000.000) 2024-04-25 16:48:30 Job executing on host: <128.83.130.161:9618?addrs=128.83.130.161-9618&alias=oliphaunt-2.cs.utexas.edu&noUDP&sock=startd_1594_ee0d>
...
006 (981113.000.000) 2024-04-25 16:48:38 Image size of job updated: 11900
	12  -  MemoryUsage of job (MB)
	11900  -  ResidentSetSize of job (KB)
...
006 (981113.000.000) 2024-04-25 16:49:25 Image size of job updated: 37340
	12  -  MemoryUsage of job (MB)
	11900  -  ResidentSetSize of job (KB)
...
004 (981113.000.000) 2024-04-25 16:49:36 Job was evicted.
	(0) CPU times
		Usr 0 00:00:55, Sys 0 00:00:00  -  Run Remote Usage
		Usr 0 00:00:00, Sys 0 00:00:00  -  Run Local Usage
	0  -  Run Bytes Sent By Job
	0  -  Run Bytes Received By Job
	Partitionable Resources :    Usage  Request Allocated 
	   Cpus                 :                 1         1 
	   Disk (KB)            :        1        1  18498544 
	   Memory (MB)          :       12        1     24186 
...
009 (980636.000.000) 2024-04-25 16:49:36 Job was aborted.
	via condor_rm (by user sahilsc)
...
009 (981113.000.000) 2024-04-25 16:49:38 Job was aborted.
	via condor_rm (by user sahilsc)
...
000 (981272.000.000) 2024-04-25 16:49:54 Job submitted from host: <128.83.120.183:9618?addrs=128.83.120.183-9618&alias=darmok.cs.utexas.edu&noUDP&sock=schedd_1353_9fba>
...
001 (981272.000.000) 2024-04-25 16:50:05 Job executing on host: <128.83.130.161:9618?addrs=128.83.130.161-9618&alias=oliphaunt-2.cs.utexas.edu&noUDP&sock=startd_1594_ee0d>
...
006 (981272.000.000) 2024-04-25 16:50:14 Image size of job updated: 36564
	12  -  MemoryUsage of job (MB)
	11928  -  ResidentSetSize of job (KB)
...
006 (981272.000.000) 2024-04-25 16:55:14 Image size of job updated: 37316
	13  -  MemoryUsage of job (MB)
	12752  -  ResidentSetSize of job (KB)
...
006 (981272.000.000) 2024-04-25 17:00:14 Image size of job updated: 37940
	14  -  MemoryUsage of job (MB)
	13412  -  ResidentSetSize of job (KB)
...
006 (981272.000.000) 2024-04-25 17:03:03 Image size of job updated: 40240
	14  -  MemoryUsage of job (MB)
	13412  -  ResidentSetSize of job (KB)
...
005 (981272.000.000) 2024-04-25 17:03:04 Job terminated.
	(1) Normal termination (return value 0)
		Usr 0 00:12:57, Sys 0 00:00:00  -  Run Remote Usage
		Usr 0 00:00:00, Sys 0 00:00:00  -  Run Local Usage
		Usr 0 00:12:57, Sys 0 00:00:00  -  Total Remote Usage
		Usr 0 00:00:00, Sys 0 00:00:00  -  Total Local Usage
	0  -  Run Bytes Sent By Job
	0  -  Run Bytes Received By Job
	0  -  Total Bytes Sent By Job
	0  -  Total Bytes Received By Job
	Partitionable Resources :    Usage  Request Allocated 
	   Cpus                 :     1.00        1         1 
	   Disk (KB)            :     1           1  18498544 
	   Memory (MB)          :    14           1     24186 

	Job terminated of its own accord at 2024-04-25T22:03:03Z.
...
