000 (981125.000.000) 2024-04-25 16:48:05 Job submitted from host: <128.83.120.183:9618?addrs=128.83.120.183-9618&alias=darmok.cs.utexas.edu&noUDP&sock=schedd_1353_9fba>
...
001 (981125.000.000) 2024-04-25 16:48:26 Job executing on host: <128.83.130.161:9618?addrs=128.83.130.161-9618&alias=oliphaunt-2.cs.utexas.edu&noUDP&sock=startd_1594_ee0d>
...
006 (981125.000.000) 2024-04-25 16:48:34 Image size of job updated: 36300
	12  -  MemoryUsage of job (MB)
	11668  -  ResidentSetSize of job (KB)
...
006 (981125.000.000) 2024-04-25 16:49:25 Image size of job updated: 36428
	12  -  MemoryUsage of job (MB)
	11668  -  ResidentSetSize of job (KB)
...
004 (981125.000.000) 2024-04-25 16:49:28 Job was evicted.
	(0) CPU times
		Usr 0 00:00:59, Sys 0 00:00:00  -  Run Remote Usage
		Usr 0 00:00:00, Sys 0 00:00:00  -  Run Local Usage
	0  -  Run Bytes Sent By Job
	0  -  Run Bytes Received By Job
	Partitionable Resources :    Usage  Request Allocated 
	   Cpus                 :                 1         1 
	   Disk (KB)            :        1        1  18498544 
	   Memory (MB)          :       12        1     24186 
...
009 (981125.000.000) 2024-04-25 16:49:36 Job was aborted.
	via condor_rm (by user sahilsc)
...
000 (981284.000.000) 2024-04-25 16:49:56 Job submitted from host: <128.83.120.183:9618?addrs=128.83.120.183-9618&alias=darmok.cs.utexas.edu&noUDP&sock=schedd_1353_9fba>
...
001 (981284.000.000) 2024-04-25 16:50:30 Job executing on host: <128.83.139.150:9618?addrs=128.83.139.150-9618&alias=angrist-23.cs.utexas.edu&noUDP&sock=startd_1604_c9ff>
...
006 (981284.000.000) 2024-04-25 16:50:38 Image size of job updated: 36296
	12  -  MemoryUsage of job (MB)
	11752  -  ResidentSetSize of job (KB)
...
006 (981284.000.000) 2024-04-25 16:52:35 Image size of job updated: 36552
	12  -  MemoryUsage of job (MB)
	11752  -  ResidentSetSize of job (KB)
...
005 (981284.000.000) 2024-04-25 16:52:35 Job terminated.
	(1) Normal termination (return value 0)
		Usr 0 00:02:05, Sys 0 00:00:00  -  Run Remote Usage
		Usr 0 00:00:00, Sys 0 00:00:00  -  Run Local Usage
		Usr 0 00:02:05, Sys 0 00:00:00  -  Total Remote Usage
		Usr 0 00:00:00, Sys 0 00:00:00  -  Total Local Usage
	0  -  Run Bytes Sent By Job
	0  -  Run Bytes Received By Job
	0  -  Total Bytes Sent By Job
	0  -  Total Bytes Received By Job
	Partitionable Resources :    Usage  Request Allocated 
	   Cpus                 :                 1         1 
	   Disk (KB)            :        1        1  10853594 
	   Memory (MB)          :       12        1      4026 

	Job terminated of its own accord at 2024-04-25T21:52:35Z.
...
