000 (983692.000.000) 2024-04-26 04:35:36 Job submitted from host: <128.83.120.183:9618?addrs=128.83.120.183-9618&alias=darmok.cs.utexas.edu&noUDP&sock=schedd_1353_9fba>
...
001 (983692.000.000) 2024-04-26 04:35:37 Job executing on host: <128.83.130.161:9618?addrs=128.83.130.161-9618&alias=oliphaunt-2.cs.utexas.edu&noUDP&sock=startd_1594_ee0d>
...
006 (983692.000.000) 2024-04-26 04:35:45 Image size of job updated: 36656
	12  -  MemoryUsage of job (MB)
	11572  -  ResidentSetSize of job (KB)
...
006 (983692.000.000) 2024-04-26 04:40:45 Image size of job updated: 37172
	12  -  MemoryUsage of job (MB)
	12016  -  ResidentSetSize of job (KB)
...
006 (983692.000.000) 2024-04-26 04:45:46 Image size of job updated: 37428
	13  -  MemoryUsage of job (MB)
	12296  -  ResidentSetSize of job (KB)
...
006 (983692.000.000) 2024-04-26 04:50:47 Image size of job updated: 37688
	13  -  MemoryUsage of job (MB)
	12616  -  ResidentSetSize of job (KB)
...
006 (983692.000.000) 2024-04-26 04:55:47 Image size of job updated: 37820
	13  -  MemoryUsage of job (MB)
	12740  -  ResidentSetSize of job (KB)
...
006 (983692.000.000) 2024-04-26 05:00:47 Image size of job updated: 37952
	13  -  MemoryUsage of job (MB)
	12864  -  ResidentSetSize of job (KB)
...
006 (983692.000.000) 2024-04-26 05:05:49 Image size of job updated: 38200
	13  -  MemoryUsage of job (MB)
	13136  -  ResidentSetSize of job (KB)
...
000 (984063.000.000) 2024-04-26 05:08:06 Job submitted from host: <128.83.120.183:9618?addrs=128.83.120.183-9618&alias=darmok.cs.utexas.edu&noUDP&sock=schedd_1353_9fba>
...
001 (984063.000.000) 2024-04-26 05:08:16 Job executing on host: <128.83.144.240:9618?addrs=128.83.144.240-9618&alias=angrist-13.cs.utexas.edu&noUDP&sock=startd_1643_8a31>
...
006 (984063.000.000) 2024-04-26 05:08:24 Image size of job updated: 36788
	12  -  MemoryUsage of job (MB)
	11628  -  ResidentSetSize of job (KB)
...
005 (984063.000.000) 2024-04-26 05:08:32 Job terminated.
	(1) Normal termination (return value 0)
		Usr 0 00:00:16, Sys 0 00:00:00  -  Run Remote Usage
		Usr 0 00:00:00, Sys 0 00:00:00  -  Run Local Usage
		Usr 0 00:00:16, Sys 0 00:00:00  -  Total Remote Usage
		Usr 0 00:00:00, Sys 0 00:00:00  -  Total Local Usage
	0  -  Run Bytes Sent By Job
	0  -  Run Bytes Received By Job
	0  -  Total Bytes Sent By Job
	0  -  Total Bytes Received By Job
	Partitionable Resources :    Usage  Request Allocated 
	   Cpus                 :                 1         1 
	   Disk (KB)            :        1        1  10853596 
	   Memory (MB)          :       12        1      4026 

	Job terminated of its own accord at 2024-04-26T10:08:32Z.
...
006 (983692.000.000) 2024-04-26 05:10:49 Image size of job updated: 38328
	13  -  MemoryUsage of job (MB)
	13220  -  ResidentSetSize of job (KB)
...
006 (983692.000.000) 2024-04-26 05:15:49 Image size of job updated: 38456
	14  -  MemoryUsage of job (MB)
	13344  -  ResidentSetSize of job (KB)
...
006 (983692.000.000) 2024-04-26 05:20:50 Image size of job updated: 38584
	14  -  MemoryUsage of job (MB)
	13492  -  ResidentSetSize of job (KB)
...
006 (983692.000.000) 2024-04-26 05:25:51 Image size of job updated: 38712
	14  -  MemoryUsage of job (MB)
	13660  -  ResidentSetSize of job (KB)
...
006 (983692.000.000) 2024-04-26 05:30:31 Image size of job updated: 38840
	14  -  MemoryUsage of job (MB)
	13660  -  ResidentSetSize of job (KB)
...
005 (983692.000.000) 2024-04-26 05:30:31 Job terminated.
	(1) Normal termination (return value 0)
		Usr 0 00:54:53, Sys 0 00:00:00  -  Run Remote Usage
		Usr 0 00:00:00, Sys 0 00:00:00  -  Run Local Usage
		Usr 0 00:54:53, Sys 0 00:00:00  -  Total Remote Usage
		Usr 0 00:00:00, Sys 0 00:00:00  -  Total Local Usage
	0  -  Run Bytes Sent By Job
	0  -  Run Bytes Received By Job
	0  -  Total Bytes Sent By Job
	0  -  Total Bytes Received By Job
	Partitionable Resources :    Usage  Request Allocated 
	   Cpus                 :     1.00        1         1 
	   Disk (KB)            :     1           1  18498544 
	   Memory (MB)          :    14           1     24186 

	Job terminated of its own accord at 2024-04-26T10:30:31Z.
...
000 (984381.000.000) 2024-04-26 06:31:45 Job submitted from host: <128.83.120.183:9618?addrs=128.83.120.183-9618&alias=darmok.cs.utexas.edu&noUDP&sock=schedd_1353_9fba>
...
001 (984381.000.000) 2024-04-26 06:31:46 Job executing on host: <128.83.130.161:9618?addrs=128.83.130.161-9618&alias=oliphaunt-2.cs.utexas.edu&noUDP&sock=startd_1594_ee0d>
...
006 (984381.000.000) 2024-04-26 06:31:55 Image size of job updated: 36784
	12  -  MemoryUsage of job (MB)
	11616  -  ResidentSetSize of job (KB)
...
005 (984381.000.000) 2024-04-26 06:32:01 Job terminated.
	(1) Normal termination (return value 0)
		Usr 0 00:00:15, Sys 0 00:00:00  -  Run Remote Usage
		Usr 0 00:00:00, Sys 0 00:00:00  -  Run Local Usage
		Usr 0 00:00:15, Sys 0 00:00:00  -  Total Remote Usage
		Usr 0 00:00:00, Sys 0 00:00:00  -  Total Local Usage
	0  -  Run Bytes Sent By Job
	0  -  Run Bytes Received By Job
	0  -  Total Bytes Sent By Job
	0  -  Total Bytes Received By Job
	Partitionable Resources :    Usage  Request Allocated 
	   Cpus                 :                 1         1 
	   Disk (KB)            :        1        1  18498544 
	   Memory (MB)          :       12        1     24186 

	Job terminated of its own accord at 2024-04-26T11:32:01Z.
...
000 (990467.000.000) 2024-04-29 13:20:03 Job submitted from host: <128.83.120.183:9618?addrs=128.83.120.183-9618&alias=darmok.cs.utexas.edu&noUDP&sock=schedd_1353_9fba>
...
001 (990467.000.000) 2024-04-29 13:20:16 Job executing on host: <128.83.144.211:9618?addrs=128.83.144.211-9618&alias=angrist-12.cs.utexas.edu&noUDP&sock=startd_1592_8edc>
...
006 (990467.000.000) 2024-04-29 13:20:25 Image size of job updated: 36656
	12  -  MemoryUsage of job (MB)
	11572  -  ResidentSetSize of job (KB)
...
006 (990467.000.000) 2024-04-29 13:23:38 Image size of job updated: 36916
	12  -  MemoryUsage of job (MB)
	11572  -  ResidentSetSize of job (KB)
...
005 (990467.000.000) 2024-04-29 13:23:38 Job terminated.
	(1) Normal termination (return value 0)
		Usr 0 00:03:21, Sys 0 00:00:00  -  Run Remote Usage
		Usr 0 00:00:00, Sys 0 00:00:00  -  Run Local Usage
		Usr 0 00:03:21, Sys 0 00:00:00  -  Total Remote Usage
		Usr 0 00:00:00, Sys 0 00:00:00  -  Total Local Usage
	0  -  Run Bytes Sent By Job
	0  -  Run Bytes Received By Job
	0  -  Total Bytes Sent By Job
	0  -  Total Bytes Received By Job
	Partitionable Resources :    Usage  Request Allocated 
	   Cpus                 :     1.00        1         1 
	   Disk (KB)            :     1           1  10853596 
	   Memory (MB)          :    12           1      4026 

	Job terminated of its own accord at 2024-04-29T18:23:38Z.
...
000 (990634.000.000) 2024-04-29 14:01:42 Job submitted from host: <128.83.120.183:9618?addrs=128.83.120.183-9618&alias=darmok.cs.utexas.edu&noUDP&sock=schedd_1353_9fba>
...
001 (990634.000.000) 2024-04-29 14:02:01 Job executing on host: <128.83.139.150:9618?addrs=128.83.139.150-9618&alias=angrist-23.cs.utexas.edu&noUDP&sock=startd_1604_c9ff>
...
006 (990634.000.000) 2024-04-29 14:02:10 Image size of job updated: 36660
	12  -  MemoryUsage of job (MB)
	11580  -  ResidentSetSize of job (KB)
...
006 (990634.000.000) 2024-04-29 14:03:16 Image size of job updated: 36792
	12  -  MemoryUsage of job (MB)
	11580  -  ResidentSetSize of job (KB)
...
005 (990634.000.000) 2024-04-29 14:03:16 Job terminated.
	(1) Normal termination (return value 0)
		Usr 0 00:01:14, Sys 0 00:00:00  -  Run Remote Usage
		Usr 0 00:00:00, Sys 0 00:00:00  -  Run Local Usage
		Usr 0 00:01:14, Sys 0 00:00:00  -  Total Remote Usage
		Usr 0 00:00:00, Sys 0 00:00:00  -  Total Local Usage
	0  -  Run Bytes Sent By Job
	0  -  Run Bytes Received By Job
	0  -  Total Bytes Sent By Job
	0  -  Total Bytes Received By Job
	Partitionable Resources :    Usage  Request Allocated 
	   Cpus                 :                 1         1 
	   Disk (KB)            :        1        1  10853594 
	   Memory (MB)          :       12        1      4026 

	Job terminated of its own accord at 2024-04-29T19:03:16Z.
...
