000 (983688.000.000) 2024-04-26 04:35:36 Job submitted from host: <128.83.120.183:9618?addrs=128.83.120.183-9618&alias=darmok.cs.utexas.edu&noUDP&sock=schedd_1353_9fba>
...
001 (983688.000.000) 2024-04-26 04:35:37 Job executing on host: <128.83.130.161:9618?addrs=128.83.130.161-9618&alias=oliphaunt-2.cs.utexas.edu&noUDP&sock=startd_1594_ee0d>
...
006 (983688.000.000) 2024-04-26 04:35:46 Image size of job updated: 36660
	12  -  MemoryUsage of job (MB)
	11576  -  ResidentSetSize of job (KB)
...
006 (983688.000.000) 2024-04-26 04:40:47 Image size of job updated: 37576
	13  -  MemoryUsage of job (MB)
	12496  -  ResidentSetSize of job (KB)
...
006 (983688.000.000) 2024-04-26 04:45:47 Image size of job updated: 38360
	14  -  MemoryUsage of job (MB)
	13332  -  ResidentSetSize of job (KB)
...
006 (983688.000.000) 2024-04-26 04:50:47 Image size of job updated: 39000
	14  -  MemoryUsage of job (MB)
	13932  -  ResidentSetSize of job (KB)
...
006 (983688.000.000) 2024-04-26 04:55:48 Image size of job updated: 39124
	14  -  MemoryUsage of job (MB)
	14000  -  ResidentSetSize of job (KB)
...
006 (983688.000.000) 2024-04-26 05:00:49 Image size of job updated: 39252
	14  -  MemoryUsage of job (MB)
	14092  -  ResidentSetSize of job (KB)
...
006 (983688.000.000) 2024-04-26 05:05:49 Image size of job updated: 39384
	14  -  MemoryUsage of job (MB)
	14244  -  ResidentSetSize of job (KB)
...
000 (984059.000.000) 2024-04-26 05:08:05 Job submitted from host: <128.83.120.183:9618?addrs=128.83.120.183-9618&alias=darmok.cs.utexas.edu&noUDP&sock=schedd_1353_9fba>
...
001 (984059.000.000) 2024-04-26 05:08:15 Job executing on host: <128.83.139.141:9618?addrs=128.83.139.141-9618&alias=angrist-14.cs.utexas.edu&noUDP&sock=startd_1625_317d>
...
006 (984059.000.000) 2024-04-26 05:08:24 Image size of job updated: 36656
	12  -  MemoryUsage of job (MB)
	11588  -  ResidentSetSize of job (KB)
...
005 (984059.000.000) 2024-04-26 05:08:41 Job terminated.
	(1) Normal termination (return value 0)
		Usr 0 00:00:25, Sys 0 00:00:00  -  Run Remote Usage
		Usr 0 00:00:00, Sys 0 00:00:00  -  Run Local Usage
		Usr 0 00:00:25, Sys 0 00:00:00  -  Total Remote Usage
		Usr 0 00:00:00, Sys 0 00:00:00  -  Total Local Usage
	0  -  Run Bytes Sent By Job
	0  -  Run Bytes Received By Job
	0  -  Total Bytes Sent By Job
	0  -  Total Bytes Received By Job
	Partitionable Resources :    Usage  Request Allocated 
	   Cpus                 :                 1         1 
	   Disk (KB)            :        1        1  10853596 
	   Memory (MB)          :       12        1      4026 

	Job terminated of its own accord at 2024-04-26T10:08:41Z.
...
006 (983688.000.000) 2024-04-26 05:10:50 Image size of job updated: 39508
	15  -  MemoryUsage of job (MB)
	14404  -  ResidentSetSize of job (KB)
...
006 (983688.000.000) 2024-04-26 05:15:51 Image size of job updated: 39636
	15  -  MemoryUsage of job (MB)
	14576  -  ResidentSetSize of job (KB)
...
006 (983688.000.000) 2024-04-26 05:20:51 Image size of job updated: 39876
	15  -  MemoryUsage of job (MB)
	14768  -  ResidentSetSize of job (KB)
...
006 (983688.000.000) 2024-04-26 05:25:51 Image size of job updated: 40112
	15  -  MemoryUsage of job (MB)
	15000  -  ResidentSetSize of job (KB)
...
006 (983688.000.000) 2024-04-26 05:30:52 Image size of job updated: 40356
	15  -  MemoryUsage of job (MB)
	15280  -  ResidentSetSize of job (KB)
...
006 (983688.000.000) 2024-04-26 05:35:53 Image size of job updated: 40700
	16  -  MemoryUsage of job (MB)
	15564  -  ResidentSetSize of job (KB)
...
006 (983688.000.000) 2024-04-26 05:40:53 Image size of job updated: 40936
	16  -  MemoryUsage of job (MB)
	15852  -  ResidentSetSize of job (KB)
...
006 (983688.000.000) 2024-04-26 05:43:02 Image size of job updated: 41052
	16  -  MemoryUsage of job (MB)
	15852  -  ResidentSetSize of job (KB)
...
005 (983688.000.000) 2024-04-26 05:43:02 Job terminated.
	(1) Normal termination (return value 0)
		Usr 0 01:07:23, Sys 0 00:00:00  -  Run Remote Usage
		Usr 0 00:00:00, Sys 0 00:00:00  -  Run Local Usage
		Usr 0 01:07:23, Sys 0 00:00:00  -  Total Remote Usage
		Usr 0 00:00:00, Sys 0 00:00:00  -  Total Local Usage
	0  -  Run Bytes Sent By Job
	0  -  Run Bytes Received By Job
	0  -  Total Bytes Sent By Job
	0  -  Total Bytes Received By Job
	Partitionable Resources :    Usage  Request Allocated 
	   Cpus                 :     1.00        1         1 
	   Disk (KB)            :     1           1  18498544 
	   Memory (MB)          :    16           1     24186 

	Job terminated of its own accord at 2024-04-26T10:43:02Z.
...
000 (984377.000.000) 2024-04-26 06:31:44 Job submitted from host: <128.83.120.183:9618?addrs=128.83.120.183-9618&alias=darmok.cs.utexas.edu&noUDP&sock=schedd_1353_9fba>
...
001 (984377.000.000) 2024-04-26 06:31:46 Job executing on host: <128.83.130.161:9618?addrs=128.83.130.161-9618&alias=oliphaunt-2.cs.utexas.edu&noUDP&sock=startd_1594_ee0d>
...
006 (984377.000.000) 2024-04-26 06:31:54 Image size of job updated: 36656
	12  -  MemoryUsage of job (MB)
	11588  -  ResidentSetSize of job (KB)
...
005 (984377.000.000) 2024-04-26 06:32:14 Job terminated.
	(1) Normal termination (return value 0)
		Usr 0 00:00:28, Sys 0 00:00:00  -  Run Remote Usage
		Usr 0 00:00:00, Sys 0 00:00:00  -  Run Local Usage
		Usr 0 00:00:28, Sys 0 00:00:00  -  Total Remote Usage
		Usr 0 00:00:00, Sys 0 00:00:00  -  Total Local Usage
	0  -  Run Bytes Sent By Job
	0  -  Run Bytes Received By Job
	0  -  Total Bytes Sent By Job
	0  -  Total Bytes Received By Job
	Partitionable Resources :    Usage  Request Allocated 
	   Cpus                 :                 1         1 
	   Disk (KB)            :        1        1  18498544 
	   Memory (MB)          :       12        1     24186 

	Job terminated of its own accord at 2024-04-26T11:32:14Z.
...
000 (990463.000.000) 2024-04-29 13:20:03 Job submitted from host: <128.83.120.183:9618?addrs=128.83.120.183-9618&alias=darmok.cs.utexas.edu&noUDP&sock=schedd_1353_9fba>
...
001 (990463.000.000) 2024-04-29 13:20:16 Job executing on host: <128.83.139.141:9618?addrs=128.83.139.141-9618&alias=angrist-14.cs.utexas.edu&noUDP&sock=startd_1625_317d>
...
006 (990463.000.000) 2024-04-29 13:20:24 Image size of job updated: 36656
	12  -  MemoryUsage of job (MB)
	11568  -  ResidentSetSize of job (KB)
...
006 (990463.000.000) 2024-04-29 13:24:24 Image size of job updated: 37172
	12  -  MemoryUsage of job (MB)
	11568  -  ResidentSetSize of job (KB)
...
005 (990463.000.000) 2024-04-29 13:24:24 Job terminated.
	(1) Normal termination (return value 0)
		Usr 0 00:04:07, Sys 0 00:00:00  -  Run Remote Usage
		Usr 0 00:00:00, Sys 0 00:00:00  -  Run Local Usage
		Usr 0 00:04:07, Sys 0 00:00:00  -  Total Remote Usage
		Usr 0 00:00:00, Sys 0 00:00:00  -  Total Local Usage
	0  -  Run Bytes Sent By Job
	0  -  Run Bytes Received By Job
	0  -  Total Bytes Sent By Job
	0  -  Total Bytes Received By Job
	Partitionable Resources :    Usage  Request Allocated 
	   Cpus                 :     1.00        1         1 
	   Disk (KB)            :     1           1  10853596 
	   Memory (MB)          :    12           1      4026 

	Job terminated of its own accord at 2024-04-29T18:24:24Z.
...
000 (990630.000.000) 2024-04-29 14:01:41 Job submitted from host: <128.83.120.183:9618?addrs=128.83.120.183-9618&alias=darmok.cs.utexas.edu&noUDP&sock=schedd_1353_9fba>
...
001 (990630.000.000) 2024-04-29 14:02:01 Job executing on host: <128.83.139.147:9618?addrs=128.83.139.147-9618&alias=angrist-20.cs.utexas.edu&noUDP&sock=startd_1592_8edc>
...
006 (990630.000.000) 2024-04-29 14:02:09 Image size of job updated: 36660
	12  -  MemoryUsage of job (MB)
	11572  -  ResidentSetSize of job (KB)
...
006 (990630.000.000) 2024-04-29 14:04:06 Image size of job updated: 36916
	12  -  MemoryUsage of job (MB)
	11572  -  ResidentSetSize of job (KB)
...
005 (990630.000.000) 2024-04-29 14:04:06 Job terminated.
	(1) Normal termination (return value 0)
		Usr 0 00:02:05, Sys 0 00:00:00  -  Run Remote Usage
		Usr 0 00:00:00, Sys 0 00:00:00  -  Run Local Usage
		Usr 0 00:02:05, Sys 0 00:00:00  -  Total Remote Usage
		Usr 0 00:00:00, Sys 0 00:00:00  -  Total Local Usage
	0  -  Run Bytes Sent By Job
	0  -  Run Bytes Received By Job
	0  -  Total Bytes Sent By Job
	0  -  Total Bytes Received By Job
	Partitionable Resources :    Usage  Request Allocated 
	   Cpus                 :                 1         1 
	   Disk (KB)            :        1        1  10853596 
	   Memory (MB)          :       12        1      4026 

	Job terminated of its own accord at 2024-04-29T19:04:06Z.
...
