000 (983734.000.000) 2024-04-26 04:35:43 Job submitted from host: <128.83.120.183:9618?addrs=128.83.120.183-9618&alias=darmok.cs.utexas.edu&noUDP&sock=schedd_1353_9fba>
...
001 (983734.000.000) 2024-04-26 04:36:01 Job executing on host: <128.83.130.161:9618?addrs=128.83.130.161-9618&alias=oliphaunt-2.cs.utexas.edu&noUDP&sock=startd_1594_ee0d>
...
006 (983734.000.000) 2024-04-26 04:36:09 Image size of job updated: 36656
	12  -  MemoryUsage of job (MB)
	11608  -  ResidentSetSize of job (KB)
...
006 (983734.000.000) 2024-04-26 04:41:09 Image size of job updated: 37044
	12  -  MemoryUsage of job (MB)
	12016  -  ResidentSetSize of job (KB)
...
006 (983734.000.000) 2024-04-26 04:46:09 Image size of job updated: 37428
	13  -  MemoryUsage of job (MB)
	12352  -  ResidentSetSize of job (KB)
...
006 (983734.000.000) 2024-04-26 04:51:10 Image size of job updated: 37684
	13  -  MemoryUsage of job (MB)
	12644  -  ResidentSetSize of job (KB)
...
006 (983734.000.000) 2024-04-26 04:56:10 Image size of job updated: 37936
	13  -  MemoryUsage of job (MB)
	12832  -  ResidentSetSize of job (KB)
...
006 (983734.000.000) 2024-04-26 05:01:10 Image size of job updated: 38064
	13  -  MemoryUsage of job (MB)
	13012  -  ResidentSetSize of job (KB)
...
006 (983734.000.000) 2024-04-26 05:06:11 Image size of job updated: 38320
	13  -  MemoryUsage of job (MB)
	13200  -  ResidentSetSize of job (KB)
...
000 (984105.000.000) 2024-04-26 05:08:10 Job submitted from host: <128.83.120.183:9618?addrs=128.83.120.183-9618&alias=darmok.cs.utexas.edu&noUDP&sock=schedd_1353_9fba>
...
001 (984105.000.000) 2024-04-26 05:08:20 Job executing on host: <128.83.139.141:9618?addrs=128.83.139.141-9618&alias=angrist-14.cs.utexas.edu&noUDP&sock=startd_1625_317d>
...
006 (984105.000.000) 2024-04-26 05:08:29 Image size of job updated: 36656
	12  -  MemoryUsage of job (MB)
	11636  -  ResidentSetSize of job (KB)
...
006 (984105.000.000) 2024-04-26 05:08:40 Image size of job updated: 36772
	12  -  MemoryUsage of job (MB)
	11636  -  ResidentSetSize of job (KB)
...
005 (984105.000.000) 2024-04-26 05:08:42 Job terminated.
	(1) Normal termination (return value 0)
		Usr 0 00:00:20, Sys 0 00:00:00  -  Run Remote Usage
		Usr 0 00:00:00, Sys 0 00:00:00  -  Run Local Usage
		Usr 0 00:00:20, Sys 0 00:00:00  -  Total Remote Usage
		Usr 0 00:00:00, Sys 0 00:00:00  -  Total Local Usage
	0  -  Run Bytes Sent By Job
	0  -  Run Bytes Received By Job
	0  -  Total Bytes Sent By Job
	0  -  Total Bytes Received By Job
	Partitionable Resources :    Usage  Request Allocated 
	   Cpus                 :                 1         1 
	   Disk (KB)            :        1        1  10853596 
	   Memory (MB)          :       12        1      4026 

	Job terminated of its own accord at 2024-04-26T10:08:40Z.
...
006 (983734.000.000) 2024-04-26 05:11:12 Image size of job updated: 38448
	14  -  MemoryUsage of job (MB)
	13380  -  ResidentSetSize of job (KB)
...
006 (983734.000.000) 2024-04-26 05:14:27 Image size of job updated: 38576
	14  -  MemoryUsage of job (MB)
	13380  -  ResidentSetSize of job (KB)
...
005 (983734.000.000) 2024-04-26 05:14:27 Job terminated.
	(1) Normal termination (return value 0)
		Usr 0 00:38:25, Sys 0 00:00:00  -  Run Remote Usage
		Usr 0 00:00:00, Sys 0 00:00:00  -  Run Local Usage
		Usr 0 00:38:25, Sys 0 00:00:00  -  Total Remote Usage
		Usr 0 00:00:00, Sys 0 00:00:00  -  Total Local Usage
	0  -  Run Bytes Sent By Job
	0  -  Run Bytes Received By Job
	0  -  Total Bytes Sent By Job
	0  -  Total Bytes Received By Job
	Partitionable Resources :    Usage  Request Allocated 
	   Cpus                 :     1.00        1         1 
	   Disk (KB)            :     1           1  18498544 
	   Memory (MB)          :    14           1     24186 

	Job terminated of its own accord at 2024-04-26T10:14:27Z.
...
000 (984423.000.000) 2024-04-26 06:31:51 Job submitted from host: <128.83.120.183:9618?addrs=128.83.120.183-9618&alias=darmok.cs.utexas.edu&noUDP&sock=schedd_1353_9fba>
...
001 (984423.000.000) 2024-04-26 06:32:09 Job executing on host: <128.83.144.147:9618?addrs=128.83.144.147-9618&alias=oliphaunt-1.cs.utexas.edu&noUDP&sock=startd_1578_f489>
...
006 (984423.000.000) 2024-04-26 06:32:17 Image size of job updated: 36656
	12  -  MemoryUsage of job (MB)
	11624  -  ResidentSetSize of job (KB)
...
006 (984423.000.000) 2024-04-26 06:32:25 Image size of job updated: 36772
	12  -  MemoryUsage of job (MB)
	11624  -  ResidentSetSize of job (KB)
...
005 (984423.000.000) 2024-04-26 06:32:29 Job terminated.
	(1) Normal termination (return value 0)
		Usr 0 00:00:16, Sys 0 00:00:00  -  Run Remote Usage
		Usr 0 00:00:00, Sys 0 00:00:00  -  Run Local Usage
		Usr 0 00:00:16, Sys 0 00:00:00  -  Total Remote Usage
		Usr 0 00:00:00, Sys 0 00:00:00  -  Total Local Usage
	0  -  Run Bytes Sent By Job
	0  -  Run Bytes Received By Job
	0  -  Total Bytes Sent By Job
	0  -  Total Bytes Received By Job
	Partitionable Resources :    Usage  Request Allocated 
	   Cpus                 :                 1         1 
	   Disk (KB)            :        1        1  18498544 
	   Memory (MB)          :       12        1     24186 

	Job terminated of its own accord at 2024-04-26T11:32:25Z.
...
000 (990509.000.000) 2024-04-29 13:20:09 Job submitted from host: <128.83.120.183:9618?addrs=128.83.120.183-9618&alias=darmok.cs.utexas.edu&noUDP&sock=schedd_1353_9fba>
...
001 (990509.000.000) 2024-04-29 13:20:20 Job executing on host: <128.83.139.142:9618?addrs=128.83.139.142-9618&alias=angrist-15.cs.utexas.edu&noUDP&sock=startd_1598_ac6e>
...
006 (990509.000.000) 2024-04-29 13:20:28 Image size of job updated: 36660
	12  -  MemoryUsage of job (MB)
	11612  -  ResidentSetSize of job (KB)
...
006 (990509.000.000) 2024-04-29 13:22:40 Image size of job updated: 36908
	12  -  MemoryUsage of job (MB)
	11612  -  ResidentSetSize of job (KB)
...
005 (990509.000.000) 2024-04-29 13:22:41 Job terminated.
	(1) Normal termination (return value 0)
		Usr 0 00:02:20, Sys 0 00:00:00  -  Run Remote Usage
		Usr 0 00:00:00, Sys 0 00:00:00  -  Run Local Usage
		Usr 0 00:02:20, Sys 0 00:00:00  -  Total Remote Usage
		Usr 0 00:00:00, Sys 0 00:00:00  -  Total Local Usage
	0  -  Run Bytes Sent By Job
	0  -  Run Bytes Received By Job
	0  -  Total Bytes Sent By Job
	0  -  Total Bytes Received By Job
	Partitionable Resources :    Usage  Request Allocated 
	   Cpus                 :                 1         1 
	   Disk (KB)            :        1        1  10853596 
	   Memory (MB)          :       12        1      4026 

	Job terminated of its own accord at 2024-04-29T18:22:40Z.
...
000 (990676.000.000) 2024-04-29 14:01:47 Job submitted from host: <128.83.120.183:9618?addrs=128.83.120.183-9618&alias=darmok.cs.utexas.edu&noUDP&sock=schedd_1353_9fba>
...
001 (990676.000.000) 2024-04-29 14:02:04 Job executing on host: <128.83.144.240:9618?addrs=128.83.144.240-9618&alias=angrist-13.cs.utexas.edu&noUDP&sock=startd_1643_8a31>
...
006 (990676.000.000) 2024-04-29 14:02:13 Image size of job updated: 36656
	12  -  MemoryUsage of job (MB)
	11636  -  ResidentSetSize of job (KB)
...
006 (990676.000.000) 2024-04-29 14:03:01 Image size of job updated: 36784
	12  -  MemoryUsage of job (MB)
	11636  -  ResidentSetSize of job (KB)
...
005 (990676.000.000) 2024-04-29 14:03:02 Job terminated.
	(1) Normal termination (return value 0)
		Usr 0 00:00:56, Sys 0 00:00:00  -  Run Remote Usage
		Usr 0 00:00:00, Sys 0 00:00:00  -  Run Local Usage
		Usr 0 00:00:56, Sys 0 00:00:00  -  Total Remote Usage
		Usr 0 00:00:00, Sys 0 00:00:00  -  Total Local Usage
	0  -  Run Bytes Sent By Job
	0  -  Run Bytes Received By Job
	0  -  Total Bytes Sent By Job
	0  -  Total Bytes Received By Job
	Partitionable Resources :    Usage  Request Allocated 
	   Cpus                 :                 1         1 
	   Disk (KB)            :        1        1  10853596 
	   Memory (MB)          :       12        1      4026 

	Job terminated of its own accord at 2024-04-29T19:03:01Z.
...
