000 (983719.000.000) 2024-04-26 04:35:41 Job submitted from host: <128.83.120.183:9618?addrs=128.83.120.183-9618&alias=darmok.cs.utexas.edu&noUDP&sock=schedd_1353_9fba>
...
001 (983719.000.000) 2024-04-26 04:35:58 Job executing on host: <128.83.130.161:9618?addrs=128.83.130.161-9618&alias=oliphaunt-2.cs.utexas.edu&noUDP&sock=startd_1594_ee0d>
...
006 (983719.000.000) 2024-04-26 04:36:06 Image size of job updated: 36916
	12  -  MemoryUsage of job (MB)
	11892  -  ResidentSetSize of job (KB)
...
006 (983719.000.000) 2024-04-26 04:41:06 Image size of job updated: 38848
	14  -  MemoryUsage of job (MB)
	13720  -  ResidentSetSize of job (KB)
...
006 (983719.000.000) 2024-04-26 04:46:06 Image size of job updated: 39500
	15  -  MemoryUsage of job (MB)
	14392  -  ResidentSetSize of job (KB)
...
006 (983719.000.000) 2024-04-26 04:51:07 Image size of job updated: 39628
	15  -  MemoryUsage of job (MB)
	14544  -  ResidentSetSize of job (KB)
...
006 (983719.000.000) 2024-04-26 05:01:07 Image size of job updated: 39628
	15  -  MemoryUsage of job (MB)
	14580  -  ResidentSetSize of job (KB)
...
006 (983719.000.000) 2024-04-26 05:06:08 Image size of job updated: 39740
	15  -  MemoryUsage of job (MB)
	14600  -  ResidentSetSize of job (KB)
...
000 (984090.000.000) 2024-04-26 05:08:09 Job submitted from host: <128.83.120.183:9618?addrs=128.83.120.183-9618&alias=darmok.cs.utexas.edu&noUDP&sock=schedd_1353_9fba>
...
001 (984090.000.000) 2024-04-26 05:08:18 Job executing on host: <128.83.139.145:9618?addrs=128.83.139.145-9618&alias=angrist-18.cs.utexas.edu&noUDP&sock=startd_1595_9da5>
...
006 (984090.000.000) 2024-04-26 05:08:26 Image size of job updated: 36912
	12  -  MemoryUsage of job (MB)
	11848  -  ResidentSetSize of job (KB)
...
006 (984090.000.000) 2024-04-26 05:08:58 Image size of job updated: 37028
	12  -  MemoryUsage of job (MB)
	11848  -  ResidentSetSize of job (KB)
...
005 (984090.000.000) 2024-04-26 05:08:58 Job terminated.
	(1) Normal termination (return value 0)
		Usr 0 00:00:40, Sys 0 00:00:00  -  Run Remote Usage
		Usr 0 00:00:00, Sys 0 00:00:00  -  Run Local Usage
		Usr 0 00:00:40, Sys 0 00:00:00  -  Total Remote Usage
		Usr 0 00:00:00, Sys 0 00:00:00  -  Total Local Usage
	0  -  Run Bytes Sent By Job
	0  -  Run Bytes Received By Job
	0  -  Total Bytes Sent By Job
	0  -  Total Bytes Received By Job
	Partitionable Resources :    Usage  Request Allocated 
	   Cpus                 :                 1         1 
	   Disk (KB)            :        1        1  10853596 
	   Memory (MB)          :       12        1      4026 

	Job terminated of its own accord at 2024-04-26T10:08:58Z.
...
006 (983719.000.000) 2024-04-26 05:11:09 Image size of job updated: 39740
	15  -  MemoryUsage of job (MB)
	14624  -  ResidentSetSize of job (KB)
...
006 (983719.000.000) 2024-04-26 05:16:09 Image size of job updated: 39740
	15  -  MemoryUsage of job (MB)
	14632  -  ResidentSetSize of job (KB)
...
006 (983719.000.000) 2024-04-26 05:21:10 Image size of job updated: 39740
	15  -  MemoryUsage of job (MB)
	14652  -  ResidentSetSize of job (KB)
...
006 (983719.000.000) 2024-04-26 05:26:11 Image size of job updated: 39740
	15  -  MemoryUsage of job (MB)
	14660  -  ResidentSetSize of job (KB)
...
006 (983719.000.000) 2024-04-26 05:31:11 Image size of job updated: 39740
	15  -  MemoryUsage of job (MB)
	14680  -  ResidentSetSize of job (KB)
...
006 (983719.000.000) 2024-04-26 05:36:11 Image size of job updated: 39832
	15  -  MemoryUsage of job (MB)
	14716  -  ResidentSetSize of job (KB)
...
006 (983719.000.000) 2024-04-26 05:41:13 Image size of job updated: 39832
	15  -  MemoryUsage of job (MB)
	14720  -  ResidentSetSize of job (KB)
...
006 (983719.000.000) 2024-04-26 05:46:13 Image size of job updated: 39832
	15  -  MemoryUsage of job (MB)
	14756  -  ResidentSetSize of job (KB)
...
005 (983719.000.000) 2024-04-26 05:48:12 Job terminated.
	(1) Normal termination (return value 0)
		Usr 0 01:12:12, Sys 0 00:00:00  -  Run Remote Usage
		Usr 0 00:00:00, Sys 0 00:00:00  -  Run Local Usage
		Usr 0 01:12:12, Sys 0 00:00:00  -  Total Remote Usage
		Usr 0 00:00:00, Sys 0 00:00:00  -  Total Local Usage
	0  -  Run Bytes Sent By Job
	0  -  Run Bytes Received By Job
	0  -  Total Bytes Sent By Job
	0  -  Total Bytes Received By Job
	Partitionable Resources :    Usage  Request Allocated 
	   Cpus                 :     1.00        1         1 
	   Disk (KB)            :     1           1  18498544 
	   Memory (MB)          :    15           1     24186 

	Job terminated of its own accord at 2024-04-26T10:48:12Z.
...
000 (984408.000.000) 2024-04-26 06:31:49 Job submitted from host: <128.83.120.183:9618?addrs=128.83.120.183-9618&alias=darmok.cs.utexas.edu&noUDP&sock=schedd_1353_9fba>
...
001 (984408.000.000) 2024-04-26 06:32:06 Job executing on host: <128.83.130.161:9618?addrs=128.83.130.161-9618&alias=oliphaunt-2.cs.utexas.edu&noUDP&sock=startd_1594_ee0d>
...
006 (984408.000.000) 2024-04-26 06:32:15 Image size of job updated: 36916
	12  -  MemoryUsage of job (MB)
	11852  -  ResidentSetSize of job (KB)
...
006 (984408.000.000) 2024-04-26 06:32:39 Image size of job updated: 37032
	12  -  MemoryUsage of job (MB)
	11852  -  ResidentSetSize of job (KB)
...
005 (984408.000.000) 2024-04-26 06:32:39 Job terminated.
	(1) Normal termination (return value 0)
		Usr 0 00:00:32, Sys 0 00:00:00  -  Run Remote Usage
		Usr 0 00:00:00, Sys 0 00:00:00  -  Run Local Usage
		Usr 0 00:00:32, Sys 0 00:00:00  -  Total Remote Usage
		Usr 0 00:00:00, Sys 0 00:00:00  -  Total Local Usage
	0  -  Run Bytes Sent By Job
	0  -  Run Bytes Received By Job
	0  -  Total Bytes Sent By Job
	0  -  Total Bytes Received By Job
	Partitionable Resources :    Usage  Request Allocated 
	   Cpus                 :                 1         1 
	   Disk (KB)            :        1        1  18498544 
	   Memory (MB)          :       12        1     24186 

	Job terminated of its own accord at 2024-04-26T11:32:39Z.
...
000 (990494.000.000) 2024-04-29 13:20:07 Job submitted from host: <128.83.120.183:9618?addrs=128.83.120.183-9618&alias=darmok.cs.utexas.edu&noUDP&sock=schedd_1353_9fba>
...
001 (990494.000.000) 2024-04-29 13:20:19 Job executing on host: <128.83.139.146:9618?addrs=128.83.139.146-9618&alias=angrist-19.cs.utexas.edu&noUDP&sock=startd_1594_ee0d>
...
006 (990494.000.000) 2024-04-29 13:20:27 Image size of job updated: 37048
	12  -  MemoryUsage of job (MB)
	11980  -  ResidentSetSize of job (KB)
...
006 (990494.000.000) 2024-04-29 13:25:01 Image size of job updated: 38324
	12  -  MemoryUsage of job (MB)
	11980  -  ResidentSetSize of job (KB)
...
005 (990494.000.000) 2024-04-29 13:25:01 Job terminated.
	(1) Normal termination (return value 0)
		Usr 0 00:04:42, Sys 0 00:00:00  -  Run Remote Usage
		Usr 0 00:00:00, Sys 0 00:00:00  -  Run Local Usage
		Usr 0 00:04:42, Sys 0 00:00:00  -  Total Remote Usage
		Usr 0 00:00:00, Sys 0 00:00:00  -  Total Local Usage
	0  -  Run Bytes Sent By Job
	0  -  Run Bytes Received By Job
	0  -  Total Bytes Sent By Job
	0  -  Total Bytes Received By Job
	Partitionable Resources :    Usage  Request Allocated 
	   Cpus                 :     1.00        1         1 
	   Disk (KB)            :     1           1  10853596 
	   Memory (MB)          :    12           1      4026 

	Job terminated of its own accord at 2024-04-29T18:25:01Z.
...
000 (990661.000.000) 2024-04-29 14:01:45 Job submitted from host: <128.83.120.183:9618?addrs=128.83.120.183-9618&alias=darmok.cs.utexas.edu&noUDP&sock=schedd_1353_9fba>
...
001 (990661.000.000) 2024-04-29 14:02:03 Job executing on host: <128.83.139.141:9618?addrs=128.83.139.141-9618&alias=angrist-14.cs.utexas.edu&noUDP&sock=startd_1625_317d>
...
006 (990661.000.000) 2024-04-29 14:02:12 Image size of job updated: 36916
	12  -  MemoryUsage of job (MB)
	12040  -  ResidentSetSize of job (KB)
...
006 (990661.000.000) 2024-04-29 14:04:27 Image size of job updated: 37828
	12  -  MemoryUsage of job (MB)
	12040  -  ResidentSetSize of job (KB)
...
005 (990661.000.000) 2024-04-29 14:04:27 Job terminated.
	(1) Normal termination (return value 0)
		Usr 0 00:02:23, Sys 0 00:00:00  -  Run Remote Usage
		Usr 0 00:00:00, Sys 0 00:00:00  -  Run Local Usage
		Usr 0 00:02:23, Sys 0 00:00:00  -  Total Remote Usage
		Usr 0 00:00:00, Sys 0 00:00:00  -  Total Local Usage
	0  -  Run Bytes Sent By Job
	0  -  Run Bytes Received By Job
	0  -  Total Bytes Sent By Job
	0  -  Total Bytes Received By Job
	Partitionable Resources :    Usage  Request Allocated 
	   Cpus                 :                 1         1 
	   Disk (KB)            :        1        1  10853596 
	   Memory (MB)          :       12        1      4026 

	Job terminated of its own accord at 2024-04-29T19:04:27Z.
...
