000 (983700.000.000) 2024-04-26 04:35:38 Job submitted from host: <128.83.120.183:9618?addrs=128.83.120.183-9618&alias=darmok.cs.utexas.edu&noUDP&sock=schedd_1353_9fba>
...
001 (983700.000.000) 2024-04-26 04:35:58 Job executing on host: <128.83.130.161:9618?addrs=128.83.130.161-9618&alias=oliphaunt-2.cs.utexas.edu&noUDP&sock=startd_1594_ee0d>
...
006 (983700.000.000) 2024-04-26 04:36:06 Image size of job updated: 36660
	12  -  MemoryUsage of job (MB)
	11520  -  ResidentSetSize of job (KB)
...
006 (983700.000.000) 2024-04-26 04:41:06 Image size of job updated: 43016
	18  -  MemoryUsage of job (MB)
	17880  -  ResidentSetSize of job (KB)
...
006 (983700.000.000) 2024-04-26 04:46:07 Image size of job updated: 43148
	18  -  MemoryUsage of job (MB)
	18072  -  ResidentSetSize of job (KB)
...
006 (983700.000.000) 2024-04-26 04:51:08 Image size of job updated: 43408
	18  -  MemoryUsage of job (MB)
	18244  -  ResidentSetSize of job (KB)
...
006 (983700.000.000) 2024-04-26 04:56:08 Image size of job updated: 43408
	18  -  MemoryUsage of job (MB)
	18284  -  ResidentSetSize of job (KB)
...
006 (983700.000.000) 2024-04-26 05:01:08 Image size of job updated: 43408
	18  -  MemoryUsage of job (MB)
	18340  -  ResidentSetSize of job (KB)
...
006 (983700.000.000) 2024-04-26 05:06:09 Image size of job updated: 43536
	18  -  MemoryUsage of job (MB)
	18428  -  ResidentSetSize of job (KB)
...
000 (984071.000.000) 2024-04-26 05:08:07 Job submitted from host: <128.83.120.183:9618?addrs=128.83.120.183-9618&alias=darmok.cs.utexas.edu&noUDP&sock=schedd_1353_9fba>
...
001 (984071.000.000) 2024-04-26 05:08:16 Job executing on host: <128.83.139.143:9618?addrs=128.83.139.143-9618&alias=angrist-16.cs.utexas.edu&noUDP&sock=startd_1598_ac6e>
...
006 (984071.000.000) 2024-04-26 05:08:25 Image size of job updated: 36656
	12  -  MemoryUsage of job (MB)
	11544  -  ResidentSetSize of job (KB)
...
005 (984071.000.000) 2024-04-26 05:08:31 Job terminated.
	(1) Normal termination (return value 0)
		Usr 0 00:00:14, Sys 0 00:00:00  -  Run Remote Usage
		Usr 0 00:00:00, Sys 0 00:00:00  -  Run Local Usage
		Usr 0 00:00:14, Sys 0 00:00:00  -  Total Remote Usage
		Usr 0 00:00:00, Sys 0 00:00:00  -  Total Local Usage
	0  -  Run Bytes Sent By Job
	0  -  Run Bytes Received By Job
	0  -  Total Bytes Sent By Job
	0  -  Total Bytes Received By Job
	Partitionable Resources :    Usage  Request Allocated 
	   Cpus                 :                 1         1 
	   Disk (KB)            :        1        1  10853596 
	   Memory (MB)          :       12        1      4026 

	Job terminated of its own accord at 2024-04-26T10:08:31Z.
...
006 (983700.000.000) 2024-04-26 05:11:09 Image size of job updated: 43660
	19  -  MemoryUsage of job (MB)
	18532  -  ResidentSetSize of job (KB)
...
006 (983700.000.000) 2024-04-26 05:16:09 Image size of job updated: 43788
	19  -  MemoryUsage of job (MB)
	18668  -  ResidentSetSize of job (KB)
...
006 (983700.000.000) 2024-04-26 05:21:10 Image size of job updated: 43916
	19  -  MemoryUsage of job (MB)
	18828  -  ResidentSetSize of job (KB)
...
006 (983700.000.000) 2024-04-26 05:26:11 Image size of job updated: 44040
	19  -  MemoryUsage of job (MB)
	18972  -  ResidentSetSize of job (KB)
...
006 (983700.000.000) 2024-04-26 05:31:11 Image size of job updated: 44164
	19  -  MemoryUsage of job (MB)
	19040  -  ResidentSetSize of job (KB)
...
006 (983700.000.000) 2024-04-26 05:36:11 Image size of job updated: 44164
	19  -  MemoryUsage of job (MB)
	19116  -  ResidentSetSize of job (KB)
...
006 (983700.000.000) 2024-04-26 05:41:12 Image size of job updated: 44292
	19  -  MemoryUsage of job (MB)
	19204  -  ResidentSetSize of job (KB)
...
006 (983700.000.000) 2024-04-26 05:46:12 Image size of job updated: 44420
	19  -  MemoryUsage of job (MB)
	19284  -  ResidentSetSize of job (KB)
...
006 (983700.000.000) 2024-04-26 05:51:12 Image size of job updated: 44420
	19  -  MemoryUsage of job (MB)
	19368  -  ResidentSetSize of job (KB)
...
006 (983700.000.000) 2024-04-26 05:56:13 Image size of job updated: 44544
	19  -  MemoryUsage of job (MB)
	19452  -  ResidentSetSize of job (KB)
...
006 (983700.000.000) 2024-04-26 06:01:14 Image size of job updated: 44668
	20  -  MemoryUsage of job (MB)
	19544  -  ResidentSetSize of job (KB)
...
005 (983700.000.000) 2024-04-26 06:01:25 Job terminated.
	(1) Normal termination (return value 0)
		Usr 0 01:25:26, Sys 0 00:00:00  -  Run Remote Usage
		Usr 0 00:00:00, Sys 0 00:00:00  -  Run Local Usage
		Usr 0 01:25:26, Sys 0 00:00:00  -  Total Remote Usage
		Usr 0 00:00:00, Sys 0 00:00:00  -  Total Local Usage
	0  -  Run Bytes Sent By Job
	0  -  Run Bytes Received By Job
	0  -  Total Bytes Sent By Job
	0  -  Total Bytes Received By Job
	Partitionable Resources :    Usage  Request Allocated 
	   Cpus                 :     1.00        1         1 
	   Disk (KB)            :     1           1  18498544 
	   Memory (MB)          :    20           1     24186 

	Job terminated of its own accord at 2024-04-26T11:01:25Z.
...
000 (984389.000.000) 2024-04-26 06:31:47 Job submitted from host: <128.83.120.183:9618?addrs=128.83.120.183-9618&alias=darmok.cs.utexas.edu&noUDP&sock=schedd_1353_9fba>
...
001 (984389.000.000) 2024-04-26 06:32:06 Job executing on host: <128.83.144.147:9618?addrs=128.83.144.147-9618&alias=oliphaunt-1.cs.utexas.edu&noUDP&sock=startd_1578_f489>
...
006 (984389.000.000) 2024-04-26 06:32:14 Image size of job updated: 36656
	12  -  MemoryUsage of job (MB)
	11540  -  ResidentSetSize of job (KB)
...
005 (984389.000.000) 2024-04-26 06:32:18 Job terminated.
	(1) Normal termination (return value 0)
		Usr 0 00:00:12, Sys 0 00:00:00  -  Run Remote Usage
		Usr 0 00:00:00, Sys 0 00:00:00  -  Run Local Usage
		Usr 0 00:00:12, Sys 0 00:00:00  -  Total Remote Usage
		Usr 0 00:00:00, Sys 0 00:00:00  -  Total Local Usage
	0  -  Run Bytes Sent By Job
	0  -  Run Bytes Received By Job
	0  -  Total Bytes Sent By Job
	0  -  Total Bytes Received By Job
	Partitionable Resources :    Usage  Request Allocated 
	   Cpus                 :                 1         1 
	   Disk (KB)            :        1        1  18498544 
	   Memory (MB)          :       12        1     24186 

	Job terminated of its own accord at 2024-04-26T11:32:18Z.
...
000 (990475.000.000) 2024-04-29 13:20:04 Job submitted from host: <128.83.120.183:9618?addrs=128.83.120.183-9618&alias=darmok.cs.utexas.edu&noUDP&sock=schedd_1353_9fba>
...
001 (990475.000.000) 2024-04-29 13:20:18 Job executing on host: <128.83.139.142:9618?addrs=128.83.139.142-9618&alias=angrist-15.cs.utexas.edu&noUDP&sock=startd_1598_ac6e>
...
006 (990475.000.000) 2024-04-29 13:20:26 Image size of job updated: 36656
	12  -  MemoryUsage of job (MB)
	11528  -  ResidentSetSize of job (KB)
...
006 (990475.000.000) 2024-04-29 13:25:21 Image size of job updated: 43408
	12  -  MemoryUsage of job (MB)
	11528  -  ResidentSetSize of job (KB)
...
005 (990475.000.000) 2024-04-29 13:25:21 Job terminated.
	(1) Normal termination (return value 0)
		Usr 0 00:05:03, Sys 0 00:00:00  -  Run Remote Usage
		Usr 0 00:00:00, Sys 0 00:00:00  -  Run Local Usage
		Usr 0 00:05:03, Sys 0 00:00:00  -  Total Remote Usage
		Usr 0 00:00:00, Sys 0 00:00:00  -  Total Local Usage
	0  -  Run Bytes Sent By Job
	0  -  Run Bytes Received By Job
	0  -  Total Bytes Sent By Job
	0  -  Total Bytes Received By Job
	Partitionable Resources :    Usage  Request Allocated 
	   Cpus                 :     1.00        1         1 
	   Disk (KB)            :     1           1  10853596 
	   Memory (MB)          :    12           1      4026 

	Job terminated of its own accord at 2024-04-29T18:25:21Z.
...
000 (990642.000.000) 2024-04-29 14:01:42 Job submitted from host: <128.83.120.183:9618?addrs=128.83.120.183-9618&alias=darmok.cs.utexas.edu&noUDP&sock=schedd_1353_9fba>
...
001 (990642.000.000) 2024-04-29 14:02:04 Job executing on host: <128.83.144.211:9618?addrs=128.83.144.211-9618&alias=angrist-12.cs.utexas.edu&noUDP&sock=startd_1592_8edc>
...
006 (990642.000.000) 2024-04-29 14:02:13 Image size of job updated: 36656
	12  -  MemoryUsage of job (MB)
	11524  -  ResidentSetSize of job (KB)
...
006 (990642.000.000) 2024-04-29 14:03:44 Image size of job updated: 37676
	12  -  MemoryUsage of job (MB)
	11524  -  ResidentSetSize of job (KB)
...
005 (990642.000.000) 2024-04-29 14:03:45 Job terminated.
	(1) Normal termination (return value 0)
		Usr 0 00:01:40, Sys 0 00:00:00  -  Run Remote Usage
		Usr 0 00:00:00, Sys 0 00:00:00  -  Run Local Usage
		Usr 0 00:01:40, Sys 0 00:00:00  -  Total Remote Usage
		Usr 0 00:00:00, Sys 0 00:00:00  -  Total Local Usage
	0  -  Run Bytes Sent By Job
	0  -  Run Bytes Received By Job
	0  -  Total Bytes Sent By Job
	0  -  Total Bytes Received By Job
	Partitionable Resources :    Usage  Request Allocated 
	   Cpus                 :                 1         1 
	   Disk (KB)            :        1        1  10853596 
	   Memory (MB)          :       12        1      4026 

	Job terminated of its own accord at 2024-04-29T19:03:44Z.
...
