000 (983706.000.000) 2024-04-26 04:35:39 Job submitted from host: <128.83.120.183:9618?addrs=128.83.120.183-9618&alias=darmok.cs.utexas.edu&noUDP&sock=schedd_1353_9fba>
...
001 (983706.000.000) 2024-04-26 04:35:59 Job executing on host: <128.83.144.147:9618?addrs=128.83.144.147-9618&alias=oliphaunt-1.cs.utexas.edu&noUDP&sock=startd_1578_f489>
...
006 (983706.000.000) 2024-04-26 04:36:08 Image size of job updated: 36656
	12  -  MemoryUsage of job (MB)
	11572  -  ResidentSetSize of job (KB)
...
006 (983706.000.000) 2024-04-26 04:41:09 Image size of job updated: 37176
	12  -  MemoryUsage of job (MB)
	12072  -  ResidentSetSize of job (KB)
...
006 (983706.000.000) 2024-04-26 04:46:10 Image size of job updated: 37688
	13  -  MemoryUsage of job (MB)
	12544  -  ResidentSetSize of job (KB)
...
006 (983706.000.000) 2024-04-26 04:51:10 Image size of job updated: 37688
	13  -  MemoryUsage of job (MB)
	12600  -  ResidentSetSize of job (KB)
...
006 (983706.000.000) 2024-04-26 04:56:10 Image size of job updated: 37688
	13  -  MemoryUsage of job (MB)
	12604  -  ResidentSetSize of job (KB)
...
000 (984077.000.000) 2024-04-26 05:08:07 Job submitted from host: <128.83.120.183:9618?addrs=128.83.120.183-9618&alias=darmok.cs.utexas.edu&noUDP&sock=schedd_1353_9fba>
...
001 (984077.000.000) 2024-04-26 05:08:17 Job executing on host: <128.83.139.143:9618?addrs=128.83.139.143-9618&alias=angrist-16.cs.utexas.edu&noUDP&sock=startd_1598_ac6e>
...
006 (984077.000.000) 2024-04-26 05:08:25 Image size of job updated: 36656
	12  -  MemoryUsage of job (MB)
	11608  -  ResidentSetSize of job (KB)
...
006 (984077.000.000) 2024-04-26 05:08:33 Image size of job updated: 36780
	12  -  MemoryUsage of job (MB)
	11608  -  ResidentSetSize of job (KB)
...
005 (984077.000.000) 2024-04-26 05:08:34 Job terminated.
	(1) Normal termination (return value 0)
		Usr 0 00:00:16, Sys 0 00:00:00  -  Run Remote Usage
		Usr 0 00:00:00, Sys 0 00:00:00  -  Run Local Usage
		Usr 0 00:00:16, Sys 0 00:00:00  -  Total Remote Usage
		Usr 0 00:00:00, Sys 0 00:00:00  -  Total Local Usage
	0  -  Run Bytes Sent By Job
	0  -  Run Bytes Received By Job
	0  -  Total Bytes Sent By Job
	0  -  Total Bytes Received By Job
	Partitionable Resources :    Usage  Request Allocated 
	   Cpus                 :                 1         1 
	   Disk (KB)            :        1        1  10853596 
	   Memory (MB)          :       12        1      4026 

	Job terminated of its own accord at 2024-04-26T10:08:33Z.
...
006 (983706.000.000) 2024-04-26 05:16:13 Image size of job updated: 37688
	13  -  MemoryUsage of job (MB)
	12608  -  ResidentSetSize of job (KB)
...
006 (983706.000.000) 2024-04-26 05:21:14 Image size of job updated: 37688
	13  -  MemoryUsage of job (MB)
	12616  -  ResidentSetSize of job (KB)
...
006 (983706.000.000) 2024-04-26 05:26:14 Image size of job updated: 37688
	13  -  MemoryUsage of job (MB)
	12632  -  ResidentSetSize of job (KB)
...
006 (983706.000.000) 2024-04-26 05:31:14 Image size of job updated: 37816
	13  -  MemoryUsage of job (MB)
	12720  -  ResidentSetSize of job (KB)
...
006 (983706.000.000) 2024-04-26 05:36:15 Image size of job updated: 37936
	13  -  MemoryUsage of job (MB)
	12812  -  ResidentSetSize of job (KB)
...
006 (983706.000.000) 2024-04-26 05:41:16 Image size of job updated: 38060
	13  -  MemoryUsage of job (MB)
	12912  -  ResidentSetSize of job (KB)
...
006 (983706.000.000) 2024-04-26 05:46:16 Image size of job updated: 38060
	13  -  MemoryUsage of job (MB)
	12924  -  ResidentSetSize of job (KB)
...
005 (983706.000.000) 2024-04-26 05:47:25 Job terminated.
	(1) Normal termination (return value 0)
		Usr 0 01:11:22, Sys 0 00:00:01  -  Run Remote Usage
		Usr 0 00:00:00, Sys 0 00:00:00  -  Run Local Usage
		Usr 0 01:11:22, Sys 0 00:00:01  -  Total Remote Usage
		Usr 0 00:00:00, Sys 0 00:00:00  -  Total Local Usage
	0  -  Run Bytes Sent By Job
	0  -  Run Bytes Received By Job
	0  -  Total Bytes Sent By Job
	0  -  Total Bytes Received By Job
	Partitionable Resources :    Usage  Request Allocated 
	   Cpus                 :     1.00        1         1 
	   Disk (KB)            :     1           1  18498544 
	   Memory (MB)          :    13           1     24186 

	Job terminated of its own accord at 2024-04-26T10:47:23Z.
...
000 (984395.000.000) 2024-04-26 06:31:47 Job submitted from host: <128.83.120.183:9618?addrs=128.83.120.183-9618&alias=darmok.cs.utexas.edu&noUDP&sock=schedd_1353_9fba>
...
001 (984395.000.000) 2024-04-26 06:32:12 Job executing on host: <128.83.144.147:9618?addrs=128.83.144.147-9618&alias=oliphaunt-1.cs.utexas.edu&noUDP&sock=startd_1578_f489>
...
006 (984395.000.000) 2024-04-26 06:32:20 Image size of job updated: 36652
	12  -  MemoryUsage of job (MB)
	11604  -  ResidentSetSize of job (KB)
...
006 (984395.000.000) 2024-04-26 06:32:30 Image size of job updated: 36772
	12  -  MemoryUsage of job (MB)
	11604  -  ResidentSetSize of job (KB)
...
005 (984395.000.000) 2024-04-26 06:32:30 Job terminated.
	(1) Normal termination (return value 0)
		Usr 0 00:00:18, Sys 0 00:00:00  -  Run Remote Usage
		Usr 0 00:00:00, Sys 0 00:00:00  -  Run Local Usage
		Usr 0 00:00:18, Sys 0 00:00:00  -  Total Remote Usage
		Usr 0 00:00:00, Sys 0 00:00:00  -  Total Local Usage
	0  -  Run Bytes Sent By Job
	0  -  Run Bytes Received By Job
	0  -  Total Bytes Sent By Job
	0  -  Total Bytes Received By Job
	Partitionable Resources :    Usage  Request Allocated 
	   Cpus                 :                 1         1 
	   Disk (KB)            :        1        1  18498544 
	   Memory (MB)          :       12        1     24186 

	Job terminated of its own accord at 2024-04-26T11:32:30Z.
...
000 (990481.000.000) 2024-04-29 13:20:05 Job submitted from host: <128.83.120.183:9618?addrs=128.83.120.183-9618&alias=darmok.cs.utexas.edu&noUDP&sock=schedd_1353_9fba>
...
001 (990481.000.000) 2024-04-29 13:20:20 Job executing on host: <128.83.139.146:9618?addrs=128.83.139.146-9618&alias=angrist-19.cs.utexas.edu&noUDP&sock=startd_1594_ee0d>
...
006 (990481.000.000) 2024-04-29 13:20:28 Image size of job updated: 36660
	12  -  MemoryUsage of job (MB)
	11580  -  ResidentSetSize of job (KB)
...
006 (990481.000.000) 2024-04-29 13:23:33 Image size of job updated: 36916
	12  -  MemoryUsage of job (MB)
	11580  -  ResidentSetSize of job (KB)
...
005 (990481.000.000) 2024-04-29 13:23:33 Job terminated.
	(1) Normal termination (return value 0)
		Usr 0 00:03:12, Sys 0 00:00:00  -  Run Remote Usage
		Usr 0 00:00:00, Sys 0 00:00:00  -  Run Local Usage
		Usr 0 00:03:12, Sys 0 00:00:00  -  Total Remote Usage
		Usr 0 00:00:00, Sys 0 00:00:00  -  Total Local Usage
	0  -  Run Bytes Sent By Job
	0  -  Run Bytes Received By Job
	0  -  Total Bytes Sent By Job
	0  -  Total Bytes Received By Job
	Partitionable Resources :    Usage  Request Allocated 
	   Cpus                 :     1.00        1         1 
	   Disk (KB)            :     1           1  10853596 
	   Memory (MB)          :    12           1      4026 

	Job terminated of its own accord at 2024-04-29T18:23:33Z.
...
000 (990648.000.000) 2024-04-29 14:01:43 Job submitted from host: <128.83.120.183:9618?addrs=128.83.120.183-9618&alias=darmok.cs.utexas.edu&noUDP&sock=schedd_1353_9fba>
...
001 (990648.000.000) 2024-04-29 14:02:02 Job executing on host: <128.83.139.141:9618?addrs=128.83.139.141-9618&alias=angrist-14.cs.utexas.edu&noUDP&sock=startd_1625_317d>
...
006 (990648.000.000) 2024-04-29 14:02:11 Image size of job updated: 36656
	12  -  MemoryUsage of job (MB)
	11588  -  ResidentSetSize of job (KB)
...
006 (990648.000.000) 2024-04-29 14:03:30 Image size of job updated: 36784
	12  -  MemoryUsage of job (MB)
	11588  -  ResidentSetSize of job (KB)
...
005 (990648.000.000) 2024-04-29 14:03:30 Job terminated.
	(1) Normal termination (return value 0)
		Usr 0 00:01:28, Sys 0 00:00:00  -  Run Remote Usage
		Usr 0 00:00:00, Sys 0 00:00:00  -  Run Local Usage
		Usr 0 00:01:28, Sys 0 00:00:00  -  Total Remote Usage
		Usr 0 00:00:00, Sys 0 00:00:00  -  Total Local Usage
	0  -  Run Bytes Sent By Job
	0  -  Run Bytes Received By Job
	0  -  Total Bytes Sent By Job
	0  -  Total Bytes Received By Job
	Partitionable Resources :    Usage  Request Allocated 
	   Cpus                 :                 1         1 
	   Disk (KB)            :        1        1  10853596 
	   Memory (MB)          :       12        1      4026 

	Job terminated of its own accord at 2024-04-29T19:03:30Z.
...
