000 (983731.000.000) 2024-04-26 04:35:43 Job submitted from host: <128.83.120.183:9618?addrs=128.83.120.183-9618&alias=darmok.cs.utexas.edu&noUDP&sock=schedd_1353_9fba>
...
001 (983731.000.000) 2024-04-26 04:36:03 Job executing on host: <128.83.130.161:9618?addrs=128.83.130.161-9618&alias=oliphaunt-2.cs.utexas.edu&noUDP&sock=startd_1594_ee0d>
...
006 (983731.000.000) 2024-04-26 04:36:11 Image size of job updated: 11640
	12  -  MemoryUsage of job (MB)
	11640  -  ResidentSetSize of job (KB)
...
006 (983731.000.000) 2024-04-26 04:41:11 Image size of job updated: 37940
	13  -  MemoryUsage of job (MB)
	12928  -  ResidentSetSize of job (KB)
...
006 (983731.000.000) 2024-04-26 04:46:12 Image size of job updated: 38580
	14  -  MemoryUsage of job (MB)
	13552  -  ResidentSetSize of job (KB)
...
006 (983731.000.000) 2024-04-26 04:51:13 Image size of job updated: 39088
	14  -  MemoryUsage of job (MB)
	14004  -  ResidentSetSize of job (KB)
...
006 (983731.000.000) 2024-04-26 04:56:13 Image size of job updated: 39088
	14  -  MemoryUsage of job (MB)
	14036  -  ResidentSetSize of job (KB)
...
006 (983731.000.000) 2024-04-26 05:01:13 Image size of job updated: 39196
	14  -  MemoryUsage of job (MB)
	14088  -  ResidentSetSize of job (KB)
...
006 (983731.000.000) 2024-04-26 05:06:14 Image size of job updated: 39412
	15  -  MemoryUsage of job (MB)
	14376  -  ResidentSetSize of job (KB)
...
000 (984102.000.000) 2024-04-26 05:08:10 Job submitted from host: <128.83.120.183:9618?addrs=128.83.120.183-9618&alias=darmok.cs.utexas.edu&noUDP&sock=schedd_1353_9fba>
...
001 (984102.000.000) 2024-04-26 05:08:20 Job executing on host: <128.83.139.143:9618?addrs=128.83.139.143-9618&alias=angrist-16.cs.utexas.edu&noUDP&sock=startd_1598_ac6e>
...
006 (984102.000.000) 2024-04-26 05:08:28 Image size of job updated: 36772
	12  -  MemoryUsage of job (MB)
	11620  -  ResidentSetSize of job (KB)
...
005 (984102.000.000) 2024-04-26 05:08:36 Job terminated.
	(1) Normal termination (return value 0)
		Usr 0 00:00:15, Sys 0 00:00:00  -  Run Remote Usage
		Usr 0 00:00:00, Sys 0 00:00:00  -  Run Local Usage
		Usr 0 00:00:15, Sys 0 00:00:00  -  Total Remote Usage
		Usr 0 00:00:00, Sys 0 00:00:00  -  Total Local Usage
	0  -  Run Bytes Sent By Job
	0  -  Run Bytes Received By Job
	0  -  Total Bytes Sent By Job
	0  -  Total Bytes Received By Job
	Partitionable Resources :    Usage  Request Allocated 
	   Cpus                 :                 1         1 
	   Disk (KB)            :        1        1  10853596 
	   Memory (MB)          :       12        1      4026 

	Job terminated of its own accord at 2024-04-26T10:08:35Z.
...
006 (983731.000.000) 2024-04-26 05:11:15 Image size of job updated: 39644
	15  -  MemoryUsage of job (MB)
	14548  -  ResidentSetSize of job (KB)
...
006 (983731.000.000) 2024-04-26 05:16:15 Image size of job updated: 39768
	15  -  MemoryUsage of job (MB)
	14728  -  ResidentSetSize of job (KB)
...
006 (983731.000.000) 2024-04-26 05:21:16 Image size of job updated: 39888
	15  -  MemoryUsage of job (MB)
	14768  -  ResidentSetSize of job (KB)
...
005 (983731.000.000) 2024-04-26 05:23:01 Job terminated.
	(1) Normal termination (return value 0)
		Usr 0 00:46:57, Sys 0 00:00:00  -  Run Remote Usage
		Usr 0 00:00:00, Sys 0 00:00:00  -  Run Local Usage
		Usr 0 00:46:57, Sys 0 00:00:00  -  Total Remote Usage
		Usr 0 00:00:00, Sys 0 00:00:00  -  Total Local Usage
	0  -  Run Bytes Sent By Job
	0  -  Run Bytes Received By Job
	0  -  Total Bytes Sent By Job
	0  -  Total Bytes Received By Job
	Partitionable Resources :    Usage  Request Allocated 
	   Cpus                 :     1.00        1         1 
	   Disk (KB)            :     1           1  18498544 
	   Memory (MB)          :    15           1     24186 

	Job terminated of its own accord at 2024-04-26T10:23:01Z.
...
000 (984420.000.000) 2024-04-26 06:31:51 Job submitted from host: <128.83.120.183:9618?addrs=128.83.120.183-9618&alias=darmok.cs.utexas.edu&noUDP&sock=schedd_1353_9fba>
...
001 (984420.000.000) 2024-04-26 06:32:08 Job executing on host: <128.83.130.161:9618?addrs=128.83.130.161-9618&alias=oliphaunt-2.cs.utexas.edu&noUDP&sock=startd_1594_ee0d>
...
006 (984420.000.000) 2024-04-26 06:32:17 Image size of job updated: 36772
	12  -  MemoryUsage of job (MB)
	11624  -  ResidentSetSize of job (KB)
...
005 (984420.000.000) 2024-04-26 06:32:30 Job terminated.
	(1) Normal termination (return value 0)
		Usr 0 00:00:21, Sys 0 00:00:00  -  Run Remote Usage
		Usr 0 00:00:00, Sys 0 00:00:00  -  Run Local Usage
		Usr 0 00:00:21, Sys 0 00:00:00  -  Total Remote Usage
		Usr 0 00:00:00, Sys 0 00:00:00  -  Total Local Usage
	0  -  Run Bytes Sent By Job
	0  -  Run Bytes Received By Job
	0  -  Total Bytes Sent By Job
	0  -  Total Bytes Received By Job
	Partitionable Resources :    Usage  Request Allocated 
	   Cpus                 :                 1         1 
	   Disk (KB)            :        1        1  18498544 
	   Memory (MB)          :       12        1     24186 

	Job terminated of its own accord at 2024-04-26T11:32:30Z.
...
000 (990506.000.000) 2024-04-29 13:20:08 Job submitted from host: <128.83.120.183:9618?addrs=128.83.120.183-9618&alias=darmok.cs.utexas.edu&noUDP&sock=schedd_1353_9fba>
...
001 (990506.000.000) 2024-04-29 13:20:18 Job executing on host: <128.83.139.150:9618?addrs=128.83.139.150-9618&alias=angrist-23.cs.utexas.edu&noUDP&sock=startd_1604_c9ff>
...
006 (990506.000.000) 2024-04-29 13:20:26 Image size of job updated: 36656
	12  -  MemoryUsage of job (MB)
	11652  -  ResidentSetSize of job (KB)
...
006 (990506.000.000) 2024-04-29 13:22:44 Image size of job updated: 37556
	12  -  MemoryUsage of job (MB)
	11652  -  ResidentSetSize of job (KB)
...
005 (990506.000.000) 2024-04-29 13:22:45 Job terminated.
	(1) Normal termination (return value 0)
		Usr 0 00:02:26, Sys 0 00:00:00  -  Run Remote Usage
		Usr 0 00:00:00, Sys 0 00:00:00  -  Run Local Usage
		Usr 0 00:02:26, Sys 0 00:00:00  -  Total Remote Usage
		Usr 0 00:00:00, Sys 0 00:00:00  -  Total Local Usage
	0  -  Run Bytes Sent By Job
	0  -  Run Bytes Received By Job
	0  -  Total Bytes Sent By Job
	0  -  Total Bytes Received By Job
	Partitionable Resources :    Usage  Request Allocated 
	   Cpus                 :                 1         1 
	   Disk (KB)            :        1        1  10853594 
	   Memory (MB)          :       12        1      4026 

	Job terminated of its own accord at 2024-04-29T18:22:44Z.
...
000 (990673.000.000) 2024-04-29 14:01:46 Job submitted from host: <128.83.120.183:9618?addrs=128.83.120.183-9618&alias=darmok.cs.utexas.edu&noUDP&sock=schedd_1353_9fba>
...
001 (990673.000.000) 2024-04-29 14:02:04 Job executing on host: <128.83.144.240:9618?addrs=128.83.144.240-9618&alias=angrist-13.cs.utexas.edu&noUDP&sock=startd_1643_8a31>
...
006 (990673.000.000) 2024-04-29 14:02:13 Image size of job updated: 36788
	12  -  MemoryUsage of job (MB)
	11656  -  ResidentSetSize of job (KB)
...
006 (990673.000.000) 2024-04-29 14:03:34 Image size of job updated: 37308
	12  -  MemoryUsage of job (MB)
	11656  -  ResidentSetSize of job (KB)
...
005 (990673.000.000) 2024-04-29 14:03:34 Job terminated.
	(1) Normal termination (return value 0)
		Usr 0 00:01:29, Sys 0 00:00:00  -  Run Remote Usage
		Usr 0 00:00:00, Sys 0 00:00:00  -  Run Local Usage
		Usr 0 00:01:29, Sys 0 00:00:00  -  Total Remote Usage
		Usr 0 00:00:00, Sys 0 00:00:00  -  Total Local Usage
	0  -  Run Bytes Sent By Job
	0  -  Run Bytes Received By Job
	0  -  Total Bytes Sent By Job
	0  -  Total Bytes Received By Job
	Partitionable Resources :    Usage  Request Allocated 
	   Cpus                 :     1.00        1         1 
	   Disk (KB)            :     1           1  10853596 
	   Memory (MB)          :    12           1      4026 

	Job terminated of its own accord at 2024-04-29T19:03:34Z.
...
