000 (983715.000.000) 2024-04-26 04:35:41 Job submitted from host: <128.83.120.183:9618?addrs=128.83.120.183-9618&alias=darmok.cs.utexas.edu&noUDP&sock=schedd_1353_9fba>
...
001 (983715.000.000) 2024-04-26 04:35:59 Job executing on host: <128.83.130.161:9618?addrs=128.83.130.161-9618&alias=oliphaunt-2.cs.utexas.edu&noUDP&sock=startd_1594_ee0d>
...
006 (983715.000.000) 2024-04-26 04:36:07 Image size of job updated: 36656
	12  -  MemoryUsage of job (MB)
	11652  -  ResidentSetSize of job (KB)
...
006 (983715.000.000) 2024-04-26 04:41:07 Image size of job updated: 41904
	17  -  MemoryUsage of job (MB)
	16924  -  ResidentSetSize of job (KB)
...
006 (983715.000.000) 2024-04-26 04:46:08 Image size of job updated: 42804
	18  -  MemoryUsage of job (MB)
	17756  -  ResidentSetSize of job (KB)
...
006 (983715.000.000) 2024-04-26 04:51:08 Image size of job updated: 42932
	18  -  MemoryUsage of job (MB)
	17856  -  ResidentSetSize of job (KB)
...
006 (983715.000.000) 2024-04-26 04:56:08 Image size of job updated: 42932
	18  -  MemoryUsage of job (MB)
	17880  -  ResidentSetSize of job (KB)
...
006 (983715.000.000) 2024-04-26 05:01:09 Image size of job updated: 43056
	18  -  MemoryUsage of job (MB)
	17928  -  ResidentSetSize of job (KB)
...
006 (983715.000.000) 2024-04-26 05:06:10 Image size of job updated: 43056
	18  -  MemoryUsage of job (MB)
	17992  -  ResidentSetSize of job (KB)
...
000 (984086.000.000) 2024-04-26 05:08:08 Job submitted from host: <128.83.120.183:9618?addrs=128.83.120.183-9618&alias=darmok.cs.utexas.edu&noUDP&sock=schedd_1353_9fba>
...
001 (984086.000.000) 2024-04-26 05:08:21 Job executing on host: <128.83.144.211:9618?addrs=128.83.144.211-9618&alias=angrist-12.cs.utexas.edu&noUDP&sock=startd_1592_8edc>
...
006 (984086.000.000) 2024-04-26 05:08:29 Image size of job updated: 36788
	12  -  MemoryUsage of job (MB)
	11696  -  ResidentSetSize of job (KB)
...
006 (984086.000.000) 2024-04-26 05:08:48 Image size of job updated: 36916
	12  -  MemoryUsage of job (MB)
	11696  -  ResidentSetSize of job (KB)
...
005 (984086.000.000) 2024-04-26 05:08:48 Job terminated.
	(1) Normal termination (return value 0)
		Usr 0 00:00:27, Sys 0 00:00:00  -  Run Remote Usage
		Usr 0 00:00:00, Sys 0 00:00:00  -  Run Local Usage
		Usr 0 00:00:27, Sys 0 00:00:00  -  Total Remote Usage
		Usr 0 00:00:00, Sys 0 00:00:00  -  Total Local Usage
	0  -  Run Bytes Sent By Job
	0  -  Run Bytes Received By Job
	0  -  Total Bytes Sent By Job
	0  -  Total Bytes Received By Job
	Partitionable Resources :    Usage  Request Allocated 
	   Cpus                 :                 1         1 
	   Disk (KB)            :        1        1  10853596 
	   Memory (MB)          :       12        1      4026 

	Job terminated of its own accord at 2024-04-26T10:08:48Z.
...
006 (983715.000.000) 2024-04-26 05:11:10 Image size of job updated: 43312
	18  -  MemoryUsage of job (MB)
	18168  -  ResidentSetSize of job (KB)
...
006 (983715.000.000) 2024-04-26 05:26:12 Image size of job updated: 43312
	18  -  MemoryUsage of job (MB)
	18228  -  ResidentSetSize of job (KB)
...
006 (983715.000.000) 2024-04-26 05:31:12 Image size of job updated: 43416
	18  -  MemoryUsage of job (MB)
	18312  -  ResidentSetSize of job (KB)
...
005 (983715.000.000) 2024-04-26 05:40:44 Job terminated.
	(1) Normal termination (return value 0)
		Usr 0 01:04:43, Sys 0 00:00:00  -  Run Remote Usage
		Usr 0 00:00:00, Sys 0 00:00:00  -  Run Local Usage
		Usr 0 01:04:43, Sys 0 00:00:00  -  Total Remote Usage
		Usr 0 00:00:00, Sys 0 00:00:00  -  Total Local Usage
	0  -  Run Bytes Sent By Job
	0  -  Run Bytes Received By Job
	0  -  Total Bytes Sent By Job
	0  -  Total Bytes Received By Job
	Partitionable Resources :    Usage  Request Allocated 
	   Cpus                 :     1.00        1         1 
	   Disk (KB)            :     1           1  18498544 
	   Memory (MB)          :    18           1     24186 

	Job terminated of its own accord at 2024-04-26T10:40:43Z.
...
000 (984404.000.000) 2024-04-26 06:31:48 Job submitted from host: <128.83.120.183:9618?addrs=128.83.120.183-9618&alias=darmok.cs.utexas.edu&noUDP&sock=schedd_1353_9fba>
...
001 (984404.000.000) 2024-04-26 06:32:07 Job executing on host: <128.83.130.161:9618?addrs=128.83.130.161-9618&alias=oliphaunt-2.cs.utexas.edu&noUDP&sock=startd_1594_ee0d>
...
006 (984404.000.000) 2024-04-26 06:32:16 Image size of job updated: 36784
	12  -  MemoryUsage of job (MB)
	11680  -  ResidentSetSize of job (KB)
...
006 (984404.000.000) 2024-04-26 06:32:38 Image size of job updated: 36912
	12  -  MemoryUsage of job (MB)
	11680  -  ResidentSetSize of job (KB)
...
005 (984404.000.000) 2024-04-26 06:32:38 Job terminated.
	(1) Normal termination (return value 0)
		Usr 0 00:00:30, Sys 0 00:00:00  -  Run Remote Usage
		Usr 0 00:00:00, Sys 0 00:00:00  -  Run Local Usage
		Usr 0 00:00:30, Sys 0 00:00:00  -  Total Remote Usage
		Usr 0 00:00:00, Sys 0 00:00:00  -  Total Local Usage
	0  -  Run Bytes Sent By Job
	0  -  Run Bytes Received By Job
	0  -  Total Bytes Sent By Job
	0  -  Total Bytes Received By Job
	Partitionable Resources :    Usage  Request Allocated 
	   Cpus                 :                 1         1 
	   Disk (KB)            :        1        1  18498544 
	   Memory (MB)          :       12        1     24186 

	Job terminated of its own accord at 2024-04-26T11:32:38Z.
...
000 (990490.000.000) 2024-04-29 13:20:06 Job submitted from host: <128.83.120.183:9618?addrs=128.83.120.183-9618&alias=darmok.cs.utexas.edu&noUDP&sock=schedd_1353_9fba>
...
001 (990490.000.000) 2024-04-29 13:20:18 Job executing on host: <128.83.144.168:9618?addrs=128.83.144.168-9618&alias=angrist-10.cs.utexas.edu&noUDP&sock=startd_1611_9729>
...
006 (990490.000.000) 2024-04-29 13:20:26 Image size of job updated: 36656
	12  -  MemoryUsage of job (MB)
	11764  -  ResidentSetSize of job (KB)
...
006 (990490.000.000) 2024-04-29 13:23:31 Image size of job updated: 39136
	12  -  MemoryUsage of job (MB)
	11764  -  ResidentSetSize of job (KB)
...
005 (990490.000.000) 2024-04-29 13:23:31 Job terminated.
	(1) Normal termination (return value 0)
		Usr 0 00:03:12, Sys 0 00:00:00  -  Run Remote Usage
		Usr 0 00:00:00, Sys 0 00:00:00  -  Run Local Usage
		Usr 0 00:03:12, Sys 0 00:00:00  -  Total Remote Usage
		Usr 0 00:00:00, Sys 0 00:00:00  -  Total Local Usage
	0  -  Run Bytes Sent By Job
	0  -  Run Bytes Received By Job
	0  -  Total Bytes Sent By Job
	0  -  Total Bytes Received By Job
	Partitionable Resources :    Usage  Request Allocated 
	   Cpus                 :     1.00        1         1 
	   Disk (KB)            :     1           1  10853596 
	   Memory (MB)          :    12           1      4026 

	Job terminated of its own accord at 2024-04-29T18:23:31Z.
...
000 (990657.000.000) 2024-04-29 14:01:44 Job submitted from host: <128.83.120.183:9618?addrs=128.83.120.183-9618&alias=darmok.cs.utexas.edu&noUDP&sock=schedd_1353_9fba>
...
001 (990657.000.000) 2024-04-29 14:02:03 Job executing on host: <128.83.139.146:9618?addrs=128.83.139.146-9618&alias=angrist-19.cs.utexas.edu&noUDP&sock=startd_1594_ee0d>
...
006 (990657.000.000) 2024-04-29 14:02:11 Image size of job updated: 36656
	12  -  MemoryUsage of job (MB)
	11764  -  ResidentSetSize of job (KB)
...
006 (990657.000.000) 2024-04-29 14:03:35 Image size of job updated: 37904
	12  -  MemoryUsage of job (MB)
	11764  -  ResidentSetSize of job (KB)
...
005 (990657.000.000) 2024-04-29 14:03:35 Job terminated.
	(1) Normal termination (return value 0)
		Usr 0 00:01:32, Sys 0 00:00:00  -  Run Remote Usage
		Usr 0 00:00:00, Sys 0 00:00:00  -  Run Local Usage
		Usr 0 00:01:32, Sys 0 00:00:00  -  Total Remote Usage
		Usr 0 00:00:00, Sys 0 00:00:00  -  Total Local Usage
	0  -  Run Bytes Sent By Job
	0  -  Run Bytes Received By Job
	0  -  Total Bytes Sent By Job
	0  -  Total Bytes Received By Job
	Partitionable Resources :    Usage  Request Allocated 
	   Cpus                 :                 1         1 
	   Disk (KB)            :        1        1  10853596 
	   Memory (MB)          :       12        1      4026 

	Job terminated of its own accord at 2024-04-29T19:03:35Z.
...
