000 (983723.000.000) 2024-04-26 04:35:42 Job submitted from host: <128.83.120.183:9618?addrs=128.83.120.183-9618&alias=darmok.cs.utexas.edu&noUDP&sock=schedd_1353_9fba>
...
001 (983723.000.000) 2024-04-26 04:36:00 Job executing on host: <128.83.130.161:9618?addrs=128.83.130.161-9618&alias=oliphaunt-2.cs.utexas.edu&noUDP&sock=startd_1594_ee0d>
...
006 (983723.000.000) 2024-04-26 04:36:09 Image size of job updated: 36656
	12  -  MemoryUsage of job (MB)
	11628  -  ResidentSetSize of job (KB)
...
006 (983723.000.000) 2024-04-26 04:41:10 Image size of job updated: 37040
	12  -  MemoryUsage of job (MB)
	11968  -  ResidentSetSize of job (KB)
...
006 (983723.000.000) 2024-04-26 04:46:11 Image size of job updated: 37436
	13  -  MemoryUsage of job (MB)
	12392  -  ResidentSetSize of job (KB)
...
006 (983723.000.000) 2024-04-26 04:51:11 Image size of job updated: 37436
	13  -  MemoryUsage of job (MB)
	12400  -  ResidentSetSize of job (KB)
...
006 (983723.000.000) 2024-04-26 05:01:12 Image size of job updated: 37564
	13  -  MemoryUsage of job (MB)
	12404  -  ResidentSetSize of job (KB)
...
006 (983723.000.000) 2024-04-26 05:06:13 Image size of job updated: 37564
	13  -  MemoryUsage of job (MB)
	12408  -  ResidentSetSize of job (KB)
...
000 (984094.000.000) 2024-04-26 05:08:09 Job submitted from host: <128.83.120.183:9618?addrs=128.83.120.183-9618&alias=darmok.cs.utexas.edu&noUDP&sock=schedd_1353_9fba>
...
001 (984094.000.000) 2024-04-26 05:08:20 Job executing on host: <128.83.144.240:9618?addrs=128.83.144.240-9618&alias=angrist-13.cs.utexas.edu&noUDP&sock=startd_1643_8a31>
...
006 (984094.000.000) 2024-04-26 05:08:28 Image size of job updated: 36660
	12  -  MemoryUsage of job (MB)
	11640  -  ResidentSetSize of job (KB)
...
006 (984094.000.000) 2024-04-26 05:09:21 Image size of job updated: 36788
	12  -  MemoryUsage of job (MB)
	11640  -  ResidentSetSize of job (KB)
...
005 (984094.000.000) 2024-04-26 05:09:21 Job terminated.
	(1) Normal termination (return value 0)
		Usr 0 00:01:01, Sys 0 00:00:00  -  Run Remote Usage
		Usr 0 00:00:00, Sys 0 00:00:00  -  Run Local Usage
		Usr 0 00:01:01, Sys 0 00:00:00  -  Total Remote Usage
		Usr 0 00:00:00, Sys 0 00:00:00  -  Total Local Usage
	0  -  Run Bytes Sent By Job
	0  -  Run Bytes Received By Job
	0  -  Total Bytes Sent By Job
	0  -  Total Bytes Received By Job
	Partitionable Resources :    Usage  Request Allocated 
	   Cpus                 :                 1         1 
	   Disk (KB)            :        1        1  10853596 
	   Memory (MB)          :       12        1      4026 

	Job terminated of its own accord at 2024-04-26T10:09:21Z.
...
006 (983723.000.000) 2024-04-26 05:36:15 Image size of job updated: 37564
	13  -  MemoryUsage of job (MB)
	12416  -  ResidentSetSize of job (KB)
...
006 (983723.000.000) 2024-04-26 05:46:16 Image size of job updated: 37564
	13  -  MemoryUsage of job (MB)
	12420  -  ResidentSetSize of job (KB)
...
006 (983723.000.000) 2024-04-26 05:51:16 Image size of job updated: 37564
	13  -  MemoryUsage of job (MB)
	12424  -  ResidentSetSize of job (KB)
...
005 (983723.000.000) 2024-04-26 05:57:49 Job terminated.
	(1) Normal termination (return value 0)
		Usr 0 01:21:47, Sys 0 00:00:00  -  Run Remote Usage
		Usr 0 00:00:00, Sys 0 00:00:00  -  Run Local Usage
		Usr 0 01:21:47, Sys 0 00:00:00  -  Total Remote Usage
		Usr 0 00:00:00, Sys 0 00:00:00  -  Total Local Usage
	0  -  Run Bytes Sent By Job
	0  -  Run Bytes Received By Job
	0  -  Total Bytes Sent By Job
	0  -  Total Bytes Received By Job
	Partitionable Resources :    Usage  Request Allocated 
	   Cpus                 :     1.00        1         1 
	   Disk (KB)            :     1           1  18498544 
	   Memory (MB)          :    13           1     24186 

	Job terminated of its own accord at 2024-04-26T10:57:49Z.
...
000 (984412.000.000) 2024-04-26 06:31:50 Job submitted from host: <128.83.120.183:9618?addrs=128.83.120.183-9618&alias=darmok.cs.utexas.edu&noUDP&sock=schedd_1353_9fba>
...
001 (984412.000.000) 2024-04-26 06:32:09 Job executing on host: <128.83.144.147:9618?addrs=128.83.144.147-9618&alias=oliphaunt-1.cs.utexas.edu&noUDP&sock=startd_1578_f489>
...
006 (984412.000.000) 2024-04-26 06:32:17 Image size of job updated: 36788
	12  -  MemoryUsage of job (MB)
	11640  -  ResidentSetSize of job (KB)
...
005 (984412.000.000) 2024-04-26 06:32:58 Job terminated.
	(1) Normal termination (return value 0)
		Usr 0 00:00:49, Sys 0 00:00:00  -  Run Remote Usage
		Usr 0 00:00:00, Sys 0 00:00:00  -  Run Local Usage
		Usr 0 00:00:49, Sys 0 00:00:00  -  Total Remote Usage
		Usr 0 00:00:00, Sys 0 00:00:00  -  Total Local Usage
	0  -  Run Bytes Sent By Job
	0  -  Run Bytes Received By Job
	0  -  Total Bytes Sent By Job
	0  -  Total Bytes Received By Job
	Partitionable Resources :    Usage  Request Allocated 
	   Cpus                 :                 1         1 
	   Disk (KB)            :        1        1  18498544 
	   Memory (MB)          :       12        1     24186 

	Job terminated of its own accord at 2024-04-26T11:32:58Z.
...
000 (990498.000.000) 2024-04-29 13:20:07 Job submitted from host: <128.83.120.183:9618?addrs=128.83.120.183-9618&alias=darmok.cs.utexas.edu&noUDP&sock=schedd_1353_9fba>
...
001 (990498.000.000) 2024-04-29 13:20:19 Job executing on host: <128.83.139.146:9618?addrs=128.83.139.146-9618&alias=angrist-19.cs.utexas.edu&noUDP&sock=startd_1594_ee0d>
...
006 (990498.000.000) 2024-04-29 13:20:28 Image size of job updated: 36784
	12  -  MemoryUsage of job (MB)
	11752  -  ResidentSetSize of job (KB)
...
006 (990498.000.000) 2024-04-29 13:25:29 Image size of job updated: 37040
	12  -  MemoryUsage of job (MB)
	11988  -  ResidentSetSize of job (KB)
...
005 (990498.000.000) 2024-04-29 13:25:50 Job terminated.
	(1) Normal termination (return value 0)
		Usr 0 00:05:30, Sys 0 00:00:00  -  Run Remote Usage
		Usr 0 00:00:00, Sys 0 00:00:00  -  Run Local Usage
		Usr 0 00:05:30, Sys 0 00:00:00  -  Total Remote Usage
		Usr 0 00:00:00, Sys 0 00:00:00  -  Total Local Usage
	0  -  Run Bytes Sent By Job
	0  -  Run Bytes Received By Job
	0  -  Total Bytes Sent By Job
	0  -  Total Bytes Received By Job
	Partitionable Resources :    Usage  Request Allocated 
	   Cpus                 :     1.00        1         1 
	   Disk (KB)            :     1           1  10853596 
	   Memory (MB)          :    12           1      4026 

	Job terminated of its own accord at 2024-04-29T18:25:50Z.
...
000 (990665.000.000) 2024-04-29 14:01:45 Job submitted from host: <128.83.120.183:9618?addrs=128.83.120.183-9618&alias=darmok.cs.utexas.edu&noUDP&sock=schedd_1353_9fba>
...
001 (990665.000.000) 2024-04-29 14:02:04 Job executing on host: <128.83.144.240:9618?addrs=128.83.144.240-9618&alias=angrist-13.cs.utexas.edu&noUDP&sock=startd_1643_8a31>
...
006 (990665.000.000) 2024-04-29 14:02:13 Image size of job updated: 36788
	12  -  MemoryUsage of job (MB)
	11668  -  ResidentSetSize of job (KB)
...
006 (990665.000.000) 2024-04-29 14:04:41 Image size of job updated: 37044
	12  -  MemoryUsage of job (MB)
	11668  -  ResidentSetSize of job (KB)
...
005 (990665.000.000) 2024-04-29 14:04:41 Job terminated.
	(1) Normal termination (return value 0)
		Usr 0 00:02:36, Sys 0 00:00:00  -  Run Remote Usage
		Usr 0 00:00:00, Sys 0 00:00:00  -  Run Local Usage
		Usr 0 00:02:36, Sys 0 00:00:00  -  Total Remote Usage
		Usr 0 00:00:00, Sys 0 00:00:00  -  Total Local Usage
	0  -  Run Bytes Sent By Job
	0  -  Run Bytes Received By Job
	0  -  Total Bytes Sent By Job
	0  -  Total Bytes Received By Job
	Partitionable Resources :    Usage  Request Allocated 
	   Cpus                 :     1.00        1         1 
	   Disk (KB)            :     1           1  10853596 
	   Memory (MB)          :    12           1      4026 

	Job terminated of its own accord at 2024-04-29T19:04:41Z.
...
