000 (983724.000.000) 2024-04-26 04:35:42 Job submitted from host: <128.83.120.183:9618?addrs=128.83.120.183-9618&alias=darmok.cs.utexas.edu&noUDP&sock=schedd_1353_9fba>
...
001 (983724.000.000) 2024-04-26 04:36:01 Job executing on host: <128.83.130.161:9618?addrs=128.83.130.161-9618&alias=oliphaunt-2.cs.utexas.edu&noUDP&sock=startd_1594_ee0d>
...
006 (983724.000.000) 2024-04-26 04:36:09 Image size of job updated: 36656
	12  -  MemoryUsage of job (MB)
	11548  -  ResidentSetSize of job (KB)
...
006 (983724.000.000) 2024-04-26 04:41:09 Image size of job updated: 36788
	12  -  MemoryUsage of job (MB)
	11724  -  ResidentSetSize of job (KB)
...
006 (983724.000.000) 2024-04-26 04:46:09 Image size of job updated: 36788
	12  -  MemoryUsage of job (MB)
	11736  -  ResidentSetSize of job (KB)
...
006 (983724.000.000) 2024-04-26 04:51:10 Image size of job updated: 36904
	12  -  MemoryUsage of job (MB)
	11768  -  ResidentSetSize of job (KB)
...
006 (983724.000.000) 2024-04-26 04:56:11 Image size of job updated: 36904
	12  -  MemoryUsage of job (MB)
	11780  -  ResidentSetSize of job (KB)
...
006 (983724.000.000) 2024-04-26 05:01:11 Image size of job updated: 36904
	12  -  MemoryUsage of job (MB)
	11784  -  ResidentSetSize of job (KB)
...
000 (984095.000.000) 2024-04-26 05:08:09 Job submitted from host: <128.83.120.183:9618?addrs=128.83.120.183-9618&alias=darmok.cs.utexas.edu&noUDP&sock=schedd_1353_9fba>
...
001 (984095.000.000) 2024-04-26 05:08:19 Job executing on host: <128.83.139.147:9618?addrs=128.83.139.147-9618&alias=angrist-20.cs.utexas.edu&noUDP&sock=startd_1592_8edc>
...
006 (984095.000.000) 2024-04-26 05:08:27 Image size of job updated: 11560
	12  -  MemoryUsage of job (MB)
	11560  -  ResidentSetSize of job (KB)
...
006 (984095.000.000) 2024-04-26 05:08:33 Image size of job updated: 36660
	12  -  MemoryUsage of job (MB)
	11560  -  ResidentSetSize of job (KB)
...
005 (984095.000.000) 2024-04-26 05:08:33 Job terminated.
	(1) Normal termination (return value 0)
		Usr 0 00:00:13, Sys 0 00:00:00  -  Run Remote Usage
		Usr 0 00:00:00, Sys 0 00:00:00  -  Run Local Usage
		Usr 0 00:00:13, Sys 0 00:00:00  -  Total Remote Usage
		Usr 0 00:00:00, Sys 0 00:00:00  -  Total Local Usage
	0  -  Run Bytes Sent By Job
	0  -  Run Bytes Received By Job
	0  -  Total Bytes Sent By Job
	0  -  Total Bytes Received By Job
	Partitionable Resources :    Usage  Request Allocated 
	   Cpus                 :                 1         1 
	   Disk (KB)            :        1        1  10853596 
	   Memory (MB)          :       12        1      4026 

	Job terminated of its own accord at 2024-04-26T10:08:33Z.
...
006 (983724.000.000) 2024-04-26 05:16:13 Image size of job updated: 36904
	12  -  MemoryUsage of job (MB)
	11788  -  ResidentSetSize of job (KB)
...
006 (983724.000.000) 2024-04-26 05:21:13 Image size of job updated: 36904
	12  -  MemoryUsage of job (MB)
	11792  -  ResidentSetSize of job (KB)
...
005 (983724.000.000) 2024-04-26 05:24:26 Job terminated.
	(1) Normal termination (return value 0)
		Usr 0 00:48:25, Sys 0 00:00:00  -  Run Remote Usage
		Usr 0 00:00:00, Sys 0 00:00:00  -  Run Local Usage
		Usr 0 00:48:25, Sys 0 00:00:00  -  Total Remote Usage
		Usr 0 00:00:00, Sys 0 00:00:00  -  Total Local Usage
	0  -  Run Bytes Sent By Job
	0  -  Run Bytes Received By Job
	0  -  Total Bytes Sent By Job
	0  -  Total Bytes Received By Job
	Partitionable Resources :    Usage  Request Allocated 
	   Cpus                 :     1.00        1         1 
	   Disk (KB)            :     1           1  18498544 
	   Memory (MB)          :    12           1     24186 

	Job terminated of its own accord at 2024-04-26T10:24:26Z.
...
000 (984413.000.000) 2024-04-26 06:31:50 Job submitted from host: <128.83.120.183:9618?addrs=128.83.120.183-9618&alias=darmok.cs.utexas.edu&noUDP&sock=schedd_1353_9fba>
...
001 (984413.000.000) 2024-04-26 06:32:08 Job executing on host: <128.83.144.147:9618?addrs=128.83.144.147-9618&alias=oliphaunt-1.cs.utexas.edu&noUDP&sock=startd_1578_f489>
...
006 (984413.000.000) 2024-04-26 06:32:16 Image size of job updated: 36660
	12  -  MemoryUsage of job (MB)
	11556  -  ResidentSetSize of job (KB)
...
005 (984413.000.000) 2024-04-26 06:32:26 Job terminated.
	(1) Normal termination (return value 0)
		Usr 0 00:00:17, Sys 0 00:00:00  -  Run Remote Usage
		Usr 0 00:00:00, Sys 0 00:00:00  -  Run Local Usage
		Usr 0 00:00:17, Sys 0 00:00:00  -  Total Remote Usage
		Usr 0 00:00:00, Sys 0 00:00:00  -  Total Local Usage
	0  -  Run Bytes Sent By Job
	0  -  Run Bytes Received By Job
	0  -  Total Bytes Sent By Job
	0  -  Total Bytes Received By Job
	Partitionable Resources :    Usage  Request Allocated 
	   Cpus                 :                 1         1 
	   Disk (KB)            :        1        1  18498544 
	   Memory (MB)          :       12        1     24186 

	Job terminated of its own accord at 2024-04-26T11:32:26Z.
...
000 (990499.000.000) 2024-04-29 13:20:07 Job submitted from host: <128.83.120.183:9618?addrs=128.83.120.183-9618&alias=darmok.cs.utexas.edu&noUDP&sock=schedd_1353_9fba>
...
001 (990499.000.000) 2024-04-29 13:20:19 Job executing on host: <128.83.139.143:9618?addrs=128.83.139.143-9618&alias=angrist-16.cs.utexas.edu&noUDP&sock=startd_1598_ac6e>
...
006 (990499.000.000) 2024-04-29 13:20:28 Image size of job updated: 36656
	12  -  MemoryUsage of job (MB)
	11604  -  ResidentSetSize of job (KB)
...
006 (990499.000.000) 2024-04-29 13:22:55 Image size of job updated: 36788
	12  -  MemoryUsage of job (MB)
	11604  -  ResidentSetSize of job (KB)
...
005 (990499.000.000) 2024-04-29 13:22:55 Job terminated.
	(1) Normal termination (return value 0)
		Usr 0 00:02:35, Sys 0 00:00:00  -  Run Remote Usage
		Usr 0 00:00:00, Sys 0 00:00:00  -  Run Local Usage
		Usr 0 00:02:35, Sys 0 00:00:00  -  Total Remote Usage
		Usr 0 00:00:00, Sys 0 00:00:00  -  Total Local Usage
	0  -  Run Bytes Sent By Job
	0  -  Run Bytes Received By Job
	0  -  Total Bytes Sent By Job
	0  -  Total Bytes Received By Job
	Partitionable Resources :    Usage  Request Allocated 
	   Cpus                 :     1.01        1         1 
	   Disk (KB)            :     1           1  10853596 
	   Memory (MB)          :    12           1      4026 

	Job terminated of its own accord at 2024-04-29T18:22:55Z.
...
000 (990666.000.000) 2024-04-29 14:01:45 Job submitted from host: <128.83.120.183:9618?addrs=128.83.120.183-9618&alias=darmok.cs.utexas.edu&noUDP&sock=schedd_1353_9fba>
...
001 (990666.000.000) 2024-04-29 14:02:03 Job executing on host: <128.83.139.147:9618?addrs=128.83.139.147-9618&alias=angrist-20.cs.utexas.edu&noUDP&sock=startd_1592_8edc>
...
006 (990666.000.000) 2024-04-29 14:02:12 Image size of job updated: 11644
	12  -  MemoryUsage of job (MB)
	11644  -  ResidentSetSize of job (KB)
...
006 (990666.000.000) 2024-04-29 14:03:23 Image size of job updated: 36792
	12  -  MemoryUsage of job (MB)
	11644  -  ResidentSetSize of job (KB)
...
005 (990666.000.000) 2024-04-29 14:03:23 Job terminated.
	(1) Normal termination (return value 0)
		Usr 0 00:01:19, Sys 0 00:00:00  -  Run Remote Usage
		Usr 0 00:00:00, Sys 0 00:00:00  -  Run Local Usage
		Usr 0 00:01:19, Sys 0 00:00:00  -  Total Remote Usage
		Usr 0 00:00:00, Sys 0 00:00:00  -  Total Local Usage
	0  -  Run Bytes Sent By Job
	0  -  Run Bytes Received By Job
	0  -  Total Bytes Sent By Job
	0  -  Total Bytes Received By Job
	Partitionable Resources :    Usage  Request Allocated 
	   Cpus                 :                 1         1 
	   Disk (KB)            :        1        1  10853596 
	   Memory (MB)          :       12        1      4026 

	Job terminated of its own accord at 2024-04-29T19:03:23Z.
...
