000 (983110.000.000) 2024-04-25 20:10:59 Job submitted from host: <128.83.120.183:9618?addrs=128.83.120.183-9618&alias=darmok.cs.utexas.edu&noUDP&sock=schedd_1353_9fba>
...
001 (983110.000.000) 2024-04-25 20:11:07 Job executing on host: <128.83.130.161:9618?addrs=128.83.130.161-9618&alias=oliphaunt-2.cs.utexas.edu&noUDP&sock=startd_1594_ee0d>
...
006 (983110.000.000) 2024-04-25 20:11:15 Image size of job updated: 36428
	12  -  MemoryUsage of job (MB)
	11764  -  ResidentSetSize of job (KB)
...
006 (983110.000.000) 2024-04-25 20:12:34 Image size of job updated: 36556
	12  -  MemoryUsage of job (MB)
	11764  -  ResidentSetSize of job (KB)
...
005 (983110.000.000) 2024-04-25 20:12:34 Job terminated.
	(1) Normal termination (return value 0)
		Usr 0 00:01:26, Sys 0 00:00:00  -  Run Remote Usage
		Usr 0 00:00:00, Sys 0 00:00:00  -  Run Local Usage
		Usr 0 00:01:26, Sys 0 00:00:00  -  Total Remote Usage
		Usr 0 00:00:00, Sys 0 00:00:00  -  Total Local Usage
	0  -  Run Bytes Sent By Job
	0  -  Run Bytes Received By Job
	0  -  Total Bytes Sent By Job
	0  -  Total Bytes Received By Job
	Partitionable Resources :    Usage  Request Allocated 
	   Cpus                 :     1.00        1         1 
	   Disk (KB)            :     1           1  18498544 
	   Memory (MB)          :    12           1     24186 

	Job terminated of its own accord at 2024-04-26T01:12:34Z.
...
000 (984013.000.000) 2024-04-26 05:07:52 Job submitted from host: <128.83.120.183:9618?addrs=128.83.120.183-9618&alias=darmok.cs.utexas.edu&noUDP&sock=schedd_1353_9fba>
...
001 (984013.000.000) 2024-04-26 05:08:02 Job executing on host: <128.83.144.240:9618?addrs=128.83.144.240-9618&alias=angrist-13.cs.utexas.edu&noUDP&sock=startd_1643_8a31>
...
006 (984013.000.000) 2024-04-26 05:08:10 Image size of job updated: 36300
	12  -  MemoryUsage of job (MB)
	11776  -  ResidentSetSize of job (KB)
...
006 (984013.000.000) 2024-04-26 05:09:11 Image size of job updated: 36556
	12  -  MemoryUsage of job (MB)
	11776  -  ResidentSetSize of job (KB)
...
005 (984013.000.000) 2024-04-26 05:09:11 Job terminated.
	(1) Normal termination (return value 0)
		Usr 0 00:01:08, Sys 0 00:00:00  -  Run Remote Usage
		Usr 0 00:00:00, Sys 0 00:00:00  -  Run Local Usage
		Usr 0 00:01:08, Sys 0 00:00:00  -  Total Remote Usage
		Usr 0 00:00:00, Sys 0 00:00:00  -  Total Local Usage
	0  -  Run Bytes Sent By Job
	0  -  Run Bytes Received By Job
	0  -  Total Bytes Sent By Job
	0  -  Total Bytes Received By Job
	Partitionable Resources :    Usage  Request Allocated 
	   Cpus                 :                 1         1 
	   Disk (KB)            :        1        1  10853596 
	   Memory (MB)          :       12        1      4026 

	Job terminated of its own accord at 2024-04-26T10:09:11Z.
...
000 (990417.000.000) 2024-04-29 13:19:50 Job submitted from host: <128.83.120.183:9618?addrs=128.83.120.183-9618&alias=darmok.cs.utexas.edu&noUDP&sock=schedd_1353_9fba>
...
001 (990417.000.000) 2024-04-29 13:19:53 Job executing on host: <128.83.139.142:9618?addrs=128.83.139.142-9618&alias=angrist-15.cs.utexas.edu&noUDP&sock=startd_1598_ac6e>
...
006 (990417.000.000) 2024-04-29 13:20:02 Image size of job updated: 11848
	12  -  MemoryUsage of job (MB)
	11848  -  ResidentSetSize of job (KB)
...
006 (990417.000.000) 2024-04-29 13:25:03 Image size of job updated: 37184
	13  -  MemoryUsage of job (MB)
	12560  -  ResidentSetSize of job (KB)
...
005 (990417.000.000) 2024-04-29 13:25:12 Job terminated.
	(1) Normal termination (return value 0)
		Usr 0 00:05:18, Sys 0 00:00:00  -  Run Remote Usage
		Usr 0 00:00:00, Sys 0 00:00:00  -  Run Local Usage
		Usr 0 00:05:18, Sys 0 00:00:00  -  Total Remote Usage
		Usr 0 00:00:00, Sys 0 00:00:00  -  Total Local Usage
	0  -  Run Bytes Sent By Job
	0  -  Run Bytes Received By Job
	0  -  Total Bytes Sent By Job
	0  -  Total Bytes Received By Job
	Partitionable Resources :    Usage  Request Allocated 
	   Cpus                 :     1.00        1         1 
	   Disk (KB)            :     1           1  10853596 
	   Memory (MB)          :    13           1      4026 

	Job terminated of its own accord at 2024-04-29T18:25:12Z.
...
000 (990584.000.000) 2024-04-29 14:01:06 Job submitted from host: <128.83.120.183:9618?addrs=128.83.120.183-9618&alias=darmok.cs.utexas.edu&noUDP&sock=schedd_1353_9fba>
...
001 (990584.000.000) 2024-04-29 14:01:19 Job executing on host: <128.83.139.150:9618?addrs=128.83.139.150-9618&alias=angrist-23.cs.utexas.edu&noUDP&sock=startd_1604_c9ff>
...
006 (990584.000.000) 2024-04-29 14:01:28 Image size of job updated: 36296
	12  -  MemoryUsage of job (MB)
	11852  -  ResidentSetSize of job (KB)
...
006 (990584.000.000) 2024-04-29 14:04:46 Image size of job updated: 36808
	12  -  MemoryUsage of job (MB)
	11852  -  ResidentSetSize of job (KB)
...
005 (990584.000.000) 2024-04-29 14:04:46 Job terminated.
	(1) Normal termination (return value 0)
		Usr 0 00:03:26, Sys 0 00:00:00  -  Run Remote Usage
		Usr 0 00:00:00, Sys 0 00:00:00  -  Run Local Usage
		Usr 0 00:03:26, Sys 0 00:00:00  -  Total Remote Usage
		Usr 0 00:00:00, Sys 0 00:00:00  -  Total Local Usage
	0  -  Run Bytes Sent By Job
	0  -  Run Bytes Received By Job
	0  -  Total Bytes Sent By Job
	0  -  Total Bytes Received By Job
	Partitionable Resources :    Usage  Request Allocated 
	   Cpus                 :                 1         1 
	   Disk (KB)            :        1        1  10853594 
	   Memory (MB)          :       12        1      4026 

	Job terminated of its own accord at 2024-04-29T19:04:46Z.
...
