000 (983703.000.000) 2024-04-26 04:35:38 Job submitted from host: <128.83.120.183:9618?addrs=128.83.120.183-9618&alias=darmok.cs.utexas.edu&noUDP&sock=schedd_1353_9fba>
...
001 (983703.000.000) 2024-04-26 04:35:59 Job executing on host: <128.83.130.161:9618?addrs=128.83.130.161-9618&alias=oliphaunt-2.cs.utexas.edu&noUDP&sock=startd_1594_ee0d>
...
006 (983703.000.000) 2024-04-26 04:36:08 Image size of job updated: 36656
	12  -  MemoryUsage of job (MB)
	11556  -  ResidentSetSize of job (KB)
...
006 (983703.000.000) 2024-04-26 04:41:09 Image size of job updated: 37300
	12  -  MemoryUsage of job (MB)
	12252  -  ResidentSetSize of job (KB)
...
006 (983703.000.000) 2024-04-26 04:46:10 Image size of job updated: 38208
	13  -  MemoryUsage of job (MB)
	13108  -  ResidentSetSize of job (KB)
...
006 (983703.000.000) 2024-04-26 04:51:10 Image size of job updated: 38596
	14  -  MemoryUsage of job (MB)
	13468  -  ResidentSetSize of job (KB)
...
006 (983703.000.000) 2024-04-26 04:56:10 Image size of job updated: 38596
	14  -  MemoryUsage of job (MB)
	13548  -  ResidentSetSize of job (KB)
...
006 (983703.000.000) 2024-04-26 05:01:11 Image size of job updated: 38724
	14  -  MemoryUsage of job (MB)
	13620  -  ResidentSetSize of job (KB)
...
006 (983703.000.000) 2024-04-26 05:06:12 Image size of job updated: 38852
	14  -  MemoryUsage of job (MB)
	13692  -  ResidentSetSize of job (KB)
...
000 (984074.000.000) 2024-04-26 05:08:07 Job submitted from host: <128.83.120.183:9618?addrs=128.83.120.183-9618&alias=darmok.cs.utexas.edu&noUDP&sock=schedd_1353_9fba>
...
001 (984074.000.000) 2024-04-26 05:08:16 Job executing on host: <128.83.139.141:9618?addrs=128.83.139.141-9618&alias=angrist-14.cs.utexas.edu&noUDP&sock=startd_1625_317d>
...
006 (984074.000.000) 2024-04-26 05:08:25 Image size of job updated: 36660
	12  -  MemoryUsage of job (MB)
	11612  -  ResidentSetSize of job (KB)
...
006 (984074.000.000) 2024-04-26 05:08:57 Image size of job updated: 36788
	12  -  MemoryUsage of job (MB)
	11612  -  ResidentSetSize of job (KB)
...
005 (984074.000.000) 2024-04-26 05:08:58 Job terminated.
	(1) Normal termination (return value 0)
		Usr 0 00:00:40, Sys 0 00:00:00  -  Run Remote Usage
		Usr 0 00:00:00, Sys 0 00:00:00  -  Run Local Usage
		Usr 0 00:00:40, Sys 0 00:00:00  -  Total Remote Usage
		Usr 0 00:00:00, Sys 0 00:00:00  -  Total Local Usage
	0  -  Run Bytes Sent By Job
	0  -  Run Bytes Received By Job
	0  -  Total Bytes Sent By Job
	0  -  Total Bytes Received By Job
	Partitionable Resources :    Usage  Request Allocated 
	   Cpus                 :                 1         1 
	   Disk (KB)            :        1        1  10853596 
	   Memory (MB)          :       12        1      4026 

	Job terminated of its own accord at 2024-04-26T10:08:57Z.
...
006 (983703.000.000) 2024-04-26 05:11:12 Image size of job updated: 38852
	14  -  MemoryUsage of job (MB)
	13768  -  ResidentSetSize of job (KB)
...
006 (983703.000.000) 2024-04-26 05:16:12 Image size of job updated: 38980
	14  -  MemoryUsage of job (MB)
	13852  -  ResidentSetSize of job (KB)
...
006 (983703.000.000) 2024-04-26 05:21:14 Image size of job updated: 39108
	14  -  MemoryUsage of job (MB)
	13944  -  ResidentSetSize of job (KB)
...
006 (983703.000.000) 2024-04-26 05:26:14 Image size of job updated: 39108
	14  -  MemoryUsage of job (MB)
	14028  -  ResidentSetSize of job (KB)
...
006 (983703.000.000) 2024-04-26 05:31:14 Image size of job updated: 39236
	14  -  MemoryUsage of job (MB)
	14176  -  ResidentSetSize of job (KB)
...
006 (983703.000.000) 2024-04-26 05:36:15 Image size of job updated: 39364
	14  -  MemoryUsage of job (MB)
	14324  -  ResidentSetSize of job (KB)
...
006 (983703.000.000) 2024-04-26 05:41:16 Image size of job updated: 39620
	15  -  MemoryUsage of job (MB)
	14468  -  ResidentSetSize of job (KB)
...
006 (983703.000.000) 2024-04-26 05:46:16 Image size of job updated: 39748
	15  -  MemoryUsage of job (MB)
	14624  -  ResidentSetSize of job (KB)
...
006 (983703.000.000) 2024-04-26 05:51:16 Image size of job updated: 39876
	15  -  MemoryUsage of job (MB)
	14776  -  ResidentSetSize of job (KB)
...
006 (983703.000.000) 2024-04-26 05:56:17 Image size of job updated: 40004
	15  -  MemoryUsage of job (MB)
	14928  -  ResidentSetSize of job (KB)
...
006 (983703.000.000) 2024-04-26 06:01:17 Image size of job updated: 40132
	15  -  MemoryUsage of job (MB)
	15080  -  ResidentSetSize of job (KB)
...
006 (983703.000.000) 2024-04-26 06:04:59 Image size of job updated: 40260
	15  -  MemoryUsage of job (MB)
	15080  -  ResidentSetSize of job (KB)
...
005 (983703.000.000) 2024-04-26 06:04:59 Job terminated.
	(1) Normal termination (return value 0)
		Usr 0 01:28:59, Sys 0 00:00:00  -  Run Remote Usage
		Usr 0 00:00:00, Sys 0 00:00:00  -  Run Local Usage
		Usr 0 01:28:59, Sys 0 00:00:00  -  Total Remote Usage
		Usr 0 00:00:00, Sys 0 00:00:00  -  Total Local Usage
	0  -  Run Bytes Sent By Job
	0  -  Run Bytes Received By Job
	0  -  Total Bytes Sent By Job
	0  -  Total Bytes Received By Job
	Partitionable Resources :    Usage  Request Allocated 
	   Cpus                 :     1.00        1         1 
	   Disk (KB)            :     1           1  18498544 
	   Memory (MB)          :    15           1     24186 

	Job terminated of its own accord at 2024-04-26T11:04:59Z.
...
000 (984392.000.000) 2024-04-26 06:31:47 Job submitted from host: <128.83.120.183:9618?addrs=128.83.120.183-9618&alias=darmok.cs.utexas.edu&noUDP&sock=schedd_1353_9fba>
...
001 (984392.000.000) 2024-04-26 06:32:06 Job executing on host: <128.83.144.147:9618?addrs=128.83.144.147-9618&alias=oliphaunt-1.cs.utexas.edu&noUDP&sock=startd_1578_f489>
...
006 (984392.000.000) 2024-04-26 06:32:15 Image size of job updated: 36656
	12  -  MemoryUsage of job (MB)
	11612  -  ResidentSetSize of job (KB)
...
006 (984392.000.000) 2024-04-26 06:32:45 Image size of job updated: 36784
	12  -  MemoryUsage of job (MB)
	11612  -  ResidentSetSize of job (KB)
...
005 (984392.000.000) 2024-04-26 06:32:45 Job terminated.
	(1) Normal termination (return value 0)
		Usr 0 00:00:38, Sys 0 00:00:00  -  Run Remote Usage
		Usr 0 00:00:00, Sys 0 00:00:00  -  Run Local Usage
		Usr 0 00:00:38, Sys 0 00:00:00  -  Total Remote Usage
		Usr 0 00:00:00, Sys 0 00:00:00  -  Total Local Usage
	0  -  Run Bytes Sent By Job
	0  -  Run Bytes Received By Job
	0  -  Total Bytes Sent By Job
	0  -  Total Bytes Received By Job
	Partitionable Resources :    Usage  Request Allocated 
	   Cpus                 :                 1         1 
	   Disk (KB)            :        1        1  18498544 
	   Memory (MB)          :       12        1     24186 

	Job terminated of its own accord at 2024-04-26T11:32:45Z.
...
000 (990478.000.000) 2024-04-29 13:20:05 Job submitted from host: <128.83.120.183:9618?addrs=128.83.120.183-9618&alias=darmok.cs.utexas.edu&noUDP&sock=schedd_1353_9fba>
...
001 (990478.000.000) 2024-04-29 13:20:19 Job executing on host: <128.83.144.240:9618?addrs=128.83.144.240-9618&alias=angrist-13.cs.utexas.edu&noUDP&sock=startd_1643_8a31>
...
006 (990478.000.000) 2024-04-29 13:20:27 Image size of job updated: 36656
	12  -  MemoryUsage of job (MB)
	11576  -  ResidentSetSize of job (KB)
...
006 (990478.000.000) 2024-04-29 13:25:27 Image size of job updated: 37032
	12  -  MemoryUsage of job (MB)
	11908  -  ResidentSetSize of job (KB)
...
005 (990478.000.000) 2024-04-29 13:26:19 Job terminated.
	(1) Normal termination (return value 0)
		Usr 0 00:05:59, Sys 0 00:00:00  -  Run Remote Usage
		Usr 0 00:00:00, Sys 0 00:00:00  -  Run Local Usage
		Usr 0 00:05:59, Sys 0 00:00:00  -  Total Remote Usage
		Usr 0 00:00:00, Sys 0 00:00:00  -  Total Local Usage
	0  -  Run Bytes Sent By Job
	0  -  Run Bytes Received By Job
	0  -  Total Bytes Sent By Job
	0  -  Total Bytes Received By Job
	Partitionable Resources :    Usage  Request Allocated 
	   Cpus                 :     1.00        1         1 
	   Disk (KB)            :     1           1  10853596 
	   Memory (MB)          :    12           1      4026 

	Job terminated of its own accord at 2024-04-29T18:26:19Z.
...
