000 (983721.000.000) 2024-04-26 04:35:42 Job submitted from host: <128.83.120.183:9618?addrs=128.83.120.183-9618&alias=darmok.cs.utexas.edu&noUDP&sock=schedd_1353_9fba>
...
001 (983721.000.000) 2024-04-26 04:35:58 Job executing on host: <128.83.144.147:9618?addrs=128.83.144.147-9618&alias=oliphaunt-1.cs.utexas.edu&noUDP&sock=startd_1578_f489>
...
006 (983721.000.000) 2024-04-26 04:36:06 Image size of job updated: 36656
	12  -  MemoryUsage of job (MB)
	11648  -  ResidentSetSize of job (KB)
...
006 (983721.000.000) 2024-04-26 04:41:06 Image size of job updated: 37552
	13  -  MemoryUsage of job (MB)
	12464  -  ResidentSetSize of job (KB)
...
006 (983721.000.000) 2024-04-26 04:46:08 Image size of job updated: 37552
	13  -  MemoryUsage of job (MB)
	12476  -  ResidentSetSize of job (KB)
...
006 (983721.000.000) 2024-04-26 04:51:08 Image size of job updated: 37552
	13  -  MemoryUsage of job (MB)
	12484  -  ResidentSetSize of job (KB)
...
006 (983721.000.000) 2024-04-26 05:01:09 Image size of job updated: 37552
	13  -  MemoryUsage of job (MB)
	12496  -  ResidentSetSize of job (KB)
...
006 (983721.000.000) 2024-04-26 05:06:10 Image size of job updated: 37660
	13  -  MemoryUsage of job (MB)
	12524  -  ResidentSetSize of job (KB)
...
000 (984092.000.000) 2024-04-26 05:08:09 Job submitted from host: <128.83.120.183:9618?addrs=128.83.120.183-9618&alias=darmok.cs.utexas.edu&noUDP&sock=schedd_1353_9fba>
...
001 (984092.000.000) 2024-04-26 05:08:18 Job executing on host: <128.83.139.150:9618?addrs=128.83.139.150-9618&alias=angrist-23.cs.utexas.edu&noUDP&sock=startd_1604_c9ff>
...
006 (984092.000.000) 2024-04-26 05:08:26 Image size of job updated: 36660
	12  -  MemoryUsage of job (MB)
	11568  -  ResidentSetSize of job (KB)
...
006 (984092.000.000) 2024-04-26 05:09:07 Image size of job updated: 36792
	12  -  MemoryUsage of job (MB)
	11568  -  ResidentSetSize of job (KB)
...
005 (984092.000.000) 2024-04-26 05:09:07 Job terminated.
	(1) Normal termination (return value 0)
		Usr 0 00:00:48, Sys 0 00:00:00  -  Run Remote Usage
		Usr 0 00:00:00, Sys 0 00:00:00  -  Run Local Usage
		Usr 0 00:00:48, Sys 0 00:00:00  -  Total Remote Usage
		Usr 0 00:00:00, Sys 0 00:00:00  -  Total Local Usage
	0  -  Run Bytes Sent By Job
	0  -  Run Bytes Received By Job
	0  -  Total Bytes Sent By Job
	0  -  Total Bytes Received By Job
	Partitionable Resources :    Usage  Request Allocated 
	   Cpus                 :                 1         1 
	   Disk (KB)            :        1        1  10853594 
	   Memory (MB)          :       12        1      4026 

	Job terminated of its own accord at 2024-04-26T10:09:07Z.
...
006 (983721.000.000) 2024-04-26 05:16:10 Image size of job updated: 37660
	13  -  MemoryUsage of job (MB)
	12536  -  ResidentSetSize of job (KB)
...
006 (983721.000.000) 2024-04-26 05:26:12 Image size of job updated: 37660
	13  -  MemoryUsage of job (MB)
	12540  -  ResidentSetSize of job (KB)
...
005 (983721.000.000) 2024-04-26 06:02:14 Job terminated.
	(1) Normal termination (return value 0)
		Usr 0 01:26:14, Sys 0 00:00:00  -  Run Remote Usage
		Usr 0 00:00:00, Sys 0 00:00:00  -  Run Local Usage
		Usr 0 01:26:14, Sys 0 00:00:00  -  Total Remote Usage
		Usr 0 00:00:00, Sys 0 00:00:00  -  Total Local Usage
	0  -  Run Bytes Sent By Job
	0  -  Run Bytes Received By Job
	0  -  Total Bytes Sent By Job
	0  -  Total Bytes Received By Job
	Partitionable Resources :    Usage  Request Allocated 
	   Cpus                 :     1.00        1         1 
	   Disk (KB)            :     1           1  18498544 
	   Memory (MB)          :    13           1     24186 

	Job terminated of its own accord at 2024-04-26T11:02:14Z.
...
000 (984410.000.000) 2024-04-26 06:31:49 Job submitted from host: <128.83.120.183:9618?addrs=128.83.120.183-9618&alias=darmok.cs.utexas.edu&noUDP&sock=schedd_1353_9fba>
...
001 (984410.000.000) 2024-04-26 06:32:08 Job executing on host: <128.83.130.161:9618?addrs=128.83.130.161-9618&alias=oliphaunt-2.cs.utexas.edu&noUDP&sock=startd_1594_ee0d>
...
006 (984410.000.000) 2024-04-26 06:32:16 Image size of job updated: 36656
	12  -  MemoryUsage of job (MB)
	11572  -  ResidentSetSize of job (KB)
...
006 (984410.000.000) 2024-04-26 06:33:01 Image size of job updated: 36788
	12  -  MemoryUsage of job (MB)
	11572  -  ResidentSetSize of job (KB)
...
005 (984410.000.000) 2024-04-26 06:33:01 Job terminated.
	(1) Normal termination (return value 0)
		Usr 0 00:00:52, Sys 0 00:00:00  -  Run Remote Usage
		Usr 0 00:00:00, Sys 0 00:00:00  -  Run Local Usage
		Usr 0 00:00:52, Sys 0 00:00:00  -  Total Remote Usage
		Usr 0 00:00:00, Sys 0 00:00:00  -  Total Local Usage
	0  -  Run Bytes Sent By Job
	0  -  Run Bytes Received By Job
	0  -  Total Bytes Sent By Job
	0  -  Total Bytes Received By Job
	Partitionable Resources :    Usage  Request Allocated 
	   Cpus                 :                 1         1 
	   Disk (KB)            :        1        1  18498544 
	   Memory (MB)          :       12        1     24186 

	Job terminated of its own accord at 2024-04-26T11:33:01Z.
...
000 (990496.000.000) 2024-04-29 13:20:07 Job submitted from host: <128.83.120.183:9618?addrs=128.83.120.183-9618&alias=darmok.cs.utexas.edu&noUDP&sock=schedd_1353_9fba>
...
001 (990496.000.000) 2024-04-29 13:20:21 Job executing on host: <128.83.139.142:9618?addrs=128.83.139.142-9618&alias=angrist-15.cs.utexas.edu&noUDP&sock=startd_1598_ac6e>
...
006 (990496.000.000) 2024-04-29 13:20:29 Image size of job updated: 11612
	12  -  MemoryUsage of job (MB)
	11612  -  ResidentSetSize of job (KB)
...
006 (990496.000.000) 2024-04-29 13:25:29 Image size of job updated: 37168
	12  -  MemoryUsage of job (MB)
	12004  -  ResidentSetSize of job (KB)
...
006 (990496.000.000) 2024-04-29 13:27:44 Image size of job updated: 37412
	12  -  MemoryUsage of job (MB)
	12004  -  ResidentSetSize of job (KB)
...
005 (990496.000.000) 2024-04-29 13:27:44 Job terminated.
	(1) Normal termination (return value 0)
		Usr 0 00:07:23, Sys 0 00:00:00  -  Run Remote Usage
		Usr 0 00:00:00, Sys 0 00:00:00  -  Run Local Usage
		Usr 0 00:07:23, Sys 0 00:00:00  -  Total Remote Usage
		Usr 0 00:00:00, Sys 0 00:00:00  -  Total Local Usage
	0  -  Run Bytes Sent By Job
	0  -  Run Bytes Received By Job
	0  -  Total Bytes Sent By Job
	0  -  Total Bytes Received By Job
	Partitionable Resources :    Usage  Request Allocated 
	   Cpus                 :     1.00        1         1 
	   Disk (KB)            :     1           1  10853596 
	   Memory (MB)          :    12           1      4026 

	Job terminated of its own accord at 2024-04-29T18:27:44Z.
...
