000 (983699.000.000) 2024-04-26 04:35:38 Job submitted from host: <128.83.120.183:9618?addrs=128.83.120.183-9618&alias=darmok.cs.utexas.edu&noUDP&sock=schedd_1353_9fba>
...
001 (983699.000.000) 2024-04-26 04:35:58 Job executing on host: <128.83.130.161:9618?addrs=128.83.130.161-9618&alias=oliphaunt-2.cs.utexas.edu&noUDP&sock=startd_1594_ee0d>
...
006 (983699.000.000) 2024-04-26 04:36:06 Image size of job updated: 36656
	12  -  MemoryUsage of job (MB)
	11572  -  ResidentSetSize of job (KB)
...
006 (983699.000.000) 2024-04-26 04:41:06 Image size of job updated: 37940
	13  -  MemoryUsage of job (MB)
	12836  -  ResidentSetSize of job (KB)
...
006 (983699.000.000) 2024-04-26 04:46:07 Image size of job updated: 40260
	15  -  MemoryUsage of job (MB)
	15328  -  ResidentSetSize of job (KB)
...
006 (983699.000.000) 2024-04-26 04:51:08 Image size of job updated: 45940
	21  -  MemoryUsage of job (MB)
	20848  -  ResidentSetSize of job (KB)
...
006 (983699.000.000) 2024-04-26 04:56:08 Image size of job updated: 46576
	21  -  MemoryUsage of job (MB)
	21492  -  ResidentSetSize of job (KB)
...
006 (983699.000.000) 2024-04-26 05:01:08 Image size of job updated: 46704
	22  -  MemoryUsage of job (MB)
	21628  -  ResidentSetSize of job (KB)
...
006 (983699.000.000) 2024-04-26 05:06:10 Image size of job updated: 46832
	22  -  MemoryUsage of job (MB)
	21764  -  ResidentSetSize of job (KB)
...
000 (984070.000.000) 2024-04-26 05:08:07 Job submitted from host: <128.83.120.183:9618?addrs=128.83.120.183-9618&alias=darmok.cs.utexas.edu&noUDP&sock=schedd_1353_9fba>
...
001 (984070.000.000) 2024-04-26 05:08:16 Job executing on host: <128.83.139.141:9618?addrs=128.83.139.141-9618&alias=angrist-14.cs.utexas.edu&noUDP&sock=startd_1625_317d>
...
006 (984070.000.000) 2024-04-26 05:08:25 Image size of job updated: 36656
	12  -  MemoryUsage of job (MB)
	11600  -  ResidentSetSize of job (KB)
...
006 (984070.000.000) 2024-04-26 05:09:09 Image size of job updated: 36788
	12  -  MemoryUsage of job (MB)
	11600  -  ResidentSetSize of job (KB)
...
005 (984070.000.000) 2024-04-26 05:09:10 Job terminated.
	(1) Normal termination (return value 0)
		Usr 0 00:00:52, Sys 0 00:00:00  -  Run Remote Usage
		Usr 0 00:00:00, Sys 0 00:00:00  -  Run Local Usage
		Usr 0 00:00:52, Sys 0 00:00:00  -  Total Remote Usage
		Usr 0 00:00:00, Sys 0 00:00:00  -  Total Local Usage
	0  -  Run Bytes Sent By Job
	0  -  Run Bytes Received By Job
	0  -  Total Bytes Sent By Job
	0  -  Total Bytes Received By Job
	Partitionable Resources :    Usage  Request Allocated 
	   Cpus                 :                 1         1 
	   Disk (KB)            :        1        1  10853596 
	   Memory (MB)          :       12        1      4026 

	Job terminated of its own accord at 2024-04-26T10:09:09Z.
...
006 (983699.000.000) 2024-04-26 05:11:10 Image size of job updated: 47472
	22  -  MemoryUsage of job (MB)
	22328  -  ResidentSetSize of job (KB)
...
006 (983699.000.000) 2024-04-26 05:26:12 Image size of job updated: 47472
	22  -  MemoryUsage of job (MB)
	22364  -  ResidentSetSize of job (KB)
...
006 (983699.000.000) 2024-04-26 05:31:12 Image size of job updated: 47472
	22  -  MemoryUsage of job (MB)
	22408  -  ResidentSetSize of job (KB)
...
006 (983699.000.000) 2024-04-26 05:36:12 Image size of job updated: 47596
	22  -  MemoryUsage of job (MB)
	22460  -  ResidentSetSize of job (KB)
...
006 (983699.000.000) 2024-04-26 05:41:13 Image size of job updated: 47596
	22  -  MemoryUsage of job (MB)
	22508  -  ResidentSetSize of job (KB)
...
006 (983699.000.000) 2024-04-26 05:46:13 Image size of job updated: 47596
	23  -  MemoryUsage of job (MB)
	22560  -  ResidentSetSize of job (KB)
...
006 (983699.000.000) 2024-04-26 05:51:13 Image size of job updated: 47724
	23  -  MemoryUsage of job (MB)
	22612  -  ResidentSetSize of job (KB)
...
006 (983699.000.000) 2024-04-26 05:56:14 Image size of job updated: 47724
	23  -  MemoryUsage of job (MB)
	22672  -  ResidentSetSize of job (KB)
...
006 (983699.000.000) 2024-04-26 06:01:15 Image size of job updated: 47852
	23  -  MemoryUsage of job (MB)
	22748  -  ResidentSetSize of job (KB)
...
006 (983699.000.000) 2024-04-26 06:06:15 Image size of job updated: 47980
	23  -  MemoryUsage of job (MB)
	22828  -  ResidentSetSize of job (KB)
...
005 (983699.000.000) 2024-04-26 06:09:28 Job terminated.
	(1) Normal termination (return value 0)
		Usr 0 01:33:30, Sys 0 00:00:00  -  Run Remote Usage
		Usr 0 00:00:00, Sys 0 00:00:00  -  Run Local Usage
		Usr 0 01:33:30, Sys 0 00:00:00  -  Total Remote Usage
		Usr 0 00:00:00, Sys 0 00:00:00  -  Total Local Usage
	0  -  Run Bytes Sent By Job
	0  -  Run Bytes Received By Job
	0  -  Total Bytes Sent By Job
	0  -  Total Bytes Received By Job
	Partitionable Resources :    Usage  Request Allocated 
	   Cpus                 :     1.00        1         1 
	   Disk (KB)            :     1           1  18498544 
	   Memory (MB)          :    23           1     24186 

	Job terminated of its own accord at 2024-04-26T11:09:28Z.
...
000 (984388.000.000) 2024-04-26 06:31:47 Job submitted from host: <128.83.120.183:9618?addrs=128.83.120.183-9618&alias=darmok.cs.utexas.edu&noUDP&sock=schedd_1353_9fba>
...
001 (984388.000.000) 2024-04-26 06:32:03 Job executing on host: <128.83.130.161:9618?addrs=128.83.130.161-9618&alias=oliphaunt-2.cs.utexas.edu&noUDP&sock=startd_1594_ee0d>
...
006 (984388.000.000) 2024-04-26 06:32:11 Image size of job updated: 36660
	12  -  MemoryUsage of job (MB)
	11608  -  ResidentSetSize of job (KB)
...
006 (984388.000.000) 2024-04-26 06:33:03 Image size of job updated: 36792
	12  -  MemoryUsage of job (MB)
	11608  -  ResidentSetSize of job (KB)
...
005 (984388.000.000) 2024-04-26 06:33:03 Job terminated.
	(1) Normal termination (return value 0)
		Usr 0 00:00:59, Sys 0 00:00:00  -  Run Remote Usage
		Usr 0 00:00:00, Sys 0 00:00:00  -  Run Local Usage
		Usr 0 00:00:59, Sys 0 00:00:00  -  Total Remote Usage
		Usr 0 00:00:00, Sys 0 00:00:00  -  Total Local Usage
	0  -  Run Bytes Sent By Job
	0  -  Run Bytes Received By Job
	0  -  Total Bytes Sent By Job
	0  -  Total Bytes Received By Job
	Partitionable Resources :    Usage  Request Allocated 
	   Cpus                 :                 1         1 
	   Disk (KB)            :        1        1  18498544 
	   Memory (MB)          :       12        1     24186 

	Job terminated of its own accord at 2024-04-26T11:33:03Z.
...
000 (990474.000.000) 2024-04-29 13:20:04 Job submitted from host: <128.83.120.183:9618?addrs=128.83.120.183-9618&alias=darmok.cs.utexas.edu&noUDP&sock=schedd_1353_9fba>
...
001 (990474.000.000) 2024-04-29 13:20:17 Job executing on host: <128.83.139.150:9618?addrs=128.83.139.150-9618&alias=angrist-23.cs.utexas.edu&noUDP&sock=startd_1604_c9ff>
...
006 (990474.000.000) 2024-04-29 13:20:25 Image size of job updated: 36660
	12  -  MemoryUsage of job (MB)
	11604  -  ResidentSetSize of job (KB)
...
006 (990474.000.000) 2024-04-29 13:25:25 Image size of job updated: 37176
	12  -  MemoryUsage of job (MB)
	12108  -  ResidentSetSize of job (KB)
...
006 (990474.000.000) 2024-04-29 13:28:12 Image size of job updated: 37296
	12  -  MemoryUsage of job (MB)
	12108  -  ResidentSetSize of job (KB)
...
005 (990474.000.000) 2024-04-29 13:28:12 Job terminated.
	(1) Normal termination (return value 0)
		Usr 0 00:07:54, Sys 0 00:00:00  -  Run Remote Usage
		Usr 0 00:00:00, Sys 0 00:00:00  -  Run Local Usage
		Usr 0 00:07:54, Sys 0 00:00:00  -  Total Remote Usage
		Usr 0 00:00:00, Sys 0 00:00:00  -  Total Local Usage
	0  -  Run Bytes Sent By Job
	0  -  Run Bytes Received By Job
	0  -  Total Bytes Sent By Job
	0  -  Total Bytes Received By Job
	Partitionable Resources :    Usage  Request Allocated 
	   Cpus                 :     1.00        1         1 
	   Disk (KB)            :     1           1  10853594 
	   Memory (MB)          :    12           1      4026 

	Job terminated of its own accord at 2024-04-29T18:28:12Z.
...
