000 (983712.000.000) 2024-04-26 04:35:40 Job submitted from host: <128.83.120.183:9618?addrs=128.83.120.183-9618&alias=darmok.cs.utexas.edu&noUDP&sock=schedd_1353_9fba>
...
001 (983712.000.000) 2024-04-26 04:35:59 Job executing on host: <128.83.130.161:9618?addrs=128.83.130.161-9618&alias=oliphaunt-2.cs.utexas.edu&noUDP&sock=startd_1594_ee0d>
...
006 (983712.000.000) 2024-04-26 04:36:07 Image size of job updated: 36784
	12  -  MemoryUsage of job (MB)
	11776  -  ResidentSetSize of job (KB)
...
006 (983712.000.000) 2024-04-26 04:41:07 Image size of job updated: 42800
	18  -  MemoryUsage of job (MB)
	17824  -  ResidentSetSize of job (KB)
...
006 (983712.000.000) 2024-04-26 04:46:08 Image size of job updated: 44492
	20  -  MemoryUsage of job (MB)
	19468  -  ResidentSetSize of job (KB)
...
006 (983712.000.000) 2024-04-26 04:51:09 Image size of job updated: 46192
	21  -  MemoryUsage of job (MB)
	21168  -  ResidentSetSize of job (KB)
...
006 (983712.000.000) 2024-04-26 04:56:09 Image size of job updated: 46324
	21  -  MemoryUsage of job (MB)
	21228  -  ResidentSetSize of job (KB)
...
006 (983712.000.000) 2024-04-26 05:01:09 Image size of job updated: 46448
	21  -  MemoryUsage of job (MB)
	21324  -  ResidentSetSize of job (KB)
...
006 (983712.000.000) 2024-04-26 05:06:10 Image size of job updated: 46568
	21  -  MemoryUsage of job (MB)
	21424  -  ResidentSetSize of job (KB)
...
000 (984083.000.000) 2024-04-26 05:08:08 Job submitted from host: <128.83.120.183:9618?addrs=128.83.120.183-9618&alias=darmok.cs.utexas.edu&noUDP&sock=schedd_1353_9fba>
...
001 (984083.000.000) 2024-04-26 05:08:19 Job executing on host: <128.83.139.142:9618?addrs=128.83.139.142-9618&alias=angrist-15.cs.utexas.edu&noUDP&sock=startd_1598_ac6e>
...
006 (984083.000.000) 2024-04-26 05:08:28 Image size of job updated: 36912
	12  -  MemoryUsage of job (MB)
	11812  -  ResidentSetSize of job (KB)
...
005 (984083.000.000) 2024-04-26 05:10:08 Job terminated.
	(1) Normal termination (return value 0)
		Usr 0 00:01:48, Sys 0 00:00:00  -  Run Remote Usage
		Usr 0 00:00:00, Sys 0 00:00:00  -  Run Local Usage
		Usr 0 00:01:48, Sys 0 00:00:00  -  Total Remote Usage
		Usr 0 00:00:00, Sys 0 00:00:00  -  Total Local Usage
	0  -  Run Bytes Sent By Job
	0  -  Run Bytes Received By Job
	0  -  Total Bytes Sent By Job
	0  -  Total Bytes Received By Job
	Partitionable Resources :    Usage  Request Allocated 
	   Cpus                 :     1.00        1         1 
	   Disk (KB)            :     1           1  10853596 
	   Memory (MB)          :    12           1      4026 

	Job terminated of its own accord at 2024-04-26T10:10:08Z.
...
006 (983712.000.000) 2024-04-26 05:11:11 Image size of job updated: 46696
	22  -  MemoryUsage of job (MB)
	21560  -  ResidentSetSize of job (KB)
...
006 (983712.000.000) 2024-04-26 05:16:11 Image size of job updated: 46696
	22  -  MemoryUsage of job (MB)
	21628  -  ResidentSetSize of job (KB)
...
006 (983712.000.000) 2024-04-26 05:21:12 Image size of job updated: 46948
	22  -  MemoryUsage of job (MB)
	21816  -  ResidentSetSize of job (KB)
...
006 (983712.000.000) 2024-04-26 05:26:13 Image size of job updated: 47208
	22  -  MemoryUsage of job (MB)
	22052  -  ResidentSetSize of job (KB)
...
006 (983712.000.000) 2024-04-26 05:31:13 Image size of job updated: 47332
	22  -  MemoryUsage of job (MB)
	22236  -  ResidentSetSize of job (KB)
...
006 (983712.000.000) 2024-04-26 05:36:13 Image size of job updated: 47584
	22  -  MemoryUsage of job (MB)
	22428  -  ResidentSetSize of job (KB)
...
006 (983712.000.000) 2024-04-26 05:41:15 Image size of job updated: 47824
	23  -  MemoryUsage of job (MB)
	22720  -  ResidentSetSize of job (KB)
...
006 (983712.000.000) 2024-04-26 05:46:15 Image size of job updated: 48084
	23  -  MemoryUsage of job (MB)
	22988  -  ResidentSetSize of job (KB)
...
006 (983712.000.000) 2024-04-26 05:51:15 Image size of job updated: 48216
	23  -  MemoryUsage of job (MB)
	23176  -  ResidentSetSize of job (KB)
...
006 (983712.000.000) 2024-04-26 05:56:16 Image size of job updated: 48468
	23  -  MemoryUsage of job (MB)
	23364  -  ResidentSetSize of job (KB)
...
006 (983712.000.000) 2024-04-26 06:01:17 Image size of job updated: 48724
	24  -  MemoryUsage of job (MB)
	23572  -  ResidentSetSize of job (KB)
...
006 (983712.000.000) 2024-04-26 06:06:17 Image size of job updated: 48972
	24  -  MemoryUsage of job (MB)
	23896  -  ResidentSetSize of job (KB)
...
006 (983712.000.000) 2024-04-26 06:11:17 Image size of job updated: 49228
	24  -  MemoryUsage of job (MB)
	24124  -  ResidentSetSize of job (KB)
...
006 (983712.000.000) 2024-04-26 06:16:18 Image size of job updated: 49464
	24  -  MemoryUsage of job (MB)
	24308  -  ResidentSetSize of job (KB)
...
006 (983712.000.000) 2024-04-26 06:21:18 Image size of job updated: 49592
	24  -  MemoryUsage of job (MB)
	24496  -  ResidentSetSize of job (KB)
...
006 (983712.000.000) 2024-04-26 06:26:18 Image size of job updated: 49848
	25  -  MemoryUsage of job (MB)
	24788  -  ResidentSetSize of job (KB)
...
006 (983712.000.000) 2024-04-26 06:31:19 Image size of job updated: 49976
	25  -  MemoryUsage of job (MB)
	24948  -  ResidentSetSize of job (KB)
...
000 (984401.000.000) 2024-04-26 06:31:48 Job submitted from host: <128.83.120.183:9618?addrs=128.83.120.183-9618&alias=darmok.cs.utexas.edu&noUDP&sock=schedd_1353_9fba>
...
001 (984401.000.000) 2024-04-26 06:32:08 Job executing on host: <128.83.144.147:9618?addrs=128.83.144.147-9618&alias=oliphaunt-1.cs.utexas.edu&noUDP&sock=startd_1578_f489>
...
006 (984401.000.000) 2024-04-26 06:32:16 Image size of job updated: 36912
	12  -  MemoryUsage of job (MB)
	11816  -  ResidentSetSize of job (KB)
...
005 (984401.000.000) 2024-04-26 06:34:21 Job terminated.
	(1) Normal termination (return value 0)
		Usr 0 00:02:13, Sys 0 00:00:00  -  Run Remote Usage
		Usr 0 00:00:00, Sys 0 00:00:00  -  Run Local Usage
		Usr 0 00:02:13, Sys 0 00:00:00  -  Total Remote Usage
		Usr 0 00:00:00, Sys 0 00:00:00  -  Total Local Usage
	0  -  Run Bytes Sent By Job
	0  -  Run Bytes Received By Job
	0  -  Total Bytes Sent By Job
	0  -  Total Bytes Received By Job
	Partitionable Resources :    Usage  Request Allocated 
	   Cpus                 :                 1         1 
	   Disk (KB)            :        1        1  18498544 
	   Memory (MB)          :       12        1     24186 

	Job terminated of its own accord at 2024-04-26T11:34:21Z.
...
006 (983712.000.000) 2024-04-26 06:36:20 Image size of job updated: 50232
	25  -  MemoryUsage of job (MB)
	25140  -  ResidentSetSize of job (KB)
...
006 (983712.000.000) 2024-04-26 06:41:20 Image size of job updated: 50616
	25  -  MemoryUsage of job (MB)
	25468  -  ResidentSetSize of job (KB)
...
006 (983712.000.000) 2024-04-26 06:46:21 Image size of job updated: 50616
	25  -  MemoryUsage of job (MB)
	25540  -  ResidentSetSize of job (KB)
...
006 (983712.000.000) 2024-04-26 06:51:22 Image size of job updated: 50744
	26  -  MemoryUsage of job (MB)
	25644  -  ResidentSetSize of job (KB)
...
006 (983712.000.000) 2024-04-26 06:56:22 Image size of job updated: 51000
	26  -  MemoryUsage of job (MB)
	25880  -  ResidentSetSize of job (KB)
...
006 (983712.000.000) 2024-04-26 07:01:22 Image size of job updated: 51252
	26  -  MemoryUsage of job (MB)
	26120  -  ResidentSetSize of job (KB)
...
006 (983712.000.000) 2024-04-26 07:06:23 Image size of job updated: 51376
	26  -  MemoryUsage of job (MB)
	26288  -  ResidentSetSize of job (KB)
...
006 (983712.000.000) 2024-04-26 07:11:23 Image size of job updated: 51632
	26  -  MemoryUsage of job (MB)
	26496  -  ResidentSetSize of job (KB)
...
006 (983712.000.000) 2024-04-26 07:16:23 Image size of job updated: 51880
	27  -  MemoryUsage of job (MB)
	26744  -  ResidentSetSize of job (KB)
...
006 (983712.000.000) 2024-04-26 07:21:24 Image size of job updated: 52136
	27  -  MemoryUsage of job (MB)
	27064  -  ResidentSetSize of job (KB)
...
006 (983712.000.000) 2024-04-26 07:26:25 Image size of job updated: 52388
	27  -  MemoryUsage of job (MB)
	27316  -  ResidentSetSize of job (KB)
...
006 (983712.000.000) 2024-04-26 07:31:25 Image size of job updated: 52648
	27  -  MemoryUsage of job (MB)
	27532  -  ResidentSetSize of job (KB)
...
006 (983712.000.000) 2024-04-26 07:36:26 Image size of job updated: 52776
	28  -  MemoryUsage of job (MB)
	27736  -  ResidentSetSize of job (KB)
...
006 (983712.000.000) 2024-04-26 07:41:27 Image size of job updated: 53032
	28  -  MemoryUsage of job (MB)
	27940  -  ResidentSetSize of job (KB)
...
006 (983712.000.000) 2024-04-26 07:44:28 Image size of job updated: 53292
	28  -  MemoryUsage of job (MB)
	27940  -  ResidentSetSize of job (KB)
...
005 (983712.000.000) 2024-04-26 07:44:28 Job terminated.
	(1) Normal termination (return value 0)
		Usr 0 03:08:28, Sys 0 00:00:00  -  Run Remote Usage
		Usr 0 00:00:00, Sys 0 00:00:00  -  Run Local Usage
		Usr 0 03:08:28, Sys 0 00:00:00  -  Total Remote Usage
		Usr 0 00:00:00, Sys 0 00:00:00  -  Total Local Usage
	0  -  Run Bytes Sent By Job
	0  -  Run Bytes Received By Job
	0  -  Total Bytes Sent By Job
	0  -  Total Bytes Received By Job
	Partitionable Resources :    Usage  Request Allocated 
	   Cpus                 :     1.00        1         1 
	   Disk (KB)            :     1           1  18498544 
	   Memory (MB)          :    28           1     24186 

	Job terminated of its own accord at 2024-04-26T12:44:28Z.
...
000 (990487.000.000) 2024-04-29 13:20:06 Job submitted from host: <128.83.120.183:9618?addrs=128.83.120.183-9618&alias=darmok.cs.utexas.edu&noUDP&sock=schedd_1353_9fba>
...
001 (990487.000.000) 2024-04-29 13:20:17 Job executing on host: <128.83.139.141:9618?addrs=128.83.139.141-9618&alias=angrist-14.cs.utexas.edu&noUDP&sock=startd_1625_317d>
...
006 (990487.000.000) 2024-04-29 13:20:26 Image size of job updated: 36784
	12  -  MemoryUsage of job (MB)
	11916  -  ResidentSetSize of job (KB)
...
006 (990487.000.000) 2024-04-29 13:25:27 Image size of job updated: 40944
	16  -  MemoryUsage of job (MB)
	15884  -  ResidentSetSize of job (KB)
...
006 (990487.000.000) 2024-04-29 13:30:27 Image size of job updated: 41200
	16  -  MemoryUsage of job (MB)
	16168  -  ResidentSetSize of job (KB)
...
006 (990487.000.000) 2024-04-29 13:35:20 Image size of job updated: 41724
	16  -  MemoryUsage of job (MB)
	16168  -  ResidentSetSize of job (KB)
...
005 (990487.000.000) 2024-04-29 13:35:20 Job terminated.
	(1) Normal termination (return value 0)
		Usr 0 00:15:01, Sys 0 00:00:00  -  Run Remote Usage
		Usr 0 00:00:00, Sys 0 00:00:00  -  Run Local Usage
		Usr 0 00:15:01, Sys 0 00:00:00  -  Total Remote Usage
		Usr 0 00:00:00, Sys 0 00:00:00  -  Total Local Usage
	0  -  Run Bytes Sent By Job
	0  -  Run Bytes Received By Job
	0  -  Total Bytes Sent By Job
	0  -  Total Bytes Received By Job
	Partitionable Resources :    Usage  Request Allocated 
	   Cpus                 :     1.00        1         1 
	   Disk (KB)            :     1           1  10853596 
	   Memory (MB)          :    16           1      4026 

	Job terminated of its own accord at 2024-04-29T18:35:20Z.
...
