000 (983728.000.000) 2024-04-26 04:35:43 Job submitted from host: <128.83.120.183:9618?addrs=128.83.120.183-9618&alias=darmok.cs.utexas.edu&noUDP&sock=schedd_1353_9fba>
...
001 (983728.000.000) 2024-04-26 04:36:01 Job executing on host: <128.83.144.147:9618?addrs=128.83.144.147-9618&alias=oliphaunt-1.cs.utexas.edu&noUDP&sock=startd_1578_f489>
...
006 (983728.000.000) 2024-04-26 04:36:09 Image size of job updated: 36652
	12  -  MemoryUsage of job (MB)
	11576  -  ResidentSetSize of job (KB)
...
006 (983728.000.000) 2024-04-26 04:41:09 Image size of job updated: 36652
	12  -  MemoryUsage of job (MB)
	11612  -  ResidentSetSize of job (KB)
...
006 (983728.000.000) 2024-04-26 04:46:09 Image size of job updated: 36780
	12  -  MemoryUsage of job (MB)
	11644  -  ResidentSetSize of job (KB)
...
006 (983728.000.000) 2024-04-26 04:51:10 Image size of job updated: 36780
	12  -  MemoryUsage of job (MB)
	11712  -  ResidentSetSize of job (KB)
...
006 (983728.000.000) 2024-04-26 04:56:11 Image size of job updated: 36780
	12  -  MemoryUsage of job (MB)
	11732  -  ResidentSetSize of job (KB)
...
006 (983728.000.000) 2024-04-26 05:01:11 Image size of job updated: 36908
	12  -  MemoryUsage of job (MB)
	11748  -  ResidentSetSize of job (KB)
...
006 (983728.000.000) 2024-04-26 05:06:12 Image size of job updated: 36908
	12  -  MemoryUsage of job (MB)
	11800  -  ResidentSetSize of job (KB)
...
000 (984099.000.000) 2024-04-26 05:08:10 Job submitted from host: <128.83.120.183:9618?addrs=128.83.120.183-9618&alias=darmok.cs.utexas.edu&noUDP&sock=schedd_1353_9fba>
...
001 (984099.000.000) 2024-04-26 05:08:20 Job executing on host: <128.83.144.211:9618?addrs=128.83.144.211-9618&alias=angrist-12.cs.utexas.edu&noUDP&sock=startd_1592_8edc>
...
006 (984099.000.000) 2024-04-26 05:08:28 Image size of job updated: 36660
	12  -  MemoryUsage of job (MB)
	11608  -  ResidentSetSize of job (KB)
...
005 (984099.000.000) 2024-04-26 05:08:35 Job terminated.
	(1) Normal termination (return value 0)
		Usr 0 00:00:13, Sys 0 00:00:00  -  Run Remote Usage
		Usr 0 00:00:00, Sys 0 00:00:00  -  Run Local Usage
		Usr 0 00:00:13, Sys 0 00:00:00  -  Total Remote Usage
		Usr 0 00:00:00, Sys 0 00:00:00  -  Total Local Usage
	0  -  Run Bytes Sent By Job
	0  -  Run Bytes Received By Job
	0  -  Total Bytes Sent By Job
	0  -  Total Bytes Received By Job
	Partitionable Resources :    Usage  Request Allocated 
	   Cpus                 :                 1         1 
	   Disk (KB)            :        1        1  10853596 
	   Memory (MB)          :       12        1      4026 

	Job terminated of its own accord at 2024-04-26T10:08:34Z.
...
006 (983728.000.000) 2024-04-26 05:11:13 Image size of job updated: 36908
	12  -  MemoryUsage of job (MB)
	11816  -  ResidentSetSize of job (KB)
...
005 (983728.000.000) 2024-04-26 05:12:43 Job terminated.
	(1) Normal termination (return value 0)
		Usr 0 00:36:40, Sys 0 00:00:00  -  Run Remote Usage
		Usr 0 00:00:00, Sys 0 00:00:00  -  Run Local Usage
		Usr 0 00:36:40, Sys 0 00:00:00  -  Total Remote Usage
		Usr 0 00:00:00, Sys 0 00:00:00  -  Total Local Usage
	0  -  Run Bytes Sent By Job
	0  -  Run Bytes Received By Job
	0  -  Total Bytes Sent By Job
	0  -  Total Bytes Received By Job
	Partitionable Resources :    Usage  Request Allocated 
	   Cpus                 :     1.00        1         1 
	   Disk (KB)            :     1           1  18498544 
	   Memory (MB)          :    12           1     24186 

	Job terminated of its own accord at 2024-04-26T10:12:42Z.
...
000 (984417.000.000) 2024-04-26 06:31:50 Job submitted from host: <128.83.120.183:9618?addrs=128.83.120.183-9618&alias=darmok.cs.utexas.edu&noUDP&sock=schedd_1353_9fba>
...
001 (984417.000.000) 2024-04-26 06:32:08 Job executing on host: <128.83.130.161:9618?addrs=128.83.130.161-9618&alias=oliphaunt-2.cs.utexas.edu&noUDP&sock=startd_1594_ee0d>
...
006 (984417.000.000) 2024-04-26 06:32:16 Image size of job updated: 36652
	12  -  MemoryUsage of job (MB)
	11600  -  ResidentSetSize of job (KB)
...
005 (984417.000.000) 2024-04-26 06:32:29 Job terminated.
	(1) Normal termination (return value 0)
		Usr 0 00:00:19, Sys 0 00:00:00  -  Run Remote Usage
		Usr 0 00:00:00, Sys 0 00:00:00  -  Run Local Usage
		Usr 0 00:00:19, Sys 0 00:00:00  -  Total Remote Usage
		Usr 0 00:00:00, Sys 0 00:00:00  -  Total Local Usage
	0  -  Run Bytes Sent By Job
	0  -  Run Bytes Received By Job
	0  -  Total Bytes Sent By Job
	0  -  Total Bytes Received By Job
	Partitionable Resources :    Usage  Request Allocated 
	   Cpus                 :                 1         1 
	   Disk (KB)            :        1        1  18498544 
	   Memory (MB)          :       12        1     24186 

	Job terminated of its own accord at 2024-04-26T11:32:28Z.
...
000 (990503.000.000) 2024-04-29 13:20:08 Job submitted from host: <128.83.120.183:9618?addrs=128.83.120.183-9618&alias=darmok.cs.utexas.edu&noUDP&sock=schedd_1353_9fba>
...
001 (990503.000.000) 2024-04-29 13:20:20 Job executing on host: <128.83.139.146:9618?addrs=128.83.139.146-9618&alias=angrist-19.cs.utexas.edu&noUDP&sock=startd_1594_ee0d>
...
006 (990503.000.000) 2024-04-29 13:20:29 Image size of job updated: 36660
	12  -  MemoryUsage of job (MB)
	11584  -  ResidentSetSize of job (KB)
...
006 (990503.000.000) 2024-04-29 13:22:31 Image size of job updated: 36784
	12  -  MemoryUsage of job (MB)
	11584  -  ResidentSetSize of job (KB)
...
005 (990503.000.000) 2024-04-29 13:22:33 Job terminated.
	(1) Normal termination (return value 0)
		Usr 0 00:02:10, Sys 0 00:00:00  -  Run Remote Usage
		Usr 0 00:00:00, Sys 0 00:00:00  -  Run Local Usage
		Usr 0 00:02:10, Sys 0 00:00:00  -  Total Remote Usage
		Usr 0 00:00:00, Sys 0 00:00:00  -  Total Local Usage
	0  -  Run Bytes Sent By Job
	0  -  Run Bytes Received By Job
	0  -  Total Bytes Sent By Job
	0  -  Total Bytes Received By Job
	Partitionable Resources :    Usage  Request Allocated 
	   Cpus                 :     1.00        1         1 
	   Disk (KB)            :     1           1  10853596 
	   Memory (MB)          :    12           1      4026 

	Job terminated of its own accord at 2024-04-29T18:22:31Z.
...
