000 (983705.000.000) 2024-04-26 04:35:39 Job submitted from host: <128.83.120.183:9618?addrs=128.83.120.183-9618&alias=darmok.cs.utexas.edu&noUDP&sock=schedd_1353_9fba>
...
001 (983705.000.000) 2024-04-26 04:35:59 Job executing on host: <128.83.130.161:9618?addrs=128.83.130.161-9618&alias=oliphaunt-2.cs.utexas.edu&noUDP&sock=startd_1594_ee0d>
...
006 (983705.000.000) 2024-04-26 04:36:07 Image size of job updated: 36656
	12  -  MemoryUsage of job (MB)
	11592  -  ResidentSetSize of job (KB)
...
006 (983705.000.000) 2024-04-26 04:41:07 Image size of job updated: 37424
	13  -  MemoryUsage of job (MB)
	12316  -  ResidentSetSize of job (KB)
...
006 (983705.000.000) 2024-04-26 04:46:07 Image size of job updated: 38076
	13  -  MemoryUsage of job (MB)
	13040  -  ResidentSetSize of job (KB)
...
006 (983705.000.000) 2024-04-26 04:51:08 Image size of job updated: 38468
	14  -  MemoryUsage of job (MB)
	13368  -  ResidentSetSize of job (KB)
...
006 (983705.000.000) 2024-04-26 04:56:09 Image size of job updated: 38596
	14  -  MemoryUsage of job (MB)
	13452  -  ResidentSetSize of job (KB)
...
006 (983705.000.000) 2024-04-26 05:01:09 Image size of job updated: 38596
	14  -  MemoryUsage of job (MB)
	13528  -  ResidentSetSize of job (KB)
...
006 (983705.000.000) 2024-04-26 05:06:09 Image size of job updated: 38724
	14  -  MemoryUsage of job (MB)
	13600  -  ResidentSetSize of job (KB)
...
000 (984076.000.000) 2024-04-26 05:08:07 Job submitted from host: <128.83.120.183:9618?addrs=128.83.120.183-9618&alias=darmok.cs.utexas.edu&noUDP&sock=schedd_1353_9fba>
...
001 (984076.000.000) 2024-04-26 05:08:17 Job executing on host: <128.83.144.211:9618?addrs=128.83.144.211-9618&alias=angrist-12.cs.utexas.edu&noUDP&sock=startd_1592_8edc>
...
006 (984076.000.000) 2024-04-26 05:08:25 Image size of job updated: 36660
	12  -  MemoryUsage of job (MB)
	11636  -  ResidentSetSize of job (KB)
...
006 (984076.000.000) 2024-04-26 05:08:59 Image size of job updated: 36788
	12  -  MemoryUsage of job (MB)
	11636  -  ResidentSetSize of job (KB)
...
005 (984076.000.000) 2024-04-26 05:08:59 Job terminated.
	(1) Normal termination (return value 0)
		Usr 0 00:00:41, Sys 0 00:00:00  -  Run Remote Usage
		Usr 0 00:00:00, Sys 0 00:00:00  -  Run Local Usage
		Usr 0 00:00:41, Sys 0 00:00:00  -  Total Remote Usage
		Usr 0 00:00:00, Sys 0 00:00:00  -  Total Local Usage
	0  -  Run Bytes Sent By Job
	0  -  Run Bytes Received By Job
	0  -  Total Bytes Sent By Job
	0  -  Total Bytes Received By Job
	Partitionable Resources :    Usage  Request Allocated 
	   Cpus                 :                 1         1 
	   Disk (KB)            :        1        1  10853596 
	   Memory (MB)          :       12        1      4026 

	Job terminated of its own accord at 2024-04-26T10:08:59Z.
...
006 (983705.000.000) 2024-04-26 05:11:10 Image size of job updated: 38724
	14  -  MemoryUsage of job (MB)
	13684  -  ResidentSetSize of job (KB)
...
006 (983705.000.000) 2024-04-26 05:16:10 Image size of job updated: 38852
	14  -  MemoryUsage of job (MB)
	13784  -  ResidentSetSize of job (KB)
...
006 (983705.000.000) 2024-04-26 05:21:10 Image size of job updated: 38980
	14  -  MemoryUsage of job (MB)
	13888  -  ResidentSetSize of job (KB)
...
006 (983705.000.000) 2024-04-26 05:26:11 Image size of job updated: 39108
	14  -  MemoryUsage of job (MB)
	14008  -  ResidentSetSize of job (KB)
...
006 (983705.000.000) 2024-04-26 05:31:12 Image size of job updated: 39236
	14  -  MemoryUsage of job (MB)
	14156  -  ResidentSetSize of job (KB)
...
006 (983705.000.000) 2024-04-26 05:36:12 Image size of job updated: 39364
	14  -  MemoryUsage of job (MB)
	14304  -  ResidentSetSize of job (KB)
...
006 (983705.000.000) 2024-04-26 05:41:12 Image size of job updated: 39492
	15  -  MemoryUsage of job (MB)
	14448  -  ResidentSetSize of job (KB)
...
006 (983705.000.000) 2024-04-26 05:46:13 Image size of job updated: 39748
	15  -  MemoryUsage of job (MB)
	14600  -  ResidentSetSize of job (KB)
...
006 (983705.000.000) 2024-04-26 05:51:13 Image size of job updated: 39876
	15  -  MemoryUsage of job (MB)
	14752  -  ResidentSetSize of job (KB)
...
006 (983705.000.000) 2024-04-26 05:56:13 Image size of job updated: 40004
	15  -  MemoryUsage of job (MB)
	14904  -  ResidentSetSize of job (KB)
...
005 (983705.000.000) 2024-04-26 05:56:28 Job terminated.
	(1) Normal termination (return value 0)
		Usr 0 01:20:28, Sys 0 00:00:00  -  Run Remote Usage
		Usr 0 00:00:00, Sys 0 00:00:00  -  Run Local Usage
		Usr 0 01:20:28, Sys 0 00:00:00  -  Total Remote Usage
		Usr 0 00:00:00, Sys 0 00:00:00  -  Total Local Usage
	0  -  Run Bytes Sent By Job
	0  -  Run Bytes Received By Job
	0  -  Total Bytes Sent By Job
	0  -  Total Bytes Received By Job
	Partitionable Resources :    Usage  Request Allocated 
	   Cpus                 :     1.00        1         1 
	   Disk (KB)            :     1           1  18498544 
	   Memory (MB)          :    15           1     24186 

	Job terminated of its own accord at 2024-04-26T10:56:28Z.
...
000 (984394.000.000) 2024-04-26 06:31:47 Job submitted from host: <128.83.120.183:9618?addrs=128.83.120.183-9618&alias=darmok.cs.utexas.edu&noUDP&sock=schedd_1353_9fba>
...
001 (984394.000.000) 2024-04-26 06:32:07 Job executing on host: <128.83.130.161:9618?addrs=128.83.130.161-9618&alias=oliphaunt-2.cs.utexas.edu&noUDP&sock=startd_1594_ee0d>
...
006 (984394.000.000) 2024-04-26 06:32:15 Image size of job updated: 36788
	12  -  MemoryUsage of job (MB)
	11640  -  ResidentSetSize of job (KB)
...
005 (984394.000.000) 2024-04-26 06:32:45 Job terminated.
	(1) Normal termination (return value 0)
		Usr 0 00:00:37, Sys 0 00:00:00  -  Run Remote Usage
		Usr 0 00:00:00, Sys 0 00:00:00  -  Run Local Usage
		Usr 0 00:00:37, Sys 0 00:00:00  -  Total Remote Usage
		Usr 0 00:00:00, Sys 0 00:00:00  -  Total Local Usage
	0  -  Run Bytes Sent By Job
	0  -  Run Bytes Received By Job
	0  -  Total Bytes Sent By Job
	0  -  Total Bytes Received By Job
	Partitionable Resources :    Usage  Request Allocated 
	   Cpus                 :                 1         1 
	   Disk (KB)            :        1        1  18498544 
	   Memory (MB)          :       12        1     24186 

	Job terminated of its own accord at 2024-04-26T11:32:45Z.
...
000 (990480.000.000) 2024-04-29 13:20:05 Job submitted from host: <128.83.120.183:9618?addrs=128.83.120.183-9618&alias=darmok.cs.utexas.edu&noUDP&sock=schedd_1353_9fba>
...
001 (990480.000.000) 2024-04-29 13:20:17 Job executing on host: <128.83.139.146:9618?addrs=128.83.139.146-9618&alias=angrist-19.cs.utexas.edu&noUDP&sock=startd_1594_ee0d>
...
006 (990480.000.000) 2024-04-29 13:20:26 Image size of job updated: 36656
	12  -  MemoryUsage of job (MB)
	11612  -  ResidentSetSize of job (KB)
...
006 (990480.000.000) 2024-04-29 13:25:27 Image size of job updated: 37048
	12  -  MemoryUsage of job (MB)
	11956  -  ResidentSetSize of job (KB)
...
005 (990480.000.000) 2024-04-29 13:26:37 Job terminated.
	(1) Normal termination (return value 0)
		Usr 0 00:06:19, Sys 0 00:00:00  -  Run Remote Usage
		Usr 0 00:00:00, Sys 0 00:00:00  -  Run Local Usage
		Usr 0 00:06:19, Sys 0 00:00:00  -  Total Remote Usage
		Usr 0 00:00:00, Sys 0 00:00:00  -  Total Local Usage
	0  -  Run Bytes Sent By Job
	0  -  Run Bytes Received By Job
	0  -  Total Bytes Sent By Job
	0  -  Total Bytes Received By Job
	Partitionable Resources :    Usage  Request Allocated 
	   Cpus                 :     1.00        1         1 
	   Disk (KB)            :     1           1  10853596 
	   Memory (MB)          :    12           1      4026 

	Job terminated of its own accord at 2024-04-29T18:26:37Z.
...
