000 (983689.000.000) 2024-04-26 04:35:36 Job submitted from host: <128.83.120.183:9618?addrs=128.83.120.183-9618&alias=darmok.cs.utexas.edu&noUDP&sock=schedd_1353_9fba>
...
001 (983689.000.000) 2024-04-26 04:35:37 Job executing on host: <128.83.130.161:9618?addrs=128.83.130.161-9618&alias=oliphaunt-2.cs.utexas.edu&noUDP&sock=startd_1594_ee0d>
...
006 (983689.000.000) 2024-04-26 04:35:46 Image size of job updated: 36660
	12  -  MemoryUsage of job (MB)
	11576  -  ResidentSetSize of job (KB)
...
006 (983689.000.000) 2024-04-26 04:40:47 Image size of job updated: 36660
	12  -  MemoryUsage of job (MB)
	11604  -  ResidentSetSize of job (KB)
...
006 (983689.000.000) 2024-04-26 04:45:47 Image size of job updated: 36660
	12  -  MemoryUsage of job (MB)
	11616  -  ResidentSetSize of job (KB)
...
006 (983689.000.000) 2024-04-26 04:50:47 Image size of job updated: 36788
	12  -  MemoryUsage of job (MB)
	11652  -  ResidentSetSize of job (KB)
...
000 (984060.000.000) 2024-04-26 05:08:05 Job submitted from host: <128.83.120.183:9618?addrs=128.83.120.183-9618&alias=darmok.cs.utexas.edu&noUDP&sock=schedd_1353_9fba>
...
001 (984060.000.000) 2024-04-26 05:08:16 Job executing on host: <128.83.144.168:9618?addrs=128.83.144.168-9618&alias=angrist-10.cs.utexas.edu&noUDP&sock=startd_1611_9729>
...
006 (984060.000.000) 2024-04-26 05:08:24 Image size of job updated: 36656
	12  -  MemoryUsage of job (MB)
	11612  -  ResidentSetSize of job (KB)
...
005 (984060.000.000) 2024-04-26 05:08:28 Job terminated.
	(1) Normal termination (return value 0)
		Usr 0 00:00:10, Sys 0 00:00:00  -  Run Remote Usage
		Usr 0 00:00:00, Sys 0 00:00:00  -  Run Local Usage
		Usr 0 00:00:10, Sys 0 00:00:00  -  Total Remote Usage
		Usr 0 00:00:00, Sys 0 00:00:00  -  Total Local Usage
	0  -  Run Bytes Sent By Job
	0  -  Run Bytes Received By Job
	0  -  Total Bytes Sent By Job
	0  -  Total Bytes Received By Job
	Partitionable Resources :    Usage  Request Allocated 
	   Cpus                 :                 1         1 
	   Disk (KB)            :        1        1  10853596 
	   Memory (MB)          :       12        1      4026 

	Job terminated of its own accord at 2024-04-26T10:08:27Z.
...
006 (983689.000.000) 2024-04-26 05:10:49 Image size of job updated: 36788
	12  -  MemoryUsage of job (MB)
	11676  -  ResidentSetSize of job (KB)
...
005 (983689.000.000) 2024-04-26 05:14:09 Job terminated.
	(1) Normal termination (return value 0)
		Usr 0 00:38:30, Sys 0 00:00:00  -  Run Remote Usage
		Usr 0 00:00:00, Sys 0 00:00:00  -  Run Local Usage
		Usr 0 00:38:30, Sys 0 00:00:00  -  Total Remote Usage
		Usr 0 00:00:00, Sys 0 00:00:00  -  Total Local Usage
	0  -  Run Bytes Sent By Job
	0  -  Run Bytes Received By Job
	0  -  Total Bytes Sent By Job
	0  -  Total Bytes Received By Job
	Partitionable Resources :    Usage  Request Allocated 
	   Cpus                 :     1.00        1         1 
	   Disk (KB)            :     1           1  18498544 
	   Memory (MB)          :    12           1     24186 

	Job terminated of its own accord at 2024-04-26T10:14:08Z.
...
000 (984378.000.000) 2024-04-26 06:31:45 Job submitted from host: <128.83.120.183:9618?addrs=128.83.120.183-9618&alias=darmok.cs.utexas.edu&noUDP&sock=schedd_1353_9fba>
...
001 (984378.000.000) 2024-04-26 06:31:46 Job executing on host: <128.83.130.161:9618?addrs=128.83.130.161-9618&alias=oliphaunt-2.cs.utexas.edu&noUDP&sock=startd_1594_ee0d>
...
006 (984378.000.000) 2024-04-26 06:31:55 Image size of job updated: 36656
	12  -  MemoryUsage of job (MB)
	11612  -  ResidentSetSize of job (KB)
...
005 (984378.000.000) 2024-04-26 06:31:58 Job terminated.
	(1) Normal termination (return value 0)
		Usr 0 00:00:11, Sys 0 00:00:00  -  Run Remote Usage
		Usr 0 00:00:00, Sys 0 00:00:00  -  Run Local Usage
		Usr 0 00:00:11, Sys 0 00:00:00  -  Total Remote Usage
		Usr 0 00:00:00, Sys 0 00:00:00  -  Total Local Usage
	0  -  Run Bytes Sent By Job
	0  -  Run Bytes Received By Job
	0  -  Total Bytes Sent By Job
	0  -  Total Bytes Received By Job
	Partitionable Resources :    Usage  Request Allocated 
	   Cpus                 :                 1         1 
	   Disk (KB)            :        1        1  18498544 
	   Memory (MB)          :       12        1     24186 

	Job terminated of its own accord at 2024-04-26T11:31:58Z.
...
000 (990464.000.000) 2024-04-29 13:20:03 Job submitted from host: <128.83.120.183:9618?addrs=128.83.120.183-9618&alias=darmok.cs.utexas.edu&noUDP&sock=schedd_1353_9fba>
...
001 (990464.000.000) 2024-04-29 13:20:16 Job executing on host: <128.83.139.150:9618?addrs=128.83.139.150-9618&alias=angrist-23.cs.utexas.edu&noUDP&sock=startd_1604_c9ff>
...
006 (990464.000.000) 2024-04-29 13:20:25 Image size of job updated: 36660
	12  -  MemoryUsage of job (MB)
	11576  -  ResidentSetSize of job (KB)
...
006 (990464.000.000) 2024-04-29 13:22:11 Image size of job updated: 36788
	12  -  MemoryUsage of job (MB)
	11576  -  ResidentSetSize of job (KB)
...
005 (990464.000.000) 2024-04-29 13:22:11 Job terminated.
	(1) Normal termination (return value 0)
		Usr 0 00:01:54, Sys 0 00:00:00  -  Run Remote Usage
		Usr 0 00:00:00, Sys 0 00:00:00  -  Run Local Usage
		Usr 0 00:01:54, Sys 0 00:00:00  -  Total Remote Usage
		Usr 0 00:00:00, Sys 0 00:00:00  -  Total Local Usage
	0  -  Run Bytes Sent By Job
	0  -  Run Bytes Received By Job
	0  -  Total Bytes Sent By Job
	0  -  Total Bytes Received By Job
	Partitionable Resources :    Usage  Request Allocated 
	   Cpus                 :                 1         1 
	   Disk (KB)            :        1        1  10853594 
	   Memory (MB)          :       12        1      4026 

	Job terminated of its own accord at 2024-04-29T18:22:11Z.
...
