000 (983693.000.000) 2024-04-26 04:35:36 Job submitted from host: <128.83.120.183:9618?addrs=128.83.120.183-9618&alias=darmok.cs.utexas.edu&noUDP&sock=schedd_1353_9fba>
...
001 (983693.000.000) 2024-04-26 04:35:37 Job executing on host: <128.83.130.161:9618?addrs=128.83.130.161-9618&alias=oliphaunt-2.cs.utexas.edu&noUDP&sock=startd_1594_ee0d>
...
006 (983693.000.000) 2024-04-26 04:35:45 Image size of job updated: 36660
	12  -  MemoryUsage of job (MB)
	11572  -  ResidentSetSize of job (KB)
...
006 (983693.000.000) 2024-04-26 04:40:46 Image size of job updated: 37044
	12  -  MemoryUsage of job (MB)
	12000  -  ResidentSetSize of job (KB)
...
006 (983693.000.000) 2024-04-26 04:45:47 Image size of job updated: 37428
	12  -  MemoryUsage of job (MB)
	12284  -  ResidentSetSize of job (KB)
...
006 (983693.000.000) 2024-04-26 04:50:47 Image size of job updated: 37804
	13  -  MemoryUsage of job (MB)
	12684  -  ResidentSetSize of job (KB)
...
006 (983693.000.000) 2024-04-26 04:55:47 Image size of job updated: 37936
	13  -  MemoryUsage of job (MB)
	12812  -  ResidentSetSize of job (KB)
...
006 (983693.000.000) 2024-04-26 05:00:48 Image size of job updated: 38068
	13  -  MemoryUsage of job (MB)
	12940  -  ResidentSetSize of job (KB)
...
006 (983693.000.000) 2024-04-26 05:05:49 Image size of job updated: 38200
	13  -  MemoryUsage of job (MB)
	13064  -  ResidentSetSize of job (KB)
...
000 (984064.000.000) 2024-04-26 05:08:06 Job submitted from host: <128.83.120.183:9618?addrs=128.83.120.183-9618&alias=darmok.cs.utexas.edu&noUDP&sock=schedd_1353_9fba>
...
001 (984064.000.000) 2024-04-26 05:08:16 Job executing on host: <128.83.139.145:9618?addrs=128.83.139.145-9618&alias=angrist-18.cs.utexas.edu&noUDP&sock=startd_1595_9da5>
...
006 (984064.000.000) 2024-04-26 05:08:24 Image size of job updated: 36788
	12  -  MemoryUsage of job (MB)
	11624  -  ResidentSetSize of job (KB)
...
005 (984064.000.000) 2024-04-26 05:08:32 Job terminated.
	(1) Normal termination (return value 0)
		Usr 0 00:00:14, Sys 0 00:00:00  -  Run Remote Usage
		Usr 0 00:00:00, Sys 0 00:00:00  -  Run Local Usage
		Usr 0 00:00:14, Sys 0 00:00:00  -  Total Remote Usage
		Usr 0 00:00:00, Sys 0 00:00:00  -  Total Local Usage
	0  -  Run Bytes Sent By Job
	0  -  Run Bytes Received By Job
	0  -  Total Bytes Sent By Job
	0  -  Total Bytes Received By Job
	Partitionable Resources :    Usage  Request Allocated 
	   Cpus                 :                 1         1 
	   Disk (KB)            :        1        1  10853596 
	   Memory (MB)          :       12        1      4026 

	Job terminated of its own accord at 2024-04-26T10:08:30Z.
...
006 (983693.000.000) 2024-04-26 05:10:49 Image size of job updated: 38200
	13  -  MemoryUsage of job (MB)
	13152  -  ResidentSetSize of job (KB)
...
006 (983693.000.000) 2024-04-26 05:15:50 Image size of job updated: 38332
	13  -  MemoryUsage of job (MB)
	13272  -  ResidentSetSize of job (KB)
...
006 (983693.000.000) 2024-04-26 05:20:51 Image size of job updated: 38464
	14  -  MemoryUsage of job (MB)
	13400  -  ResidentSetSize of job (KB)
...
006 (983693.000.000) 2024-04-26 05:25:51 Image size of job updated: 38724
	14  -  MemoryUsage of job (MB)
	13580  -  ResidentSetSize of job (KB)
...
005 (983693.000.000) 2024-04-26 05:27:21 Job terminated.
	(1) Normal termination (return value 0)
		Usr 0 00:51:43, Sys 0 00:00:00  -  Run Remote Usage
		Usr 0 00:00:00, Sys 0 00:00:00  -  Run Local Usage
		Usr 0 00:51:43, Sys 0 00:00:00  -  Total Remote Usage
		Usr 0 00:00:00, Sys 0 00:00:00  -  Total Local Usage
	0  -  Run Bytes Sent By Job
	0  -  Run Bytes Received By Job
	0  -  Total Bytes Sent By Job
	0  -  Total Bytes Received By Job
	Partitionable Resources :    Usage  Request Allocated 
	   Cpus                 :     1.00        1         1 
	   Disk (KB)            :     1           1  18498544 
	   Memory (MB)          :    14           1     24186 

	Job terminated of its own accord at 2024-04-26T10:27:21Z.
...
000 (984382.000.000) 2024-04-26 06:31:45 Job submitted from host: <128.83.120.183:9618?addrs=128.83.120.183-9618&alias=darmok.cs.utexas.edu&noUDP&sock=schedd_1353_9fba>
...
001 (984382.000.000) 2024-04-26 06:31:46 Job executing on host: <128.83.144.147:9618?addrs=128.83.144.147-9618&alias=oliphaunt-1.cs.utexas.edu&noUDP&sock=startd_1578_f489>
...
006 (984382.000.000) 2024-04-26 06:31:55 Image size of job updated: 36656
	12  -  MemoryUsage of job (MB)
	11624  -  ResidentSetSize of job (KB)
...
006 (984382.000.000) 2024-04-26 06:32:01 Image size of job updated: 36784
	12  -  MemoryUsage of job (MB)
	11624  -  ResidentSetSize of job (KB)
...
005 (984382.000.000) 2024-04-26 06:32:01 Job terminated.
	(1) Normal termination (return value 0)
		Usr 0 00:00:14, Sys 0 00:00:00  -  Run Remote Usage
		Usr 0 00:00:00, Sys 0 00:00:00  -  Run Local Usage
		Usr 0 00:00:14, Sys 0 00:00:00  -  Total Remote Usage
		Usr 0 00:00:00, Sys 0 00:00:00  -  Total Local Usage
	0  -  Run Bytes Sent By Job
	0  -  Run Bytes Received By Job
	0  -  Total Bytes Sent By Job
	0  -  Total Bytes Received By Job
	Partitionable Resources :    Usage  Request Allocated 
	   Cpus                 :                 1         1 
	   Disk (KB)            :        1        1  18498544 
	   Memory (MB)          :       12        1     24186 

	Job terminated of its own accord at 2024-04-26T11:32:01Z.
...
000 (990468.000.000) 2024-04-29 13:20:03 Job submitted from host: <128.83.120.183:9618?addrs=128.83.120.183-9618&alias=darmok.cs.utexas.edu&noUDP&sock=schedd_1353_9fba>
...
001 (990468.000.000) 2024-04-29 13:20:16 Job executing on host: <128.83.144.211:9618?addrs=128.83.144.211-9618&alias=angrist-12.cs.utexas.edu&noUDP&sock=startd_1592_8edc>
...
006 (990468.000.000) 2024-04-29 13:20:25 Image size of job updated: 36656
	12  -  MemoryUsage of job (MB)
	11564  -  ResidentSetSize of job (KB)
...
006 (990468.000.000) 2024-04-29 13:23:11 Image size of job updated: 36916
	12  -  MemoryUsage of job (MB)
	11564  -  ResidentSetSize of job (KB)
...
005 (990468.000.000) 2024-04-29 13:23:11 Job terminated.
	(1) Normal termination (return value 0)
		Usr 0 00:02:54, Sys 0 00:00:00  -  Run Remote Usage
		Usr 0 00:00:00, Sys 0 00:00:00  -  Run Local Usage
		Usr 0 00:02:54, Sys 0 00:00:00  -  Total Remote Usage
		Usr 0 00:00:00, Sys 0 00:00:00  -  Total Local Usage
	0  -  Run Bytes Sent By Job
	0  -  Run Bytes Received By Job
	0  -  Total Bytes Sent By Job
	0  -  Total Bytes Received By Job
	Partitionable Resources :    Usage  Request Allocated 
	   Cpus                 :     1.00        1         1 
	   Disk (KB)            :     1           1  10853596 
	   Memory (MB)          :    12           1      4026 

	Job terminated of its own accord at 2024-04-29T18:23:11Z.
...
