000 (983713.000.000) 2024-04-26 04:35:41 Job submitted from host: <128.83.120.183:9618?addrs=128.83.120.183-9618&alias=darmok.cs.utexas.edu&noUDP&sock=schedd_1353_9fba>
...
001 (983713.000.000) 2024-04-26 04:35:59 Job executing on host: <128.83.130.161:9618?addrs=128.83.130.161-9618&alias=oliphaunt-2.cs.utexas.edu&noUDP&sock=startd_1594_ee0d>
...
006 (983713.000.000) 2024-04-26 04:36:07 Image size of job updated: 37184
	13  -  MemoryUsage of job (MB)
	12928  -  ResidentSetSize of job (KB)
...
006 (983713.000.000) 2024-04-26 04:41:07 Image size of job updated: 42948
	18  -  MemoryUsage of job (MB)
	18044  -  ResidentSetSize of job (KB)
...
006 (983713.000.000) 2024-04-26 04:46:08 Image size of job updated: 47416
	22  -  MemoryUsage of job (MB)
	22496  -  ResidentSetSize of job (KB)
...
006 (983713.000.000) 2024-04-26 04:51:09 Image size of job updated: 51480
	26  -  MemoryUsage of job (MB)
	26500  -  ResidentSetSize of job (KB)
...
006 (983713.000.000) 2024-04-26 04:56:09 Image size of job updated: 52128
	27  -  MemoryUsage of job (MB)
	27000  -  ResidentSetSize of job (KB)
...
006 (983713.000.000) 2024-04-26 05:01:10 Image size of job updated: 52384
	27  -  MemoryUsage of job (MB)
	27228  -  ResidentSetSize of job (KB)
...
006 (983713.000.000) 2024-04-26 05:06:11 Image size of job updated: 52512
	27  -  MemoryUsage of job (MB)
	27452  -  ResidentSetSize of job (KB)
...
000 (984084.000.000) 2024-04-26 05:08:08 Job submitted from host: <128.83.120.183:9618?addrs=128.83.120.183-9618&alias=darmok.cs.utexas.edu&noUDP&sock=schedd_1353_9fba>
...
001 (984084.000.000) 2024-04-26 05:08:17 Job executing on host: <128.83.144.168:9618?addrs=128.83.144.168-9618&alias=angrist-10.cs.utexas.edu&noUDP&sock=startd_1611_9729>
...
006 (984084.000.000) 2024-04-26 05:08:26 Image size of job updated: 38364
	13  -  MemoryUsage of job (MB)
	13220  -  ResidentSetSize of job (KB)
...
006 (984084.000.000) 2024-04-26 05:10:06 Image size of job updated: 38880
	13  -  MemoryUsage of job (MB)
	13220  -  ResidentSetSize of job (KB)
...
005 (984084.000.000) 2024-04-26 05:10:06 Job terminated.
	(1) Normal termination (return value 0)
		Usr 0 00:01:48, Sys 0 00:00:00  -  Run Remote Usage
		Usr 0 00:00:00, Sys 0 00:00:00  -  Run Local Usage
		Usr 0 00:01:48, Sys 0 00:00:00  -  Total Remote Usage
		Usr 0 00:00:00, Sys 0 00:00:00  -  Total Local Usage
	0  -  Run Bytes Sent By Job
	0  -  Run Bytes Received By Job
	0  -  Total Bytes Sent By Job
	0  -  Total Bytes Received By Job
	Partitionable Resources :    Usage  Request Allocated 
	   Cpus                 :                 1         1 
	   Disk (KB)            :        1        1  10853596 
	   Memory (MB)          :       13        1      4026 

	Job terminated of its own accord at 2024-04-26T10:10:06Z.
...
006 (983713.000.000) 2024-04-26 05:11:11 Image size of job updated: 52768
	28  -  MemoryUsage of job (MB)
	27680  -  ResidentSetSize of job (KB)
...
006 (983713.000.000) 2024-04-26 05:16:11 Image size of job updated: 53024
	28  -  MemoryUsage of job (MB)
	27924  -  ResidentSetSize of job (KB)
...
006 (983713.000.000) 2024-04-26 05:21:12 Image size of job updated: 53280
	28  -  MemoryUsage of job (MB)
	28224  -  ResidentSetSize of job (KB)
...
006 (983713.000.000) 2024-04-26 05:26:13 Image size of job updated: 53536
	28  -  MemoryUsage of job (MB)
	28500  -  ResidentSetSize of job (KB)
...
006 (983713.000.000) 2024-04-26 05:31:13 Image size of job updated: 53920
	29  -  MemoryUsage of job (MB)
	28800  -  ResidentSetSize of job (KB)
...
006 (983713.000.000) 2024-04-26 05:36:13 Image size of job updated: 54304
	29  -  MemoryUsage of job (MB)
	29220  -  ResidentSetSize of job (KB)
...
006 (983713.000.000) 2024-04-26 05:41:14 Image size of job updated: 54688
	29  -  MemoryUsage of job (MB)
	29640  -  ResidentSetSize of job (KB)
...
006 (983713.000.000) 2024-04-26 05:46:14 Image size of job updated: 55200
	30  -  MemoryUsage of job (MB)
	30064  -  ResidentSetSize of job (KB)
...
006 (983713.000.000) 2024-04-26 05:51:14 Image size of job updated: 55584
	30  -  MemoryUsage of job (MB)
	30504  -  ResidentSetSize of job (KB)
...
006 (983713.000.000) 2024-04-26 05:56:15 Image size of job updated: 55968
	31  -  MemoryUsage of job (MB)
	30936  -  ResidentSetSize of job (KB)
...
006 (983713.000.000) 2024-04-26 06:01:16 Image size of job updated: 56468
	31  -  MemoryUsage of job (MB)
	31380  -  ResidentSetSize of job (KB)
...
006 (983713.000.000) 2024-04-26 06:06:16 Image size of job updated: 56852
	32  -  MemoryUsage of job (MB)
	31828  -  ResidentSetSize of job (KB)
...
006 (983713.000.000) 2024-04-26 06:11:16 Image size of job updated: 57360
	32  -  MemoryUsage of job (MB)
	32292  -  ResidentSetSize of job (KB)
...
006 (983713.000.000) 2024-04-26 06:16:17 Image size of job updated: 57744
	32  -  MemoryUsage of job (MB)
	32700  -  ResidentSetSize of job (KB)
...
006 (983713.000.000) 2024-04-26 06:21:17 Image size of job updated: 58128
	33  -  MemoryUsage of job (MB)
	33012  -  ResidentSetSize of job (KB)
...
006 (983713.000.000) 2024-04-26 06:26:17 Image size of job updated: 58508
	33  -  MemoryUsage of job (MB)
	33396  -  ResidentSetSize of job (KB)
...
006 (983713.000.000) 2024-04-26 06:31:18 Image size of job updated: 58888
	34  -  MemoryUsage of job (MB)
	33832  -  ResidentSetSize of job (KB)
...
000 (984402.000.000) 2024-04-26 06:31:48 Job submitted from host: <128.83.120.183:9618?addrs=128.83.120.183-9618&alias=darmok.cs.utexas.edu&noUDP&sock=schedd_1353_9fba>
...
001 (984402.000.000) 2024-04-26 06:32:08 Job executing on host: <128.83.144.147:9618?addrs=128.83.144.147-9618&alias=oliphaunt-1.cs.utexas.edu&noUDP&sock=startd_1578_f489>
...
006 (984402.000.000) 2024-04-26 06:32:17 Image size of job updated: 38364
	13  -  MemoryUsage of job (MB)
	13220  -  ResidentSetSize of job (KB)
...
006 (984402.000.000) 2024-04-26 06:34:39 Image size of job updated: 38880
	13  -  MemoryUsage of job (MB)
	13220  -  ResidentSetSize of job (KB)
...
005 (984402.000.000) 2024-04-26 06:34:39 Job terminated.
	(1) Normal termination (return value 0)
		Usr 0 00:02:31, Sys 0 00:00:00  -  Run Remote Usage
		Usr 0 00:00:00, Sys 0 00:00:00  -  Run Local Usage
		Usr 0 00:02:31, Sys 0 00:00:00  -  Total Remote Usage
		Usr 0 00:00:00, Sys 0 00:00:00  -  Total Local Usage
	0  -  Run Bytes Sent By Job
	0  -  Run Bytes Received By Job
	0  -  Total Bytes Sent By Job
	0  -  Total Bytes Received By Job
	Partitionable Resources :    Usage  Request Allocated 
	   Cpus                 :                 1         1 
	   Disk (KB)            :        1        1  18498544 
	   Memory (MB)          :       13        1     24186 

	Job terminated of its own accord at 2024-04-26T11:34:39Z.
...
006 (983713.000.000) 2024-04-26 06:36:19 Image size of job updated: 59272
	34  -  MemoryUsage of job (MB)
	34188  -  ResidentSetSize of job (KB)
...
006 (983713.000.000) 2024-04-26 06:41:19 Image size of job updated: 59784
	34  -  MemoryUsage of job (MB)
	34644  -  ResidentSetSize of job (KB)
...
006 (983713.000.000) 2024-04-26 06:46:19 Image size of job updated: 59912
	35  -  MemoryUsage of job (MB)
	34872  -  ResidentSetSize of job (KB)
...
006 (983713.000.000) 2024-04-26 06:51:20 Image size of job updated: 60168
	35  -  MemoryUsage of job (MB)
	35068  -  ResidentSetSize of job (KB)
...
006 (983713.000.000) 2024-04-26 06:56:20 Image size of job updated: 60424
	35  -  MemoryUsage of job (MB)
	35356  -  ResidentSetSize of job (KB)
...
006 (983713.000.000) 2024-04-26 07:01:20 Image size of job updated: 60932
	35  -  MemoryUsage of job (MB)
	35800  -  ResidentSetSize of job (KB)
...
006 (983713.000.000) 2024-04-26 07:06:21 Image size of job updated: 61316
	36  -  MemoryUsage of job (MB)
	36240  -  ResidentSetSize of job (KB)
...
006 (983713.000.000) 2024-04-26 07:11:21 Image size of job updated: 61820
	36  -  MemoryUsage of job (MB)
	36688  -  ResidentSetSize of job (KB)
...
006 (983713.000.000) 2024-04-26 07:16:21 Image size of job updated: 62200
	37  -  MemoryUsage of job (MB)
	37152  -  ResidentSetSize of job (KB)
...
006 (983713.000.000) 2024-04-26 07:21:22 Image size of job updated: 62712
	37  -  MemoryUsage of job (MB)
	37592  -  ResidentSetSize of job (KB)
...
006 (983713.000.000) 2024-04-26 07:26:23 Image size of job updated: 62968
	37  -  MemoryUsage of job (MB)
	37832  -  ResidentSetSize of job (KB)
...
006 (983713.000.000) 2024-04-26 07:31:23 Image size of job updated: 63356
	38  -  MemoryUsage of job (MB)
	38280  -  ResidentSetSize of job (KB)
...
006 (983713.000.000) 2024-04-26 07:36:24 Image size of job updated: 63868
	38  -  MemoryUsage of job (MB)
	38724  -  ResidentSetSize of job (KB)
...
006 (983713.000.000) 2024-04-26 07:41:25 Image size of job updated: 64252
	39  -  MemoryUsage of job (MB)
	39176  -  ResidentSetSize of job (KB)
...
006 (983713.000.000) 2024-04-26 07:46:25 Image size of job updated: 64760
	39  -  MemoryUsage of job (MB)
	39636  -  ResidentSetSize of job (KB)
...
006 (983713.000.000) 2024-04-26 07:51:25 Image size of job updated: 65144
	40  -  MemoryUsage of job (MB)
	40096  -  ResidentSetSize of job (KB)
...
006 (983713.000.000) 2024-04-26 07:56:26 Image size of job updated: 65652
	40  -  MemoryUsage of job (MB)
	40560  -  ResidentSetSize of job (KB)
...
006 (983713.000.000) 2024-04-26 08:00:29 Image size of job updated: 66032
	40  -  MemoryUsage of job (MB)
	40560  -  ResidentSetSize of job (KB)
...
005 (983713.000.000) 2024-04-26 08:00:30 Job terminated.
	(1) Normal termination (return value 0)
		Usr 0 03:24:28, Sys 0 00:00:01  -  Run Remote Usage
		Usr 0 00:00:00, Sys 0 00:00:00  -  Run Local Usage
		Usr 0 03:24:28, Sys 0 00:00:01  -  Total Remote Usage
		Usr 0 00:00:00, Sys 0 00:00:00  -  Total Local Usage
	0  -  Run Bytes Sent By Job
	0  -  Run Bytes Received By Job
	0  -  Total Bytes Sent By Job
	0  -  Total Bytes Received By Job
	Partitionable Resources :    Usage  Request Allocated 
	   Cpus                 :     1.00        1         1 
	   Disk (KB)            :     1           1  18498544 
	   Memory (MB)          :    40           1     24186 

	Job terminated of its own accord at 2024-04-26T13:00:29Z.
...
000 (990488.000.000) 2024-04-29 13:20:06 Job submitted from host: <128.83.120.183:9618?addrs=128.83.120.183-9618&alias=darmok.cs.utexas.edu&noUDP&sock=schedd_1353_9fba>
...
001 (990488.000.000) 2024-04-29 13:20:17 Job executing on host: <128.83.139.150:9618?addrs=128.83.139.150-9618&alias=angrist-23.cs.utexas.edu&noUDP&sock=startd_1604_c9ff>
...
006 (990488.000.000) 2024-04-29 13:20:26 Image size of job updated: 37316
	14  -  MemoryUsage of job (MB)
	13836  -  ResidentSetSize of job (KB)
...
006 (990488.000.000) 2024-04-29 13:25:27 Image size of job updated: 40192
	15  -  MemoryUsage of job (MB)
	15064  -  ResidentSetSize of job (KB)
...
006 (990488.000.000) 2024-04-29 13:30:27 Image size of job updated: 40576
	16  -  MemoryUsage of job (MB)
	15516  -  ResidentSetSize of job (KB)
...
006 (990488.000.000) 2024-04-29 13:35:28 Image size of job updated: 41084
	16  -  MemoryUsage of job (MB)
	15992  -  ResidentSetSize of job (KB)
...
006 (990488.000.000) 2024-04-29 13:36:59 Image size of job updated: 41212
	16  -  MemoryUsage of job (MB)
	15992  -  ResidentSetSize of job (KB)
...
005 (990488.000.000) 2024-04-29 13:37:00 Job terminated.
	(1) Normal termination (return value 0)
		Usr 0 00:16:41, Sys 0 00:00:00  -  Run Remote Usage
		Usr 0 00:00:00, Sys 0 00:00:00  -  Run Local Usage
		Usr 0 00:16:41, Sys 0 00:00:00  -  Total Remote Usage
		Usr 0 00:00:00, Sys 0 00:00:00  -  Total Local Usage
	0  -  Run Bytes Sent By Job
	0  -  Run Bytes Received By Job
	0  -  Total Bytes Sent By Job
	0  -  Total Bytes Received By Job
	Partitionable Resources :    Usage  Request Allocated 
	   Cpus                 :     1.00        1         1 
	   Disk (KB)            :     1           1  10853594 
	   Memory (MB)          :    16           1      4026 

	Job terminated of its own accord at 2024-04-29T18:36:59Z.
...
