000 (983735.000.000) 2024-04-26 04:35:44 Job submitted from host: <128.83.120.183:9618?addrs=128.83.120.183-9618&alias=darmok.cs.utexas.edu&noUDP&sock=schedd_1353_9fba>
...
001 (983735.000.000) 2024-04-26 04:36:00 Job executing on host: <128.83.130.161:9618?addrs=128.83.130.161-9618&alias=oliphaunt-2.cs.utexas.edu&noUDP&sock=startd_1594_ee0d>
...
006 (983735.000.000) 2024-04-26 04:36:09 Image size of job updated: 36660
	12  -  MemoryUsage of job (MB)
	11608  -  ResidentSetSize of job (KB)
...
006 (983735.000.000) 2024-04-26 04:41:10 Image size of job updated: 36916
	12  -  MemoryUsage of job (MB)
	11776  -  ResidentSetSize of job (KB)
...
006 (983735.000.000) 2024-04-26 04:46:11 Image size of job updated: 37044
	12  -  MemoryUsage of job (MB)
	11920  -  ResidentSetSize of job (KB)
...
006 (983735.000.000) 2024-04-26 04:51:11 Image size of job updated: 37172
	12  -  MemoryUsage of job (MB)
	12056  -  ResidentSetSize of job (KB)
...
006 (983735.000.000) 2024-04-26 04:56:11 Image size of job updated: 37296
	12  -  MemoryUsage of job (MB)
	12140  -  ResidentSetSize of job (KB)
...
006 (983735.000.000) 2024-04-26 05:01:12 Image size of job updated: 37296
	12  -  MemoryUsage of job (MB)
	12244  -  ResidentSetSize of job (KB)
...
006 (983735.000.000) 2024-04-26 05:06:12 Image size of job updated: 37424
	13  -  MemoryUsage of job (MB)
	12340  -  ResidentSetSize of job (KB)
...
005 (983735.000.000) 2024-04-26 05:06:43 Job terminated.
	(1) Normal termination (return value 0)
		Usr 0 00:30:41, Sys 0 00:00:00  -  Run Remote Usage
		Usr 0 00:00:00, Sys 0 00:00:00  -  Run Local Usage
		Usr 0 00:30:41, Sys 0 00:00:00  -  Total Remote Usage
		Usr 0 00:00:00, Sys 0 00:00:00  -  Total Local Usage
	0  -  Run Bytes Sent By Job
	0  -  Run Bytes Received By Job
	0  -  Total Bytes Sent By Job
	0  -  Total Bytes Received By Job
	Partitionable Resources :    Usage  Request Allocated 
	   Cpus                 :     1.00        1         1 
	   Disk (KB)            :     1           1  18498544 
	   Memory (MB)          :    13           1     24186 

	Job terminated of its own accord at 2024-04-26T10:06:42Z.
...
000 (984106.000.000) 2024-04-26 05:08:10 Job submitted from host: <128.83.120.183:9618?addrs=128.83.120.183-9618&alias=darmok.cs.utexas.edu&noUDP&sock=schedd_1353_9fba>
...
001 (984106.000.000) 2024-04-26 05:08:20 Job executing on host: <128.83.139.142:9618?addrs=128.83.139.142-9618&alias=angrist-15.cs.utexas.edu&noUDP&sock=startd_1598_ac6e>
...
006 (984106.000.000) 2024-04-26 05:08:29 Image size of job updated: 36660
	12  -  MemoryUsage of job (MB)
	11624  -  ResidentSetSize of job (KB)
...
006 (984106.000.000) 2024-04-26 05:08:34 Image size of job updated: 36784
	12  -  MemoryUsage of job (MB)
	11624  -  ResidentSetSize of job (KB)
...
005 (984106.000.000) 2024-04-26 05:08:34 Job terminated.
	(1) Normal termination (return value 0)
		Usr 0 00:00:13, Sys 0 00:00:00  -  Run Remote Usage
		Usr 0 00:00:00, Sys 0 00:00:00  -  Run Local Usage
		Usr 0 00:00:13, Sys 0 00:00:00  -  Total Remote Usage
		Usr 0 00:00:00, Sys 0 00:00:00  -  Total Local Usage
	0  -  Run Bytes Sent By Job
	0  -  Run Bytes Received By Job
	0  -  Total Bytes Sent By Job
	0  -  Total Bytes Received By Job
	Partitionable Resources :    Usage  Request Allocated 
	   Cpus                 :                 1         1 
	   Disk (KB)            :        1        1  10853596 
	   Memory (MB)          :       12        1      4026 

	Job terminated of its own accord at 2024-04-26T10:08:34Z.
...
000 (984424.000.000) 2024-04-26 06:31:52 Job submitted from host: <128.83.120.183:9618?addrs=128.83.120.183-9618&alias=darmok.cs.utexas.edu&noUDP&sock=schedd_1353_9fba>
...
001 (984424.000.000) 2024-04-26 06:32:07 Job executing on host: <128.83.130.161:9618?addrs=128.83.130.161-9618&alias=oliphaunt-2.cs.utexas.edu&noUDP&sock=startd_1594_ee0d>
...
006 (984424.000.000) 2024-04-26 06:32:16 Image size of job updated: 36656
	12  -  MemoryUsage of job (MB)
	11616  -  ResidentSetSize of job (KB)
...
006 (984424.000.000) 2024-04-26 06:32:22 Image size of job updated: 36788
	12  -  MemoryUsage of job (MB)
	11616  -  ResidentSetSize of job (KB)
...
005 (984424.000.000) 2024-04-26 06:32:23 Job terminated.
	(1) Normal termination (return value 0)
		Usr 0 00:00:14, Sys 0 00:00:00  -  Run Remote Usage
		Usr 0 00:00:00, Sys 0 00:00:00  -  Run Local Usage
		Usr 0 00:00:14, Sys 0 00:00:00  -  Total Remote Usage
		Usr 0 00:00:00, Sys 0 00:00:00  -  Total Local Usage
	0  -  Run Bytes Sent By Job
	0  -  Run Bytes Received By Job
	0  -  Total Bytes Sent By Job
	0  -  Total Bytes Received By Job
	Partitionable Resources :    Usage  Request Allocated 
	   Cpus                 :                 1         1 
	   Disk (KB)            :        1        1  18498544 
	   Memory (MB)          :       12        1     24186 

	Job terminated of its own accord at 2024-04-26T11:32:22Z.
...
000 (990510.000.000) 2024-04-29 13:20:09 Job submitted from host: <128.83.120.183:9618?addrs=128.83.120.183-9618&alias=darmok.cs.utexas.edu&noUDP&sock=schedd_1353_9fba>
...
001 (990510.000.000) 2024-04-29 13:20:20 Job executing on host: <128.83.139.146:9618?addrs=128.83.139.146-9618&alias=angrist-19.cs.utexas.edu&noUDP&sock=startd_1594_ee0d>
...
006 (990510.000.000) 2024-04-29 13:20:28 Image size of job updated: 36660
	12  -  MemoryUsage of job (MB)
	11600  -  ResidentSetSize of job (KB)
...
006 (990510.000.000) 2024-04-29 13:22:20 Image size of job updated: 36788
	12  -  MemoryUsage of job (MB)
	11600  -  ResidentSetSize of job (KB)
...
005 (990510.000.000) 2024-04-29 13:22:21 Job terminated.
	(1) Normal termination (return value 0)
		Usr 0 00:02:00, Sys 0 00:00:00  -  Run Remote Usage
		Usr 0 00:00:00, Sys 0 00:00:00  -  Run Local Usage
		Usr 0 00:02:00, Sys 0 00:00:00  -  Total Remote Usage
		Usr 0 00:00:00, Sys 0 00:00:00  -  Total Local Usage
	0  -  Run Bytes Sent By Job
	0  -  Run Bytes Received By Job
	0  -  Total Bytes Sent By Job
	0  -  Total Bytes Received By Job
	Partitionable Resources :    Usage  Request Allocated 
	   Cpus                 :     1.00        1         1 
	   Disk (KB)            :     1           1  10853596 
	   Memory (MB)          :    12           1      4026 

	Job terminated of its own accord at 2024-04-29T18:22:20Z.
...
