000 (983191.000.000) 2024-04-25 20:11:26 Job submitted from host: <128.83.120.183:9618?addrs=128.83.120.183-9618&alias=darmok.cs.utexas.edu&noUDP&sock=schedd_1353_9fba>
...
001 (983191.000.000) 2024-04-25 20:11:36 Job executing on host: <128.83.144.240:9618?addrs=128.83.144.240-9618&alias=angrist-13.cs.utexas.edu&noUDP&sock=startd_1643_8a31>
...
006 (983191.000.000) 2024-04-25 20:11:45 Image size of job updated: 36680
	12  -  MemoryUsage of job (MB)
	12176  -  ResidentSetSize of job (KB)
...
006 (983191.000.000) 2024-04-25 20:12:11 Image size of job updated: 36812
	12  -  MemoryUsage of job (MB)
	12176  -  ResidentSetSize of job (KB)
...
005 (983191.000.000) 2024-04-25 20:12:11 Job terminated.
	(1) Normal termination (return value 0)
		Usr 0 00:00:34, Sys 0 00:00:00  -  Run Remote Usage
		Usr 0 00:00:00, Sys 0 00:00:00  -  Run Local Usage
		Usr 0 00:00:34, Sys 0 00:00:00  -  Total Remote Usage
		Usr 0 00:00:00, Sys 0 00:00:00  -  Total Local Usage
	0  -  Run Bytes Sent By Job
	0  -  Run Bytes Received By Job
	0  -  Total Bytes Sent By Job
	0  -  Total Bytes Received By Job
	Partitionable Resources :    Usage  Request Allocated 
	   Cpus                 :                 1         1 
	   Disk (KB)            :        1        1  10853596 
	   Memory (MB)          :       12        1      4026 

	Job terminated of its own accord at 2024-04-26T01:12:11Z.
...
000 (984147.000.000) 2024-04-26 05:08:25 Job submitted from host: <128.83.120.183:9618?addrs=128.83.120.183-9618&alias=darmok.cs.utexas.edu&noUDP&sock=schedd_1353_9fba>
...
001 (984147.000.000) 2024-04-26 05:08:36 Job executing on host: <128.83.139.146:9618?addrs=128.83.139.146-9618&alias=angrist-19.cs.utexas.edu&noUDP&sock=startd_1594_ee0d>
...
006 (984147.000.000) 2024-04-26 05:08:45 Image size of job updated: 36684
	12  -  MemoryUsage of job (MB)
	12184  -  ResidentSetSize of job (KB)
...
006 (984147.000.000) 2024-04-26 05:09:14 Image size of job updated: 36816
	12  -  MemoryUsage of job (MB)
	12184  -  ResidentSetSize of job (KB)
...
005 (984147.000.000) 2024-04-26 05:09:15 Job terminated.
	(1) Normal termination (return value 0)
		Usr 0 00:00:38, Sys 0 00:00:00  -  Run Remote Usage
		Usr 0 00:00:00, Sys 0 00:00:00  -  Run Local Usage
		Usr 0 00:00:38, Sys 0 00:00:00  -  Total Remote Usage
		Usr 0 00:00:00, Sys 0 00:00:00  -  Total Local Usage
	0  -  Run Bytes Sent By Job
	0  -  Run Bytes Received By Job
	0  -  Total Bytes Sent By Job
	0  -  Total Bytes Received By Job
	Partitionable Resources :    Usage  Request Allocated 
	   Cpus                 :                 1         1 
	   Disk (KB)            :        1        1  10853596 
	   Memory (MB)          :       12        1      4026 

	Job terminated of its own accord at 2024-04-26T10:09:14Z.
...
