000 (983186.000.000) 2024-04-25 20:11:25 Job submitted from host: <128.83.120.183:9618?addrs=128.83.120.183-9618&alias=darmok.cs.utexas.edu&noUDP&sock=schedd_1353_9fba>
...
001 (983186.000.000) 2024-04-25 20:11:35 Job executing on host: <128.83.139.143:9618?addrs=128.83.139.143-9618&alias=angrist-16.cs.utexas.edu&noUDP&sock=startd_1598_ac6e>
...
006 (983186.000.000) 2024-04-25 20:11:44 Image size of job updated: 38000
	14  -  MemoryUsage of job (MB)
	13444  -  ResidentSetSize of job (KB)
...
006 (983186.000.000) 2024-04-25 20:12:17 Image size of job updated: 38132
	14  -  MemoryUsage of job (MB)
	13444  -  ResidentSetSize of job (KB)
...
005 (983186.000.000) 2024-04-25 20:12:17 Job terminated.
	(1) Normal termination (return value 0)
		Usr 0 00:00:42, Sys 0 00:00:00  -  Run Remote Usage
		Usr 0 00:00:00, Sys 0 00:00:00  -  Run Local Usage
		Usr 0 00:00:42, Sys 0 00:00:00  -  Total Remote Usage
		Usr 0 00:00:00, Sys 0 00:00:00  -  Total Local Usage
	0  -  Run Bytes Sent By Job
	0  -  Run Bytes Received By Job
	0  -  Total Bytes Sent By Job
	0  -  Total Bytes Received By Job
	Partitionable Resources :    Usage  Request Allocated 
	   Cpus                 :                 1         1 
	   Disk (KB)            :        1        1  10853596 
	   Memory (MB)          :       14        1      4026 

	Job terminated of its own accord at 2024-04-26T01:12:17Z.
...
000 (984142.000.000) 2024-04-26 05:08:24 Job submitted from host: <128.83.120.183:9618?addrs=128.83.120.183-9618&alias=darmok.cs.utexas.edu&noUDP&sock=schedd_1353_9fba>
...
001 (984142.000.000) 2024-04-26 05:08:35 Job executing on host: <128.83.139.146:9618?addrs=128.83.139.146-9618&alias=angrist-19.cs.utexas.edu&noUDP&sock=startd_1594_ee0d>
...
006 (984142.000.000) 2024-04-26 05:08:43 Image size of job updated: 38004
	14  -  MemoryUsage of job (MB)
	13460  -  ResidentSetSize of job (KB)
...
006 (984142.000.000) 2024-04-26 05:08:57 Image size of job updated: 38136
	14  -  MemoryUsage of job (MB)
	13460  -  ResidentSetSize of job (KB)
...
005 (984142.000.000) 2024-04-26 05:08:57 Job terminated.
	(1) Normal termination (return value 0)
		Usr 0 00:00:21, Sys 0 00:00:00  -  Run Remote Usage
		Usr 0 00:00:00, Sys 0 00:00:00  -  Run Local Usage
		Usr 0 00:00:21, Sys 0 00:00:00  -  Total Remote Usage
		Usr 0 00:00:00, Sys 0 00:00:00  -  Total Local Usage
	0  -  Run Bytes Sent By Job
	0  -  Run Bytes Received By Job
	0  -  Total Bytes Sent By Job
	0  -  Total Bytes Received By Job
	Partitionable Resources :    Usage  Request Allocated 
	   Cpus                 :                 1         1 
	   Disk (KB)            :        1        1  10853596 
	   Memory (MB)          :       14        1      4026 

	Job terminated of its own accord at 2024-04-26T10:08:57Z.
...
