000 (983166.000.000) 2024-04-25 20:11:22 Job submitted from host: <128.83.120.183:9618?addrs=128.83.120.183-9618&alias=darmok.cs.utexas.edu&noUDP&sock=schedd_1353_9fba>
...
001 (983166.000.000) 2024-04-25 20:11:27 Job executing on host: <128.83.130.161:9618?addrs=128.83.130.161-9618&alias=oliphaunt-2.cs.utexas.edu&noUDP&sock=startd_1594_ee0d>
...
006 (983166.000.000) 2024-04-25 20:11:36 Image size of job updated: 36680
	12  -  MemoryUsage of job (MB)
	12056  -  ResidentSetSize of job (KB)
...
006 (983166.000.000) 2024-04-25 20:12:24 Image size of job updated: 36812
	12  -  MemoryUsage of job (MB)
	12056  -  ResidentSetSize of job (KB)
...
005 (983166.000.000) 2024-04-25 20:12:24 Job terminated.
	(1) Normal termination (return value 0)
		Usr 0 00:00:56, Sys 0 00:00:00  -  Run Remote Usage
		Usr 0 00:00:00, Sys 0 00:00:00  -  Run Local Usage
		Usr 0 00:00:56, Sys 0 00:00:00  -  Total Remote Usage
		Usr 0 00:00:00, Sys 0 00:00:00  -  Total Local Usage
	0  -  Run Bytes Sent By Job
	0  -  Run Bytes Received By Job
	0  -  Total Bytes Sent By Job
	0  -  Total Bytes Received By Job
	Partitionable Resources :    Usage  Request Allocated 
	   Cpus                 :     1.00        1         1 
	   Disk (KB)            :     1           1  18498544 
	   Memory (MB)          :    12           1     24186 

	Job terminated of its own accord at 2024-04-26T01:12:24Z.
...
000 (984122.000.000) 2024-04-26 05:08:21 Job submitted from host: <128.83.120.183:9618?addrs=128.83.120.183-9618&alias=darmok.cs.utexas.edu&noUDP&sock=schedd_1353_9fba>
...
001 (984122.000.000) 2024-04-26 05:08:29 Job executing on host: <128.83.144.211:9618?addrs=128.83.144.211-9618&alias=angrist-12.cs.utexas.edu&noUDP&sock=startd_1592_8edc>
...
006 (984122.000.000) 2024-04-26 05:08:37 Image size of job updated: 36684
	12  -  MemoryUsage of job (MB)
	12128  -  ResidentSetSize of job (KB)
...
006 (984122.000.000) 2024-04-26 05:09:09 Image size of job updated: 36816
	12  -  MemoryUsage of job (MB)
	12128  -  ResidentSetSize of job (KB)
...
005 (984122.000.000) 2024-04-26 05:09:09 Job terminated.
	(1) Normal termination (return value 0)
		Usr 0 00:00:39, Sys 0 00:00:00  -  Run Remote Usage
		Usr 0 00:00:00, Sys 0 00:00:00  -  Run Local Usage
		Usr 0 00:00:39, Sys 0 00:00:00  -  Total Remote Usage
		Usr 0 00:00:00, Sys 0 00:00:00  -  Total Local Usage
	0  -  Run Bytes Sent By Job
	0  -  Run Bytes Received By Job
	0  -  Total Bytes Sent By Job
	0  -  Total Bytes Received By Job
	Partitionable Resources :    Usage  Request Allocated 
	   Cpus                 :                 1         1 
	   Disk (KB)            :        1        1  10853596 
	   Memory (MB)          :       12        1      4026 

	Job terminated of its own accord at 2024-04-26T10:09:09Z.
...
