000 (983174.000.000) 2024-04-25 20:11:24 Job submitted from host: <128.83.120.183:9618?addrs=128.83.120.183-9618&alias=darmok.cs.utexas.edu&noUDP&sock=schedd_1353_9fba>
...
001 (983174.000.000) 2024-04-25 20:11:32 Job executing on host: <128.83.130.161:9618?addrs=128.83.130.161-9618&alias=oliphaunt-2.cs.utexas.edu&noUDP&sock=startd_1594_ee0d>
...
006 (983174.000.000) 2024-04-25 20:11:40 Image size of job updated: 36684
	12  -  MemoryUsage of job (MB)
	12136  -  ResidentSetSize of job (KB)
...
006 (983174.000.000) 2024-04-25 20:12:05 Image size of job updated: 36816
	12  -  MemoryUsage of job (MB)
	12136  -  ResidentSetSize of job (KB)
...
005 (983174.000.000) 2024-04-25 20:12:06 Job terminated.
	(1) Normal termination (return value 0)
		Usr 0 00:00:32, Sys 0 00:00:00  -  Run Remote Usage
		Usr 0 00:00:00, Sys 0 00:00:00  -  Run Local Usage
		Usr 0 00:00:32, Sys 0 00:00:00  -  Total Remote Usage
		Usr 0 00:00:00, Sys 0 00:00:00  -  Total Local Usage
	0  -  Run Bytes Sent By Job
	0  -  Run Bytes Received By Job
	0  -  Total Bytes Sent By Job
	0  -  Total Bytes Received By Job
	Partitionable Resources :    Usage  Request Allocated 
	   Cpus                 :                 1         1 
	   Disk (KB)            :        1        1  18498544 
	   Memory (MB)          :       12        1     24186 

	Job terminated of its own accord at 2024-04-26T01:12:05Z.
...
000 (984130.000.000) 2024-04-26 05:08:22 Job submitted from host: <128.83.120.183:9618?addrs=128.83.120.183-9618&alias=darmok.cs.utexas.edu&noUDP&sock=schedd_1353_9fba>
...
001 (984130.000.000) 2024-04-26 05:08:32 Job executing on host: <128.83.139.143:9618?addrs=128.83.139.143-9618&alias=angrist-16.cs.utexas.edu&noUDP&sock=startd_1598_ac6e>
...
006 (984130.000.000) 2024-04-26 05:08:41 Image size of job updated: 36816
	12  -  MemoryUsage of job (MB)
	12140  -  ResidentSetSize of job (KB)
...
005 (984130.000.000) 2024-04-26 05:08:51 Job terminated.
	(1) Normal termination (return value 0)
		Usr 0 00:00:18, Sys 0 00:00:00  -  Run Remote Usage
		Usr 0 00:00:00, Sys 0 00:00:00  -  Run Local Usage
		Usr 0 00:00:18, Sys 0 00:00:00  -  Total Remote Usage
		Usr 0 00:00:00, Sys 0 00:00:00  -  Total Local Usage
	0  -  Run Bytes Sent By Job
	0  -  Run Bytes Received By Job
	0  -  Total Bytes Sent By Job
	0  -  Total Bytes Received By Job
	Partitionable Resources :    Usage  Request Allocated 
	   Cpus                 :                 1         1 
	   Disk (KB)            :        1        1  10853596 
	   Memory (MB)          :       12        1      4026 

	Job terminated of its own accord at 2024-04-26T10:08:51Z.
...
