000 (983163.000.000) 2024-04-25 20:11:21 Job submitted from host: <128.83.120.183:9618?addrs=128.83.120.183-9618&alias=darmok.cs.utexas.edu&noUDP&sock=schedd_1353_9fba>
...
001 (983163.000.000) 2024-04-25 20:11:23 Job executing on host: <128.83.130.161:9618?addrs=128.83.130.161-9618&alias=oliphaunt-2.cs.utexas.edu&noUDP&sock=startd_1594_ee0d>
...
006 (983163.000.000) 2024-04-25 20:11:31 Image size of job updated: 36812
	12  -  MemoryUsage of job (MB)
	12152  -  ResidentSetSize of job (KB)
...
006 (983163.000.000) 2024-04-25 20:12:33 Image size of job updated: 36940
	12  -  MemoryUsage of job (MB)
	12152  -  ResidentSetSize of job (KB)
...
005 (983163.000.000) 2024-04-25 20:12:33 Job terminated.
	(1) Normal termination (return value 0)
		Usr 0 00:01:09, Sys 0 00:00:00  -  Run Remote Usage
		Usr 0 00:00:00, Sys 0 00:00:00  -  Run Local Usage
		Usr 0 00:01:09, Sys 0 00:00:00  -  Total Remote Usage
		Usr 0 00:00:00, Sys 0 00:00:00  -  Total Local Usage
	0  -  Run Bytes Sent By Job
	0  -  Run Bytes Received By Job
	0  -  Total Bytes Sent By Job
	0  -  Total Bytes Received By Job
	Partitionable Resources :    Usage  Request Allocated 
	   Cpus                 :     1.00        1         1 
	   Disk (KB)            :     1           1  18498544 
	   Memory (MB)          :    12           1     24186 

	Job terminated of its own accord at 2024-04-26T01:12:33Z.
...
000 (984119.000.000) 2024-04-26 05:08:21 Job submitted from host: <128.83.120.183:9618?addrs=128.83.120.183-9618&alias=darmok.cs.utexas.edu&noUDP&sock=schedd_1353_9fba>
...
001 (984119.000.000) 2024-04-26 05:08:28 Job executing on host: <128.83.144.211:9618?addrs=128.83.144.211-9618&alias=angrist-12.cs.utexas.edu&noUDP&sock=startd_1592_8edc>
...
006 (984119.000.000) 2024-04-26 05:08:36 Image size of job updated: 36816
	12  -  MemoryUsage of job (MB)
	12152  -  ResidentSetSize of job (KB)
...
006 (984119.000.000) 2024-04-26 05:09:27 Image size of job updated: 36944
	12  -  MemoryUsage of job (MB)
	12152  -  ResidentSetSize of job (KB)
...
005 (984119.000.000) 2024-04-26 05:09:27 Job terminated.
	(1) Normal termination (return value 0)
		Usr 0 00:00:59, Sys 0 00:00:00  -  Run Remote Usage
		Usr 0 00:00:00, Sys 0 00:00:00  -  Run Local Usage
		Usr 0 00:00:59, Sys 0 00:00:00  -  Total Remote Usage
		Usr 0 00:00:00, Sys 0 00:00:00  -  Total Local Usage
	0  -  Run Bytes Sent By Job
	0  -  Run Bytes Received By Job
	0  -  Total Bytes Sent By Job
	0  -  Total Bytes Received By Job
	Partitionable Resources :    Usage  Request Allocated 
	   Cpus                 :                 1         1 
	   Disk (KB)            :        1        1  10853596 
	   Memory (MB)          :       12        1      4026 

	Job terminated of its own accord at 2024-04-26T10:09:27Z.
...
