000 (983196.000.000) 2024-04-25 20:11:27 Job submitted from host: <128.83.120.183:9618?addrs=128.83.120.183-9618&alias=darmok.cs.utexas.edu&noUDP&sock=schedd_1353_9fba>
...
001 (983196.000.000) 2024-04-25 20:11:38 Job executing on host: <128.83.144.147:9618?addrs=128.83.144.147-9618&alias=oliphaunt-1.cs.utexas.edu&noUDP&sock=startd_1578_f489>
...
006 (983196.000.000) 2024-04-25 20:11:47 Image size of job updated: 36676
	12  -  MemoryUsage of job (MB)
	12116  -  ResidentSetSize of job (KB)
...
006 (983196.000.000) 2024-04-25 20:11:53 Image size of job updated: 36804
	12  -  MemoryUsage of job (MB)
	12116  -  ResidentSetSize of job (KB)
...
005 (983196.000.000) 2024-04-25 20:11:53 Job terminated.
	(1) Normal termination (return value 0)
		Usr 0 00:00:14, Sys 0 00:00:00  -  Run Remote Usage
		Usr 0 00:00:00, Sys 0 00:00:00  -  Run Local Usage
		Usr 0 00:00:14, Sys 0 00:00:00  -  Total Remote Usage
		Usr 0 00:00:00, Sys 0 00:00:00  -  Total Local Usage
	0  -  Run Bytes Sent By Job
	0  -  Run Bytes Received By Job
	0  -  Total Bytes Sent By Job
	0  -  Total Bytes Received By Job
	Partitionable Resources :    Usage  Request Allocated 
	   Cpus                 :                 1         1 
	   Disk (KB)            :        1        1  18498544 
	   Memory (MB)          :       12        1     24186 

	Job terminated of its own accord at 2024-04-26T01:11:53Z.
...
000 (984152.000.000) 2024-04-26 05:08:25 Job submitted from host: <128.83.120.183:9618?addrs=128.83.120.183-9618&alias=darmok.cs.utexas.edu&noUDP&sock=schedd_1353_9fba>
...
001 (984152.000.000) 2024-04-26 05:08:34 Job executing on host: <128.83.144.240:9618?addrs=128.83.144.240-9618&alias=angrist-13.cs.utexas.edu&noUDP&sock=startd_1643_8a31>
...
006 (984152.000.000) 2024-04-26 05:08:43 Image size of job updated: 36684
	12  -  MemoryUsage of job (MB)
	12124  -  ResidentSetSize of job (KB)
...
006 (984152.000.000) 2024-04-26 05:08:49 Image size of job updated: 36812
	12  -  MemoryUsage of job (MB)
	12124  -  ResidentSetSize of job (KB)
...
005 (984152.000.000) 2024-04-26 05:08:49 Job terminated.
	(1) Normal termination (return value 0)
		Usr 0 00:00:14, Sys 0 00:00:00  -  Run Remote Usage
		Usr 0 00:00:00, Sys 0 00:00:00  -  Run Local Usage
		Usr 0 00:00:14, Sys 0 00:00:00  -  Total Remote Usage
		Usr 0 00:00:00, Sys 0 00:00:00  -  Total Local Usage
	0  -  Run Bytes Sent By Job
	0  -  Run Bytes Received By Job
	0  -  Total Bytes Sent By Job
	0  -  Total Bytes Received By Job
	Partitionable Resources :    Usage  Request Allocated 
	   Cpus                 :                 1         1 
	   Disk (KB)            :        1        1  10853596 
	   Memory (MB)          :       12        1      4026 

	Job terminated of its own accord at 2024-04-26T10:08:49Z.
...
