000 (983180.000.000) 2024-04-25 20:11:24 Job submitted from host: <128.83.120.183:9618?addrs=128.83.120.183-9618&alias=darmok.cs.utexas.edu&noUDP&sock=schedd_1353_9fba>
...
001 (983180.000.000) 2024-04-25 20:11:32 Job executing on host: <128.83.139.145:9618?addrs=128.83.139.145-9618&alias=angrist-18.cs.utexas.edu&noUDP&sock=startd_1595_9da5>
...
006 (983180.000.000) 2024-04-25 20:11:40 Image size of job updated: 36944
	12  -  MemoryUsage of job (MB)
	12284  -  ResidentSetSize of job (KB)
...
006 (983180.000.000) 2024-04-25 20:13:40 Image size of job updated: 37068
	12  -  MemoryUsage of job (MB)
	12284  -  ResidentSetSize of job (KB)
...
005 (983180.000.000) 2024-04-25 20:13:42 Job terminated.
	(1) Normal termination (return value 0)
		Usr 0 00:02:08, Sys 0 00:00:00  -  Run Remote Usage
		Usr 0 00:00:00, Sys 0 00:00:00  -  Run Local Usage
		Usr 0 00:02:08, Sys 0 00:00:00  -  Total Remote Usage
		Usr 0 00:00:00, Sys 0 00:00:00  -  Total Local Usage
	0  -  Run Bytes Sent By Job
	0  -  Run Bytes Received By Job
	0  -  Total Bytes Sent By Job
	0  -  Total Bytes Received By Job
	Partitionable Resources :    Usage  Request Allocated 
	   Cpus                 :                 1         1 
	   Disk (KB)            :        1        1  10853596 
	   Memory (MB)          :       12        1      4026 

	Job terminated of its own accord at 2024-04-26T01:13:40Z.
...
000 (984136.000.000) 2024-04-26 05:08:23 Job submitted from host: <128.83.120.183:9618?addrs=128.83.120.183-9618&alias=darmok.cs.utexas.edu&noUDP&sock=schedd_1353_9fba>
...
001 (984136.000.000) 2024-04-26 05:08:33 Job executing on host: <128.83.144.168:9618?addrs=128.83.144.168-9618&alias=angrist-10.cs.utexas.edu&noUDP&sock=startd_1611_9729>
...
006 (984136.000.000) 2024-04-26 05:08:42 Image size of job updated: 36944
	13  -  MemoryUsage of job (MB)
	12360  -  ResidentSetSize of job (KB)
...
006 (984136.000.000) 2024-04-26 05:10:04 Image size of job updated: 37068
	13  -  MemoryUsage of job (MB)
	12360  -  ResidentSetSize of job (KB)
...
005 (984136.000.000) 2024-04-26 05:10:04 Job terminated.
	(1) Normal termination (return value 0)
		Usr 0 00:01:30, Sys 0 00:00:00  -  Run Remote Usage
		Usr 0 00:00:00, Sys 0 00:00:00  -  Run Local Usage
		Usr 0 00:01:30, Sys 0 00:00:00  -  Total Remote Usage
		Usr 0 00:00:00, Sys 0 00:00:00  -  Total Local Usage
	0  -  Run Bytes Sent By Job
	0  -  Run Bytes Received By Job
	0  -  Total Bytes Sent By Job
	0  -  Total Bytes Received By Job
	Partitionable Resources :    Usage  Request Allocated 
	   Cpus                 :                 1         1 
	   Disk (KB)            :        1        1  10853596 
	   Memory (MB)          :       13        1      4026 

	Job terminated of its own accord at 2024-04-26T10:10:04Z.
...
