000 (983194.000.000) 2024-04-25 20:11:26 Job submitted from host: <128.83.120.183:9618?addrs=128.83.120.183-9618&alias=darmok.cs.utexas.edu&noUDP&sock=schedd_1353_9fba>
...
001 (983194.000.000) 2024-04-25 20:11:38 Job executing on host: <128.83.139.145:9618?addrs=128.83.139.145-9618&alias=angrist-18.cs.utexas.edu&noUDP&sock=startd_1595_9da5>
...
006 (983194.000.000) 2024-04-25 20:11:46 Image size of job updated: 36684
	12  -  MemoryUsage of job (MB)
	12172  -  ResidentSetSize of job (KB)
...
006 (983194.000.000) 2024-04-25 20:12:08 Image size of job updated: 36816
	12  -  MemoryUsage of job (MB)
	12172  -  ResidentSetSize of job (KB)
...
005 (983194.000.000) 2024-04-25 20:12:08 Job terminated.
	(1) Normal termination (return value 0)
		Usr 0 00:00:29, Sys 0 00:00:00  -  Run Remote Usage
		Usr 0 00:00:00, Sys 0 00:00:00  -  Run Local Usage
		Usr 0 00:00:29, Sys 0 00:00:00  -  Total Remote Usage
		Usr 0 00:00:00, Sys 0 00:00:00  -  Total Local Usage
	0  -  Run Bytes Sent By Job
	0  -  Run Bytes Received By Job
	0  -  Total Bytes Sent By Job
	0  -  Total Bytes Received By Job
	Partitionable Resources :    Usage  Request Allocated 
	   Cpus                 :                 1         1 
	   Disk (KB)            :        1        1  10853596 
	   Memory (MB)          :       12        1      4026 

	Job terminated of its own accord at 2024-04-26T01:12:08Z.
...
000 (984150.000.000) 2024-04-26 05:08:25 Job submitted from host: <128.83.120.183:9618?addrs=128.83.120.183-9618&alias=darmok.cs.utexas.edu&noUDP&sock=schedd_1353_9fba>
...
001 (984150.000.000) 2024-04-26 05:08:40 Job executing on host: <128.83.144.211:9618?addrs=128.83.144.211-9618&alias=angrist-12.cs.utexas.edu&noUDP&sock=startd_1592_8edc>
...
006 (984150.000.000) 2024-04-26 05:08:48 Image size of job updated: 36688
	12  -  MemoryUsage of job (MB)
	12180  -  ResidentSetSize of job (KB)
...
006 (984150.000.000) 2024-04-26 05:08:58 Image size of job updated: 36820
	12  -  MemoryUsage of job (MB)
	12180  -  ResidentSetSize of job (KB)
...
005 (984150.000.000) 2024-04-26 05:08:58 Job terminated.
	(1) Normal termination (return value 0)
		Usr 0 00:00:17, Sys 0 00:00:00  -  Run Remote Usage
		Usr 0 00:00:00, Sys 0 00:00:00  -  Run Local Usage
		Usr 0 00:00:17, Sys 0 00:00:00  -  Total Remote Usage
		Usr 0 00:00:00, Sys 0 00:00:00  -  Total Local Usage
	0  -  Run Bytes Sent By Job
	0  -  Run Bytes Received By Job
	0  -  Total Bytes Sent By Job
	0  -  Total Bytes Received By Job
	Partitionable Resources :    Usage  Request Allocated 
	   Cpus                 :                 1         1 
	   Disk (KB)            :        1        1  10853596 
	   Memory (MB)          :       12        1      4026 

	Job terminated of its own accord at 2024-04-26T10:08:58Z.
...
