000 (984669.000.000) 2024-04-26 11:01:13 Job submitted from host: <128.83.120.183:9618?addrs=128.83.120.183-9618&alias=darmok.cs.utexas.edu&noUDP&sock=schedd_1353_9fba>
...
001 (984669.000.000) 2024-04-26 11:01:33 Job executing on host: <128.83.144.168:9618?addrs=128.83.144.168-9618&alias=angrist-10.cs.utexas.edu&noUDP&sock=startd_1611_9729>
...
006 (984669.000.000) 2024-04-26 11:01:42 Image size of job updated: 103208
	100  -  MemoryUsage of job (MB)
	101752  -  ResidentSetSize of job (KB)
...
006 (984669.000.000) 2024-04-26 11:06:43 Image size of job updated: 128992
	102  -  MemoryUsage of job (MB)
	103996  -  ResidentSetSize of job (KB)
...
006 (984669.000.000) 2024-04-26 11:07:22 Image size of job updated: 129376
	102  -  MemoryUsage of job (MB)
	103996  -  ResidentSetSize of job (KB)
...
005 (984669.000.000) 2024-04-26 11:07:22 Job terminated.
	(1) Normal termination (return value 0)
		Usr 0 00:05:48, Sys 0 00:00:00  -  Run Remote Usage
		Usr 0 00:00:00, Sys 0 00:00:00  -  Run Local Usage
		Usr 0 00:05:48, Sys 0 00:00:00  -  Total Remote Usage
		Usr 0 00:00:00, Sys 0 00:00:00  -  Total Local Usage
	0  -  Run Bytes Sent By Job
	0  -  Run Bytes Received By Job
	0  -  Total Bytes Sent By Job
	0  -  Total Bytes Received By Job
	Partitionable Resources :    Usage  Request Allocated 
	   Cpus                 :     1.00        1         1 
	   Disk (KB)            :     1           1  10853596 
	   Memory (MB)          :   102           1      4026 

	Job terminated of its own accord at 2024-04-26T16:07:22Z.
...
000 (984722.000.000) 2024-04-26 11:13:52 Job submitted from host: <128.83.120.183:9618?addrs=128.83.120.183-9618&alias=darmok.cs.utexas.edu&noUDP&sock=schedd_1353_9fba>
...
001 (984722.000.000) 2024-04-26 11:13:58 Job executing on host: <128.83.139.147:9618?addrs=128.83.139.147-9618&alias=angrist-20.cs.utexas.edu&noUDP&sock=startd_1592_8edc>
...
006 (984722.000.000) 2024-04-26 11:14:06 Image size of job updated: 126828
	100  -  MemoryUsage of job (MB)
	101744  -  ResidentSetSize of job (KB)
...
006 (984722.000.000) 2024-04-26 11:19:06 Image size of job updated: 128996
	102  -  MemoryUsage of job (MB)
	103888  -  ResidentSetSize of job (KB)
...
006 (984722.000.000) 2024-04-26 11:20:06 Image size of job updated: 129252
	102  -  MemoryUsage of job (MB)
	103888  -  ResidentSetSize of job (KB)
...
005 (984722.000.000) 2024-04-26 11:20:06 Job terminated.
	(1) Normal termination (return value 0)
		Usr 0 00:06:08, Sys 0 00:00:00  -  Run Remote Usage
		Usr 0 00:00:00, Sys 0 00:00:00  -  Run Local Usage
		Usr 0 00:06:08, Sys 0 00:00:00  -  Total Remote Usage
		Usr 0 00:00:00, Sys 0 00:00:00  -  Total Local Usage
	0  -  Run Bytes Sent By Job
	0  -  Run Bytes Received By Job
	0  -  Total Bytes Sent By Job
	0  -  Total Bytes Received By Job
	Partitionable Resources :    Usage  Request Allocated 
	   Cpus                 :     1.00        1         1 
	   Disk (KB)            :     1           1  10853596 
	   Memory (MB)          :   102           1      4026 

	Job terminated of its own accord at 2024-04-26T16:20:06Z.
...
000 (984775.000.000) 2024-04-26 11:40:18 Job submitted from host: <128.83.120.183:9618?addrs=128.83.120.183-9618&alias=darmok.cs.utexas.edu&noUDP&sock=schedd_1353_9fba>
...
001 (984775.000.000) 2024-04-26 11:40:38 Job executing on host: <128.83.144.211:9618?addrs=128.83.144.211-9618&alias=angrist-12.cs.utexas.edu&noUDP&sock=startd_1592_8edc>
...
006 (984775.000.000) 2024-04-26 11:40:46 Image size of job updated: 126828
	100  -  MemoryUsage of job (MB)
	101740  -  ResidentSetSize of job (KB)
...
006 (984775.000.000) 2024-04-26 11:43:39 Image size of job updated: 127976
	100  -  MemoryUsage of job (MB)
	101740  -  ResidentSetSize of job (KB)
...
005 (984775.000.000) 2024-04-26 11:43:39 Job terminated.
	(1) Normal termination (return value 0)
		Usr 0 00:03:01, Sys 0 00:00:00  -  Run Remote Usage
		Usr 0 00:00:00, Sys 0 00:00:00  -  Run Local Usage
		Usr 0 00:03:01, Sys 0 00:00:00  -  Total Remote Usage
		Usr 0 00:00:00, Sys 0 00:00:00  -  Total Local Usage
	0  -  Run Bytes Sent By Job
	0  -  Run Bytes Received By Job
	0  -  Total Bytes Sent By Job
	0  -  Total Bytes Received By Job
	Partitionable Resources :    Usage  Request Allocated 
	   Cpus                 :                 1         1 
	   Disk (KB)            :        1        1  10853596 
	   Memory (MB)          :      100        1      4026 

	Job terminated of its own accord at 2024-04-26T16:43:39Z.
...
