000 (984659.000.000) 2024-04-26 11:01:12 Job submitted from host: <128.83.120.183:9618?addrs=128.83.120.183-9618&alias=darmok.cs.utexas.edu&noUDP&sock=schedd_1353_9fba>
...
001 (984659.000.000) 2024-04-26 11:01:32 Job executing on host: <128.83.144.240:9618?addrs=128.83.144.240-9618&alias=angrist-13.cs.utexas.edu&noUDP&sock=startd_1643_8a31>
...
006 (984659.000.000) 2024-04-26 11:01:41 Image size of job updated: 127744
	101  -  MemoryUsage of job (MB)
	102716  -  ResidentSetSize of job (KB)
...
006 (984659.000.000) 2024-04-26 11:06:42 Image size of job updated: 128136
	101  -  MemoryUsage of job (MB)
	103028  -  ResidentSetSize of job (KB)
...
006 (984659.000.000) 2024-04-26 11:10:21 Image size of job updated: 128264
	101  -  MemoryUsage of job (MB)
	103028  -  ResidentSetSize of job (KB)
...
005 (984659.000.000) 2024-04-26 11:10:21 Job terminated.
	(1) Normal termination (return value 0)
		Usr 0 00:08:47, Sys 0 00:00:00  -  Run Remote Usage
		Usr 0 00:00:00, Sys 0 00:00:00  -  Run Local Usage
		Usr 0 00:08:47, Sys 0 00:00:00  -  Total Remote Usage
		Usr 0 00:00:00, Sys 0 00:00:00  -  Total Local Usage
	0  -  Run Bytes Sent By Job
	0  -  Run Bytes Received By Job
	0  -  Total Bytes Sent By Job
	0  -  Total Bytes Received By Job
	Partitionable Resources :    Usage  Request Allocated 
	   Cpus                 :     1.00        1         1 
	   Disk (KB)            :     1           1  10853596 
	   Memory (MB)          :   101           1      4026 

	Job terminated of its own accord at 2024-04-26T16:10:21Z.
...
000 (984712.000.000) 2024-04-26 11:13:51 Job submitted from host: <128.83.120.183:9618?addrs=128.83.120.183-9618&alias=darmok.cs.utexas.edu&noUDP&sock=schedd_1353_9fba>
...
001 (984712.000.000) 2024-04-26 11:13:57 Job executing on host: <128.83.139.145:9618?addrs=128.83.139.145-9618&alias=angrist-18.cs.utexas.edu&noUDP&sock=startd_1595_9da5>
...
006 (984712.000.000) 2024-04-26 11:14:06 Image size of job updated: 127748
	101  -  MemoryUsage of job (MB)
	102724  -  ResidentSetSize of job (KB)
...
006 (984712.000.000) 2024-04-26 11:19:07 Image size of job updated: 128140
	101  -  MemoryUsage of job (MB)
	103040  -  ResidentSetSize of job (KB)
...
006 (984712.000.000) 2024-04-26 11:22:40 Image size of job updated: 128268
	101  -  MemoryUsage of job (MB)
	103040  -  ResidentSetSize of job (KB)
...
005 (984712.000.000) 2024-04-26 11:22:40 Job terminated.
	(1) Normal termination (return value 0)
		Usr 0 00:08:42, Sys 0 00:00:00  -  Run Remote Usage
		Usr 0 00:00:00, Sys 0 00:00:00  -  Run Local Usage
		Usr 0 00:08:42, Sys 0 00:00:00  -  Total Remote Usage
		Usr 0 00:00:00, Sys 0 00:00:00  -  Total Local Usage
	0  -  Run Bytes Sent By Job
	0  -  Run Bytes Received By Job
	0  -  Total Bytes Sent By Job
	0  -  Total Bytes Received By Job
	Partitionable Resources :    Usage  Request Allocated 
	   Cpus                 :     1.00        1         1 
	   Disk (KB)            :     1           1  10853596 
	   Memory (MB)          :   101           1      4026 

	Job terminated of its own accord at 2024-04-26T16:22:40Z.
...
000 (984765.000.000) 2024-04-26 11:40:17 Job submitted from host: <128.83.120.183:9618?addrs=128.83.120.183-9618&alias=darmok.cs.utexas.edu&noUDP&sock=schedd_1353_9fba>
...
001 (984765.000.000) 2024-04-26 11:40:37 Job executing on host: <128.83.139.141:9618?addrs=128.83.139.141-9618&alias=angrist-14.cs.utexas.edu&noUDP&sock=startd_1625_317d>
...
006 (984765.000.000) 2024-04-26 11:40:45 Image size of job updated: 127748
	101  -  MemoryUsage of job (MB)
	102716  -  ResidentSetSize of job (KB)
...
006 (984765.000.000) 2024-04-26 11:45:08 Image size of job updated: 128124
	101  -  MemoryUsage of job (MB)
	102716  -  ResidentSetSize of job (KB)
...
005 (984765.000.000) 2024-04-26 11:45:08 Job terminated.
	(1) Normal termination (return value 0)
		Usr 0 00:04:30, Sys 0 00:00:00  -  Run Remote Usage
		Usr 0 00:00:00, Sys 0 00:00:00  -  Run Local Usage
		Usr 0 00:04:30, Sys 0 00:00:00  -  Total Remote Usage
		Usr 0 00:00:00, Sys 0 00:00:00  -  Total Local Usage
	0  -  Run Bytes Sent By Job
	0  -  Run Bytes Received By Job
	0  -  Total Bytes Sent By Job
	0  -  Total Bytes Received By Job
	Partitionable Resources :    Usage  Request Allocated 
	   Cpus                 :     1.00        1         1 
	   Disk (KB)            :     1           1  10853596 
	   Memory (MB)          :   101           1      4026 

	Job terminated of its own accord at 2024-04-26T16:45:08Z.
...
