000 (984674.000.000) 2024-04-26 11:01:14 Job submitted from host: <128.83.120.183:9618?addrs=128.83.120.183-9618&alias=darmok.cs.utexas.edu&noUDP&sock=schedd_1353_9fba>
...
001 (984674.000.000) 2024-04-26 11:01:33 Job executing on host: <128.83.139.150:9618?addrs=128.83.139.150-9618&alias=angrist-23.cs.utexas.edu&noUDP&sock=startd_1604_c9ff>
...
006 (984674.000.000) 2024-04-26 11:01:42 Image size of job updated: 164704
	138  -  MemoryUsage of job (MB)
	140300  -  ResidentSetSize of job (KB)
...
006 (984674.000.000) 2024-04-26 11:06:43 Image size of job updated: 197028
	168  -  MemoryUsage of job (MB)
	171908  -  ResidentSetSize of job (KB)
...
006 (984674.000.000) 2024-04-26 11:09:12 Image size of job updated: 198724
	168  -  MemoryUsage of job (MB)
	171908  -  ResidentSetSize of job (KB)
...
005 (984674.000.000) 2024-04-26 11:09:12 Job terminated.
	(1) Normal termination (return value 0)
		Usr 0 00:07:37, Sys 0 00:00:00  -  Run Remote Usage
		Usr 0 00:00:00, Sys 0 00:00:00  -  Run Local Usage
		Usr 0 00:07:37, Sys 0 00:00:00  -  Total Remote Usage
		Usr 0 00:00:00, Sys 0 00:00:00  -  Total Local Usage
	0  -  Run Bytes Sent By Job
	0  -  Run Bytes Received By Job
	0  -  Total Bytes Sent By Job
	0  -  Total Bytes Received By Job
	Partitionable Resources :    Usage  Request Allocated 
	   Cpus                 :     1.00        1         1 
	   Disk (KB)            :     1           1  10853594 
	   Memory (MB)          :   168           1      4026 

	Job terminated of its own accord at 2024-04-26T16:09:12Z.
...
000 (984727.000.000) 2024-04-26 11:13:53 Job submitted from host: <128.83.120.183:9618?addrs=128.83.120.183-9618&alias=darmok.cs.utexas.edu&noUDP&sock=schedd_1353_9fba>
...
001 (984727.000.000) 2024-04-26 11:13:58 Job executing on host: <128.83.144.240:9618?addrs=128.83.144.240-9618&alias=angrist-13.cs.utexas.edu&noUDP&sock=startd_1643_8a31>
...
006 (984727.000.000) 2024-04-26 11:14:07 Image size of job updated: 164704
	138  -  MemoryUsage of job (MB)
	140296  -  ResidentSetSize of job (KB)
...
006 (984727.000.000) 2024-04-26 11:19:08 Image size of job updated: 197028
	168  -  MemoryUsage of job (MB)
	171904  -  ResidentSetSize of job (KB)
...
006 (984727.000.000) 2024-04-26 11:21:26 Image size of job updated: 198724
	168  -  MemoryUsage of job (MB)
	171904  -  ResidentSetSize of job (KB)
...
005 (984727.000.000) 2024-04-26 11:21:27 Job terminated.
	(1) Normal termination (return value 0)
		Usr 0 00:07:28, Sys 0 00:00:00  -  Run Remote Usage
		Usr 0 00:00:00, Sys 0 00:00:00  -  Run Local Usage
		Usr 0 00:07:28, Sys 0 00:00:00  -  Total Remote Usage
		Usr 0 00:00:00, Sys 0 00:00:00  -  Total Local Usage
	0  -  Run Bytes Sent By Job
	0  -  Run Bytes Received By Job
	0  -  Total Bytes Sent By Job
	0  -  Total Bytes Received By Job
	Partitionable Resources :    Usage  Request Allocated 
	   Cpus                 :     1.00        1         1 
	   Disk (KB)            :     1           1  10853596 
	   Memory (MB)          :   168           1      4026 

	Job terminated of its own accord at 2024-04-26T16:21:26Z.
...
000 (984780.000.000) 2024-04-26 11:40:19 Job submitted from host: <128.83.120.183:9618?addrs=128.83.120.183-9618&alias=darmok.cs.utexas.edu&noUDP&sock=schedd_1353_9fba>
...
001 (984780.000.000) 2024-04-26 11:40:38 Job executing on host: <128.83.144.168:9618?addrs=128.83.144.168-9618&alias=angrist-10.cs.utexas.edu&noUDP&sock=startd_1611_9729>
...
006 (984780.000.000) 2024-04-26 11:40:47 Image size of job updated: 164708
	138  -  MemoryUsage of job (MB)
	140300  -  ResidentSetSize of job (KB)
...
006 (984780.000.000) 2024-04-26 11:44:35 Image size of job updated: 188312
	138  -  MemoryUsage of job (MB)
	140300  -  ResidentSetSize of job (KB)
...
005 (984780.000.000) 2024-04-26 11:44:35 Job terminated.
	(1) Normal termination (return value 0)
		Usr 0 00:03:56, Sys 0 00:00:00  -  Run Remote Usage
		Usr 0 00:00:00, Sys 0 00:00:00  -  Run Local Usage
		Usr 0 00:03:56, Sys 0 00:00:00  -  Total Remote Usage
		Usr 0 00:00:00, Sys 0 00:00:00  -  Total Local Usage
	0  -  Run Bytes Sent By Job
	0  -  Run Bytes Received By Job
	0  -  Total Bytes Sent By Job
	0  -  Total Bytes Received By Job
	Partitionable Resources :    Usage  Request Allocated 
	   Cpus                 :     1.01        1         1 
	   Disk (KB)            :     1           1  10853596 
	   Memory (MB)          :   138           1      4026 

	Job terminated of its own accord at 2024-04-26T16:44:35Z.
...
