000 (984687.000.000) 2024-04-26 11:01:16 Job submitted from host: <128.83.120.183:9618?addrs=128.83.120.183-9618&alias=darmok.cs.utexas.edu&noUDP&sock=schedd_1353_9fba>
...
001 (984687.000.000) 2024-04-26 11:01:34 Job executing on host: <128.83.139.141:9618?addrs=128.83.139.141-9618&alias=angrist-14.cs.utexas.edu&noUDP&sock=startd_1625_317d>
...
006 (984687.000.000) 2024-04-26 11:01:43 Image size of job updated: 125240
	98  -  MemoryUsage of job (MB)
	100176  -  ResidentSetSize of job (KB)
...
006 (984687.000.000) 2024-04-26 11:06:44 Image size of job updated: 199912
	171  -  MemoryUsage of job (MB)
	174752  -  ResidentSetSize of job (KB)
...
006 (984687.000.000) 2024-04-26 11:10:22 Image size of job updated: 200132
	171  -  MemoryUsage of job (MB)
	174752  -  ResidentSetSize of job (KB)
...
005 (984687.000.000) 2024-04-26 11:10:23 Job terminated.
	(1) Normal termination (return value 0)
		Usr 0 00:08:47, Sys 0 00:00:00  -  Run Remote Usage
		Usr 0 00:00:00, Sys 0 00:00:00  -  Run Local Usage
		Usr 0 00:08:47, Sys 0 00:00:00  -  Total Remote Usage
		Usr 0 00:00:00, Sys 0 00:00:00  -  Total Local Usage
	0  -  Run Bytes Sent By Job
	0  -  Run Bytes Received By Job
	0  -  Total Bytes Sent By Job
	0  -  Total Bytes Received By Job
	Partitionable Resources :    Usage  Request Allocated 
	   Cpus                 :     1.00        1         1 
	   Disk (KB)            :     1           1  10853596 
	   Memory (MB)          :   171           1      4026 

	Job terminated of its own accord at 2024-04-26T16:10:22Z.
...
000 (984740.000.000) 2024-04-26 11:13:55 Job submitted from host: <128.83.120.183:9618?addrs=128.83.120.183-9618&alias=darmok.cs.utexas.edu&noUDP&sock=schedd_1353_9fba>
...
001 (984740.000.000) 2024-04-26 11:14:16 Job executing on host: <128.83.139.146:9618?addrs=128.83.139.146-9618&alias=angrist-19.cs.utexas.edu&noUDP&sock=startd_1594_ee0d>
...
006 (984740.000.000) 2024-04-26 11:14:25 Image size of job updated: 100180
	98  -  MemoryUsage of job (MB)
	100180  -  ResidentSetSize of job (KB)
...
006 (984740.000.000) 2024-04-26 11:19:26 Image size of job updated: 199912
	171  -  MemoryUsage of job (MB)
	174752  -  ResidentSetSize of job (KB)
...
006 (984740.000.000) 2024-04-26 11:22:59 Image size of job updated: 200132
	171  -  MemoryUsage of job (MB)
	174752  -  ResidentSetSize of job (KB)
...
005 (984740.000.000) 2024-04-26 11:22:59 Job terminated.
	(1) Normal termination (return value 0)
		Usr 0 00:08:41, Sys 0 00:00:00  -  Run Remote Usage
		Usr 0 00:00:00, Sys 0 00:00:00  -  Run Local Usage
		Usr 0 00:08:41, Sys 0 00:00:00  -  Total Remote Usage
		Usr 0 00:00:00, Sys 0 00:00:00  -  Total Local Usage
	0  -  Run Bytes Sent By Job
	0  -  Run Bytes Received By Job
	0  -  Total Bytes Sent By Job
	0  -  Total Bytes Received By Job
	Partitionable Resources :    Usage  Request Allocated 
	   Cpus                 :     1.00        1         1 
	   Disk (KB)            :     1           1  10853596 
	   Memory (MB)          :   171           1      4026 

	Job terminated of its own accord at 2024-04-26T16:22:59Z.
...
000 (984793.000.000) 2024-04-26 11:40:21 Job submitted from host: <128.83.120.183:9618?addrs=128.83.120.183-9618&alias=darmok.cs.utexas.edu&noUDP&sock=schedd_1353_9fba>
...
001 (984793.000.000) 2024-04-26 11:40:39 Job executing on host: <128.83.139.141:9618?addrs=128.83.139.141-9618&alias=angrist-14.cs.utexas.edu&noUDP&sock=startd_1625_317d>
...
006 (984793.000.000) 2024-04-26 11:40:48 Image size of job updated: 100172
	98  -  MemoryUsage of job (MB)
	100172  -  ResidentSetSize of job (KB)
...
006 (984793.000.000) 2024-04-26 11:45:04 Image size of job updated: 199760
	98  -  MemoryUsage of job (MB)
	100172  -  ResidentSetSize of job (KB)
...
005 (984793.000.000) 2024-04-26 11:45:04 Job terminated.
	(1) Normal termination (return value 0)
		Usr 0 00:04:24, Sys 0 00:00:00  -  Run Remote Usage
		Usr 0 00:00:00, Sys 0 00:00:00  -  Run Local Usage
		Usr 0 00:04:24, Sys 0 00:00:00  -  Total Remote Usage
		Usr 0 00:00:00, Sys 0 00:00:00  -  Total Local Usage
	0  -  Run Bytes Sent By Job
	0  -  Run Bytes Received By Job
	0  -  Total Bytes Sent By Job
	0  -  Total Bytes Received By Job
	Partitionable Resources :    Usage  Request Allocated 
	   Cpus                 :     1.00        1         1 
	   Disk (KB)            :     1           1  10853596 
	   Memory (MB)          :    98           1      4026 

	Job terminated of its own accord at 2024-04-26T16:45:04Z.
...
