000 (984648.000.000) 2024-04-26 11:01:10 Job submitted from host: <128.83.120.183:9618?addrs=128.83.120.183-9618&alias=darmok.cs.utexas.edu&noUDP&sock=schedd_1353_9fba>
...
001 (984648.000.000) 2024-04-26 11:01:31 Job executing on host: <128.83.144.211:9618?addrs=128.83.144.211-9618&alias=angrist-12.cs.utexas.edu&noUDP&sock=startd_1592_8edc>
...
006 (984648.000.000) 2024-04-26 11:01:40 Image size of job updated: 145964
	119  -  MemoryUsage of job (MB)
	120872  -  ResidentSetSize of job (KB)
...
006 (984648.000.000) 2024-04-26 11:06:41 Image size of job updated: 150440
	123  -  MemoryUsage of job (MB)
	125304  -  ResidentSetSize of job (KB)
...
005 (984648.000.000) 2024-04-26 11:07:38 Job terminated.
	(1) Normal termination (return value 0)
		Usr 0 00:06:06, Sys 0 00:00:00  -  Run Remote Usage
		Usr 0 00:00:00, Sys 0 00:00:00  -  Run Local Usage
		Usr 0 00:06:06, Sys 0 00:00:00  -  Total Remote Usage
		Usr 0 00:00:00, Sys 0 00:00:00  -  Total Local Usage
	0  -  Run Bytes Sent By Job
	0  -  Run Bytes Received By Job
	0  -  Total Bytes Sent By Job
	0  -  Total Bytes Received By Job
	Partitionable Resources :    Usage  Request Allocated 
	   Cpus                 :     1.00        1         1 
	   Disk (KB)            :     1           1  10853596 
	   Memory (MB)          :   123           1      4026 

	Job terminated of its own accord at 2024-04-26T16:07:38Z.
...
000 (984701.000.000) 2024-04-26 11:13:50 Job submitted from host: <128.83.120.183:9618?addrs=128.83.120.183-9618&alias=darmok.cs.utexas.edu&noUDP&sock=schedd_1353_9fba>
...
001 (984701.000.000) 2024-04-26 11:13:55 Job executing on host: <128.83.139.145:9618?addrs=128.83.139.145-9618&alias=angrist-18.cs.utexas.edu&noUDP&sock=startd_1595_9da5>
...
006 (984701.000.000) 2024-04-26 11:14:04 Image size of job updated: 145968
	119  -  MemoryUsage of job (MB)
	120876  -  ResidentSetSize of job (KB)
...
006 (984701.000.000) 2024-04-26 11:19:05 Image size of job updated: 150444
	123  -  MemoryUsage of job (MB)
	125308  -  ResidentSetSize of job (KB)
...
005 (984701.000.000) 2024-04-26 11:19:55 Job terminated.
	(1) Normal termination (return value 0)
		Usr 0 00:05:59, Sys 0 00:00:00  -  Run Remote Usage
		Usr 0 00:00:00, Sys 0 00:00:00  -  Run Local Usage
		Usr 0 00:05:59, Sys 0 00:00:00  -  Total Remote Usage
		Usr 0 00:00:00, Sys 0 00:00:00  -  Total Local Usage
	0  -  Run Bytes Sent By Job
	0  -  Run Bytes Received By Job
	0  -  Total Bytes Sent By Job
	0  -  Total Bytes Received By Job
	Partitionable Resources :    Usage  Request Allocated 
	   Cpus                 :     1.00        1         1 
	   Disk (KB)            :     1           1  10853596 
	   Memory (MB)          :   123           1      4026 

	Job terminated of its own accord at 2024-04-26T16:19:55Z.
...
000 (984754.000.000) 2024-04-26 11:40:15 Job submitted from host: <128.83.120.183:9618?addrs=128.83.120.183-9618&alias=darmok.cs.utexas.edu&noUDP&sock=schedd_1353_9fba>
...
001 (984754.000.000) 2024-04-26 11:40:16 Job executing on host: <128.83.139.141:9618?addrs=128.83.139.141-9618&alias=angrist-14.cs.utexas.edu&noUDP&sock=startd_1625_317d>
...
006 (984754.000.000) 2024-04-26 11:40:25 Image size of job updated: 145968
	119  -  MemoryUsage of job (MB)
	120864  -  ResidentSetSize of job (KB)
...
006 (984754.000.000) 2024-04-26 11:43:05 Image size of job updated: 146096
	119  -  MemoryUsage of job (MB)
	120864  -  ResidentSetSize of job (KB)
...
005 (984754.000.000) 2024-04-26 11:43:05 Job terminated.
	(1) Normal termination (return value 0)
		Usr 0 00:02:48, Sys 0 00:00:00  -  Run Remote Usage
		Usr 0 00:00:00, Sys 0 00:00:00  -  Run Local Usage
		Usr 0 00:02:48, Sys 0 00:00:00  -  Total Remote Usage
		Usr 0 00:00:00, Sys 0 00:00:00  -  Total Local Usage
	0  -  Run Bytes Sent By Job
	0  -  Run Bytes Received By Job
	0  -  Total Bytes Sent By Job
	0  -  Total Bytes Received By Job
	Partitionable Resources :    Usage  Request Allocated 
	   Cpus                 :                 1         1 
	   Disk (KB)            :        1        1  10853596 
	   Memory (MB)          :      119        1      4026 

	Job terminated of its own accord at 2024-04-26T16:43:05Z.
...
