000 (984645.000.000) 2024-04-26 11:01:10 Job submitted from host: <128.83.120.183:9618?addrs=128.83.120.183-9618&alias=darmok.cs.utexas.edu&noUDP&sock=schedd_1353_9fba>
...
001 (984645.000.000) 2024-04-26 11:01:10 Job executing on host: <128.83.139.150:9618?addrs=128.83.139.150-9618&alias=angrist-23.cs.utexas.edu&noUDP&sock=startd_1604_c9ff>
...
006 (984645.000.000) 2024-04-26 11:01:19 Image size of job updated: 129460
	104  -  MemoryUsage of job (MB)
	105776  -  ResidentSetSize of job (KB)
...
006 (984645.000.000) 2024-04-26 11:06:20 Image size of job updated: 133152
	106  -  MemoryUsage of job (MB)
	108016  -  ResidentSetSize of job (KB)
...
005 (984645.000.000) 2024-04-26 11:07:38 Job terminated.
	(1) Normal termination (return value 0)
		Usr 0 00:06:26, Sys 0 00:00:00  -  Run Remote Usage
		Usr 0 00:00:00, Sys 0 00:00:00  -  Run Local Usage
		Usr 0 00:06:26, Sys 0 00:00:00  -  Total Remote Usage
		Usr 0 00:00:00, Sys 0 00:00:00  -  Total Local Usage
	0  -  Run Bytes Sent By Job
	0  -  Run Bytes Received By Job
	0  -  Total Bytes Sent By Job
	0  -  Total Bytes Received By Job
	Partitionable Resources :    Usage  Request Allocated 
	   Cpus                 :     1.00        1         1 
	   Disk (KB)            :     1           1  10853594 
	   Memory (MB)          :   106           1      4026 

	Job terminated of its own accord at 2024-04-26T16:07:37Z.
...
000 (984698.000.000) 2024-04-26 11:13:49 Job submitted from host: <128.83.120.183:9618?addrs=128.83.120.183-9618&alias=darmok.cs.utexas.edu&noUDP&sock=schedd_1353_9fba>
...
001 (984698.000.000) 2024-04-26 11:13:56 Job executing on host: <128.83.139.143:9618?addrs=128.83.139.143-9618&alias=angrist-16.cs.utexas.edu&noUDP&sock=startd_1598_ac6e>
...
006 (984698.000.000) 2024-04-26 11:14:05 Image size of job updated: 129856
	103  -  MemoryUsage of job (MB)
	105300  -  ResidentSetSize of job (KB)
...
006 (984698.000.000) 2024-04-26 11:19:06 Image size of job updated: 133152
	106  -  MemoryUsage of job (MB)
	108016  -  ResidentSetSize of job (KB)
...
005 (984698.000.000) 2024-04-26 11:20:35 Job terminated.
	(1) Normal termination (return value 0)
		Usr 0 00:06:38, Sys 0 00:00:00  -  Run Remote Usage
		Usr 0 00:00:00, Sys 0 00:00:00  -  Run Local Usage
		Usr 0 00:06:38, Sys 0 00:00:00  -  Total Remote Usage
		Usr 0 00:00:00, Sys 0 00:00:00  -  Total Local Usage
	0  -  Run Bytes Sent By Job
	0  -  Run Bytes Received By Job
	0  -  Total Bytes Sent By Job
	0  -  Total Bytes Received By Job
	Partitionable Resources :    Usage  Request Allocated 
	   Cpus                 :     1.00        1         1 
	   Disk (KB)            :     1           1  10853596 
	   Memory (MB)          :   106           1      4026 

	Job terminated of its own accord at 2024-04-26T16:20:35Z.
...
000 (984751.000.000) 2024-04-26 11:40:14 Job submitted from host: <128.83.120.183:9618?addrs=128.83.120.183-9618&alias=darmok.cs.utexas.edu&noUDP&sock=schedd_1353_9fba>
...
001 (984751.000.000) 2024-04-26 11:40:16 Job executing on host: <128.83.139.143:9618?addrs=128.83.139.143-9618&alias=angrist-16.cs.utexas.edu&noUDP&sock=startd_1598_ac6e>
...
006 (984751.000.000) 2024-04-26 11:40:24 Image size of job updated: 106332
	103  -  MemoryUsage of job (MB)
	104856  -  ResidentSetSize of job (KB)
...
006 (984751.000.000) 2024-04-26 11:43:09 Image size of job updated: 133132
	103  -  MemoryUsage of job (MB)
	104856  -  ResidentSetSize of job (KB)
...
005 (984751.000.000) 2024-04-26 11:43:09 Job terminated.
	(1) Normal termination (return value 0)
		Usr 0 00:02:52, Sys 0 00:00:00  -  Run Remote Usage
		Usr 0 00:00:00, Sys 0 00:00:00  -  Run Local Usage
		Usr 0 00:02:52, Sys 0 00:00:00  -  Total Remote Usage
		Usr 0 00:00:00, Sys 0 00:00:00  -  Total Local Usage
	0  -  Run Bytes Sent By Job
	0  -  Run Bytes Received By Job
	0  -  Total Bytes Sent By Job
	0  -  Total Bytes Received By Job
	Partitionable Resources :    Usage  Request Allocated 
	   Cpus                 :                 1         1 
	   Disk (KB)            :        1        1  10853596 
	   Memory (MB)          :      103        1      4026 

	Job terminated of its own accord at 2024-04-26T16:43:09Z.
...
