000 (984683.000.000) 2024-04-26 11:01:15 Job submitted from host: <128.83.120.183:9618?addrs=128.83.120.183-9618&alias=darmok.cs.utexas.edu&noUDP&sock=schedd_1353_9fba>
...
001 (984683.000.000) 2024-04-26 11:01:34 Job executing on host: <128.83.139.141:9618?addrs=128.83.139.141-9618&alias=angrist-14.cs.utexas.edu&noUDP&sock=startd_1625_317d>
...
006 (984683.000.000) 2024-04-26 11:01:43 Image size of job updated: 125508
	99  -  MemoryUsage of job (MB)
	100488  -  ResidentSetSize of job (KB)
...
006 (984683.000.000) 2024-04-26 11:06:44 Image size of job updated: 163100
	135  -  MemoryUsage of job (MB)
	137936  -  ResidentSetSize of job (KB)
...
005 (984683.000.000) 2024-04-26 11:06:51 Job terminated.
	(1) Normal termination (return value 0)
		Usr 0 00:05:16, Sys 0 00:00:00  -  Run Remote Usage
		Usr 0 00:00:00, Sys 0 00:00:00  -  Run Local Usage
		Usr 0 00:05:16, Sys 0 00:00:00  -  Total Remote Usage
		Usr 0 00:00:00, Sys 0 00:00:00  -  Total Local Usage
	0  -  Run Bytes Sent By Job
	0  -  Run Bytes Received By Job
	0  -  Total Bytes Sent By Job
	0  -  Total Bytes Received By Job
	Partitionable Resources :    Usage  Request Allocated 
	   Cpus                 :     1.00        1         1 
	   Disk (KB)            :     1           1  10853596 
	   Memory (MB)          :   135           1      4026 

	Job terminated of its own accord at 2024-04-26T16:06:51Z.
...
000 (984736.000.000) 2024-04-26 11:13:54 Job submitted from host: <128.83.120.183:9618?addrs=128.83.120.183-9618&alias=darmok.cs.utexas.edu&noUDP&sock=schedd_1353_9fba>
...
001 (984736.000.000) 2024-04-26 11:13:59 Job executing on host: <128.83.139.150:9618?addrs=128.83.139.150-9618&alias=angrist-23.cs.utexas.edu&noUDP&sock=startd_1604_c9ff>
...
006 (984736.000.000) 2024-04-26 11:14:07 Image size of job updated: 100484
	99  -  MemoryUsage of job (MB)
	100484  -  ResidentSetSize of job (KB)
...
006 (984736.000.000) 2024-04-26 11:19:07 Image size of job updated: 163096
	135  -  MemoryUsage of job (MB)
	137936  -  ResidentSetSize of job (KB)
...
005 (984736.000.000) 2024-04-26 11:19:14 Job terminated.
	(1) Normal termination (return value 0)
		Usr 0 00:05:14, Sys 0 00:00:00  -  Run Remote Usage
		Usr 0 00:00:00, Sys 0 00:00:00  -  Run Local Usage
		Usr 0 00:05:14, Sys 0 00:00:00  -  Total Remote Usage
		Usr 0 00:00:00, Sys 0 00:00:00  -  Total Local Usage
	0  -  Run Bytes Sent By Job
	0  -  Run Bytes Received By Job
	0  -  Total Bytes Sent By Job
	0  -  Total Bytes Received By Job
	Partitionable Resources :    Usage  Request Allocated 
	   Cpus                 :     1.00        1         1 
	   Disk (KB)            :     1           1  10853594 
	   Memory (MB)          :   135           1      4026 

	Job terminated of its own accord at 2024-04-26T16:19:14Z.
...
000 (984789.000.000) 2024-04-26 11:40:20 Job submitted from host: <128.83.120.183:9618?addrs=128.83.120.183-9618&alias=darmok.cs.utexas.edu&noUDP&sock=schedd_1353_9fba>
...
001 (984789.000.000) 2024-04-26 11:40:39 Job executing on host: <128.83.144.211:9618?addrs=128.83.144.211-9618&alias=angrist-12.cs.utexas.edu&noUDP&sock=startd_1592_8edc>
...
006 (984789.000.000) 2024-04-26 11:40:47 Image size of job updated: 125504
	99  -  MemoryUsage of job (MB)
	100480  -  ResidentSetSize of job (KB)
...
006 (984789.000.000) 2024-04-26 11:43:30 Image size of job updated: 151620
	99  -  MemoryUsage of job (MB)
	100480  -  ResidentSetSize of job (KB)
...
005 (984789.000.000) 2024-04-26 11:43:30 Job terminated.
	(1) Normal termination (return value 0)
		Usr 0 00:02:51, Sys 0 00:00:00  -  Run Remote Usage
		Usr 0 00:00:00, Sys 0 00:00:00  -  Run Local Usage
		Usr 0 00:02:51, Sys 0 00:00:00  -  Total Remote Usage
		Usr 0 00:00:00, Sys 0 00:00:00  -  Total Local Usage
	0  -  Run Bytes Sent By Job
	0  -  Run Bytes Received By Job
	0  -  Total Bytes Sent By Job
	0  -  Total Bytes Received By Job
	Partitionable Resources :    Usage  Request Allocated 
	   Cpus                 :                 1         1 
	   Disk (KB)            :        1        1  10853596 
	   Memory (MB)          :       99        1      4026 

	Job terminated of its own accord at 2024-04-26T16:43:30Z.
...
