000 (984638.000.000) 2024-04-26 11:01:09 Job submitted from host: <128.83.120.183:9618?addrs=128.83.120.183-9618&alias=darmok.cs.utexas.edu&noUDP&sock=schedd_1353_9fba>
...
001 (984638.000.000) 2024-04-26 11:01:10 Job executing on host: <128.83.139.150:9618?addrs=128.83.139.150-9618&alias=angrist-23.cs.utexas.edu&noUDP&sock=startd_1604_c9ff>
...
006 (984638.000.000) 2024-04-26 11:01:19 Image size of job updated: 125376
	99  -  MemoryUsage of job (MB)
	100744  -  ResidentSetSize of job (KB)
...
006 (984638.000.000) 2024-04-26 11:06:20 Image size of job updated: 126160
	99  -  MemoryUsage of job (MB)
	101056  -  ResidentSetSize of job (KB)
...
005 (984638.000.000) 2024-04-26 11:06:59 Job terminated.
	(1) Normal termination (return value 0)
		Usr 0 00:05:48, Sys 0 00:00:00  -  Run Remote Usage
		Usr 0 00:00:00, Sys 0 00:00:00  -  Run Local Usage
		Usr 0 00:05:48, Sys 0 00:00:00  -  Total Remote Usage
		Usr 0 00:00:00, Sys 0 00:00:00  -  Total Local Usage
	0  -  Run Bytes Sent By Job
	0  -  Run Bytes Received By Job
	0  -  Total Bytes Sent By Job
	0  -  Total Bytes Received By Job
	Partitionable Resources :    Usage  Request Allocated 
	   Cpus                 :     1.00        1         1 
	   Disk (KB)            :     1           1  10853594 
	   Memory (MB)          :    99           1      4026 

	Job terminated of its own accord at 2024-04-26T16:06:59Z.
...
000 (984691.000.000) 2024-04-26 11:13:48 Job submitted from host: <128.83.120.183:9618?addrs=128.83.120.183-9618&alias=darmok.cs.utexas.edu&noUDP&sock=schedd_1353_9fba>
...
001 (984691.000.000) 2024-04-26 11:13:55 Job executing on host: <128.83.139.150:9618?addrs=128.83.139.150-9618&alias=angrist-23.cs.utexas.edu&noUDP&sock=startd_1604_c9ff>
...
006 (984691.000.000) 2024-04-26 11:14:04 Image size of job updated: 125772
	99  -  MemoryUsage of job (MB)
	100752  -  ResidentSetSize of job (KB)
...
006 (984691.000.000) 2024-04-26 11:19:05 Image size of job updated: 126160
	99  -  MemoryUsage of job (MB)
	101060  -  ResidentSetSize of job (KB)
...
005 (984691.000.000) 2024-04-26 11:19:36 Job terminated.
	(1) Normal termination (return value 0)
		Usr 0 00:05:40, Sys 0 00:00:00  -  Run Remote Usage
		Usr 0 00:00:00, Sys 0 00:00:00  -  Run Local Usage
		Usr 0 00:05:40, Sys 0 00:00:00  -  Total Remote Usage
		Usr 0 00:00:00, Sys 0 00:00:00  -  Total Local Usage
	0  -  Run Bytes Sent By Job
	0  -  Run Bytes Received By Job
	0  -  Total Bytes Sent By Job
	0  -  Total Bytes Received By Job
	Partitionable Resources :    Usage  Request Allocated 
	   Cpus                 :     1.00        1         1 
	   Disk (KB)            :     1           1  10853594 
	   Memory (MB)          :    99           1      4026 

	Job terminated of its own accord at 2024-04-26T16:19:36Z.
...
000 (984744.000.000) 2024-04-26 11:40:13 Job submitted from host: <128.83.120.183:9618?addrs=128.83.120.183-9618&alias=darmok.cs.utexas.edu&noUDP&sock=schedd_1353_9fba>
...
001 (984744.000.000) 2024-04-26 11:40:36 Job executing on host: <128.83.144.211:9618?addrs=128.83.144.211-9618&alias=angrist-12.cs.utexas.edu&noUDP&sock=startd_1592_8edc>
...
006 (984744.000.000) 2024-04-26 11:40:45 Image size of job updated: 125768
	99  -  MemoryUsage of job (MB)
	100744  -  ResidentSetSize of job (KB)
...
006 (984744.000.000) 2024-04-26 11:43:27 Image size of job updated: 126148
	99  -  MemoryUsage of job (MB)
	100744  -  ResidentSetSize of job (KB)
...
005 (984744.000.000) 2024-04-26 11:43:27 Job terminated.
	(1) Normal termination (return value 0)
		Usr 0 00:02:49, Sys 0 00:00:00  -  Run Remote Usage
		Usr 0 00:00:00, Sys 0 00:00:00  -  Run Local Usage
		Usr 0 00:02:49, Sys 0 00:00:00  -  Total Remote Usage
		Usr 0 00:00:00, Sys 0 00:00:00  -  Total Local Usage
	0  -  Run Bytes Sent By Job
	0  -  Run Bytes Received By Job
	0  -  Total Bytes Sent By Job
	0  -  Total Bytes Received By Job
	Partitionable Resources :    Usage  Request Allocated 
	   Cpus                 :                 1         1 
	   Disk (KB)            :        1        1  10853596 
	   Memory (MB)          :       99        1      4026 

	Job terminated of its own accord at 2024-04-26T16:43:27Z.
...
