000 (984653.000.000) 2024-04-26 11:01:11 Job submitted from host: <128.83.120.183:9618?addrs=128.83.120.183-9618&alias=darmok.cs.utexas.edu&noUDP&sock=schedd_1353_9fba>
...
001 (984653.000.000) 2024-04-26 11:01:31 Job executing on host: <128.83.139.142:9618?addrs=128.83.139.142-9618&alias=angrist-15.cs.utexas.edu&noUDP&sock=startd_1598_ac6e>
...
006 (984653.000.000) 2024-04-26 11:01:40 Image size of job updated: 126696
	100  -  MemoryUsage of job (MB)
	101644  -  ResidentSetSize of job (KB)
...
006 (984653.000.000) 2024-04-26 11:06:41 Image size of job updated: 127208
	100  -  MemoryUsage of job (MB)
	102124  -  ResidentSetSize of job (KB)
...
006 (984653.000.000) 2024-04-26 11:11:41 Image size of job updated: 127464
	100  -  MemoryUsage of job (MB)
	102308  -  ResidentSetSize of job (KB)
...
005 (984653.000.000) 2024-04-26 11:12:42 Job terminated.
	(1) Normal termination (return value 0)
		Usr 0 00:11:10, Sys 0 00:00:00  -  Run Remote Usage
		Usr 0 00:00:00, Sys 0 00:00:00  -  Run Local Usage
		Usr 0 00:11:10, Sys 0 00:00:00  -  Total Remote Usage
		Usr 0 00:00:00, Sys 0 00:00:00  -  Total Local Usage
	0  -  Run Bytes Sent By Job
	0  -  Run Bytes Received By Job
	0  -  Total Bytes Sent By Job
	0  -  Total Bytes Received By Job
	Partitionable Resources :    Usage  Request Allocated 
	   Cpus                 :     1.00        1         1 
	   Disk (KB)            :     1           1  10853596 
	   Memory (MB)          :   100           1      4026 

	Job terminated of its own accord at 2024-04-26T16:12:42Z.
...
000 (984706.000.000) 2024-04-26 11:13:50 Job submitted from host: <128.83.120.183:9618?addrs=128.83.120.183-9618&alias=darmok.cs.utexas.edu&noUDP&sock=schedd_1353_9fba>
...
001 (984706.000.000) 2024-04-26 11:13:57 Job executing on host: <128.83.139.142:9618?addrs=128.83.139.142-9618&alias=angrist-15.cs.utexas.edu&noUDP&sock=startd_1598_ac6e>
...
006 (984706.000.000) 2024-04-26 11:14:05 Image size of job updated: 126696
	100  -  MemoryUsage of job (MB)
	101640  -  ResidentSetSize of job (KB)
...
006 (984706.000.000) 2024-04-26 11:19:05 Image size of job updated: 127208
	100  -  MemoryUsage of job (MB)
	102112  -  ResidentSetSize of job (KB)
...
006 (984706.000.000) 2024-04-26 11:24:05 Image size of job updated: 127464
	100  -  MemoryUsage of job (MB)
	102288  -  ResidentSetSize of job (KB)
...
005 (984706.000.000) 2024-04-26 11:25:27 Job terminated.
	(1) Normal termination (return value 0)
		Usr 0 00:11:29, Sys 0 00:00:00  -  Run Remote Usage
		Usr 0 00:00:00, Sys 0 00:00:00  -  Run Local Usage
		Usr 0 00:11:29, Sys 0 00:00:00  -  Total Remote Usage
		Usr 0 00:00:00, Sys 0 00:00:00  -  Total Local Usage
	0  -  Run Bytes Sent By Job
	0  -  Run Bytes Received By Job
	0  -  Total Bytes Sent By Job
	0  -  Total Bytes Received By Job
	Partitionable Resources :    Usage  Request Allocated 
	   Cpus                 :     1.00        1         1 
	   Disk (KB)            :     1           1  10853596 
	   Memory (MB)          :   100           1      4026 

	Job terminated of its own accord at 2024-04-26T16:25:27Z.
...
000 (984759.000.000) 2024-04-26 11:40:15 Job submitted from host: <128.83.120.183:9618?addrs=128.83.120.183-9618&alias=darmok.cs.utexas.edu&noUDP&sock=schedd_1353_9fba>
...
001 (984759.000.000) 2024-04-26 11:40:36 Job executing on host: <128.83.144.240:9618?addrs=128.83.144.240-9618&alias=angrist-13.cs.utexas.edu&noUDP&sock=startd_1643_8a31>
...
006 (984759.000.000) 2024-04-26 11:40:45 Image size of job updated: 126688
	100  -  MemoryUsage of job (MB)
	101640  -  ResidentSetSize of job (KB)
...
006 (984759.000.000) 2024-04-26 11:45:45 Image size of job updated: 127072
	100  -  MemoryUsage of job (MB)
	102008  -  ResidentSetSize of job (KB)
...
005 (984759.000.000) 2024-04-26 11:46:00 Job terminated.
	(1) Normal termination (return value 0)
		Usr 0 00:05:22, Sys 0 00:00:00  -  Run Remote Usage
		Usr 0 00:00:00, Sys 0 00:00:00  -  Run Local Usage
		Usr 0 00:05:22, Sys 0 00:00:00  -  Total Remote Usage
		Usr 0 00:00:00, Sys 0 00:00:00  -  Total Local Usage
	0  -  Run Bytes Sent By Job
	0  -  Run Bytes Received By Job
	0  -  Total Bytes Sent By Job
	0  -  Total Bytes Received By Job
	Partitionable Resources :    Usage  Request Allocated 
	   Cpus                 :     1.00        1         1 
	   Disk (KB)            :     1           1  10853596 
	   Memory (MB)          :   100           1      4026 

	Job terminated of its own accord at 2024-04-26T16:46:00Z.
...
