000 (984663.000.000) 2024-04-26 11:01:13 Job submitted from host: <128.83.120.183:9618?addrs=128.83.120.183-9618&alias=darmok.cs.utexas.edu&noUDP&sock=schedd_1353_9fba>
...
001 (984663.000.000) 2024-04-26 11:02:32 Job executing on host: <128.83.144.147:9618?addrs=128.83.144.147-9618&alias=oliphaunt-1.cs.utexas.edu&noUDP&sock=startd_1578_f489>
...
006 (984663.000.000) 2024-04-26 11:02:40 Image size of job updated: 124188
	97  -  MemoryUsage of job (MB)
	99056  -  ResidentSetSize of job (KB)
...
006 (984663.000.000) 2024-04-26 11:07:40 Image size of job updated: 124444
	97  -  MemoryUsage of job (MB)
	99296  -  ResidentSetSize of job (KB)
...
006 (984663.000.000) 2024-04-26 11:12:40 Image size of job updated: 125632
	99  -  MemoryUsage of job (MB)
	100540  -  ResidentSetSize of job (KB)
...
000 (984716.000.000) 2024-04-26 11:13:52 Job submitted from host: <128.83.120.183:9618?addrs=128.83.120.183-9618&alias=darmok.cs.utexas.edu&noUDP&sock=schedd_1353_9fba>
...
001 (984716.000.000) 2024-04-26 11:13:57 Job executing on host: <128.83.144.168:9618?addrs=128.83.144.168-9618&alias=angrist-10.cs.utexas.edu&noUDP&sock=startd_1611_9729>
...
006 (984716.000.000) 2024-04-26 11:14:06 Image size of job updated: 99064
	97  -  MemoryUsage of job (MB)
	99064  -  ResidentSetSize of job (KB)
...
006 (984663.000.000) 2024-04-26 11:17:41 Image size of job updated: 125760
	99  -  MemoryUsage of job (MB)
	100652  -  ResidentSetSize of job (KB)
...
006 (984716.000.000) 2024-04-26 11:19:07 Image size of job updated: 125632
	99  -  MemoryUsage of job (MB)
	100560  -  ResidentSetSize of job (KB)
...
006 (984663.000.000) 2024-04-26 11:22:41 Image size of job updated: 125888
	99  -  MemoryUsage of job (MB)
	100736  -  ResidentSetSize of job (KB)
...
006 (984716.000.000) 2024-04-26 11:23:40 Image size of job updated: 125888
	99  -  MemoryUsage of job (MB)
	100560  -  ResidentSetSize of job (KB)
...
005 (984716.000.000) 2024-04-26 11:23:40 Job terminated.
	(1) Normal termination (return value 0)
		Usr 0 00:09:42, Sys 0 00:00:00  -  Run Remote Usage
		Usr 0 00:00:00, Sys 0 00:00:00  -  Run Local Usage
		Usr 0 00:09:42, Sys 0 00:00:00  -  Total Remote Usage
		Usr 0 00:00:00, Sys 0 00:00:00  -  Total Local Usage
	0  -  Run Bytes Sent By Job
	0  -  Run Bytes Received By Job
	0  -  Total Bytes Sent By Job
	0  -  Total Bytes Received By Job
	Partitionable Resources :    Usage  Request Allocated 
	   Cpus                 :     1.00        1         1 
	   Disk (KB)            :     1           1  10853596 
	   Memory (MB)          :    99           1      4026 

	Job terminated of its own accord at 2024-04-26T16:23:40Z.
...
005 (984663.000.000) 2024-04-26 11:23:48 Job terminated.
	(1) Normal termination (return value 0)
		Usr 0 00:21:14, Sys 0 00:00:00  -  Run Remote Usage
		Usr 0 00:00:00, Sys 0 00:00:00  -  Run Local Usage
		Usr 0 00:21:14, Sys 0 00:00:00  -  Total Remote Usage
		Usr 0 00:00:00, Sys 0 00:00:00  -  Total Local Usage
	0  -  Run Bytes Sent By Job
	0  -  Run Bytes Received By Job
	0  -  Total Bytes Sent By Job
	0  -  Total Bytes Received By Job
	Partitionable Resources :    Usage  Request Allocated 
	   Cpus                 :     1.00        1         1 
	   Disk (KB)            :     1           1  18498544 
	   Memory (MB)          :    99           1     24186 

	Job terminated of its own accord at 2024-04-26T16:23:48Z.
...
000 (984769.000.000) 2024-04-26 11:40:18 Job submitted from host: <128.83.120.183:9618?addrs=128.83.120.183-9618&alias=darmok.cs.utexas.edu&noUDP&sock=schedd_1353_9fba>
...
001 (984769.000.000) 2024-04-26 11:40:37 Job executing on host: <128.83.144.240:9618?addrs=128.83.144.240-9618&alias=angrist-13.cs.utexas.edu&noUDP&sock=startd_1643_8a31>
...
006 (984769.000.000) 2024-04-26 11:40:46 Image size of job updated: 124184
	97  -  MemoryUsage of job (MB)
	99060  -  ResidentSetSize of job (KB)
...
006 (984769.000.000) 2024-04-26 11:45:02 Image size of job updated: 124444
	97  -  MemoryUsage of job (MB)
	99060  -  ResidentSetSize of job (KB)
...
005 (984769.000.000) 2024-04-26 11:45:02 Job terminated.
	(1) Normal termination (return value 0)
		Usr 0 00:04:24, Sys 0 00:00:00  -  Run Remote Usage
		Usr 0 00:00:00, Sys 0 00:00:00  -  Run Local Usage
		Usr 0 00:04:24, Sys 0 00:00:00  -  Total Remote Usage
		Usr 0 00:00:00, Sys 0 00:00:00  -  Total Local Usage
	0  -  Run Bytes Sent By Job
	0  -  Run Bytes Received By Job
	0  -  Total Bytes Sent By Job
	0  -  Total Bytes Received By Job
	Partitionable Resources :    Usage  Request Allocated 
	   Cpus                 :     1.00        1         1 
	   Disk (KB)            :     1           1  10853596 
	   Memory (MB)          :    97           1      4026 

	Job terminated of its own accord at 2024-04-26T16:45:02Z.
...
