000 (984666.000.000) 2024-04-26 11:01:13 Job submitted from host: <128.83.120.183:9618?addrs=128.83.120.183-9618&alias=darmok.cs.utexas.edu&noUDP&sock=schedd_1353_9fba>
...
001 (984666.000.000) 2024-04-26 11:01:33 Job executing on host: <128.83.139.143:9618?addrs=128.83.139.143-9618&alias=angrist-16.cs.utexas.edu&noUDP&sock=startd_1598_ac6e>
...
006 (984666.000.000) 2024-04-26 11:01:41 Image size of job updated: 130256
	103  -  MemoryUsage of job (MB)
	105132  -  ResidentSetSize of job (KB)
...
006 (984666.000.000) 2024-04-26 11:06:41 Image size of job updated: 135252
	108  -  MemoryUsage of job (MB)
	110180  -  ResidentSetSize of job (KB)
...
006 (984666.000.000) 2024-04-26 11:11:42 Image size of job updated: 135808
	109  -  MemoryUsage of job (MB)
	110632  -  ResidentSetSize of job (KB)
...
000 (984719.000.000) 2024-04-26 11:13:52 Job submitted from host: <128.83.120.183:9618?addrs=128.83.120.183-9618&alias=darmok.cs.utexas.edu&noUDP&sock=schedd_1353_9fba>
...
001 (984719.000.000) 2024-04-26 11:13:58 Job executing on host: <128.83.144.240:9618?addrs=128.83.144.240-9618&alias=angrist-13.cs.utexas.edu&noUDP&sock=startd_1643_8a31>
...
006 (984719.000.000) 2024-04-26 11:14:06 Image size of job updated: 130256
	103  -  MemoryUsage of job (MB)
	105132  -  ResidentSetSize of job (KB)
...
006 (984666.000.000) 2024-04-26 11:16:43 Image size of job updated: 136136
	109  -  MemoryUsage of job (MB)
	110988  -  ResidentSetSize of job (KB)
...
006 (984719.000.000) 2024-04-26 11:19:06 Image size of job updated: 135252
	108  -  MemoryUsage of job (MB)
	110172  -  ResidentSetSize of job (KB)
...
006 (984666.000.000) 2024-04-26 11:19:36 Image size of job updated: 136400
	109  -  MemoryUsage of job (MB)
	110988  -  ResidentSetSize of job (KB)
...
005 (984666.000.000) 2024-04-26 11:19:36 Job terminated.
	(1) Normal termination (return value 0)
		Usr 0 00:18:02, Sys 0 00:00:00  -  Run Remote Usage
		Usr 0 00:00:00, Sys 0 00:00:00  -  Run Local Usage
		Usr 0 00:18:02, Sys 0 00:00:00  -  Total Remote Usage
		Usr 0 00:00:00, Sys 0 00:00:00  -  Total Local Usage
	0  -  Run Bytes Sent By Job
	0  -  Run Bytes Received By Job
	0  -  Total Bytes Sent By Job
	0  -  Total Bytes Received By Job
	Partitionable Resources :    Usage  Request Allocated 
	   Cpus                 :     1.00        1         1 
	   Disk (KB)            :     1           1  10853596 
	   Memory (MB)          :   109           1      4026 

	Job terminated of its own accord at 2024-04-26T16:19:36Z.
...
006 (984719.000.000) 2024-04-26 11:24:06 Image size of job updated: 135680
	109  -  MemoryUsage of job (MB)
	110608  -  ResidentSetSize of job (KB)
...
006 (984719.000.000) 2024-04-26 11:29:07 Image size of job updated: 136136
	109  -  MemoryUsage of job (MB)
	110988  -  ResidentSetSize of job (KB)
...
006 (984719.000.000) 2024-04-26 11:31:59 Image size of job updated: 136400
	109  -  MemoryUsage of job (MB)
	110988  -  ResidentSetSize of job (KB)
...
005 (984719.000.000) 2024-04-26 11:31:59 Job terminated.
	(1) Normal termination (return value 0)
		Usr 0 00:18:01, Sys 0 00:00:00  -  Run Remote Usage
		Usr 0 00:00:00, Sys 0 00:00:00  -  Run Local Usage
		Usr 0 00:18:01, Sys 0 00:00:00  -  Total Remote Usage
		Usr 0 00:00:00, Sys 0 00:00:00  -  Total Local Usage
	0  -  Run Bytes Sent By Job
	0  -  Run Bytes Received By Job
	0  -  Total Bytes Sent By Job
	0  -  Total Bytes Received By Job
	Partitionable Resources :    Usage  Request Allocated 
	   Cpus                 :     1.00        1         1 
	   Disk (KB)            :     1           1  10853596 
	   Memory (MB)          :   109           1      4026 

	Job terminated of its own accord at 2024-04-26T16:31:59Z.
...
000 (984772.000.000) 2024-04-26 11:40:18 Job submitted from host: <128.83.120.183:9618?addrs=128.83.120.183-9618&alias=darmok.cs.utexas.edu&noUDP&sock=schedd_1353_9fba>
...
001 (984772.000.000) 2024-04-26 11:40:37 Job executing on host: <128.83.139.146:9618?addrs=128.83.139.146-9618&alias=angrist-19.cs.utexas.edu&noUDP&sock=startd_1594_ee0d>
...
006 (984772.000.000) 2024-04-26 11:40:47 Image size of job updated: 130252
	103  -  MemoryUsage of job (MB)
	105140  -  ResidentSetSize of job (KB)
...
006 (984772.000.000) 2024-04-26 11:45:47 Image size of job updated: 131820
	105  -  MemoryUsage of job (MB)
	106656  -  ResidentSetSize of job (KB)
...
006 (984772.000.000) 2024-04-26 11:49:53 Image size of job updated: 135228
	105  -  MemoryUsage of job (MB)
	106656  -  ResidentSetSize of job (KB)
...
005 (984772.000.000) 2024-04-26 11:49:53 Job terminated.
	(1) Normal termination (return value 0)
		Usr 0 00:09:14, Sys 0 00:00:00  -  Run Remote Usage
		Usr 0 00:00:00, Sys 0 00:00:00  -  Run Local Usage
		Usr 0 00:09:14, Sys 0 00:00:00  -  Total Remote Usage
		Usr 0 00:00:00, Sys 0 00:00:00  -  Total Local Usage
	0  -  Run Bytes Sent By Job
	0  -  Run Bytes Received By Job
	0  -  Total Bytes Sent By Job
	0  -  Total Bytes Received By Job
	Partitionable Resources :    Usage  Request Allocated 
	   Cpus                 :     1.00        1         1 
	   Disk (KB)            :     1           1  10853596 
	   Memory (MB)          :   105           1      4026 

	Job terminated of its own accord at 2024-04-26T16:49:53Z.
...
