000 (984678.000.000) 2024-04-26 11:01:15 Job submitted from host: <128.83.120.183:9618?addrs=128.83.120.183-9618&alias=darmok.cs.utexas.edu&noUDP&sock=schedd_1353_9fba>
...
001 (984678.000.000) 2024-04-26 11:01:34 Job executing on host: <128.83.144.211:9618?addrs=128.83.144.211-9618&alias=angrist-12.cs.utexas.edu&noUDP&sock=startd_1592_8edc>
...
006 (984678.000.000) 2024-04-26 11:01:42 Image size of job updated: 124584
	98  -  MemoryUsage of job (MB)
	100208  -  ResidentSetSize of job (KB)
...
006 (984678.000.000) 2024-04-26 11:06:42 Image size of job updated: 183908
	156  -  MemoryUsage of job (MB)
	158856  -  ResidentSetSize of job (KB)
...
006 (984678.000.000) 2024-04-26 11:07:06 Image size of job updated: 184036
	156  -  MemoryUsage of job (MB)
	158856  -  ResidentSetSize of job (KB)
...
005 (984678.000.000) 2024-04-26 11:07:06 Job terminated.
	(1) Normal termination (return value 0)
		Usr 0 00:05:31, Sys 0 00:00:00  -  Run Remote Usage
		Usr 0 00:00:00, Sys 0 00:00:00  -  Run Local Usage
		Usr 0 00:05:31, Sys 0 00:00:00  -  Total Remote Usage
		Usr 0 00:00:00, Sys 0 00:00:00  -  Total Local Usage
	0  -  Run Bytes Sent By Job
	0  -  Run Bytes Received By Job
	0  -  Total Bytes Sent By Job
	0  -  Total Bytes Received By Job
	Partitionable Resources :    Usage  Request Allocated 
	   Cpus                 :     1.00        1         1 
	   Disk (KB)            :     1           1  10853596 
	   Memory (MB)          :   156           1      4026 

	Job terminated of its own accord at 2024-04-26T16:07:06Z.
...
000 (984731.000.000) 2024-04-26 11:13:54 Job submitted from host: <128.83.120.183:9618?addrs=128.83.120.183-9618&alias=darmok.cs.utexas.edu&noUDP&sock=schedd_1353_9fba>
...
001 (984731.000.000) 2024-04-26 11:13:58 Job executing on host: <128.83.139.150:9618?addrs=128.83.139.150-9618&alias=angrist-23.cs.utexas.edu&noUDP&sock=startd_1604_c9ff>
...
006 (984731.000.000) 2024-04-26 11:14:07 Image size of job updated: 124580
	98  -  MemoryUsage of job (MB)
	100208  -  ResidentSetSize of job (KB)
...
006 (984731.000.000) 2024-04-26 11:19:08 Image size of job updated: 183640
	156  -  MemoryUsage of job (MB)
	158856  -  ResidentSetSize of job (KB)
...
006 (984731.000.000) 2024-04-26 11:19:35 Image size of job updated: 184032
	156  -  MemoryUsage of job (MB)
	158856  -  ResidentSetSize of job (KB)
...
005 (984731.000.000) 2024-04-26 11:19:35 Job terminated.
	(1) Normal termination (return value 0)
		Usr 0 00:05:36, Sys 0 00:00:00  -  Run Remote Usage
		Usr 0 00:00:00, Sys 0 00:00:00  -  Run Local Usage
		Usr 0 00:05:36, Sys 0 00:00:00  -  Total Remote Usage
		Usr 0 00:00:00, Sys 0 00:00:00  -  Total Local Usage
	0  -  Run Bytes Sent By Job
	0  -  Run Bytes Received By Job
	0  -  Total Bytes Sent By Job
	0  -  Total Bytes Received By Job
	Partitionable Resources :    Usage  Request Allocated 
	   Cpus                 :     1.00        1         1 
	   Disk (KB)            :     1           1  10853594 
	   Memory (MB)          :   156           1      4026 

	Job terminated of its own accord at 2024-04-26T16:19:35Z.
...
000 (984784.000.000) 2024-04-26 11:40:20 Job submitted from host: <128.83.120.183:9618?addrs=128.83.120.183-9618&alias=darmok.cs.utexas.edu&noUDP&sock=schedd_1353_9fba>
...
001 (984784.000.000) 2024-04-26 11:40:38 Job executing on host: <128.83.139.150:9618?addrs=128.83.139.150-9618&alias=angrist-23.cs.utexas.edu&noUDP&sock=startd_1604_c9ff>
...
006 (984784.000.000) 2024-04-26 11:40:47 Image size of job updated: 124584
	98  -  MemoryUsage of job (MB)
	100212  -  ResidentSetSize of job (KB)
...
006 (984784.000.000) 2024-04-26 11:43:31 Image size of job updated: 151636
	98  -  MemoryUsage of job (MB)
	100212  -  ResidentSetSize of job (KB)
...
005 (984784.000.000) 2024-04-26 11:43:31 Job terminated.
	(1) Normal termination (return value 0)
		Usr 0 00:02:52, Sys 0 00:00:00  -  Run Remote Usage
		Usr 0 00:00:00, Sys 0 00:00:00  -  Run Local Usage
		Usr 0 00:02:52, Sys 0 00:00:00  -  Total Remote Usage
		Usr 0 00:00:00, Sys 0 00:00:00  -  Total Local Usage
	0  -  Run Bytes Sent By Job
	0  -  Run Bytes Received By Job
	0  -  Total Bytes Sent By Job
	0  -  Total Bytes Received By Job
	Partitionable Resources :    Usage  Request Allocated 
	   Cpus                 :                 1         1 
	   Disk (KB)            :        1        1  10853594 
	   Memory (MB)          :       98        1      4026 

	Job terminated of its own accord at 2024-04-26T16:43:31Z.
...
