000 (984655.000.000) 2024-04-26 11:01:11 Job submitted from host: <128.83.120.183:9618?addrs=128.83.120.183-9618&alias=darmok.cs.utexas.edu&noUDP&sock=schedd_1353_9fba>
...
001 (984655.000.000) 2024-04-26 11:01:32 Job executing on host: <128.83.139.141:9618?addrs=128.83.139.141-9618&alias=angrist-14.cs.utexas.edu&noUDP&sock=startd_1625_317d>
...
006 (984655.000.000) 2024-04-26 11:01:40 Image size of job updated: 126564
	100  -  MemoryUsage of job (MB)
	101476  -  ResidentSetSize of job (KB)
...
006 (984655.000.000) 2024-04-26 11:06:23 Image size of job updated: 154672
	100  -  MemoryUsage of job (MB)
	101476  -  ResidentSetSize of job (KB)
...
005 (984655.000.000) 2024-04-26 11:06:23 Job terminated.
	(1) Normal termination (return value 0)
		Usr 0 00:04:50, Sys 0 00:00:00  -  Run Remote Usage
		Usr 0 00:00:00, Sys 0 00:00:00  -  Run Local Usage
		Usr 0 00:04:50, Sys 0 00:00:00  -  Total Remote Usage
		Usr 0 00:00:00, Sys 0 00:00:00  -  Total Local Usage
	0  -  Run Bytes Sent By Job
	0  -  Run Bytes Received By Job
	0  -  Total Bytes Sent By Job
	0  -  Total Bytes Received By Job
	Partitionable Resources :    Usage  Request Allocated 
	   Cpus                 :     1.00        1         1 
	   Disk (KB)            :     1           1  10853596 
	   Memory (MB)          :   100           1      4026 

	Job terminated of its own accord at 2024-04-26T16:06:23Z.
...
000 (984708.000.000) 2024-04-26 11:13:51 Job submitted from host: <128.83.120.183:9618?addrs=128.83.120.183-9618&alias=darmok.cs.utexas.edu&noUDP&sock=schedd_1353_9fba>
...
001 (984708.000.000) 2024-04-26 11:13:57 Job executing on host: <128.83.139.143:9618?addrs=128.83.139.143-9618&alias=angrist-16.cs.utexas.edu&noUDP&sock=startd_1598_ac6e>
...
006 (984708.000.000) 2024-04-26 11:14:05 Image size of job updated: 126560
	100  -  MemoryUsage of job (MB)
	101472  -  ResidentSetSize of job (KB)
...
006 (984708.000.000) 2024-04-26 11:18:50 Image size of job updated: 154668
	100  -  MemoryUsage of job (MB)
	101472  -  ResidentSetSize of job (KB)
...
005 (984708.000.000) 2024-04-26 11:18:50 Job terminated.
	(1) Normal termination (return value 0)
		Usr 0 00:04:52, Sys 0 00:00:00  -  Run Remote Usage
		Usr 0 00:00:00, Sys 0 00:00:00  -  Run Local Usage
		Usr 0 00:04:52, Sys 0 00:00:00  -  Total Remote Usage
		Usr 0 00:00:00, Sys 0 00:00:00  -  Total Local Usage
	0  -  Run Bytes Sent By Job
	0  -  Run Bytes Received By Job
	0  -  Total Bytes Sent By Job
	0  -  Total Bytes Received By Job
	Partitionable Resources :    Usage  Request Allocated 
	   Cpus                 :     1.00        1         1 
	   Disk (KB)            :     1           1  10853596 
	   Memory (MB)          :   100           1      4026 

	Job terminated of its own accord at 2024-04-26T16:18:50Z.
...
000 (984761.000.000) 2024-04-26 11:40:16 Job submitted from host: <128.83.120.183:9618?addrs=128.83.120.183-9618&alias=darmok.cs.utexas.edu&noUDP&sock=schedd_1353_9fba>
...
001 (984761.000.000) 2024-04-26 11:40:36 Job executing on host: <128.83.139.141:9618?addrs=128.83.139.141-9618&alias=angrist-14.cs.utexas.edu&noUDP&sock=startd_1625_317d>
...
006 (984761.000.000) 2024-04-26 11:40:45 Image size of job updated: 126560
	100  -  MemoryUsage of job (MB)
	101476  -  ResidentSetSize of job (KB)
...
006 (984761.000.000) 2024-04-26 11:42:50 Image size of job updated: 126692
	100  -  MemoryUsage of job (MB)
	101476  -  ResidentSetSize of job (KB)
...
005 (984761.000.000) 2024-04-26 11:42:51 Job terminated.
	(1) Normal termination (return value 0)
		Usr 0 00:02:12, Sys 0 00:00:00  -  Run Remote Usage
		Usr 0 00:00:00, Sys 0 00:00:00  -  Run Local Usage
		Usr 0 00:02:12, Sys 0 00:00:00  -  Total Remote Usage
		Usr 0 00:00:00, Sys 0 00:00:00  -  Total Local Usage
	0  -  Run Bytes Sent By Job
	0  -  Run Bytes Received By Job
	0  -  Total Bytes Sent By Job
	0  -  Total Bytes Received By Job
	Partitionable Resources :    Usage  Request Allocated 
	   Cpus                 :                 1         1 
	   Disk (KB)            :        1        1  10853596 
	   Memory (MB)          :      100        1      4026 

	Job terminated of its own accord at 2024-04-26T16:42:50Z.
...
