000 (984671.000.000) 2024-04-26 11:01:14 Job submitted from host: <128.83.120.183:9618?addrs=128.83.120.183-9618&alias=darmok.cs.utexas.edu&noUDP&sock=schedd_1353_9fba>
...
001 (984671.000.000) 2024-04-26 11:01:33 Job executing on host: <128.83.139.145:9618?addrs=128.83.139.145-9618&alias=angrist-18.cs.utexas.edu&noUDP&sock=startd_1595_9da5>
...
006 (984671.000.000) 2024-04-26 11:01:42 Image size of job updated: 127488
	101  -  MemoryUsage of job (MB)
	102496  -  ResidentSetSize of job (KB)
...
006 (984671.000.000) 2024-04-26 11:06:43 Image size of job updated: 129288
	102  -  MemoryUsage of job (MB)
	104172  -  ResidentSetSize of job (KB)
...
006 (984671.000.000) 2024-04-26 11:07:03 Image size of job updated: 129416
	102  -  MemoryUsage of job (MB)
	104172  -  ResidentSetSize of job (KB)
...
005 (984671.000.000) 2024-04-26 11:07:03 Job terminated.
	(1) Normal termination (return value 0)
		Usr 0 00:05:29, Sys 0 00:00:00  -  Run Remote Usage
		Usr 0 00:00:00, Sys 0 00:00:00  -  Run Local Usage
		Usr 0 00:05:29, Sys 0 00:00:00  -  Total Remote Usage
		Usr 0 00:00:00, Sys 0 00:00:00  -  Total Local Usage
	0  -  Run Bytes Sent By Job
	0  -  Run Bytes Received By Job
	0  -  Total Bytes Sent By Job
	0  -  Total Bytes Received By Job
	Partitionable Resources :    Usage  Request Allocated 
	   Cpus                 :     1.00        1         1 
	   Disk (KB)            :     1           1  10853596 
	   Memory (MB)          :   102           1      4026 

	Job terminated of its own accord at 2024-04-26T16:07:03Z.
...
000 (984724.000.000) 2024-04-26 11:13:53 Job submitted from host: <128.83.120.183:9618?addrs=128.83.120.183-9618&alias=darmok.cs.utexas.edu&noUDP&sock=schedd_1353_9fba>
...
001 (984724.000.000) 2024-04-26 11:13:58 Job executing on host: <128.83.144.168:9618?addrs=128.83.144.168-9618&alias=angrist-10.cs.utexas.edu&noUDP&sock=startd_1611_9729>
...
006 (984724.000.000) 2024-04-26 11:14:06 Image size of job updated: 102480
	101  -  MemoryUsage of job (MB)
	102480  -  ResidentSetSize of job (KB)
...
006 (984724.000.000) 2024-04-26 11:19:06 Image size of job updated: 129288
	102  -  MemoryUsage of job (MB)
	104232  -  ResidentSetSize of job (KB)
...
005 (984724.000.000) 2024-04-26 11:19:12 Job terminated.
	(1) Normal termination (return value 0)
		Usr 0 00:05:13, Sys 0 00:00:00  -  Run Remote Usage
		Usr 0 00:00:00, Sys 0 00:00:00  -  Run Local Usage
		Usr 0 00:05:13, Sys 0 00:00:00  -  Total Remote Usage
		Usr 0 00:00:00, Sys 0 00:00:00  -  Total Local Usage
	0  -  Run Bytes Sent By Job
	0  -  Run Bytes Received By Job
	0  -  Total Bytes Sent By Job
	0  -  Total Bytes Received By Job
	Partitionable Resources :    Usage  Request Allocated 
	   Cpus                 :     1.00        1         1 
	   Disk (KB)            :     1           1  10853596 
	   Memory (MB)          :   102           1      4026 

	Job terminated of its own accord at 2024-04-26T16:19:12Z.
...
000 (984777.000.000) 2024-04-26 11:40:19 Job submitted from host: <128.83.120.183:9618?addrs=128.83.120.183-9618&alias=darmok.cs.utexas.edu&noUDP&sock=schedd_1353_9fba>
...
001 (984777.000.000) 2024-04-26 11:40:38 Job executing on host: <128.83.139.142:9618?addrs=128.83.139.142-9618&alias=angrist-15.cs.utexas.edu&noUDP&sock=startd_1598_ac6e>
...
006 (984777.000.000) 2024-04-26 11:40:46 Image size of job updated: 127612
	101  -  MemoryUsage of job (MB)
	102480  -  ResidentSetSize of job (KB)
...
006 (984777.000.000) 2024-04-26 11:43:16 Image size of job updated: 128380
	101  -  MemoryUsage of job (MB)
	102480  -  ResidentSetSize of job (KB)
...
005 (984777.000.000) 2024-04-26 11:43:16 Job terminated.
	(1) Normal termination (return value 0)
		Usr 0 00:02:37, Sys 0 00:00:00  -  Run Remote Usage
		Usr 0 00:00:00, Sys 0 00:00:00  -  Run Local Usage
		Usr 0 00:02:37, Sys 0 00:00:00  -  Total Remote Usage
		Usr 0 00:00:00, Sys 0 00:00:00  -  Total Local Usage
	0  -  Run Bytes Sent By Job
	0  -  Run Bytes Received By Job
	0  -  Total Bytes Sent By Job
	0  -  Total Bytes Received By Job
	Partitionable Resources :    Usage  Request Allocated 
	   Cpus                 :                 1         1 
	   Disk (KB)            :        1        1  10853596 
	   Memory (MB)          :      101        1      4026 

	Job terminated of its own accord at 2024-04-26T16:43:16Z.
...
