000 (984661.000.000) 2024-04-26 11:01:12 Job submitted from host: <128.83.120.183:9618?addrs=128.83.120.183-9618&alias=darmok.cs.utexas.edu&noUDP&sock=schedd_1353_9fba>
...
001 (984661.000.000) 2024-04-26 11:01:33 Job executing on host: <128.83.139.145:9618?addrs=128.83.139.145-9618&alias=angrist-18.cs.utexas.edu&noUDP&sock=startd_1595_9da5>
...
006 (984661.000.000) 2024-04-26 11:01:41 Image size of job updated: 140556
	116  -  MemoryUsage of job (MB)
	118768  -  ResidentSetSize of job (KB)
...
006 (984661.000.000) 2024-04-26 11:06:41 Image size of job updated: 145164
	118  -  MemoryUsage of job (MB)
	120008  -  ResidentSetSize of job (KB)
...
005 (984661.000.000) 2024-04-26 11:08:28 Job terminated.
	(1) Normal termination (return value 0)
		Usr 0 00:06:55, Sys 0 00:00:00  -  Run Remote Usage
		Usr 0 00:00:00, Sys 0 00:00:00  -  Run Local Usage
		Usr 0 00:06:55, Sys 0 00:00:00  -  Total Remote Usage
		Usr 0 00:00:00, Sys 0 00:00:00  -  Total Local Usage
	0  -  Run Bytes Sent By Job
	0  -  Run Bytes Received By Job
	0  -  Total Bytes Sent By Job
	0  -  Total Bytes Received By Job
	Partitionable Resources :    Usage  Request Allocated 
	   Cpus                 :     1.00        1         1 
	   Disk (KB)            :     1           1  10853596 
	   Memory (MB)          :   118           1      4026 

	Job terminated of its own accord at 2024-04-26T16:08:28Z.
...
000 (984714.000.000) 2024-04-26 11:13:51 Job submitted from host: <128.83.120.183:9618?addrs=128.83.120.183-9618&alias=darmok.cs.utexas.edu&noUDP&sock=schedd_1353_9fba>
...
001 (984714.000.000) 2024-04-26 11:13:57 Job executing on host: <128.83.139.147:9618?addrs=128.83.139.147-9618&alias=angrist-20.cs.utexas.edu&noUDP&sock=startd_1592_8edc>
...
006 (984714.000.000) 2024-04-26 11:14:06 Image size of job updated: 140556
	116  -  MemoryUsage of job (MB)
	118772  -  ResidentSetSize of job (KB)
...
006 (984714.000.000) 2024-04-26 11:19:07 Image size of job updated: 145164
	118  -  MemoryUsage of job (MB)
	120008  -  ResidentSetSize of job (KB)
...
005 (984714.000.000) 2024-04-26 11:21:09 Job terminated.
	(1) Normal termination (return value 0)
		Usr 0 00:07:11, Sys 0 00:00:00  -  Run Remote Usage
		Usr 0 00:00:00, Sys 0 00:00:00  -  Run Local Usage
		Usr 0 00:07:11, Sys 0 00:00:00  -  Total Remote Usage
		Usr 0 00:00:00, Sys 0 00:00:00  -  Total Local Usage
	0  -  Run Bytes Sent By Job
	0  -  Run Bytes Received By Job
	0  -  Total Bytes Sent By Job
	0  -  Total Bytes Received By Job
	Partitionable Resources :    Usage  Request Allocated 
	   Cpus                 :     1.00        1         1 
	   Disk (KB)            :     1           1  10853596 
	   Memory (MB)          :   118           1      4026 

	Job terminated of its own accord at 2024-04-26T16:21:09Z.
...
000 (984767.000.000) 2024-04-26 11:40:17 Job submitted from host: <128.83.120.183:9618?addrs=128.83.120.183-9618&alias=darmok.cs.utexas.edu&noUDP&sock=schedd_1353_9fba>
...
001 (984767.000.000) 2024-04-26 11:40:37 Job executing on host: <128.83.139.143:9618?addrs=128.83.139.143-9618&alias=angrist-16.cs.utexas.edu&noUDP&sock=startd_1598_ac6e>
...
006 (984767.000.000) 2024-04-26 11:40:46 Image size of job updated: 143856
	116  -  MemoryUsage of job (MB)
	118772  -  ResidentSetSize of job (KB)
...
006 (984767.000.000) 2024-04-26 11:44:13 Image size of job updated: 145040
	116  -  MemoryUsage of job (MB)
	118772  -  ResidentSetSize of job (KB)
...
005 (984767.000.000) 2024-04-26 11:44:13 Job terminated.
	(1) Normal termination (return value 0)
		Usr 0 00:03:35, Sys 0 00:00:00  -  Run Remote Usage
		Usr 0 00:00:00, Sys 0 00:00:00  -  Run Local Usage
		Usr 0 00:03:35, Sys 0 00:00:00  -  Total Remote Usage
		Usr 0 00:00:00, Sys 0 00:00:00  -  Total Local Usage
	0  -  Run Bytes Sent By Job
	0  -  Run Bytes Received By Job
	0  -  Total Bytes Sent By Job
	0  -  Total Bytes Received By Job
	Partitionable Resources :    Usage  Request Allocated 
	   Cpus                 :                 1         1 
	   Disk (KB)            :        1        1  10853596 
	   Memory (MB)          :      116        1      4026 

	Job terminated of its own accord at 2024-04-26T16:44:13Z.
...
