000 (984675.000.000) 2024-04-26 11:01:14 Job submitted from host: <128.83.120.183:9618?addrs=128.83.120.183-9618&alias=darmok.cs.utexas.edu&noUDP&sock=schedd_1353_9fba>
...
001 (984675.000.000) 2024-04-26 11:01:33 Job executing on host: <128.83.139.147:9618?addrs=128.83.139.147-9618&alias=angrist-20.cs.utexas.edu&noUDP&sock=startd_1592_8edc>
...
006 (984675.000.000) 2024-04-26 11:01:42 Image size of job updated: 124188
	97  -  MemoryUsage of job (MB)
	99160  -  ResidentSetSize of job (KB)
...
006 (984675.000.000) 2024-04-26 11:06:42 Image size of job updated: 163520
	136  -  MemoryUsage of job (MB)
	138416  -  ResidentSetSize of job (KB)
...
006 (984675.000.000) 2024-04-26 11:11:42 Image size of job updated: 170220
	142  -  MemoryUsage of job (MB)
	145184  -  ResidentSetSize of job (KB)
...
006 (984675.000.000) 2024-04-26 11:12:34 Image size of job updated: 171536
	142  -  MemoryUsage of job (MB)
	145184  -  ResidentSetSize of job (KB)
...
005 (984675.000.000) 2024-04-26 11:12:34 Job terminated.
	(1) Normal termination (return value 0)
		Usr 0 00:11:00, Sys 0 00:00:00  -  Run Remote Usage
		Usr 0 00:00:00, Sys 0 00:00:00  -  Run Local Usage
		Usr 0 00:11:00, Sys 0 00:00:00  -  Total Remote Usage
		Usr 0 00:00:00, Sys 0 00:00:00  -  Total Local Usage
	0  -  Run Bytes Sent By Job
	0  -  Run Bytes Received By Job
	0  -  Total Bytes Sent By Job
	0  -  Total Bytes Received By Job
	Partitionable Resources :    Usage  Request Allocated 
	   Cpus                 :     1.00        1         1 
	   Disk (KB)            :     1           1  10853596 
	   Memory (MB)          :   142           1      4026 

	Job terminated of its own accord at 2024-04-26T16:12:34Z.
...
000 (984728.000.000) 2024-04-26 11:13:53 Job submitted from host: <128.83.120.183:9618?addrs=128.83.120.183-9618&alias=darmok.cs.utexas.edu&noUDP&sock=schedd_1353_9fba>
...
001 (984728.000.000) 2024-04-26 11:13:58 Job executing on host: <128.83.139.145:9618?addrs=128.83.139.145-9618&alias=angrist-18.cs.utexas.edu&noUDP&sock=startd_1595_9da5>
...
006 (984728.000.000) 2024-04-26 11:14:07 Image size of job updated: 99160
	97  -  MemoryUsage of job (MB)
	99160  -  ResidentSetSize of job (KB)
...
006 (984728.000.000) 2024-04-26 11:19:08 Image size of job updated: 163516
	136  -  MemoryUsage of job (MB)
	138412  -  ResidentSetSize of job (KB)
...
006 (984728.000.000) 2024-04-26 11:24:09 Image size of job updated: 170344
	143  -  MemoryUsage of job (MB)
	145608  -  ResidentSetSize of job (KB)
...
006 (984728.000.000) 2024-04-26 11:24:45 Image size of job updated: 171532
	143  -  MemoryUsage of job (MB)
	145608  -  ResidentSetSize of job (KB)
...
005 (984728.000.000) 2024-04-26 11:24:45 Job terminated.
	(1) Normal termination (return value 0)
		Usr 0 00:10:46, Sys 0 00:00:00  -  Run Remote Usage
		Usr 0 00:00:00, Sys 0 00:00:00  -  Run Local Usage
		Usr 0 00:10:46, Sys 0 00:00:00  -  Total Remote Usage
		Usr 0 00:00:00, Sys 0 00:00:00  -  Total Local Usage
	0  -  Run Bytes Sent By Job
	0  -  Run Bytes Received By Job
	0  -  Total Bytes Sent By Job
	0  -  Total Bytes Received By Job
	Partitionable Resources :    Usage  Request Allocated 
	   Cpus                 :     1.00        1         1 
	   Disk (KB)            :     1           1  10853596 
	   Memory (MB)          :   143           1      4026 

	Job terminated of its own accord at 2024-04-26T16:24:45Z.
...
000 (984781.000.000) 2024-04-26 11:40:19 Job submitted from host: <128.83.120.183:9618?addrs=128.83.120.183-9618&alias=darmok.cs.utexas.edu&noUDP&sock=schedd_1353_9fba>
...
001 (984781.000.000) 2024-04-26 11:40:38 Job executing on host: <128.83.139.145:9618?addrs=128.83.139.145-9618&alias=angrist-18.cs.utexas.edu&noUDP&sock=startd_1595_9da5>
...
006 (984781.000.000) 2024-04-26 11:40:47 Image size of job updated: 124184
	97  -  MemoryUsage of job (MB)
	99160  -  ResidentSetSize of job (KB)
...
006 (984781.000.000) 2024-04-26 11:45:28 Image size of job updated: 163348
	97  -  MemoryUsage of job (MB)
	99160  -  ResidentSetSize of job (KB)
...
005 (984781.000.000) 2024-04-26 11:45:28 Job terminated.
	(1) Normal termination (return value 0)
		Usr 0 00:04:49, Sys 0 00:00:00  -  Run Remote Usage
		Usr 0 00:00:00, Sys 0 00:00:00  -  Run Local Usage
		Usr 0 00:04:49, Sys 0 00:00:00  -  Total Remote Usage
		Usr 0 00:00:00, Sys 0 00:00:00  -  Total Local Usage
	0  -  Run Bytes Sent By Job
	0  -  Run Bytes Received By Job
	0  -  Total Bytes Sent By Job
	0  -  Total Bytes Received By Job
	Partitionable Resources :    Usage  Request Allocated 
	   Cpus                 :     1.00        1         1 
	   Disk (KB)            :     1           1  10853596 
	   Memory (MB)          :    97           1      4026 

	Job terminated of its own accord at 2024-04-26T16:45:28Z.
...
