000 (984677.000.000) 2024-04-26 11:01:14 Job submitted from host: <128.83.120.183:9618?addrs=128.83.120.183-9618&alias=darmok.cs.utexas.edu&noUDP&sock=schedd_1353_9fba>
...
001 (984677.000.000) 2024-04-26 11:01:34 Job executing on host: <128.83.144.168:9618?addrs=128.83.144.168-9618&alias=angrist-10.cs.utexas.edu&noUDP&sock=startd_1611_9729>
...
006 (984677.000.000) 2024-04-26 11:01:42 Image size of job updated: 108236
	106  -  MemoryUsage of job (MB)
	108236  -  ResidentSetSize of job (KB)
...
006 (984677.000.000) 2024-04-26 11:06:42 Image size of job updated: 160992
	133  -  MemoryUsage of job (MB)
	135924  -  ResidentSetSize of job (KB)
...
006 (984677.000.000) 2024-04-26 11:10:25 Image size of job updated: 161120
	133  -  MemoryUsage of job (MB)
	135924  -  ResidentSetSize of job (KB)
...
005 (984677.000.000) 2024-04-26 11:10:25 Job terminated.
	(1) Normal termination (return value 0)
		Usr 0 00:08:51, Sys 0 00:00:00  -  Run Remote Usage
		Usr 0 00:00:00, Sys 0 00:00:00  -  Run Local Usage
		Usr 0 00:08:51, Sys 0 00:00:00  -  Total Remote Usage
		Usr 0 00:00:00, Sys 0 00:00:00  -  Total Local Usage
	0  -  Run Bytes Sent By Job
	0  -  Run Bytes Received By Job
	0  -  Total Bytes Sent By Job
	0  -  Total Bytes Received By Job
	Partitionable Resources :    Usage  Request Allocated 
	   Cpus                 :     1.00        1         1 
	   Disk (KB)            :     1           1  10853596 
	   Memory (MB)          :   133           1      4026 

	Job terminated of its own accord at 2024-04-26T16:10:25Z.
...
000 (984730.000.000) 2024-04-26 11:13:53 Job submitted from host: <128.83.120.183:9618?addrs=128.83.120.183-9618&alias=darmok.cs.utexas.edu&noUDP&sock=schedd_1353_9fba>
...
001 (984730.000.000) 2024-04-26 11:13:59 Job executing on host: <128.83.139.142:9618?addrs=128.83.139.142-9618&alias=angrist-15.cs.utexas.edu&noUDP&sock=startd_1598_ac6e>
...
006 (984730.000.000) 2024-04-26 11:14:08 Image size of job updated: 124056
	106  -  MemoryUsage of job (MB)
	108268  -  ResidentSetSize of job (KB)
...
006 (984730.000.000) 2024-04-26 11:19:09 Image size of job updated: 160996
	133  -  MemoryUsage of job (MB)
	135932  -  ResidentSetSize of job (KB)
...
006 (984730.000.000) 2024-04-26 11:23:25 Image size of job updated: 161124
	133  -  MemoryUsage of job (MB)
	135932  -  ResidentSetSize of job (KB)
...
005 (984730.000.000) 2024-04-26 11:23:25 Job terminated.
	(1) Normal termination (return value 0)
		Usr 0 00:09:25, Sys 0 00:00:00  -  Run Remote Usage
		Usr 0 00:00:00, Sys 0 00:00:00  -  Run Local Usage
		Usr 0 00:09:25, Sys 0 00:00:00  -  Total Remote Usage
		Usr 0 00:00:00, Sys 0 00:00:00  -  Total Local Usage
	0  -  Run Bytes Sent By Job
	0  -  Run Bytes Received By Job
	0  -  Total Bytes Sent By Job
	0  -  Total Bytes Received By Job
	Partitionable Resources :    Usage  Request Allocated 
	   Cpus                 :     1.00        1         1 
	   Disk (KB)            :     1           1  10853596 
	   Memory (MB)          :   133           1      4026 

	Job terminated of its own accord at 2024-04-26T16:23:25Z.
...
000 (984783.000.000) 2024-04-26 11:40:20 Job submitted from host: <128.83.120.183:9618?addrs=128.83.120.183-9618&alias=darmok.cs.utexas.edu&noUDP&sock=schedd_1353_9fba>
...
001 (984783.000.000) 2024-04-26 11:40:38 Job executing on host: <128.83.139.141:9618?addrs=128.83.139.141-9618&alias=angrist-14.cs.utexas.edu&noUDP&sock=startd_1625_317d>
...
006 (984783.000.000) 2024-04-26 11:40:47 Image size of job updated: 124052
	107  -  MemoryUsage of job (MB)
	108732  -  ResidentSetSize of job (KB)
...
006 (984783.000.000) 2024-04-26 11:45:13 Image size of job updated: 161120
	107  -  MemoryUsage of job (MB)
	108732  -  ResidentSetSize of job (KB)
...
005 (984783.000.000) 2024-04-26 11:45:13 Job terminated.
	(1) Normal termination (return value 0)
		Usr 0 00:04:33, Sys 0 00:00:00  -  Run Remote Usage
		Usr 0 00:00:00, Sys 0 00:00:00  -  Run Local Usage
		Usr 0 00:04:33, Sys 0 00:00:00  -  Total Remote Usage
		Usr 0 00:00:00, Sys 0 00:00:00  -  Total Local Usage
	0  -  Run Bytes Sent By Job
	0  -  Run Bytes Received By Job
	0  -  Total Bytes Sent By Job
	0  -  Total Bytes Received By Job
	Partitionable Resources :    Usage  Request Allocated 
	   Cpus                 :     1.00        1         1 
	   Disk (KB)            :     1           1  10853596 
	   Memory (MB)          :   107           1      4026 

	Job terminated of its own accord at 2024-04-26T16:45:13Z.
...
