000 (981195.000.000) 2024-04-25 16:48:30 Job submitted from host: <128.83.120.183:9618?addrs=128.83.120.183-9618&alias=darmok.cs.utexas.edu&noUDP&sock=schedd_1353_9fba>
...
001 (981195.000.000) 2024-04-25 16:48:44 Job executing on host: <128.83.139.143:9618?addrs=128.83.139.143-9618&alias=angrist-16.cs.utexas.edu&noUDP&sock=startd_1598_ac6e>
...
006 (981195.000.000) 2024-04-25 16:48:52 Image size of job updated: 37044
	13  -  MemoryUsage of job (MB)
	12412  -  ResidentSetSize of job (KB)
...
006 (981195.000.000) 2024-04-25 16:49:25 Image size of job updated: 37176
	13  -  MemoryUsage of job (MB)
	12412  -  ResidentSetSize of job (KB)
...
004 (981195.000.000) 2024-04-25 16:49:26 Job was evicted.
	(0) CPU times
		Usr 0 00:00:40, Sys 0 00:00:00  -  Run Remote Usage
		Usr 0 00:00:00, Sys 0 00:00:00  -  Run Local Usage
	0  -  Run Bytes Sent By Job
	0  -  Run Bytes Received By Job
	Partitionable Resources :    Usage  Request Allocated 
	   Cpus                 :                 1         1 
	   Disk (KB)            :        1        1  10853596 
	   Memory (MB)          :       13        1      4026 
...
009 (981195.000.000) 2024-04-25 16:49:34 Job was aborted.
	via condor_rm (by user sahilsc)
...
000 (981884.000.000) 2024-04-25 16:54:26 Job submitted from host: <128.83.120.183:9618?addrs=128.83.120.183-9618&alias=darmok.cs.utexas.edu&noUDP&sock=schedd_1353_9fba>
...
001 (981884.000.000) 2024-04-25 16:54:27 Job executing on host: <128.83.139.141:9618?addrs=128.83.139.141-9618&alias=angrist-14.cs.utexas.edu&noUDP&sock=startd_1625_317d>
...
006 (981884.000.000) 2024-04-25 16:54:35 Image size of job updated: 12412
	13  -  MemoryUsage of job (MB)
	12412  -  ResidentSetSize of job (KB)
...
006 (981884.000.000) 2024-04-25 16:59:35 Image size of job updated: 37300
	13  -  MemoryUsage of job (MB)
	12680  -  ResidentSetSize of job (KB)
...
005 (981884.000.000) 2024-04-25 16:59:37 Job terminated.
	(1) Normal termination (return value 0)
		Usr 0 00:05:10, Sys 0 00:00:00  -  Run Remote Usage
		Usr 0 00:00:00, Sys 0 00:00:00  -  Run Local Usage
		Usr 0 00:05:10, Sys 0 00:00:00  -  Total Remote Usage
		Usr 0 00:00:00, Sys 0 00:00:00  -  Total Local Usage
	0  -  Run Bytes Sent By Job
	0  -  Run Bytes Received By Job
	0  -  Total Bytes Sent By Job
	0  -  Total Bytes Received By Job
	Partitionable Resources :    Usage  Request Allocated 
	   Cpus                 :     1.00        1         1 
	   Disk (KB)            :     1           1  10853596 
	   Memory (MB)          :    13           1      4026 

	Job terminated of its own accord at 2024-04-25T21:59:37Z.
...
