000 (981228.000.000) 2024-04-25 16:48:35 Job submitted from host: <128.83.120.183:9618?addrs=128.83.120.183-9618&alias=darmok.cs.utexas.edu&noUDP&sock=schedd_1353_9fba>
...
001 (981228.000.000) 2024-04-25 16:48:46 Job executing on host: <128.83.139.145:9618?addrs=128.83.139.145-9618&alias=angrist-18.cs.utexas.edu&noUDP&sock=startd_1595_9da5>
...
006 (981228.000.000) 2024-04-25 16:48:55 Image size of job updated: 37040
	13  -  MemoryUsage of job (MB)
	12516  -  ResidentSetSize of job (KB)
...
006 (981228.000.000) 2024-04-25 16:49:24 Image size of job updated: 37424
	13  -  MemoryUsage of job (MB)
	12516  -  ResidentSetSize of job (KB)
...
004 (981228.000.000) 2024-04-25 16:49:25 Job was evicted.
	(0) CPU times
		Usr 0 00:00:38, Sys 0 00:00:00  -  Run Remote Usage
		Usr 0 00:00:00, Sys 0 00:00:00  -  Run Local Usage
	0  -  Run Bytes Sent By Job
	0  -  Run Bytes Received By Job
	Partitionable Resources :    Usage  Request Allocated 
	   Cpus                 :                 1         1 
	   Disk (KB)            :        1        1  10853596 
	   Memory (MB)          :       13        1      4026 
...
009 (981228.000.000) 2024-04-25 16:49:35 Job was aborted.
	via condor_rm (by user sahilsc)
...
000 (981917.000.000) 2024-04-25 16:54:30 Job submitted from host: <128.83.120.183:9618?addrs=128.83.120.183-9618&alias=darmok.cs.utexas.edu&noUDP&sock=schedd_1353_9fba>
...
001 (981917.000.000) 2024-04-25 16:54:49 Job executing on host: <128.83.130.161:9618?addrs=128.83.130.161-9618&alias=oliphaunt-2.cs.utexas.edu&noUDP&sock=startd_1594_ee0d>
...
006 (981917.000.000) 2024-04-25 16:54:57 Image size of job updated: 37044
	13  -  MemoryUsage of job (MB)
	12384  -  ResidentSetSize of job (KB)
...
006 (981917.000.000) 2024-04-25 16:59:57 Image size of job updated: 37560
	13  -  MemoryUsage of job (MB)
	12880  -  ResidentSetSize of job (KB)
...
005 (981917.000.000) 2024-04-25 17:00:22 Job terminated.
	(1) Normal termination (return value 0)
		Usr 0 00:05:32, Sys 0 00:00:00  -  Run Remote Usage
		Usr 0 00:00:00, Sys 0 00:00:00  -  Run Local Usage
		Usr 0 00:05:32, Sys 0 00:00:00  -  Total Remote Usage
		Usr 0 00:00:00, Sys 0 00:00:00  -  Total Local Usage
	0  -  Run Bytes Sent By Job
	0  -  Run Bytes Received By Job
	0  -  Total Bytes Sent By Job
	0  -  Total Bytes Received By Job
	Partitionable Resources :    Usage  Request Allocated 
	   Cpus                 :     1.00        1         1 
	   Disk (KB)            :     1           1  18498544 
	   Memory (MB)          :    13           1     24186 

	Job terminated of its own accord at 2024-04-25T22:00:22Z.
...
