000 (981193.000.000) 2024-04-25 16:48:29 Job submitted from host: <128.83.120.183:9618?addrs=128.83.120.183-9618&alias=darmok.cs.utexas.edu&noUDP&sock=schedd_1353_9fba>
...
001 (981193.000.000) 2024-04-25 16:48:44 Job executing on host: <128.83.144.240:9618?addrs=128.83.144.240-9618&alias=angrist-13.cs.utexas.edu&noUDP&sock=startd_1643_8a31>
...
006 (981193.000.000) 2024-04-25 16:48:53 Image size of job updated: 37692
	13  -  MemoryUsage of job (MB)
	13136  -  ResidentSetSize of job (KB)
...
006 (981193.000.000) 2024-04-25 16:49:25 Image size of job updated: 39624
	13  -  MemoryUsage of job (MB)
	13136  -  ResidentSetSize of job (KB)
...
004 (981193.000.000) 2024-04-25 16:49:31 Job was evicted.
	(0) CPU times
		Usr 0 00:00:41, Sys 0 00:00:00  -  Run Remote Usage
		Usr 0 00:00:00, Sys 0 00:00:00  -  Run Local Usage
	0  -  Run Bytes Sent By Job
	0  -  Run Bytes Received By Job
	Partitionable Resources :    Usage  Request Allocated 
	   Cpus                 :                 1         1 
	   Disk (KB)            :        1        1  10853596 
	   Memory (MB)          :       13        1      4026 
...
009 (981193.000.000) 2024-04-25 16:49:35 Job was aborted.
	via condor_rm (by user sahilsc)
...
000 (981882.000.000) 2024-04-25 16:54:24 Job submitted from host: <128.83.120.183:9618?addrs=128.83.120.183-9618&alias=darmok.cs.utexas.edu&noUDP&sock=schedd_1353_9fba>
...
001 (981882.000.000) 2024-04-25 16:54:26 Job executing on host: <128.83.144.89:9618?addrs=128.83.144.89-9618&alias=fellbeast-4.cs.utexas.edu&noUDP&sock=startd_7065_94b1>
...
006 (981882.000.000) 2024-04-25 16:54:34 Image size of job updated: 38208
	15  -  MemoryUsage of job (MB)
	14736  -  ResidentSetSize of job (KB)
...
006 (981882.000.000) 2024-04-25 16:59:34 Image size of job updated: 39884
	15  -  MemoryUsage of job (MB)
	15260  -  ResidentSetSize of job (KB)
...
006 (981882.000.000) 2024-04-25 17:01:09 Image size of job updated: 39992
	15  -  MemoryUsage of job (MB)
	15260  -  ResidentSetSize of job (KB)
...
005 (981882.000.000) 2024-04-25 17:01:10 Job terminated.
	(1) Normal termination (return value 0)
		Usr 0 00:06:43, Sys 0 00:00:00  -  Run Remote Usage
		Usr 0 00:00:00, Sys 0 00:00:00  -  Run Local Usage
		Usr 0 00:06:43, Sys 0 00:00:00  -  Total Remote Usage
		Usr 0 00:00:00, Sys 0 00:00:00  -  Total Local Usage
	0  -  Run Bytes Sent By Job
	0  -  Run Bytes Received By Job
	0  -  Total Bytes Sent By Job
	0  -  Total Bytes Received By Job
	Partitionable Resources :    Usage  Request Allocated 
	   Cpus                 :     1.00        1         1 
	   Disk (KB)            :     1           1   1592191 
	   Memory (MB)          :    15           1      3220 

	Job terminated of its own accord at 2024-04-25T22:01:09Z.
...
