000 (981230.000.000) 2024-04-25 16:48:35 Job submitted from host: <128.83.120.183:9618?addrs=128.83.120.183-9618&alias=darmok.cs.utexas.edu&noUDP&sock=schedd_1353_9fba>
...
001 (981230.000.000) 2024-04-25 16:48:47 Job executing on host: <128.83.139.141:9618?addrs=128.83.139.141-9618&alias=angrist-14.cs.utexas.edu&noUDP&sock=startd_1625_317d>
...
006 (981230.000.000) 2024-04-25 16:48:56 Image size of job updated: 37040
	13  -  MemoryUsage of job (MB)
	12488  -  ResidentSetSize of job (KB)
...
006 (981230.000.000) 2024-04-25 16:49:25 Image size of job updated: 37428
	13  -  MemoryUsage of job (MB)
	12488  -  ResidentSetSize of job (KB)
...
004 (981230.000.000) 2024-04-25 16:49:29 Job was evicted.
	(0) CPU times
		Usr 0 00:00:37, Sys 0 00:00:00  -  Run Remote Usage
		Usr 0 00:00:00, Sys 0 00:00:00  -  Run Local Usage
	0  -  Run Bytes Sent By Job
	0  -  Run Bytes Received By Job
	Partitionable Resources :    Usage  Request Allocated 
	   Cpus                 :                 1         1 
	   Disk (KB)            :        1        1  10853596 
	   Memory (MB)          :       13        1      4026 
...
009 (981230.000.000) 2024-04-25 16:49:36 Job was aborted.
	via condor_rm (by user sahilsc)
...
000 (981919.000.000) 2024-04-25 16:54:31 Job submitted from host: <128.83.120.183:9618?addrs=128.83.120.183-9618&alias=darmok.cs.utexas.edu&noUDP&sock=schedd_1353_9fba>
...
001 (981919.000.000) 2024-04-25 16:54:49 Job executing on host: <128.83.130.161:9618?addrs=128.83.130.161-9618&alias=oliphaunt-2.cs.utexas.edu&noUDP&sock=startd_1594_ee0d>
...
006 (981919.000.000) 2024-04-25 16:54:58 Image size of job updated: 37044
	13  -  MemoryUsage of job (MB)
	12468  -  ResidentSetSize of job (KB)
...
006 (981919.000.000) 2024-04-25 16:59:34 Image size of job updated: 37560
	13  -  MemoryUsage of job (MB)
	12468  -  ResidentSetSize of job (KB)
...
005 (981919.000.000) 2024-04-25 16:59:35 Job terminated.
	(1) Normal termination (return value 0)
		Usr 0 00:04:45, Sys 0 00:00:00  -  Run Remote Usage
		Usr 0 00:00:00, Sys 0 00:00:00  -  Run Local Usage
		Usr 0 00:04:45, Sys 0 00:00:00  -  Total Remote Usage
		Usr 0 00:00:00, Sys 0 00:00:00  -  Total Local Usage
	0  -  Run Bytes Sent By Job
	0  -  Run Bytes Received By Job
	0  -  Total Bytes Sent By Job
	0  -  Total Bytes Received By Job
	Partitionable Resources :    Usage  Request Allocated 
	   Cpus                 :     1.00        1         1 
	   Disk (KB)            :     1           1  18498544 
	   Memory (MB)          :    13           1     24186 

	Job terminated of its own accord at 2024-04-25T21:59:34Z.
...
