000 (981243.000.000) 2024-04-25 16:48:37 Job submitted from host: <128.83.120.183:9618?addrs=128.83.120.183-9618&alias=darmok.cs.utexas.edu&noUDP&sock=schedd_1353_9fba>
...
001 (981243.000.000) 2024-04-25 16:48:47 Job executing on host: <128.83.139.143:9618?addrs=128.83.139.143-9618&alias=angrist-16.cs.utexas.edu&noUDP&sock=startd_1598_ac6e>
...
006 (981243.000.000) 2024-04-25 16:48:56 Image size of job updated: 12436
	13  -  MemoryUsage of job (MB)
	12436  -  ResidentSetSize of job (KB)
...
006 (981243.000.000) 2024-04-25 16:49:25 Image size of job updated: 37048
	13  -  MemoryUsage of job (MB)
	12436  -  ResidentSetSize of job (KB)
...
004 (981243.000.000) 2024-04-25 16:49:28 Job was evicted.
	(0) CPU times
		Usr 0 00:00:37, Sys 0 00:00:00  -  Run Remote Usage
		Usr 0 00:00:00, Sys 0 00:00:00  -  Run Local Usage
	0  -  Run Bytes Sent By Job
	0  -  Run Bytes Received By Job
	Partitionable Resources :    Usage  Request Allocated 
	   Cpus                 :                 1         1 
	   Disk (KB)            :        1        1  10853596 
	   Memory (MB)          :       13        1      4026 
...
009 (981243.000.000) 2024-04-25 16:49:32 Job was aborted.
	via condor_rm (by user sahilsc)
...
000 (981932.000.000) 2024-04-25 16:54:33 Job submitted from host: <128.83.120.183:9618?addrs=128.83.120.183-9618&alias=darmok.cs.utexas.edu&noUDP&sock=schedd_1353_9fba>
...
001 (981932.000.000) 2024-04-25 16:54:49 Job executing on host: <128.83.144.240:9618?addrs=128.83.144.240-9618&alias=angrist-13.cs.utexas.edu&noUDP&sock=startd_1643_8a31>
...
006 (981932.000.000) 2024-04-25 16:54:58 Image size of job updated: 37044
	13  -  MemoryUsage of job (MB)
	12428  -  ResidentSetSize of job (KB)
...
006 (981932.000.000) 2024-04-25 16:57:11 Image size of job updated: 37176
	13  -  MemoryUsage of job (MB)
	12428  -  ResidentSetSize of job (KB)
...
005 (981932.000.000) 2024-04-25 16:57:11 Job terminated.
	(1) Normal termination (return value 0)
		Usr 0 00:02:21, Sys 0 00:00:00  -  Run Remote Usage
		Usr 0 00:00:00, Sys 0 00:00:00  -  Run Local Usage
		Usr 0 00:02:21, Sys 0 00:00:00  -  Total Remote Usage
		Usr 0 00:00:00, Sys 0 00:00:00  -  Total Local Usage
	0  -  Run Bytes Sent By Job
	0  -  Run Bytes Received By Job
	0  -  Total Bytes Sent By Job
	0  -  Total Bytes Received By Job
	Partitionable Resources :    Usage  Request Allocated 
	   Cpus                 :                 1         1 
	   Disk (KB)            :        1        1  10853596 
	   Memory (MB)          :       13        1      4026 

	Job terminated of its own accord at 2024-04-25T21:57:11Z.
...
