000 (981221.000.000) 2024-04-25 16:48:34 Job submitted from host: <128.83.120.183:9618?addrs=128.83.120.183-9618&alias=darmok.cs.utexas.edu&noUDP&sock=schedd_1353_9fba>
...
001 (981221.000.000) 2024-04-25 16:48:47 Job executing on host: <128.83.139.141:9618?addrs=128.83.139.141-9618&alias=angrist-14.cs.utexas.edu&noUDP&sock=startd_1625_317d>
...
006 (981221.000.000) 2024-04-25 16:48:55 Image size of job updated: 37168
	13  -  MemoryUsage of job (MB)
	12592  -  ResidentSetSize of job (KB)
...
006 (981221.000.000) 2024-04-25 16:49:25 Image size of job updated: 39760
	13  -  MemoryUsage of job (MB)
	12592  -  ResidentSetSize of job (KB)
...
004 (981221.000.000) 2024-04-25 16:49:26 Job was evicted.
	(0) CPU times
		Usr 0 00:00:37, Sys 0 00:00:00  -  Run Remote Usage
		Usr 0 00:00:00, Sys 0 00:00:00  -  Run Local Usage
	0  -  Run Bytes Sent By Job
	0  -  Run Bytes Received By Job
	Partitionable Resources :    Usage  Request Allocated 
	   Cpus                 :                 1         1 
	   Disk (KB)            :        1        1  10853596 
	   Memory (MB)          :       13        1      4026 
...
009 (981221.000.000) 2024-04-25 16:49:34 Job was aborted.
	via condor_rm (by user sahilsc)
...
000 (981910.000.000) 2024-04-25 16:54:29 Job submitted from host: <128.83.120.183:9618?addrs=128.83.120.183-9618&alias=darmok.cs.utexas.edu&noUDP&sock=schedd_1353_9fba>
...
001 (981910.000.000) 2024-04-25 16:54:46 Job executing on host: <128.83.139.147:9618?addrs=128.83.139.147-9618&alias=angrist-20.cs.utexas.edu&noUDP&sock=startd_1592_8edc>
...
006 (981910.000.000) 2024-04-25 16:54:55 Image size of job updated: 12568
	13  -  MemoryUsage of job (MB)
	12568  -  ResidentSetSize of job (KB)
...
006 (981910.000.000) 2024-04-25 16:59:56 Image size of job updated: 39884
	15  -  MemoryUsage of job (MB)
	15316  -  ResidentSetSize of job (KB)
...
006 (981910.000.000) 2024-04-25 17:04:19 Image size of job updated: 40124
	15  -  MemoryUsage of job (MB)
	15316  -  ResidentSetSize of job (KB)
...
005 (981910.000.000) 2024-04-25 17:04:19 Job terminated.
	(1) Normal termination (return value 0)
		Usr 0 00:09:32, Sys 0 00:00:00  -  Run Remote Usage
		Usr 0 00:00:00, Sys 0 00:00:00  -  Run Local Usage
		Usr 0 00:09:32, Sys 0 00:00:00  -  Total Remote Usage
		Usr 0 00:00:00, Sys 0 00:00:00  -  Total Local Usage
	0  -  Run Bytes Sent By Job
	0  -  Run Bytes Received By Job
	0  -  Total Bytes Sent By Job
	0  -  Total Bytes Received By Job
	Partitionable Resources :    Usage  Request Allocated 
	   Cpus                 :     1.00        1         1 
	   Disk (KB)            :     1           1  10853596 
	   Memory (MB)          :    15           1      4026 

	Job terminated of its own accord at 2024-04-25T22:04:19Z.
...
