000 (981211.000.000) 2024-04-25 16:48:33 Job submitted from host: <128.83.120.183:9618?addrs=128.83.120.183-9618&alias=darmok.cs.utexas.edu&noUDP&sock=schedd_1353_9fba>
...
001 (981211.000.000) 2024-04-25 16:48:45 Job executing on host: <128.83.139.145:9618?addrs=128.83.139.145-9618&alias=angrist-18.cs.utexas.edu&noUDP&sock=startd_1595_9da5>
...
006 (981211.000.000) 2024-04-25 16:48:54 Image size of job updated: 37036
	13  -  MemoryUsage of job (MB)
	12432  -  ResidentSetSize of job (KB)
...
006 (981211.000.000) 2024-04-25 16:49:24 Image size of job updated: 37164
	13  -  MemoryUsage of job (MB)
	12432  -  ResidentSetSize of job (KB)
...
004 (981211.000.000) 2024-04-25 16:49:25 Job was evicted.
	(0) CPU times
		Usr 0 00:00:39, Sys 0 00:00:00  -  Run Remote Usage
		Usr 0 00:00:00, Sys 0 00:00:00  -  Run Local Usage
	0  -  Run Bytes Sent By Job
	0  -  Run Bytes Received By Job
	Partitionable Resources :    Usage  Request Allocated 
	   Cpus                 :                 1         1 
	   Disk (KB)            :        1        1  10853596 
	   Memory (MB)          :       13        1      4026 
...
009 (981211.000.000) 2024-04-25 16:49:28 Job was aborted.
	via condor_rm (by user sahilsc)
...
000 (981900.000.000) 2024-04-25 16:54:28 Job submitted from host: <128.83.120.183:9618?addrs=128.83.120.183-9618&alias=darmok.cs.utexas.edu&noUDP&sock=schedd_1353_9fba>
...
001 (981900.000.000) 2024-04-25 16:54:41 Job executing on host: <128.83.144.87:9618?addrs=128.83.144.87-9618&alias=fellbeast-3.cs.utexas.edu&noUDP&sock=startd_3840_7fc3>
...
006 (981900.000.000) 2024-04-25 16:54:50 Image size of job updated: 37044
	13  -  MemoryUsage of job (MB)
	12452  -  ResidentSetSize of job (KB)
...
006 (981900.000.000) 2024-04-25 16:56:49 Image size of job updated: 37300
	13  -  MemoryUsage of job (MB)
	12452  -  ResidentSetSize of job (KB)
...
005 (981900.000.000) 2024-04-25 16:56:50 Job terminated.
	(1) Normal termination (return value 0)
		Usr 0 00:02:07, Sys 0 00:00:00  -  Run Remote Usage
		Usr 0 00:00:00, Sys 0 00:00:00  -  Run Local Usage
		Usr 0 00:02:07, Sys 0 00:00:00  -  Total Remote Usage
		Usr 0 00:00:00, Sys 0 00:00:00  -  Total Local Usage
	0  -  Run Bytes Sent By Job
	0  -  Run Bytes Received By Job
	0  -  Total Bytes Sent By Job
	0  -  Total Bytes Received By Job
	Partitionable Resources :    Usage  Request Allocated 
	   Cpus                 :     1.00        1         1 
	   Disk (KB)            :     1           1   1592191 
	   Memory (MB)          :    13           1      3220 

	Job terminated of its own accord at 2024-04-25T21:56:49Z.
...
