000 (981225.000.000) 2024-04-25 16:48:35 Job submitted from host: <128.83.120.183:9618?addrs=128.83.120.183-9618&alias=darmok.cs.utexas.edu&noUDP&sock=schedd_1353_9fba>
...
001 (981225.000.000) 2024-04-25 16:48:47 Job executing on host: <128.83.144.211:9618?addrs=128.83.144.211-9618&alias=angrist-12.cs.utexas.edu&noUDP&sock=startd_1592_8edc>
...
006 (981225.000.000) 2024-04-25 16:48:56 Image size of job updated: 37040
	14  -  MemoryUsage of job (MB)
	13776  -  ResidentSetSize of job (KB)
...
006 (981225.000.000) 2024-04-25 16:49:25 Image size of job updated: 38360
	14  -  MemoryUsage of job (MB)
	13776  -  ResidentSetSize of job (KB)
...
004 (981225.000.000) 2024-04-25 16:49:28 Job was evicted.
	(0) CPU times
		Usr 0 00:00:38, Sys 0 00:00:00  -  Run Remote Usage
		Usr 0 00:00:00, Sys 0 00:00:00  -  Run Local Usage
	0  -  Run Bytes Sent By Job
	0  -  Run Bytes Received By Job
	Partitionable Resources :    Usage  Request Allocated 
	   Cpus                 :                 1         1 
	   Disk (KB)            :        1        1  10853596 
	   Memory (MB)          :       14        1      4026 
...
009 (981225.000.000) 2024-04-25 16:49:35 Job was aborted.
	via condor_rm (by user sahilsc)
...
000 (981914.000.000) 2024-04-25 16:54:30 Job submitted from host: <128.83.120.183:9618?addrs=128.83.120.183-9618&alias=darmok.cs.utexas.edu&noUDP&sock=schedd_1353_9fba>
...
001 (981914.000.000) 2024-04-25 16:54:48 Job executing on host: <128.83.144.147:9618?addrs=128.83.144.147-9618&alias=oliphaunt-1.cs.utexas.edu&noUDP&sock=startd_1578_f489>
...
006 (981914.000.000) 2024-04-25 16:54:56 Image size of job updated: 38364
	14  -  MemoryUsage of job (MB)
	13780  -  ResidentSetSize of job (KB)
...
006 (981914.000.000) 2024-04-25 16:56:51 Image size of job updated: 38492
	14  -  MemoryUsage of job (MB)
	13780  -  ResidentSetSize of job (KB)
...
005 (981914.000.000) 2024-04-25 16:56:51 Job terminated.
	(1) Normal termination (return value 0)
		Usr 0 00:02:02, Sys 0 00:00:00  -  Run Remote Usage
		Usr 0 00:00:00, Sys 0 00:00:00  -  Run Local Usage
		Usr 0 00:02:02, Sys 0 00:00:00  -  Total Remote Usage
		Usr 0 00:00:00, Sys 0 00:00:00  -  Total Local Usage
	0  -  Run Bytes Sent By Job
	0  -  Run Bytes Received By Job
	0  -  Total Bytes Sent By Job
	0  -  Total Bytes Received By Job
	Partitionable Resources :    Usage  Request Allocated 
	   Cpus                 :     1.00        1         1 
	   Disk (KB)            :     1           1  18498544 
	   Memory (MB)          :    14           1     24186 

	Job terminated of its own accord at 2024-04-25T21:56:51Z.
...
