000 (981197.000.000) 2024-04-25 16:48:30 Job submitted from host: <128.83.120.183:9618?addrs=128.83.120.183-9618&alias=darmok.cs.utexas.edu&noUDP&sock=schedd_1353_9fba>
...
001 (981197.000.000) 2024-04-25 16:48:45 Job executing on host: <128.83.144.240:9618?addrs=128.83.144.240-9618&alias=angrist-13.cs.utexas.edu&noUDP&sock=startd_1643_8a31>
...
006 (981197.000.000) 2024-04-25 16:48:53 Image size of job updated: 37044
	13  -  MemoryUsage of job (MB)
	12400  -  ResidentSetSize of job (KB)
...
004 (981197.000.000) 2024-04-25 16:49:31 Job was evicted.
	(0) CPU times
		Usr 0 00:00:39, Sys 0 00:00:00  -  Run Remote Usage
		Usr 0 00:00:00, Sys 0 00:00:00  -  Run Local Usage
	0  -  Run Bytes Sent By Job
	0  -  Run Bytes Received By Job
	Partitionable Resources :    Usage  Request Allocated 
	   Cpus                 :                 1         1 
	   Disk (KB)            :        1        1  10853596 
	   Memory (MB)          :       13        1      4026 
...
009 (981197.000.000) 2024-04-25 16:49:37 Job was aborted.
	via condor_rm (by user sahilsc)
...
000 (981886.000.000) 2024-04-25 16:54:26 Job submitted from host: <128.83.120.183:9618?addrs=128.83.120.183-9618&alias=darmok.cs.utexas.edu&noUDP&sock=schedd_1353_9fba>
...
001 (981886.000.000) 2024-04-25 16:54:30 Job executing on host: <128.83.144.89:9618?addrs=128.83.144.89-9618&alias=fellbeast-4.cs.utexas.edu&noUDP&sock=startd_7065_94b1>
...
006 (981886.000.000) 2024-04-25 16:54:39 Image size of job updated: 37044
	13  -  MemoryUsage of job (MB)
	12408  -  ResidentSetSize of job (KB)
...
005 (981886.000.000) 2024-04-25 16:55:14 Job terminated.
	(1) Normal termination (return value 0)
		Usr 0 00:00:42, Sys 0 00:00:00  -  Run Remote Usage
		Usr 0 00:00:00, Sys 0 00:00:00  -  Run Local Usage
		Usr 0 00:00:42, Sys 0 00:00:00  -  Total Remote Usage
		Usr 0 00:00:00, Sys 0 00:00:00  -  Total Local Usage
	0  -  Run Bytes Sent By Job
	0  -  Run Bytes Received By Job
	0  -  Total Bytes Sent By Job
	0  -  Total Bytes Received By Job
	Partitionable Resources :    Usage  Request Allocated 
	   Cpus                 :     1.00        1         1 
	   Disk (KB)            :     1           1   1592191 
	   Memory (MB)          :    13           1      3220 

	Job terminated of its own accord at 2024-04-25T21:55:13Z.
...
