000 (981231.000.000) 2024-04-25 16:48:36 Job submitted from host: <128.83.120.183:9618?addrs=128.83.120.183-9618&alias=darmok.cs.utexas.edu&noUDP&sock=schedd_1353_9fba>
...
001 (981231.000.000) 2024-04-25 16:48:46 Job executing on host: <128.83.139.150:9618?addrs=128.83.139.150-9618&alias=angrist-23.cs.utexas.edu&noUDP&sock=startd_1604_c9ff>
...
006 (981231.000.000) 2024-04-25 16:48:55 Image size of job updated: 37044
	13  -  MemoryUsage of job (MB)
	12416  -  ResidentSetSize of job (KB)
...
006 (981231.000.000) 2024-04-25 16:49:25 Image size of job updated: 37176
	13  -  MemoryUsage of job (MB)
	12416  -  ResidentSetSize of job (KB)
...
004 (981231.000.000) 2024-04-25 16:49:26 Job was evicted.
	(0) CPU times
		Usr 0 00:00:37, Sys 0 00:00:00  -  Run Remote Usage
		Usr 0 00:00:00, Sys 0 00:00:00  -  Run Local Usage
	0  -  Run Bytes Sent By Job
	0  -  Run Bytes Received By Job
	Partitionable Resources :    Usage  Request Allocated 
	   Cpus                 :                 1         1 
	   Disk (KB)            :        1        1  10853594 
	   Memory (MB)          :       13        1      4026 
...
009 (981231.000.000) 2024-04-25 16:49:29 Job was aborted.
	via condor_rm (by user sahilsc)
...
000 (981920.000.000) 2024-04-25 16:54:31 Job submitted from host: <128.83.120.183:9618?addrs=128.83.120.183-9618&alias=darmok.cs.utexas.edu&noUDP&sock=schedd_1353_9fba>
...
001 (981920.000.000) 2024-04-25 16:54:49 Job executing on host: <128.83.130.161:9618?addrs=128.83.130.161-9618&alias=oliphaunt-2.cs.utexas.edu&noUDP&sock=startd_1594_ee0d>
...
006 (981920.000.000) 2024-04-25 16:54:57 Image size of job updated: 37044
	13  -  MemoryUsage of job (MB)
	12408  -  ResidentSetSize of job (KB)
...
006 (981920.000.000) 2024-04-25 16:57:05 Image size of job updated: 37176
	13  -  MemoryUsage of job (MB)
	12408  -  ResidentSetSize of job (KB)
...
005 (981920.000.000) 2024-04-25 16:57:05 Job terminated.
	(1) Normal termination (return value 0)
		Usr 0 00:02:16, Sys 0 00:00:00  -  Run Remote Usage
		Usr 0 00:00:00, Sys 0 00:00:00  -  Run Local Usage
		Usr 0 00:02:16, Sys 0 00:00:00  -  Total Remote Usage
		Usr 0 00:00:00, Sys 0 00:00:00  -  Total Local Usage
	0  -  Run Bytes Sent By Job
	0  -  Run Bytes Received By Job
	0  -  Total Bytes Sent By Job
	0  -  Total Bytes Received By Job
	Partitionable Resources :    Usage  Request Allocated 
	   Cpus                 :     0.99        1         1 
	   Disk (KB)            :     1           1  18498544 
	   Memory (MB)          :    13           1     24186 

	Job terminated of its own accord at 2024-04-25T21:57:05Z.
...
