000 (981201.000.000) 2024-04-25 16:48:31 Job submitted from host: <128.83.120.183:9618?addrs=128.83.120.183-9618&alias=darmok.cs.utexas.edu&noUDP&sock=schedd_1353_9fba>
...
001 (981201.000.000) 2024-04-25 16:48:44 Job executing on host: <128.83.139.147:9618?addrs=128.83.139.147-9618&alias=angrist-20.cs.utexas.edu&noUDP&sock=startd_1592_8edc>
...
006 (981201.000.000) 2024-04-25 16:48:52 Image size of job updated: 37040
	13  -  MemoryUsage of job (MB)
	12424  -  ResidentSetSize of job (KB)
...
004 (981201.000.000) 2024-04-25 16:49:24 Job was evicted.
	(0) CPU times
		Usr 0 00:00:40, Sys 0 00:00:00  -  Run Remote Usage
		Usr 0 00:00:00, Sys 0 00:00:00  -  Run Local Usage
	0  -  Run Bytes Sent By Job
	0  -  Run Bytes Received By Job
	Partitionable Resources :    Usage  Request Allocated 
	   Cpus                 :                 1         1 
	   Disk (KB)            :        1        1  10853596 
	   Memory (MB)          :       13        1      4026 
...
009 (981201.000.000) 2024-04-25 16:49:26 Job was aborted.
	via condor_rm (by user sahilsc)
...
000 (981890.000.000) 2024-04-25 16:54:27 Job submitted from host: <128.83.120.183:9618?addrs=128.83.120.183-9618&alias=darmok.cs.utexas.edu&noUDP&sock=schedd_1353_9fba>
...
001 (981890.000.000) 2024-04-25 16:54:33 Job executing on host: <128.83.144.82:9618?addrs=128.83.144.82-9618&alias=fellbeast-1.cs.utexas.edu&noUDP&sock=startd_3755_3236>
...
006 (981890.000.000) 2024-04-25 16:54:42 Image size of job updated: 37040
	13  -  MemoryUsage of job (MB)
	12432  -  ResidentSetSize of job (KB)
...
006 (981890.000.000) 2024-04-25 16:55:41 Image size of job updated: 37160
	13  -  MemoryUsage of job (MB)
	12432  -  ResidentSetSize of job (KB)
...
005 (981890.000.000) 2024-04-25 16:55:42 Job terminated.
	(1) Normal termination (return value 0)
		Usr 0 00:01:07, Sys 0 00:00:00  -  Run Remote Usage
		Usr 0 00:00:00, Sys 0 00:00:00  -  Run Local Usage
		Usr 0 00:01:07, Sys 0 00:00:00  -  Total Remote Usage
		Usr 0 00:00:00, Sys 0 00:00:00  -  Total Local Usage
	0  -  Run Bytes Sent By Job
	0  -  Run Bytes Received By Job
	0  -  Total Bytes Sent By Job
	0  -  Total Bytes Received By Job
	Partitionable Resources :    Usage  Request Allocated 
	   Cpus                 :                 1         1 
	   Disk (KB)            :        1        1   1592191 
	   Memory (MB)          :       13        1      3220 

	Job terminated of its own accord at 2024-04-25T21:55:41Z.
...
