000 (981217.000.000) 2024-04-25 16:48:34 Job submitted from host: <128.83.120.183:9618?addrs=128.83.120.183-9618&alias=darmok.cs.utexas.edu&noUDP&sock=schedd_1353_9fba>
...
001 (981217.000.000) 2024-04-25 16:48:46 Job executing on host: <128.83.144.211:9618?addrs=128.83.144.211-9618&alias=angrist-12.cs.utexas.edu&noUDP&sock=startd_1592_8edc>
...
006 (981217.000.000) 2024-04-25 16:48:54 Image size of job updated: 37040
	13  -  MemoryUsage of job (MB)
	12408  -  ResidentSetSize of job (KB)
...
006 (981217.000.000) 2024-04-25 16:49:25 Image size of job updated: 37168
	13  -  MemoryUsage of job (MB)
	12408  -  ResidentSetSize of job (KB)
...
004 (981217.000.000) 2024-04-25 16:49:27 Job was evicted.
	(0) CPU times
		Usr 0 00:00:38, Sys 0 00:00:00  -  Run Remote Usage
		Usr 0 00:00:00, Sys 0 00:00:00  -  Run Local Usage
	0  -  Run Bytes Sent By Job
	0  -  Run Bytes Received By Job
	Partitionable Resources :    Usage  Request Allocated 
	   Cpus                 :                 1         1 
	   Disk (KB)            :        1        1  10853596 
	   Memory (MB)          :       13        1      4026 
...
009 (981217.000.000) 2024-04-25 16:49:35 Job was aborted.
	via condor_rm (by user sahilsc)
...
000 (981906.000.000) 2024-04-25 16:54:29 Job submitted from host: <128.83.120.183:9618?addrs=128.83.120.183-9618&alias=darmok.cs.utexas.edu&noUDP&sock=schedd_1353_9fba>
...
001 (981906.000.000) 2024-04-25 16:54:47 Job executing on host: <128.83.144.89:9618?addrs=128.83.144.89-9618&alias=fellbeast-4.cs.utexas.edu&noUDP&sock=startd_7065_94b1>
...
006 (981906.000.000) 2024-04-25 16:54:55 Image size of job updated: 37044
	13  -  MemoryUsage of job (MB)
	12428  -  ResidentSetSize of job (KB)
...
006 (981906.000.000) 2024-04-25 16:56:20 Image size of job updated: 37300
	13  -  MemoryUsage of job (MB)
	12428  -  ResidentSetSize of job (KB)
...
005 (981906.000.000) 2024-04-25 16:56:25 Job terminated.
	(1) Normal termination (return value 0)
		Usr 0 00:01:32, Sys 0 00:00:00  -  Run Remote Usage
		Usr 0 00:00:00, Sys 0 00:00:00  -  Run Local Usage
		Usr 0 00:01:32, Sys 0 00:00:00  -  Total Remote Usage
		Usr 0 00:00:00, Sys 0 00:00:00  -  Total Local Usage
	0  -  Run Bytes Sent By Job
	0  -  Run Bytes Received By Job
	0  -  Total Bytes Sent By Job
	0  -  Total Bytes Received By Job
	Partitionable Resources :    Usage  Request Allocated 
	   Cpus                 :     1.00        1         1 
	   Disk (KB)            :     1           1   1592191 
	   Memory (MB)          :    13           1      3220 

	Job terminated of its own accord at 2024-04-25T21:56:20Z.
...
